#
# A fatal error has been detected by the Java Runtime Environment:
#
#  EXCEPTION_ACCESS_VIOLATION (0xc0000005) at pc=0xffffffffa3e65120, pid=4404, tid=0x0000000000000358
#
# JRE version: Java(TM) SE Runtime Environment (8.0_111-b14) (build 1.8.0_111-b14)
# Java VM: Java HotSpot(TM) 64-Bit Server VM (25.111-b14 mixed mode windows-amd64 compressed oops)
# Problematic frame:
# C  0xffffffffa3e65120
#
# Failed to write core dump. Minidumps are not enabled by default on client versions of Windows
#
# If you would like to submit a bug report, please visit:
#   http://bugreport.java.com/bugreport/crash.jsp
#

---------------  T H R E A D  ---------------

Current thread (0x0000000002c5d800):  JavaThread "main" [_thread_in_Java, id=856, stack(0x0000000002c60000,0x0000000002d60000)]

siginfo: ExceptionCode=0xc0000005, ExceptionInformation=0x0000000000000008 0xffffffffa3e65120

Registers:
RAX=0x0000000014b90480, RBX=0x0000000014b90480, RCX=0x00000000eabef228, RDX=0x00000000eabef228
RSP=0x0000000002d5afe8, RBP=0x0000000002d5b048, RSI=0x00000000200020c6, RDI=0x00000000ffffffff
R8 =0x0000000000000031, R9 =0x00000000eabee850, R10=0x0000000052a9c0c0, R11=0x0000000002f62840
R12=0x0000000000000000, R13=0x0000000002d5b000, R14=0x0000000002d5b060, R15=0x0000000002c5d800
RIP=0xffffffffa3e65120, EFLAGS=0x0000000000010206

Top of Stack: (sp=0x0000000002d5afe8)
0x0000000002d5afe8:   0000000002e6809d 0000000002c5d800
0x0000000002d5aff8:   0000000002e6809d 00000000eabef228
0x0000000002d5b008:   0000000002d5b008 0000000014c277b1
0x0000000002d5b018:   0000000002d5b060 0000000014d30fb8
0x0000000002d5b028:   0000000000000000 0000000014c277c8
0x0000000002d5b038:   0000000002d5b000 0000000002d5b058
0x0000000002d5b048:   0000000002d5b0c0 0000000002e6809d
0x0000000002d5b058:   000000000000006e 00000000eabef228
0x0000000002d5b068:   00000000eabef228 000000000000006e
0x0000000002d5b078:   00000000eabee938 0000000002d5b080
0x0000000002d5b088:   0000000014eb06b5 0000000002d5b0d0
0x0000000002d5b098:   0000000014eb0740 0000000000000000
0x0000000002d5b0a8:   0000000014eb06d0 0000000002d5b058
0x0000000002d5b0b8:   0000000002d5b0d8 0000000002d5b1b0
0x0000000002d5b0c8:   0000000002e60622 000000000000006e
0x0000000002d5b0d8:   0000000000000000 0000000000000000 

Instructions: (pc=0xffffffffa3e65120)
0xffffffffa3e65100:   
[error occurred during error reporting (printing registers, top of stack, instructions near pc), id 0xc0000005]

Register to memory mapping:

RAX={method} {0x0000000014b90488} '<init>' '()V' in 'java/lang/Object'
RBX={method} {0x0000000014b90488} '<init>' '()V' in 'java/lang/Object'
RCX=0x00000000eabef228 is an oop
java.lang.Character 
 - klass: 'java/lang/Character'
RDX=0x00000000eabef228 is an oop
java.lang.Character 
 - klass: 'java/lang/Character'
RSP=0x0000000002d5afe8 is pointing into the stack for thread: 0x0000000002c5d800
RBP=0x0000000002d5b048 is pointing into the stack for thread: 0x0000000002c5d800
RSI=0x00000000200020c6 is an unknown value
RDI=0x00000000ffffffff is an unallocated location in the heap
R8 =0x0000000000000031 is an unknown value
R9 =0x00000000eabee850 is an oop
java.lang.Class 
 - klass: 'java/lang/Class'
R10=0x0000000052a9c0c0 is an unknown value
R11=0x0000000002f62840 is at entry_point+32 in (nmethod*)0x0000000002f626d0
R12=0x0000000000000000 is an unknown value
R13=0x0000000002d5b000 is pointing into the stack for thread: 0x0000000002c5d800
R14=0x0000000002d5b060 is pointing into the stack for thread: 0x0000000002c5d800
R15=0x0000000002c5d800 is a thread


Stack: [0x0000000002c60000,0x0000000002d60000],  sp=0x0000000002d5afe8,  free space=1003k
Native frames: (J=compiled Java code, j=interpreted, Vv=VM code, C=native code)
C  0xffffffffa3e65120


---------------  P R O C E S S  ---------------

Java Threads: ( => current thread )
  0x0000000016987000 JavaThread "Service Thread" daemon [_thread_blocked, id=4212, stack(0x0000000017200000,0x0000000017300000)]
  0x0000000016928000 JavaThread "C1 CompilerThread2" daemon [_thread_blocked, id=6968, stack(0x0000000017100000,0x0000000017200000)]
  0x0000000016912000 JavaThread "C2 CompilerThread1" daemon [_thread_blocked, id=4944, stack(0x0000000017000000,0x0000000017100000)]
  0x000000001558b000 JavaThread "C2 CompilerThread0" daemon [_thread_blocked, id=7952, stack(0x0000000016f00000,0x0000000017000000)]
  0x0000000016908800 JavaThread "Attach Listener" daemon [_thread_blocked, id=504, stack(0x0000000016e00000,0x0000000016f00000)]
  0x000000001553e800 JavaThread "Signal Dispatcher" daemon [_thread_blocked, id=8832, stack(0x0000000016d00000,0x0000000016e00000)]
  0x000000001551a800 JavaThread "Finalizer" daemon [_thread_blocked, id=6084, stack(0x0000000016780000,0x0000000016880000)]
  0x00000000154f9000 JavaThread "Reference Handler" daemon [_thread_blocked, id=2752, stack(0x0000000016680000,0x0000000016780000)]
=>0x0000000002c5d800 JavaThread "main" [_thread_in_Java, id=856, stack(0x0000000002c60000,0x0000000002d60000)]

Other Threads:
  0x00000000154f8000 VMThread [stack: 0x0000000016580000,0x0000000016680000] [id=1748]
  0x00000000169de000 WatcherThread [stack: 0x0000000017300000,0x0000000017400000] [id=9184]

VM state:not at safepoint (normal execution)

VM Mutex/Monitor currently owned by a thread: None

Heap:
 PSYoungGen      total 18944K, used 1311K [0x00000000eab00000, 0x00000000ec000000, 0x0000000100000000)
  eden space 16384K, 8% used [0x00000000eab00000,0x00000000eac47d08,0x00000000ebb00000)
  from space 2560K, 0% used [0x00000000ebd80000,0x00000000ebd80000,0x00000000ec000000)
  to   space 2560K, 0% used [0x00000000ebb00000,0x00000000ebb00000,0x00000000ebd80000)
 ParOldGen       total 44032K, used 0K [0x00000000c0000000, 0x00000000c2b00000, 0x00000000eab00000)
  object space 44032K, 0% used [0x00000000c0000000,0x00000000c0000000,0x00000000c2b00000)
 Metaspace       used 3619K, capacity 4562K, committed 4864K, reserved 1056768K
  class space    used 409K, capacity 458K, committed 512K, reserved 1048576K

Card table byte_map: [0x0000000012220000,0x0000000012430000] byte_map_base: 0x0000000011c20000

Marking Bits: (ParMarkBitMap*) 0x0000000052aba6c0
 Begin Bits: [0x0000000012990000, 0x0000000013990000)
 End Bits:   [0x0000000013990000, 0x0000000014990000)

Polling page: 0x0000000002ba0000

CodeCache: size=245760Kb used=1151Kb max_used=1151Kb free=244608Kb
 bounds [0x0000000002e60000, 0x00000000030d0000, 0x0000000011e60000]
 total_blobs=289 nmethods=41 adapters=163
 compilation: enabled

Compilation events (10 events):
Event: 0.275 Thread 0x0000000016928000   37       3       java.lang.AbstractStringBuilder::newCapacity (39 bytes)
Event: 0.275 Thread 0x0000000016928000 nmethod 37 0x0000000002f7e310 code [0x0000000002f7e4a0, 0x0000000002f7e888]
Event: 0.278 Thread 0x0000000016928000   38       3       java.lang.Number::<init> (5 bytes)
Event: 0.278 Thread 0x0000000016928000 nmethod 38 0x0000000002f7f010 code [0x0000000002f7f160, 0x0000000002f7f310]
Event: 0.279 Thread 0x0000000016928000   39       3       java.lang.Byte::<init> (10 bytes)
Event: 0.279 Thread 0x0000000016928000 nmethod 39 0x0000000002f7f3d0 code [0x0000000002f7f540, 0x0000000002f7f750]
Event: 0.279 Thread 0x0000000016928000   40       3       java.lang.Short::<init> (10 bytes)
Event: 0.279 Thread 0x0000000016928000 nmethod 40 0x0000000002f7f810 code [0x0000000002f7f980, 0x0000000002f7fb90]
Event: 0.279 Thread 0x0000000016928000   41       1       java.lang.Object::<init> (1 bytes)
Event: 0.279 Thread 0x0000000016928000 nmethod 41 0x0000000002f7fc50 code [0x0000000002f7fda0, 0x0000000002f7feb0]

GC Heap History (0 events):
No events

Deoptimization events (0 events):
No events

Internal exceptions (7 events):
Event: 0.070 Thread 0x0000000002c5d800 Exception <a 'java/lang/NoSuchMethodError': Method sun.misc.Unsafe.defineClass(Ljava/lang/String;[BII)Ljava/lang/Class; name or signature does not match> (0x00000000eab07c78) thrown at [C:\re\workspace\8-2-build-windows-amd64-cygwin\jdk8u111\7883\hotspot\
Event: 0.070 Thread 0x0000000002c5d800 Exception <a 'java/lang/NoSuchMethodError': Method sun.misc.Unsafe.prefetchRead(Ljava/lang/Object;J)V name or signature does not match> (0x00000000eab07f60) thrown at [C:\re\workspace\8-2-build-windows-amd64-cygwin\jdk8u111\7883\hotspot\src\share\vm\prims
Event: 0.264 Thread 0x0000000002c5d800 Exception <a 'java/security/PrivilegedActionException'> (0x00000000eabdf220) thrown at [C:\re\workspace\8-2-build-windows-amd64-cygwin\jdk8u111\7883\hotspot\src\share\vm\prims\jvm.cpp, line 1386]
Event: 0.264 Thread 0x0000000002c5d800 Exception <a 'java/security/PrivilegedActionException'> (0x00000000eabdf430) thrown at [C:\re\workspace\8-2-build-windows-amd64-cygwin\jdk8u111\7883\hotspot\src\share\vm\prims\jvm.cpp, line 1386]
Event: 0.265 Thread 0x0000000002c5d800 Exception <a 'java/security/PrivilegedActionException'> (0x00000000eabe3318) thrown at [C:\re\workspace\8-2-build-windows-amd64-cygwin\jdk8u111\7883\hotspot\src\share\vm\prims\jvm.cpp, line 1386]
Event: 0.265 Thread 0x0000000002c5d800 Exception <a 'java/security/PrivilegedActionException'> (0x00000000eabe3528) thrown at [C:\re\workspace\8-2-build-windows-amd64-cygwin\jdk8u111\7883\hotspot\src\share\vm\prims\jvm.cpp, line 1386]
Event: 0.275 Thread 0x0000000002c5d800 Exception <a 'java/io/FileNotFoundException'> (0x00000000eabe66c8) thrown at [C:\re\workspace\8-2-build-windows-amd64-cygwin\jdk8u111\7883\hotspot\src\share\vm\prims\jni.cpp, line 709]

Events (10 events):
Event: 0.277 loading class sun/invoke/util/Wrapper
Event: 0.278 loading class sun/invoke/util/Wrapper done
Event: 0.278 loading class sun/invoke/util/Wrapper$Format
Event: 0.278 loading class sun/invoke/util/Wrapper$Format done
Event: 0.278 loading class java/lang/Byte$ByteCache
Event: 0.278 loading class java/lang/Byte$ByteCache done
Event: 0.279 loading class java/lang/Short$ShortCache
Event: 0.279 loading class java/lang/Short$ShortCache done
Event: 0.279 loading class java/lang/Character$CharacterCache
Event: 0.279 loading class java/lang/Character$CharacterCache done


Dynamic libraries:
0x00007ff7e9cf0000 - 0x00007ff7e9d27000 	C:\Program Files\Java\jdk1.8.0_111\bin\javaw.exe
0x00007ffb2ada0000 - 0x00007ffb2af71000 	C:\Windows\SYSTEM32\ntdll.dll
0x00007ffb2a600000 - 0x00007ffb2a6ab000 	C:\Windows\System32\KERNEL32.DLL
0x00007ffb279c0000 - 0x00007ffb27bdd000 	C:\Windows\System32\KERNELBASE.dll
0x00007ffb2a6c0000 - 0x00007ffb2a762000 	C:\Windows\System32\ADVAPI32.dll
0x00007ffb2a850000 - 0x00007ffb2a8ee000 	C:\Windows\System32\msvcrt.dll
0x00007ffb29840000 - 0x00007ffb29899000 	C:\Windows\System32\sechost.dll
0x00007ffb2a990000 - 0x00007ffb2aab1000 	C:\Windows\System32\RPCRT4.dll
0x00007ffb29c10000 - 0x00007ffb29d75000 	C:\Windows\System32\USER32.dll
0x00007ffb276d0000 - 0x00007ffb276ee000 	C:\Windows\System32\win32u.dll
0x00007ffb2ac20000 - 0x00007ffb2ac54000 	C:\Windows\System32\GDI32.dll
0x00007ffb27540000 - 0x00007ffb276c2000 	C:\Windows\System32\gdi32full.dll
0x00007ffb20f30000 - 0x00007ffb211aa000 	C:\Windows\WinSxS\amd64_microsoft.windows.common-controls_6595b64144ccf1df_6.0.14393.953_none_42151e83c686086b\COMCTL32.dll
0x00007ffb2a1b0000 - 0x00007ffb2a478000 	C:\Windows\System32\combase.dll
0x00007ffb278c0000 - 0x00007ffb279b5000 	C:\Windows\System32\ucrtbase.dll
0x00007ffb27be0000 - 0x00007ffb27c4a000 	C:\Windows\System32\bcryptPrimitives.dll
0x00007ffb29970000 - 0x00007ffb2999e000 	C:\Windows\System32\IMM32.DLL
0x0000000053230000 - 0x0000000053302000 	C:\Program Files\Java\jdk1.8.0_111\jre\bin\msvcr100.dll
0x00000000522a0000 - 0x0000000052b3a000 	C:\Program Files\Java\jdk1.8.0_111\jre\bin\server\jvm.dll
0x00007ffb2a4f0000 - 0x00007ffb2a4f8000 	C:\Windows\System32\PSAPI.DLL
0x00007ffb1f270000 - 0x00007ffb1f279000 	C:\Windows\SYSTEM32\WSOCK32.dll
0x00007ffb2a480000 - 0x00007ffb2a4ea000 	C:\Windows\System32\WS2_32.dll
0x00007ffb25680000 - 0x00007ffb256a3000 	C:\Windows\SYSTEM32\WINMM.dll
0x00007ffb22c90000 - 0x00007ffb22c9a000 	C:\Windows\SYSTEM32\VERSION.dll
0x00007ffb25540000 - 0x00007ffb2556b000 	C:\Windows\SYSTEM32\winmmbase.dll
0x00007ffb273a0000 - 0x00007ffb273e2000 	C:\Windows\System32\cfgmgr32.dll
0x0000000053380000 - 0x000000005338f000 	C:\Program Files\Java\jdk1.8.0_111\jre\bin\verify.dll
0x0000000053350000 - 0x0000000053379000 	C:\Program Files\Java\jdk1.8.0_111\jre\bin\java.dll
0x0000000053330000 - 0x0000000053346000 	C:\Program Files\Java\jdk1.8.0_111\jre\bin\zip.dll
0x00007ffb28330000 - 0x00007ffb29839000 	C:\Windows\System32\SHELL32.dll
0x00007ffb27c50000 - 0x00007ffb2832a000 	C:\Windows\System32\windows.storage.dll
0x00007ffb27200000 - 0x00007ffb2724c000 	C:\Windows\System32\powrprof.dll
0x00007ffb299b0000 - 0x00007ffb29a02000 	C:\Windows\System32\shlwapi.dll
0x00007ffb27270000 - 0x00007ffb2727f000 	C:\Windows\System32\kernel.appcore.dll
0x00007ffb273f0000 - 0x00007ffb27499000 	C:\Windows\System32\shcore.dll
0x00007ffb27250000 - 0x00007ffb27264000 	C:\Windows\System32\profapi.dll
0x00000000520b0000 - 0x0000000052248000 	C:\Program Files\Java\jdk1.8.0_111\jre\bin\awt.dll
0x00007ffb2a770000 - 0x00007ffb2a82f000 	C:\Windows\System32\OLEAUT32.dll
0x00007ffb274a0000 - 0x00007ffb2753c000 	C:\Windows\System32\msvcp_win.dll
0x00007ffb257b0000 - 0x00007ffb2582a000 	C:\Windows\SYSTEM32\apphelp.dll
0x00007ffb1bc00000 - 0x00007ffb1bd92000 	C:\Windows\SYSTEM32\dbghelp.dll

VM Arguments:
jvm_args: -Dfile.encoding=UTF-8 
java_command: kr.or.dgit.donghun2.Main.MainFrame
java_class_path (initial): D:\workspace_mybatis\donghun2\bin;C:\Users\SDH\.gradle\caches\modules-2\files-2.1\org.mybatis\mybatis\3.4.2\2b9a5082fe0bdb3128bab8b4b19b23ca0f3d9b38\mybatis-3.4.2.jar;C:\Users\SDH\.gradle\caches\modules-2\files-2.1\log4j\log4j\1.2.17\5af35056b4d257e4b64b9e8069c0746e8b08629f\log4j-1.2.17.jar;C:\Users\SDH\.gradle\caches\modules-2\files-2.1\mysql\mysql-connector-java\5.1.41\b0878056f15616989144d6114d36d3942321d0d1\mysql-connector-java-5.1.41.jar;C:\Users\SDH\.gradle\caches\modules-2\files-2.1\junit\junit\4.12\2973d150c0dc1fefe998f834810d68f278ea58ec\junit-4.12.jar;C:\Users\SDH\.gradle\caches\modules-2\files-2.1\org.hamcrest\hamcrest-core\1.3\42a25dc3219429f0e5d060061f71acb49bf010a0\hamcrest-core-1.3.jar;D:\workspace_mybatis\donghun2\src\main\resources\erp_myframework.jar;D:\workspace_mybatis\donghun2\src\main\resources\lib\idw-gpl.jar;D:\workspace_mybatis\donghun2\src\main\resources\lib\JTattoo.jar;D:\workspace_mybatis\donghun2\src\main\resources\lib\liquidlnf.jar;D:\workspace_mybatis\donghun2\src\main\resources\lib\quaqua.jar
Launcher Type: SUN_STANDARD

Environment Variables:
JAVA_HOME=C:\Program Files\Java\jdk1.8.0_111
PATH=C:/Program Files/Java/jdk1.8.0_111/bin/../jre/bin/server;C:/Program Files/Java/jdk1.8.0_111/bin/../jre/bin;C:/Program Files/Java/jdk1.8.0_111/bin/../jre/lib/amd64;C:\Program Files\Java\jdk1.8.0_111\bin;C:\ProgramData\Oracle\Java\javapath;C:\Program Files (x86)\NVIDIA Corporation\PhysX\Common;C:\Windows\system32;C:\Windows;C:\Windows\System32\Wbem;C:\Windows\System32\WindowsPowerShell\v1.0\;C:\Program Files\MySQL\MySQL Server 5.6\bin;C:\Program Files\Git\cmd;D:\gradle-3.4.1\bin;C:\Users\SDH\AppData\Local\Microsoft\WindowsApps;C:\Program Files\Bandizip\7z;D:\program\eclipse_java\eclipse;
USERNAME=SDH
OS=Windows_NT
PROCESSOR_IDENTIFIER=Intel64 Family 6 Model 23 Stepping 10, GenuineIntel



---------------  S Y S T E M  ---------------

OS: Windows 10.0 , 64 bit Build 14393 (10.0.14393.0)

CPU:total 4 (4 cores per cpu, 1 threads per core) family 6 model 23 stepping 10, cmov, cx8, fxsr, mmx, sse, sse2, sse3, ssse3, sse4.1, tsc

Memory: 4k page, physical 4192492k(1713816k free), swap 9697516k(3926212k free)

vm_info: Java HotSpot(TM) 64-Bit Server VM (25.111-b14) for windows-amd64 JRE (1.8.0_111-b14), built on Sep 22 2016 19:24:05 by "java_re" with MS VC++ 10.0 (VS2010)

time: Fri Apr 07 18:39:08 2017
elapsed time: 0 seconds (0d 0h 0m 0s)

