#
# A fatal error has been detected by the Java Runtime Environment:
#
#  EXCEPTION_ACCESS_VIOLATION (0xc0000005) at pc=0xffffffffa3d35120, pid=10284, tid=0x0000000000000f84
#
# JRE version: Java(TM) SE Runtime Environment (8.0_111-b14) (build 1.8.0_111-b14)
# Java VM: Java HotSpot(TM) 64-Bit Server VM (25.111-b14 mixed mode windows-amd64 compressed oops)
# Problematic frame:
# C  0xffffffffa3d35120
#
# Failed to write core dump. Minidumps are not enabled by default on client versions of Windows
#
# If you would like to submit a bug report, please visit:
#   http://bugreport.java.com/bugreport/crash.jsp
#

---------------  T H R E A D  ---------------

Current thread (0x0000000016b0e800):  JavaThread "AWT-EventQueue-0" [_thread_in_Java, id=3972, stack(0x0000000018200000,0x0000000018300000)]

siginfo: ExceptionCode=0xc0000005, ExceptionInformation=0x0000000000000008 0xffffffffa3d35120

Registers:
RAX=0x0000000014bca4f0, RBX=0x0000000014bca4f0, RCX=0x00000000eafc6ea0, RDX=0x00000000eafc6ea0
RSP=0x00000000182fc0c8, RBP=0x00000000182fc130, RSI=0x00000000000001b3, RDI=0x0000000000000108
R8 =0x000000000000172a, R9 =0x0000000016b0b090, R10=0x000000006c3cc0c0, R11=0x0000000002ee5840
R12=0x0000000000000000, R13=0x00000000182fc0e0, R14=0x0000000000000000, R15=0x0000000016b0e800
RIP=0xffffffffa3d35120, EFLAGS=0x0000000000010202

Top of Stack: (sp=0x00000000182fc0c8)
0x00000000182fc0c8:   0000000002d377a0 00000000182fc130
0x00000000182fc0d8:   0000000002d377a0 000000000000172a
0x00000000182fc0e8:   00000000eafc6ea0 00000000182fc0f0
0x00000000182fc0f8:   0000000014bcdf42 00000000182fc148
0x00000000182fc108:   0000000014bd2b08 0000000000000000
0x00000000182fc118:   0000000014bcdf58 00000000182fc0e0
0x00000000182fc128:   00000000182fc140 00000000182fc190
0x00000000182fc138:   0000000002d37940 000000000000172a
0x00000000182fc148:   00000000eafc6ea0 00000000182fc150
0x00000000182fc158:   0000000019f31684 00000000182fc1a0
0x00000000182fc168:   0000000019f31f88 0000000000000000
0x00000000182fc178:   0000000019f31690 00000000182fc140
0x00000000182fc188:   00000000182fc1a0 00000000182fc1f8
0x00000000182fc198:   0000000002d37940 00000000eafc9678
0x00000000182fc1a8:   0000000000000070 00000000eafc9950
0x00000000182fc1b8:   00000000182fc1b8 0000000019f30657 

Instructions: (pc=0xffffffffa3d35120)
0xffffffffa3d35100:   
[error occurred during error reporting (printing registers, top of stack, instructions near pc), id 0xc0000005]

Register to memory mapping:

RAX={method} {0x0000000014bca4f8} '_get' '(I)B' in 'java/nio/HeapByteBuffer'
RBX={method} {0x0000000014bca4f8} '_get' '(I)B' in 'java/nio/HeapByteBuffer'
RCX=0x00000000eafc6ea0 is an oop
java.nio.HeapByteBuffer 
 - klass: 'java/nio/HeapByteBuffer'
RDX=0x00000000eafc6ea0 is an oop
java.nio.HeapByteBuffer 
 - klass: 'java/nio/HeapByteBuffer'
RSP=0x00000000182fc0c8 is pointing into the stack for thread: 0x0000000016b0e800
RBP=0x00000000182fc130 is pointing into the stack for thread: 0x0000000016b0e800
RSI=0x00000000000001b3 is an unknown value
RDI=0x0000000000000108 is an unknown value
R8 =0x000000000000172a is an unknown value
R9 =0x0000000016b0b090 is an unknown value
R10=0x000000006c3cc0c0 is an unknown value
R11=0x0000000002ee5840 is at entry_point+32 in (nmethod*)0x0000000002ee56d0
R12=0x0000000000000000 is an unknown value
R13=0x00000000182fc0e0 is pointing into the stack for thread: 0x0000000016b0e800
R14=0x0000000000000000 is an unknown value
R15=0x0000000016b0e800 is a thread


Stack: [0x0000000018200000,0x0000000018300000],  sp=0x00000000182fc0c8,  free space=1008k
Native frames: (J=compiled Java code, j=interpreted, Vv=VM code, C=native code)
C  0xffffffffa3d35120


---------------  P R O C E S S  ---------------

Java Threads: ( => current thread )
  0x0000000002c30800 JavaThread "DestroyJavaVM" [_thread_blocked, id=2436, stack(0x0000000002b30000,0x0000000002c30000)]
=>0x0000000016b0e800 JavaThread "AWT-EventQueue-0" [_thread_in_Java, id=3972, stack(0x0000000018200000,0x0000000018300000)]
  0x0000000016b08800 JavaThread "AWT-Windows" daemon [_thread_in_native, id=7484, stack(0x0000000017ff0000,0x00000000180f0000)]
  0x0000000016b05800 JavaThread "AWT-Shutdown" [_thread_blocked, id=8520, stack(0x0000000017ef0000,0x0000000017ff0000)]
  0x0000000016b05000 JavaThread "Java2D Disposer" daemon [_thread_blocked, id=6456, stack(0x0000000017df0000,0x0000000017ef0000)]
  0x00000000167d5800 JavaThread "Service Thread" daemon [_thread_blocked, id=80, stack(0x0000000017050000,0x0000000017150000)]
  0x000000001675e800 JavaThread "C1 CompilerThread2" daemon [_thread_blocked, id=364, stack(0x0000000016f50000,0x0000000017050000)]
  0x0000000016759000 JavaThread "C2 CompilerThread1" daemon [_thread_blocked, id=4068, stack(0x0000000016e50000,0x0000000016f50000)]
  0x000000001545a000 JavaThread "C2 CompilerThread0" daemon [_thread_blocked, id=9464, stack(0x0000000016d50000,0x0000000016e50000)]
  0x0000000015458800 JavaThread "Attach Listener" daemon [_thread_blocked, id=6740, stack(0x0000000016c50000,0x0000000016d50000)]
  0x000000001540c800 JavaThread "Signal Dispatcher" daemon [_thread_blocked, id=10088, stack(0x0000000016b50000,0x0000000016c50000)]
  0x00000000153e9000 JavaThread "Finalizer" daemon [_thread_blocked, id=3804, stack(0x0000000016650000,0x0000000016750000)]
  0x0000000002d21000 JavaThread "Reference Handler" daemon [_thread_blocked, id=744, stack(0x0000000016550000,0x0000000016650000)]

Other Threads:
  0x00000000153c7800 VMThread [stack: 0x0000000016450000,0x0000000016550000] [id=7444]
  0x000000001681d800 WatcherThread [stack: 0x0000000017150000,0x0000000017250000] [id=6440]

VM state:not at safepoint (normal execution)

VM Mutex/Monitor currently owned by a thread: None

Heap:
 PSYoungGen      total 18944K, used 4935K [0x00000000eab00000, 0x00000000ec000000, 0x0000000100000000)
  eden space 16384K, 30% used [0x00000000eab00000,0x00000000eafd1cd8,0x00000000ebb00000)
  from space 2560K, 0% used [0x00000000ebd80000,0x00000000ebd80000,0x00000000ec000000)
  to   space 2560K, 0% used [0x00000000ebb00000,0x00000000ebb00000,0x00000000ebd80000)
 ParOldGen       total 44032K, used 0K [0x00000000c0000000, 0x00000000c2b00000, 0x00000000eab00000)
  object space 44032K, 0% used [0x00000000c0000000,0x00000000c0000000,0x00000000c2b00000)
 Metaspace       used 9562K, capacity 9772K, committed 10112K, reserved 1058816K
  class space    used 1258K, capacity 1316K, committed 1408K, reserved 1048576K

Card table byte_map: [0x00000000120f0000,0x0000000012300000] byte_map_base: 0x0000000011af0000

Marking Bits: (ParMarkBitMap*) 0x000000006c3ea6c0
 Begin Bits: [0x0000000012860000, 0x0000000013860000)
 End Bits:   [0x0000000013860000, 0x0000000014860000)

Polling page: 0x0000000000fc0000

CodeCache: size=245760Kb used=1768Kb max_used=1768Kb free=243991Kb
 bounds [0x0000000002d30000, 0x0000000002fa0000, 0x0000000011d30000]
 total_blobs=747 nmethods=349 adapters=313
 compilation: enabled

Compilation events (10 events):
Event: 0.563 Thread 0x000000001675e800 nmethod 339 0x0000000002ee6e90 code [0x0000000002ee6fe0, 0x0000000002ee7130]
Event: 0.563 Thread 0x000000001675e800  341       3       java.nio.ByteBufferAsShortBufferB::ix (9 bytes)
Event: 0.563 Thread 0x000000001675e800 nmethod 341 0x0000000002ee7190 code [0x0000000002ee72e0, 0x0000000002ee7430]
Event: 0.565 Thread 0x000000001675e800  342       1       java.nio.Buffer::limit (5 bytes)
Event: 0.565 Thread 0x000000001675e800 nmethod 342 0x0000000002ee8610 code [0x0000000002ee8760, 0x0000000002ee8870]
Event: 0.566 Thread 0x000000001675e800  344       3       java.nio.Buffer::position (43 bytes)
Event: 0.566 Thread 0x000000001675e800 nmethod 344 0x0000000002ee88d0 code [0x0000000002ee8a40, 0x0000000002ee8d08]
Event: 0.566 Thread 0x000000001675e800  345       1       java.nio.HeapByteBuffer::_get (7 bytes)
Event: 0.566 Thread 0x000000001675e800 nmethod 345 0x0000000002ee8dd0 code [0x0000000002ee8f20, 0x0000000002ee9050]
Event: 0.566 Thread 0x000000001675e800  348       3       java.nio.ByteBufferAsCharBufferB::get (16 bytes)

GC Heap History (0 events):
No events

Deoptimization events (1 events):
Event: 0.416 Thread 0x0000000016b0e800 Uncommon trap: reason=null_check action=make_not_entrant pc=0x0000000002e9de78 method=java.lang.String.equals(Ljava/lang/Object;)Z @ 8

Internal exceptions (10 events):
Event: 0.232 Thread 0x0000000002c30800 Exception <a 'java/security/PrivilegedActionException'> (0x00000000eabdd618) thrown at [C:\re\workspace\8-2-build-windows-amd64-cygwin\jdk8u111\7883\hotspot\src\share\vm\prims\jvm.cpp, line 1386]
Event: 0.234 Thread 0x0000000002c30800 Exception <a 'java/security/PrivilegedActionException'> (0x00000000eabe1500) thrown at [C:\re\workspace\8-2-build-windows-amd64-cygwin\jdk8u111\7883\hotspot\src\share\vm\prims\jvm.cpp, line 1386]
Event: 0.234 Thread 0x0000000002c30800 Exception <a 'java/security/PrivilegedActionException'> (0x00000000eabe1710) thrown at [C:\re\workspace\8-2-build-windows-amd64-cygwin\jdk8u111\7883\hotspot\src\share\vm\prims\jvm.cpp, line 1386]
Event: 0.241 Thread 0x0000000002c30800 Exception <a 'java/io/FileNotFoundException'> (0x00000000eabe48b0) thrown at [C:\re\workspace\8-2-build-windows-amd64-cygwin\jdk8u111\7883\hotspot\src\share\vm\prims\jni.cpp, line 709]
Event: 0.287 Thread 0x0000000002c30800 Exception <a 'java/lang/NoSuchFieldError': method resolution failed> (0x00000000ead04960) thrown at [C:\re\workspace\8-2-build-windows-amd64-cygwin\jdk8u111\7883\hotspot\src\share\vm\prims\methodHandles.cpp, line 1146]
Event: 0.289 Thread 0x0000000002c30800 Exception <a 'java/lang/NoSuchFieldError': method resolution failed> (0x00000000ead11d30) thrown at [C:\re\workspace\8-2-build-windows-amd64-cygwin\jdk8u111\7883\hotspot\src\share\vm\prims\methodHandles.cpp, line 1146]
Event: 0.358 Thread 0x0000000016b0e800 Exception <a 'java/io/FileNotFoundException'> (0x00000000eae40480) thrown at [C:\re\workspace\8-2-build-windows-amd64-cygwin\jdk8u111\7883\hotspot\src\share\vm\prims\jni.cpp, line 709]
Event: 0.416 Thread 0x0000000016b0e800 Implicit null exception at 0x0000000002e9dca2 to 0x0000000002e9de69
Event: 0.540 Thread 0x0000000016b0e800 Exception <a 'java/io/FileNotFoundException'> (0x00000000eaf9d118) thrown at [C:\re\workspace\8-2-build-windows-amd64-cygwin\jdk8u111\7883\hotspot\src\share\vm\prims\jni.cpp, line 709]
Event: 0.540 Thread 0x0000000016b0e800 Exception <a 'java/lang/NullPointerException'> (0x00000000eaf9d7c0) thrown at [C:\re\workspace\8-2-build-windows-amd64-cygwin\jdk8u111\7883\hotspot\src\share\vm\interpreter\linkResolver.cpp, line 1178]

Events (10 events):
Event: 0.565 loading class sun/font/TrueTypeGlyphMapper
Event: 0.565 loading class sun/font/TrueTypeGlyphMapper done
Event: 0.565 loading class sun/font/CMap
Event: 0.565 loading class sun/font/CMap done
Event: 0.565 loading class sun/font/CMap$NullCMapClass
Event: 0.566 loading class sun/font/CMap$NullCMapClass done
Event: 0.566 loading class sun/font/CMap$CMapFormat4
Event: 0.566 loading class sun/font/CMap$CMapFormat4 done
Event: 0.566 loading class java/nio/ByteBufferAsCharBufferB
Event: 0.566 loading class java/nio/ByteBufferAsCharBufferB done


Dynamic libraries:
0x00007ff6d9300000 - 0x00007ff6d9337000 	C:\Program Files\Java\jdk1.8.0_111\bin\javaw.exe
0x00007ffd77070000 - 0x00007ffd77241000 	C:\Windows\SYSTEM32\ntdll.dll
0x00007ffd74600000 - 0x00007ffd746ab000 	C:\Windows\System32\KERNEL32.DLL
0x00007ffd74160000 - 0x00007ffd7437d000 	C:\Windows\System32\KERNELBASE.dll
0x00007ffd75390000 - 0x00007ffd75432000 	C:\Windows\System32\ADVAPI32.dll
0x00007ffd751b0000 - 0x00007ffd7524e000 	C:\Windows\System32\msvcrt.dll
0x00007ffd74cb0000 - 0x00007ffd74d09000 	C:\Windows\System32\sechost.dll
0x00007ffd75250000 - 0x00007ffd75371000 	C:\Windows\System32\RPCRT4.dll
0x00007ffd75840000 - 0x00007ffd759a5000 	C:\Windows\System32\USER32.dll
0x00007ffd73d30000 - 0x00007ffd73d4e000 	C:\Windows\System32\win32u.dll
0x00007ffd75780000 - 0x00007ffd757b4000 	C:\Windows\System32\GDI32.dll
0x00007ffd73d50000 - 0x00007ffd73ed2000 	C:\Windows\System32\gdi32full.dll
0x00007ffd6cff0000 - 0x00007ffd6d26a000 	C:\Windows\WinSxS\amd64_microsoft.windows.common-controls_6595b64144ccf1df_6.0.14393.953_none_42151e83c686086b\COMCTL32.dll
0x00007ffd754a0000 - 0x00007ffd75768000 	C:\Windows\System32\combase.dll
0x00007ffd743f0000 - 0x00007ffd744e5000 	C:\Windows\System32\ucrtbase.dll
0x00007ffd74380000 - 0x00007ffd743ea000 	C:\Windows\System32\bcryptPrimitives.dll
0x00007ffd74d10000 - 0x00007ffd74d3e000 	C:\Windows\System32\IMM32.DLL
0x000000006de50000 - 0x000000006df22000 	C:\Program Files\Java\jdk1.8.0_111\jre\bin\msvcr100.dll
0x000000006bbd0000 - 0x000000006c46a000 	C:\Program Files\Java\jdk1.8.0_111\jre\bin\server\jvm.dll
0x00007ffd75380000 - 0x00007ffd75388000 	C:\Windows\System32\PSAPI.DLL
0x00007ffd69cd0000 - 0x00007ffd69cd9000 	C:\Windows\SYSTEM32\WSOCK32.dll
0x00007ffd74e40000 - 0x00007ffd74eaa000 	C:\Windows\System32\WS2_32.dll
0x00007ffd71950000 - 0x00007ffd71973000 	C:\Windows\SYSTEM32\WINMM.dll
0x00007ffd6ed20000 - 0x00007ffd6ed2a000 	C:\Windows\SYSTEM32\VERSION.dll
0x00007ffd717e0000 - 0x00007ffd7180b000 	C:\Windows\SYSTEM32\WINMMBASE.dll
0x00007ffd73c40000 - 0x00007ffd73c82000 	C:\Windows\System32\cfgmgr32.dll
0x000000006de40000 - 0x000000006de4f000 	C:\Program Files\Java\jdk1.8.0_111\jre\bin\verify.dll
0x000000006de10000 - 0x000000006de39000 	C:\Program Files\Java\jdk1.8.0_111\jre\bin\java.dll
0x000000006ddf0000 - 0x000000006de06000 	C:\Program Files\Java\jdk1.8.0_111\jre\bin\zip.dll
0x00007ffd759b0000 - 0x00007ffd76eb9000 	C:\Windows\System32\SHELL32.dll
0x00007ffd73560000 - 0x00007ffd73c3a000 	C:\Windows\System32\windows.storage.dll
0x00007ffd73510000 - 0x00007ffd7355c000 	C:\Windows\System32\powrprof.dll
0x00007ffd75440000 - 0x00007ffd75492000 	C:\Windows\System32\shlwapi.dll
0x00007ffd734d0000 - 0x00007ffd734df000 	C:\Windows\System32\kernel.appcore.dll
0x00007ffd73ee0000 - 0x00007ffd73f89000 	C:\Windows\System32\shcore.dll
0x00007ffd734f0000 - 0x00007ffd73504000 	C:\Windows\System32\profapi.dll
0x000000006ce60000 - 0x000000006cff8000 	C:\Program Files\Java\jdk1.8.0_111\jre\bin\awt.dll
0x00007ffd74bf0000 - 0x00007ffd74caf000 	C:\Windows\System32\OLEAUT32.dll
0x00007ffd73c90000 - 0x00007ffd73d2c000 	C:\Windows\System32\msvcp_win.dll
0x00007ffd71a70000 - 0x00007ffd71aea000 	C:\Windows\SYSTEM32\apphelp.dll
0x00007ffd71c50000 - 0x00007ffd71ce5000 	C:\Windows\system32\uxtheme.dll
0x00007ffd75050000 - 0x00007ffd751aa000 	C:\Windows\System32\MSCTF.dll
0x00007ffd71320000 - 0x00007ffd71346000 	C:\Windows\system32\dwmapi.dll
0x00007ffd76ec0000 - 0x00007ffd76ff7000 	C:\Windows\System32\ole32.dll
0x00007ffd6c2a0000 - 0x00007ffd6c42d000 	C:\Windows\system32\d3d9.dll
0x00007ffd4f6b0000 - 0x00007ffd50766000 	C:\Windows\SYSTEM32\nvd3dumx.dll
0x00007ffd6e9f0000 - 0x00007ffd6eb5c000 	C:\Program Files (x86)\NVIDIA Corporation\3D Vision\nvSCPAPI64.dll
0x00007ffd746b0000 - 0x00007ffd74ad9000 	C:\Windows\System32\SETUPAPI.dll
0x000000006d7c0000 - 0x000000006d807000 	C:\Program Files\Java\jdk1.8.0_111\jre\bin\fontmanager.dll
0x000000006ddd0000 - 0x000000006ddea000 	C:\Program Files\Java\jdk1.8.0_111\jre\bin\net.dll
0x00007ffd72da0000 - 0x00007ffd72dfc000 	C:\Windows\system32\mswsock.dll
0x000000006ddb0000 - 0x000000006ddc1000 	C:\Program Files\Java\jdk1.8.0_111\jre\bin\nio.dll
0x000000006d770000 - 0x000000006d7b2000 	C:\Program Files\Java\jdk1.8.0_111\jre\bin\t2k.dll
0x00007ffd67e90000 - 0x00007ffd68022000 	C:\Windows\SYSTEM32\dbghelp.dll

VM Arguments:
jvm_args: -Dfile.encoding=UTF-8 
java_command: kr.or.dgit.donghun2.view.CustomerView
java_class_path (initial): D:\workspace_mybatis\donghun2\bin;C:\Users\SDH\.gradle\caches\modules-2\files-2.1\org.mybatis\mybatis\3.4.2\2b9a5082fe0bdb3128bab8b4b19b23ca0f3d9b38\mybatis-3.4.2.jar;C:\Users\SDH\.gradle\caches\modules-2\files-2.1\log4j\log4j\1.2.17\5af35056b4d257e4b64b9e8069c0746e8b08629f\log4j-1.2.17.jar;C:\Users\SDH\.gradle\caches\modules-2\files-2.1\mysql\mysql-connector-java\5.1.41\b0878056f15616989144d6114d36d3942321d0d1\mysql-connector-java-5.1.41.jar;C:\Users\SDH\.gradle\caches\modules-2\files-2.1\junit\junit\4.12\2973d150c0dc1fefe998f834810d68f278ea58ec\junit-4.12.jar;C:\Users\SDH\.gradle\caches\modules-2\files-2.1\org.hamcrest\hamcrest-core\1.3\42a25dc3219429f0e5d060061f71acb49bf010a0\hamcrest-core-1.3.jar;D:\workspace_mybatis\donghun2\src\main\resources\erp_myframework.jar
Launcher Type: SUN_STANDARD

Environment Variables:
JAVA_HOME=C:\Program Files\Java\jdk1.8.0_111
PATH=C:/Program Files/Java/jdk1.8.0_111/bin/../jre/bin/server;C:/Program Files/Java/jdk1.8.0_111/bin/../jre/bin;C:/Program Files/Java/jdk1.8.0_111/bin/../jre/lib/amd64;C:\Program Files\Java\jdk1.8.0_111\bin;C:\ProgramData\Oracle\Java\javapath;C:\Program Files (x86)\NVIDIA Corporation\PhysX\Common;C:\Windows\system32;C:\Windows;C:\Windows\System32\Wbem;C:\Windows\System32\WindowsPowerShell\v1.0\;C:\Program Files\MySQL\MySQL Server 5.6\bin;C:\Program Files\Git\cmd;D:\gradle-3.4.1\bin;C:\Users\SDH\AppData\Local\Microsoft\WindowsApps;C:\Program Files\Bandizip\7z;D:\program\eclipse_java\eclipse;
USERNAME=SDH
OS=Windows_NT
PROCESSOR_IDENTIFIER=Intel64 Family 6 Model 23 Stepping 10, GenuineIntel



---------------  S Y S T E M  ---------------

OS: Windows 10.0 , 64 bit Build 14393 (10.0.14393.0)

CPU:total 4 (4 cores per cpu, 1 threads per core) family 6 model 23 stepping 10, cmov, cx8, fxsr, mmx, sse, sse2, sse3, ssse3, sse4.1, tsc

Memory: 4k page, physical 4192492k(1397532k free), swap 7993580k(2631784k free)

vm_info: Java HotSpot(TM) 64-Bit Server VM (25.111-b14) for windows-amd64 JRE (1.8.0_111-b14), built on Sep 22 2016 19:24:05 by "java_re" with MS VC++ 10.0 (VS2010)

time: Tue Mar 28 10:26:02 2017
elapsed time: 0 seconds (0d 0h 0m 0s)

