#
# A fatal error has been detected by the Java Runtime Environment:
#
#  EXCEPTION_ACCESS_VIOLATION (0xc0000005) at pc=0xffffffffa4035120, pid=4176, tid=0x0000000000002398
#
# JRE version: Java(TM) SE Runtime Environment (8.0_111-b14) (build 1.8.0_111-b14)
# Java VM: Java HotSpot(TM) 64-Bit Server VM (25.111-b14 mixed mode windows-amd64 compressed oops)
# Problematic frame:
# C  0xffffffffa4035120
#
# Failed to write core dump. Minidumps are not enabled by default on client versions of Windows
#
# If you would like to submit a bug report, please visit:
#   http://bugreport.java.com/bugreport/crash.jsp
#

---------------  T H R E A D  ---------------

Current thread (0x0000000016e3d000):  JavaThread "AWT-EventQueue-0" [_thread_in_Java, id=9112, stack(0x0000000018830000,0x0000000018930000)]

siginfo: ExceptionCode=0xc0000005, ExceptionInformation=0x0000000000000008 0xffffffffa4035120

Registers:
RAX=0x0000000019db66c8, RBX=0x0000000019db66c8, RCX=0x00000000eb775410, RDX=0x00000000eb775410
RSP=0x000000001892d3e8, RBP=0x000000001892d448, RSI=0x000000000000164d, RDI=0x000000000000f9af
R8 =0x0000000019db8ef8, R9 =0x0000000000000002, R10=0x0000000077cac0c0, R11=0x000000000329c580
R12=0x0000000000000000, R13=0x000000001892d400, R14=0x000000001892d488, R15=0x0000000016e3d000
RIP=0xffffffffa4035120, EFLAGS=0x0000000000010206

Top of Stack: (sp=0x000000001892d3e8)
0x000000001892d3e8:   0000000003037ec0 0000000003037b80
0x000000001892d3f8:   0000000003037ec0 00000000eb775410
0x000000001892d408:   000000001892d408 0000000019d9380c
0x000000001892d418:   000000001892d488 0000000019d944e0
0x000000001892d428:   0000000000000000 0000000019d938c0
0x000000001892d438:   000000001892d400 000000001892d488
0x000000001892d448:   000000001892d4d0 000000000303813d
0x000000001892d458:   0000000000000000 00000000ffffffff
0x000000001892d468:   00000000ffffffff 00000000eb774810
0x000000001892d478:   000000000002f9af 00000000eb775410
0x000000001892d488:   00000000eb5f80f0 000000001892d490
0x000000001892d498:   0000000019d93728 000000001892d528
0x000000001892d4a8:   0000000019d944e0 0000000000000000
0x000000001892d4b8:   0000000019d93768 000000001892d488
0x000000001892d4c8:   000000001892d518 000000001892d570
0x000000001892d4d8:   000000000303813d 0000000000008a70 

Instructions: (pc=0xffffffffa4035120)
0xffffffffa4035100:   
[error occurred during error reporting (printing registers, top of stack, instructions near pc), id 0xc0000005]

Register to memory mapping:

RAX={method} {0x0000000019db66d0} 'decomposition' '()Ljava/lang/String;' in 'sun/text/ComposedCharIter'
RBX={method} {0x0000000019db66d0} 'decomposition' '()Ljava/lang/String;' in 'sun/text/ComposedCharIter'
RCX=0x00000000eb775410 is an oop
sun.text.ComposedCharIter 
 - klass: 'sun/text/ComposedCharIter'
RDX=0x00000000eb775410 is an oop
sun.text.ComposedCharIter 
 - klass: 'sun/text/ComposedCharIter'
RSP=0x000000001892d3e8 is pointing into the stack for thread: 0x0000000016e3d000
RBP=0x000000001892d448 is pointing into the stack for thread: 0x0000000016e3d000
RSI=0x000000000000164d is an unknown value
RDI=0x000000000000f9af is an unknown value
R8 =0x0000000019db8ef8 is pointing into metadata
R9 =0x0000000000000002 is an unknown value
R10=0x0000000077cac0c0 is an unknown value
R11=0x000000000329c580 is at entry_point+32 in (nmethod*)0x000000000329c410
R12=0x0000000000000000 is an unknown value
R13=0x000000001892d400 is pointing into the stack for thread: 0x0000000016e3d000
R14=0x000000001892d488 is pointing into the stack for thread: 0x0000000016e3d000
R15=0x0000000016e3d000 is a thread


Stack: [0x0000000018830000,0x0000000018930000],  sp=0x000000001892d3e8,  free space=1012k
Native frames: (J=compiled Java code, j=interpreted, Vv=VM code, C=native code)
C  0xffffffffa4035120


---------------  P R O C E S S  ---------------

Java Threads: ( => current thread )
  0x00000000012bd800 JavaThread "DestroyJavaVM" [_thread_blocked, id=10460, stack(0x0000000002e30000,0x0000000002f30000)]
=>0x0000000016e3d000 JavaThread "AWT-EventQueue-0" [_thread_in_Java, id=9112, stack(0x0000000018830000,0x0000000018930000)]
  0x0000000016e35800 JavaThread "AWT-Windows" daemon [_thread_in_native, id=1664, stack(0x0000000018600000,0x0000000018700000)]
  0x0000000016e35000 JavaThread "AWT-Shutdown" [_thread_blocked, id=8708, stack(0x0000000018500000,0x0000000018600000)]
  0x0000000017c43800 JavaThread "Java2D Disposer" daemon [_thread_blocked, id=7968, stack(0x0000000018400000,0x0000000018500000)]
  0x0000000016b23000 JavaThread "Service Thread" daemon [_thread_blocked, id=3196, stack(0x0000000017660000,0x0000000017760000)]
  0x000000001574c000 JavaThread "C1 CompilerThread2" daemon [_thread_blocked, id=1772, stack(0x0000000017560000,0x0000000017660000)]
  0x000000001574b800 JavaThread "C2 CompilerThread1" daemon [_thread_blocked, id=6024, stack(0x0000000017460000,0x0000000017560000)]
  0x0000000015741800 JavaThread "C2 CompilerThread0" daemon [_thread_blocked, id=10852, stack(0x0000000017360000,0x0000000017460000)]
  0x000000001573d000 JavaThread "JDWP Command Reader" daemon [_thread_in_native, id=11016, stack(0x0000000017260000,0x0000000017360000)]
  0x0000000015731800 JavaThread "JDWP Event Helper Thread" daemon [_thread_blocked, id=4728, stack(0x0000000017160000,0x0000000017260000)]
  0x0000000015722000 JavaThread "JDWP Transport Listener: dt_socket" daemon [_thread_blocked, id=10392, stack(0x0000000017060000,0x0000000017160000)]
  0x000000001571a000 JavaThread "Attach Listener" daemon [_thread_blocked, id=9156, stack(0x0000000016f60000,0x0000000017060000)]
  0x0000000016aa3800 JavaThread "Signal Dispatcher" daemon [_thread_blocked, id=7880, stack(0x0000000016e60000,0x0000000016f60000)]
  0x00000000156ea800 JavaThread "Finalizer" daemon [_thread_blocked, id=1492, stack(0x0000000016960000,0x0000000016a60000)]
  0x0000000003020800 JavaThread "Reference Handler" daemon [_thread_blocked, id=5716, stack(0x0000000016860000,0x0000000016960000)]

Other Threads:
  0x00000000156c7800 VMThread [stack: 0x0000000016760000,0x0000000016860000] [id=10716]
  0x0000000016b53800 WatcherThread [stack: 0x0000000017760000,0x0000000017860000] [id=7988]

VM state:not at safepoint (normal execution)

VM Mutex/Monitor currently owned by a thread: None

Heap:
 PSYoungGen      total 18944K, used 13217K [0x00000000eab00000, 0x00000000ec000000, 0x0000000100000000)
  eden space 16384K, 80% used [0x00000000eab00000,0x00000000eb7e8648,0x00000000ebb00000)
  from space 2560K, 0% used [0x00000000ebd80000,0x00000000ebd80000,0x00000000ec000000)
  to   space 2560K, 0% used [0x00000000ebb00000,0x00000000ebb00000,0x00000000ebd80000)
 ParOldGen       total 44032K, used 0K [0x00000000c0000000, 0x00000000c2b00000, 0x00000000eab00000)
  object space 44032K, 0% used [0x00000000c0000000,0x00000000c0000000,0x00000000c2b00000)
 Metaspace       used 12788K, capacity 12954K, committed 13184K, reserved 1060864K
  class space    used 1708K, capacity 1798K, committed 1920K, reserved 1048576K

Card table byte_map: [0x00000000123f0000,0x0000000012600000] byte_map_base: 0x0000000011df0000

Marking Bits: (ParMarkBitMap*) 0x0000000077cca6c0
 Begin Bits: [0x0000000012b60000, 0x0000000013b60000)
 End Bits:   [0x0000000013b60000, 0x0000000014b60000)

Polling page: 0x0000000000e30000

CodeCache: size=245760Kb used=2517Kb max_used=2532Kb free=243242Kb
 bounds [0x0000000003030000, 0x00000000032b0000, 0x0000000012030000]
 total_blobs=994 nmethods=607 adapters=310
 compilation: enabled

Compilation events (10 events):
Event: 1.210 Thread 0x000000001574c000  602       3       sun.text.ComposedCharIter::decomposition (9 bytes)
Event: 1.211 Thread 0x000000001574c000 nmethod 602 0x000000000329c410 code [0x000000000329c560, 0x000000000329c6f0]
Event: 1.211 Thread 0x000000001574c000  604       3       java.text.RBTableBuilder::getContractOrder (62 bytes)
Event: 1.211 Thread 0x000000001574c000 nmethod 604 0x000000000329e910 code [0x000000000329eae0, 0x000000000329f368]
Event: 1.211 Thread 0x000000001574c000  605       3       java.text.RBTableBuilder::getContractValues (18 bytes)
Event: 1.212 Thread 0x000000001574c000 nmethod 605 0x000000000329bc10 code [0x000000000329bda0, 0x000000000329c238]
Event: 1.212 Thread 0x000000001574c000  603       3       java.text.RBTableBuilder::addExpandOrder (16 bytes)
Event: 1.212 Thread 0x000000001574c000 nmethod 603 0x000000000329f710 code [0x000000000329f880, 0x000000000329fa78]
Event: 1.212 Thread 0x000000001574c000  607       1       sun.text.ComposedCharIter::decomposition (9 bytes)
Event: 1.212 Thread 0x000000001574c000 nmethod 607 0x000000000329fb50 code [0x000000000329fca0, 0x000000000329fdd0]

GC Heap History (0 events):
No events

Deoptimization events (4 events):
Event: 1.142 Thread 0x0000000016e3d000 Uncommon trap: reason=class_check action=maybe_recompile pc=0x00000000032685f8 method=java.io.DataInputStream.readChar()C @ 4
Event: 1.142 Thread 0x0000000016e3d000 Uncommon trap: reason=class_check action=maybe_recompile pc=0x00000000032685f8 method=java.io.DataInputStream.readChar()C @ 4
Event: 1.142 Thread 0x0000000016e3d000 Uncommon trap: reason=class_check action=maybe_recompile pc=0x00000000032685f8 method=java.io.DataInputStream.readChar()C @ 4
Event: 1.142 Thread 0x0000000016e3d000 Uncommon trap: reason=class_check action=maybe_recompile pc=0x00000000032685f8 method=java.io.DataInputStream.readChar()C @ 4

Internal exceptions (10 events):
Event: 0.930 Thread 0x0000000016e3d000 Exception <a 'java/lang/ArrayIndexOutOfBoundsException'> (0x00000000eb372188) thrown at [C:\re\workspace\8-2-build-windows-amd64-cygwin\jdk8u111\7883\hotspot\src\share\vm\runtime\sharedRuntime.cpp, line 605]
Event: 0.931 Thread 0x0000000016e3d000 Exception <a 'java/lang/ArrayIndexOutOfBoundsException'> (0x00000000eb376e50) thrown at [C:\re\workspace\8-2-build-windows-amd64-cygwin\jdk8u111\7883\hotspot\src\share\vm\runtime\sharedRuntime.cpp, line 605]
Event: 0.932 Thread 0x0000000016e3d000 Exception <a 'java/lang/ArrayIndexOutOfBoundsException'> (0x00000000eb37bcd8) thrown at [C:\re\workspace\8-2-build-windows-amd64-cygwin\jdk8u111\7883\hotspot\src\share\vm\runtime\sharedRuntime.cpp, line 605]
Event: 0.933 Thread 0x0000000016e3d000 Exception <a 'java/lang/ArrayIndexOutOfBoundsException'> (0x00000000eb380f68) thrown at [C:\re\workspace\8-2-build-windows-amd64-cygwin\jdk8u111\7883\hotspot\src\share\vm\runtime\sharedRuntime.cpp, line 605]
Event: 0.934 Thread 0x0000000016e3d000 Exception <a 'java/lang/ArrayIndexOutOfBoundsException'> (0x00000000eb386170) thrown at [C:\re\workspace\8-2-build-windows-amd64-cygwin\jdk8u111\7883\hotspot\src\share\vm\runtime\sharedRuntime.cpp, line 605]
Event: 0.935 Thread 0x0000000016e3d000 Exception <a 'java/lang/ArrayIndexOutOfBoundsException'> (0x00000000eb38b298) thrown at [C:\re\workspace\8-2-build-windows-amd64-cygwin\jdk8u111\7883\hotspot\src\share\vm\runtime\sharedRuntime.cpp, line 605]
Event: 0.937 Thread 0x0000000016e3d000 Exception <a 'java/lang/ArrayIndexOutOfBoundsException'> (0x00000000eb390408) thrown at [C:\re\workspace\8-2-build-windows-amd64-cygwin\jdk8u111\7883\hotspot\src\share\vm\runtime\sharedRuntime.cpp, line 605]
Event: 0.938 Thread 0x0000000016e3d000 Exception <a 'java/lang/ArrayIndexOutOfBoundsException'> (0x00000000eb395850) thrown at [C:\re\workspace\8-2-build-windows-amd64-cygwin\jdk8u111\7883\hotspot\src\share\vm\runtime\sharedRuntime.cpp, line 605]
Event: 0.939 Thread 0x0000000016e3d000 Exception <a 'java/lang/ArrayIndexOutOfBoundsException'> (0x00000000eb39abf0) thrown at [C:\re\workspace\8-2-build-windows-amd64-cygwin\jdk8u111\7883\hotspot\src\share\vm\runtime\sharedRuntime.cpp, line 605]
Event: 0.942 Thread 0x0000000016e3d000 Exception <a 'java/lang/ArrayIndexOutOfBoundsException'> (0x00000000eb3a6428) thrown at [C:\re\workspace\8-2-build-windows-amd64-cygwin\jdk8u111\7883\hotspot\src\share\vm\runtime\sharedRuntime.cpp, line 605]

Events (10 events):
Event: 1.186 Thread 0x0000000016e3d000 DEOPT PACKING pc=0x0000000003271de2 sp=0x000000001892d140
Event: 1.186 Thread 0x0000000016e3d000 DEOPT UNPACKING pc=0x00000000030771bf sp=0x000000001892ce68 mode 0
Event: 1.186 Thread 0x0000000016e3d000 DEOPT PACKING pc=0x0000000003271de2 sp=0x000000001892d140
Event: 1.186 Thread 0x0000000016e3d000 DEOPT UNPACKING pc=0x00000000030771bf sp=0x000000001892ce68 mode 0
Event: 1.194 loading class java/text/EntryPair
Event: 1.194 loading class java/text/EntryPair done
Event: 1.201 loading class sun/text/ComposedCharIter
Event: 1.202 loading class sun/text/ComposedCharIter done
Event: 1.205 loading class sun/text/normalizer/UTF16
Event: 1.205 loading class sun/text/normalizer/UTF16 done


Dynamic libraries:
0x00007ff6ed100000 - 0x00007ff6ed137000 	C:\Program Files\Java\jre1.8.0_111\bin\javaw.exe
0x00007ff92dde0000 - 0x00007ff92dfb1000 	C:\Windows\SYSTEM32\ntdll.dll
0x00007ff92d900000 - 0x00007ff92d9ab000 	C:\Windows\System32\KERNEL32.DLL
0x00007ff92a330000 - 0x00007ff92a54d000 	C:\Windows\System32\KERNELBASE.dll
0x00007ff92bb90000 - 0x00007ff92bc32000 	C:\Windows\System32\ADVAPI32.dll
0x00007ff92b6c0000 - 0x00007ff92b75e000 	C:\Windows\System32\msvcrt.dll
0x00007ff92bc40000 - 0x00007ff92bc99000 	C:\Windows\System32\sechost.dll
0x00007ff92daf0000 - 0x00007ff92dc11000 	C:\Windows\System32\RPCRT4.dll
0x00007ff92b4f0000 - 0x00007ff92b655000 	C:\Windows\System32\USER32.dll
0x00007ff92aa00000 - 0x00007ff92aa1e000 	C:\Windows\System32\win32u.dll
0x00007ff92b680000 - 0x00007ff92b6b4000 	C:\Windows\System32\GDI32.dll
0x00007ff92a5a0000 - 0x00007ff92a722000 	C:\Windows\System32\gdi32full.dll
0x00007ff923f90000 - 0x00007ff92420a000 	C:\Windows\WinSxS\amd64_microsoft.windows.common-controls_6595b64144ccf1df_6.0.14393.953_none_42151e83c686086b\COMCTL32.dll
0x00007ff92d3c0000 - 0x00007ff92d688000 	C:\Windows\System32\combase.dll
0x00007ff92a900000 - 0x00007ff92a9f5000 	C:\Windows\System32\ucrtbase.dll
0x00007ff92b250000 - 0x00007ff92b2ba000 	C:\Windows\System32\bcryptPrimitives.dll
0x00007ff92bda0000 - 0x00007ff92bdce000 	C:\Windows\System32\IMM32.DLL
0x0000000050f10000 - 0x0000000050fe2000 	C:\Program Files\Java\jre1.8.0_111\bin\msvcr100.dll
0x00000000774b0000 - 0x0000000077d4a000 	C:\Program Files\Java\jre1.8.0_111\bin\server\jvm.dll
0x00007ff92bde0000 - 0x00007ff92bde8000 	C:\Windows\System32\PSAPI.DLL
0x00007ff925d30000 - 0x00007ff925d3a000 	C:\Windows\SYSTEM32\VERSION.dll
0x00007ff9286c0000 - 0x00007ff9286e3000 	C:\Windows\SYSTEM32\WINMM.dll
0x00007ff923990000 - 0x00007ff923999000 	C:\Windows\SYSTEM32\WSOCK32.dll
0x00007ff92d690000 - 0x00007ff92d6fa000 	C:\Windows\System32\WS2_32.dll
0x0000000001250000 - 0x000000000127b000 	C:\Windows\SYSTEM32\WINMMBASE.dll
0x00007ff92a550000 - 0x00007ff92a592000 	C:\Windows\System32\cfgmgr32.dll
0x0000000051320000 - 0x000000005132f000 	C:\Program Files\Java\jre1.8.0_111\bin\verify.dll
0x00000000512f0000 - 0x0000000051319000 	C:\Program Files\Java\jre1.8.0_111\bin\java.dll
0x0000000050ed0000 - 0x0000000050f05000 	C:\Program Files\Java\jre1.8.0_111\bin\jdwp.dll
0x0000000050ec0000 - 0x0000000050ec8000 	C:\Program Files\Java\jre1.8.0_111\bin\npt.dll
0x00000000512d0000 - 0x00000000512e6000 	C:\Program Files\Java\jre1.8.0_111\bin\zip.dll
0x00007ff92bdf0000 - 0x00007ff92d2f9000 	C:\Windows\System32\SHELL32.dll
0x00007ff92ab70000 - 0x00007ff92b24a000 	C:\Windows\System32\windows.storage.dll
0x00007ff92a280000 - 0x00007ff92a2cc000 	C:\Windows\System32\powrprof.dll
0x00007ff92dc20000 - 0x00007ff92dc72000 	C:\Windows\System32\shlwapi.dll
0x00007ff92a240000 - 0x00007ff92a24f000 	C:\Windows\System32\kernel.appcore.dll
0x00007ff92b2c0000 - 0x00007ff92b369000 	C:\Windows\System32\shcore.dll
0x00007ff92a260000 - 0x00007ff92a274000 	C:\Windows\System32\profapi.dll
0x0000000050eb0000 - 0x0000000050eb9000 	C:\Program Files\Java\jre1.8.0_111\bin\dt_socket.dll
0x00007ff91b2a0000 - 0x00007ff91b2b6000 	C:\Windows\system32\napinsp.dll
0x00007ff91b300000 - 0x00007ff91b31a000 	C:\Windows\system32\pnrpnsp.dll
0x00007ff927cc0000 - 0x00007ff927cd8000 	C:\Windows\system32\NLAapi.dll
0x00007ff929b10000 - 0x00007ff929b6c000 	C:\Windows\System32\mswsock.dll
0x00007ff9298d0000 - 0x00007ff929971000 	C:\Windows\SYSTEM32\DNSAPI.dll
0x00007ff92b370000 - 0x00007ff92b378000 	C:\Windows\System32\NSI.dll
0x00007ff929890000 - 0x00007ff9298c8000 	C:\Windows\SYSTEM32\IPHLPAPI.DLL
0x00007ff91b320000 - 0x00007ff91b32e000 	C:\Windows\System32\winrnr.dll
0x00007ff924360000 - 0x00007ff9243ca000 	C:\Windows\System32\fwpuclnt.dll
0x00007ff92a180000 - 0x00007ff92a1ab000 	C:\Windows\SYSTEM32\bcrypt.dll
0x00007ff921c00000 - 0x00007ff921c0a000 	C:\Windows\System32\rasadhlp.dll
0x0000000051090000 - 0x0000000051228000 	C:\Program Files\Java\jre1.8.0_111\bin\awt.dll
0x00007ff92d300000 - 0x00007ff92d3bf000 	C:\Windows\System32\OLEAUT32.dll
0x00007ff92aad0000 - 0x00007ff92ab6c000 	C:\Windows\System32\msvcp_win.dll
0x00007ff9287f0000 - 0x00007ff92886a000 	C:\Windows\SYSTEM32\apphelp.dll
0x00007ff9289c0000 - 0x00007ff928a55000 	C:\Windows\system32\uxtheme.dll
0x00007ff92dc80000 - 0x00007ff92ddda000 	C:\Windows\System32\MSCTF.dll
0x00007ff928090000 - 0x00007ff9280b6000 	C:\Windows\system32\dwmapi.dll
0x00007ff92d9b0000 - 0x00007ff92dae7000 	C:\Windows\System32\ole32.dll
0x00007ff90e720000 - 0x00007ff90e8ad000 	C:\Windows\system32\d3d9.dll
0x00007ff906ef0000 - 0x00007ff907fa6000 	C:\Windows\SYSTEM32\nvd3dumx.dll
0x00007ff925350000 - 0x00007ff9254bc000 	C:\Program Files (x86)\NVIDIA Corporation\3D Vision\nvSCPAPI64.dll
0x00007ff92b760000 - 0x00007ff92bb89000 	C:\Windows\System32\SETUPAPI.dll
0x00007ff91f140000 - 0x00007ff91f2d2000 	C:\Windows\SYSTEM32\dbghelp.dll

VM Arguments:
jvm_args: -agentlib:jdwp=transport=dt_socket,suspend=y,address=localhost:64436 -Dfile.encoding=UTF-8 
java_command: kr.or.dgit.donghun2.view.SellInfoViewA
java_class_path (initial): D:\workspace_mybatis\donghun2\bin;C:\Users\JSE\.gradle\caches\modules-2\files-2.1\org.mybatis\mybatis\3.4.2\2b9a5082fe0bdb3128bab8b4b19b23ca0f3d9b38\mybatis-3.4.2.jar;C:\Users\JSE\.gradle\caches\modules-2\files-2.1\log4j\log4j\1.2.17\5af35056b4d257e4b64b9e8069c0746e8b08629f\log4j-1.2.17.jar;C:\Users\JSE\.gradle\caches\modules-2\files-2.1\mysql\mysql-connector-java\5.1.41\b0878056f15616989144d6114d36d3942321d0d1\mysql-connector-java-5.1.41.jar;C:\Users\JSE\.gradle\caches\modules-2\files-2.1\junit\junit\4.12\2973d150c0dc1fefe998f834810d68f278ea58ec\junit-4.12.jar;C:\Users\JSE\.gradle\caches\modules-2\files-2.1\org.hamcrest\hamcrest-core\1.3\42a25dc3219429f0e5d060061f71acb49bf010a0\hamcrest-core-1.3.jar;D:\workspace_mybatis\donghun2\src\main\resources\erp_myframework.jar
Launcher Type: SUN_STANDARD

Environment Variables:
JAVA_HOME=C:\Program Files\Java\jdk1.8.0_111
PATH=C:/Program Files/Java/jre1.8.0_111/bin/server;C:/Program Files/Java/jre1.8.0_111/bin;C:/Program Files/Java/jre1.8.0_111/lib/amd64;C:\ProgramData\Oracle\Java\javapath;C:\Program Files (x86)\NVIDIA Corporation\PhysX\Common;C:\Windows\system32;C:\Windows;C:\Windows\System32\Wbem;C:\Windows\System32\WindowsPowerShell\v1.0\;C:\Program Files\Java\jdk1.8.0_111\bin;C:\Program Files\MySQL\MySQL Server 5.6\bin;C:\Program Files\Git\cmd;D:\gradle-3.4.1\bin;C:\Users\JSE\AppData\Local\Microsoft\WindowsApps;;C:\Program Files\eclipse_java;
USERNAME=JSE
OS=Windows_NT
PROCESSOR_IDENTIFIER=Intel64 Family 6 Model 23 Stepping 10, GenuineIntel



---------------  S Y S T E M  ---------------

OS: Windows 10.0 , 64 bit Build 14393 (10.0.14393.0)

CPU:total 4 (4 cores per cpu, 1 threads per core) family 6 model 23 stepping 10, cmov, cx8, fxsr, mmx, sse, sse2, sse3, ssse3, sse4.1, tsc

Memory: 4k page, physical 4192492k(1597760k free), swap 6551788k(2359304k free)

vm_info: Java HotSpot(TM) 64-Bit Server VM (25.111-b14) for windows-amd64 JRE (1.8.0_111-b14), built on Sep 22 2016 19:24:05 by "java_re" with MS VC++ 10.0 (VS2010)

time: Tue Apr 04 11:51:39 2017
elapsed time: 1 seconds (0d 0h 0m 1s)

