#
# A fatal error has been detected by the Java Runtime Environment:
#
#  EXCEPTION_ACCESS_VIOLATION (0xc0000005) at pc=0xffffffffa3745120, pid=7524, tid=0x0000000000001f6c
#
# JRE version: Java(TM) SE Runtime Environment (8.0_111-b14) (build 1.8.0_111-b14)
# Java VM: Java HotSpot(TM) 64-Bit Server VM (25.111-b14 mixed mode windows-amd64 compressed oops)
# Problematic frame:
# C  0xffffffffa3745120
#
# Failed to write core dump. Minidumps are not enabled by default on client versions of Windows
#
# If you would like to submit a bug report, please visit:
#   http://bugreport.java.com/bugreport/crash.jsp
#

---------------  T H R E A D  ---------------

Current thread (0x0000000016e41800):  JavaThread "AWT-EventQueue-0" [_thread_in_Java, id=8044, stack(0x000000001a3a0000,0x000000001a4a0000)]

siginfo: ExceptionCode=0xc0000005, ExceptionInformation=0x0000000000000008 0xffffffffa3745120

Registers:
RAX=0x000000001b5cf280, RBX=0x0000000011500000, RCX=0x0000000000000000, RDX=0x00000000eb8a4078
RSP=0x000000001a49b8a8, RBP=0x000000001a49bc10, RSI=0x000000010000d608, RDI=0x00000000eb8a40c0
R8 =0x0000000000000000, R9 =0x00000000eb8a4078, R10=0x00000000eab0aa78, R11=0x00000000eb8a4058
R12=0x0000000000000000, R13=0x000000001b5ce550, R14=0x00000000000001e8, R15=0x0000000016e41800
RIP=0xffffffffa3745120, EFLAGS=0x0000000000010216

Top of Stack: (sp=0x000000001a49b8a8)
0x000000001a49b8a8:   00000000029f4e04 000000001a49b8e0
0x000000001a49b8b8:   000000001a49b8e0 0000000000000000
0x000000001a49b8c8:   00000000eb8a1f20 000000001b5cb730
0x000000001a49b8d8:   00000000eb939eb8 0000000011500000
0x000000001a49b8e8:   00000000eb8a40c0 0000000000000001
0x000000001a49b8f8:   0000000000000010 0000000000000000
0x000000001a49b908:   0000000000000000 000000001a49bc10
0x000000001a49b918:   00000000029fa4fc ffffffffffffffff
0x000000001a49b928:   000000001b5cc590 0000000000000000
0x000000001a49b938:   0000000000000000 0000000000002499
0x000000001a49b948:   00000000eb8fac10 00000000eb9286a8
0x000000001a49b958:   0000000000000000 000000001a49b9d0
0x000000001a49b968:   0000000002747e20 0000000002747e20
0x000000001a49b978:   00000000eab04080 0000000000002499
0x000000001a49b988:   00000000eb8fac10 000000001a49b990
0x000000001a49b998:   0000000014586b36 000000001a49b9e8 

Instructions: (pc=0xffffffffa3745120)
0xffffffffa3745100:   
[error occurred during error reporting (printing registers, top of stack, instructions near pc), id 0xc0000005]

Register to memory mapping:

RAX=0x000000001b5cf280 is pointing into metadata
RBX=0x0000000011500000 is an unknown value
RCX=0x0000000000000000 is an unknown value
RDX=0x00000000eb8a4078 is an oop
java.lang.StringBuffer 
 - klass: 'java/lang/StringBuffer'
RSP=0x000000001a49b8a8 is pointing into the stack for thread: 0x0000000016e41800
RBP=0x000000001a49bc10 is pointing into the stack for thread: 0x0000000016e41800
RSI=0x000000010000d608 is pointing into metadata
RDI=0x00000000eb8a40c0 is an oop
java.lang.StringBuffer 
 - klass: 'java/lang/StringBuffer'
R8 =0x0000000000000000 is an unknown value
R9 =0x00000000eb8a4078 is an oop
java.lang.StringBuffer 
 - klass: 'java/lang/StringBuffer'
R10=0x00000000eab0aa78 is an oop
java.lang.String 
 - klass: 'java/lang/String'
R11=0x00000000eb8a4058 is an oop
java.text.PatternEntry$Parser 
 - klass: 'java/text/PatternEntry$Parser'
R12=0x0000000000000000 is an unknown value
R13=0x000000001b5ce550 is pointing into metadata
R14=0x00000000000001e8 is an unknown value
R15=0x0000000016e41800 is a thread


Stack: [0x000000001a3a0000,0x000000001a4a0000],  sp=0x000000001a49b8a8,  free space=1006k
Native frames: (J=compiled Java code, j=interpreted, Vv=VM code, C=native code)
C  0xffffffffa3745120


---------------  P R O C E S S  ---------------

Java Threads: ( => current thread )
  0x0000000016fce800 JavaThread "D3D Screen Updater" daemon [_thread_blocked, id=6748, stack(0x000000001a7b0000,0x000000001a8b0000)]
  0x0000000002640800 JavaThread "DestroyJavaVM" [_thread_blocked, id=8280, stack(0x0000000002540000,0x0000000002640000)]
=>0x0000000016e41800 JavaThread "AWT-EventQueue-0" [_thread_in_Java, id=8044, stack(0x000000001a3a0000,0x000000001a4a0000)]
  0x0000000016d80000 JavaThread "AWT-Windows" daemon [_thread_in_native, id=3344, stack(0x0000000017730000,0x0000000017830000)]
  0x0000000016d7c800 JavaThread "AWT-Shutdown" [_thread_blocked, id=5828, stack(0x0000000017630000,0x0000000017730000)]
  0x000000001654c000 JavaThread "Java2D Disposer" daemon [_thread_blocked, id=7580, stack(0x0000000017530000,0x0000000017630000)]
  0x00000000161e3800 JavaThread "Service Thread" daemon [_thread_blocked, id=5032, stack(0x0000000016a60000,0x0000000016b60000)]
  0x000000001616d000 JavaThread "C1 CompilerThread2" daemon [_thread_blocked, id=3340, stack(0x0000000016960000,0x0000000016a60000)]
  0x0000000014e6d800 JavaThread "C2 CompilerThread1" daemon [_thread_in_native, id=2384, stack(0x0000000016860000,0x0000000016960000)]
  0x0000000014e6a800 JavaThread "C2 CompilerThread0" daemon [_thread_in_native, id=2620, stack(0x0000000016760000,0x0000000016860000)]
  0x0000000016168800 JavaThread "Attach Listener" daemon [_thread_blocked, id=4672, stack(0x0000000016660000,0x0000000016760000)]
  0x0000000014e1d000 JavaThread "Signal Dispatcher" daemon [_thread_blocked, id=2900, stack(0x0000000016560000,0x0000000016660000)]
  0x0000000014dfa800 JavaThread "Finalizer" daemon [_thread_blocked, id=740, stack(0x0000000016060000,0x0000000016160000)]
  0x000000000272f800 JavaThread "Reference Handler" daemon [_thread_blocked, id=5448, stack(0x0000000015f60000,0x0000000016060000)]

Other Threads:
  0x0000000014dd8000 VMThread [stack: 0x0000000015e60000,0x0000000015f60000] [id=168]
  0x0000000016225000 WatcherThread [stack: 0x0000000016b60000,0x0000000016c60000] [id=5572]

VM state:not at safepoint (normal execution)

VM Mutex/Monitor currently owned by a thread: None

Heap:
 PSYoungGen      total 18944K, used 14743K [0x00000000eab00000, 0x00000000ec000000, 0x0000000100000000)
  eden space 16384K, 89% used [0x00000000eab00000,0x00000000eb965de8,0x00000000ebb00000)
  from space 2560K, 0% used [0x00000000ebd80000,0x00000000ebd80000,0x00000000ec000000)
  to   space 2560K, 0% used [0x00000000ebb00000,0x00000000ebb00000,0x00000000ebd80000)
 ParOldGen       total 44032K, used 0K [0x00000000c0000000, 0x00000000c2b00000, 0x00000000eab00000)
  object space 44032K, 0% used [0x00000000c0000000,0x00000000c0000000,0x00000000c2b00000)
 Metaspace       used 15415K, capacity 15692K, committed 16000K, reserved 1062912K
  class space    used 2047K, capacity 2135K, committed 2176K, reserved 1048576K

Card table byte_map: [0x0000000011b00000,0x0000000011d10000] byte_map_base: 0x0000000011500000

Marking Bits: (ParMarkBitMap*) 0x000000005962a6c0
 Begin Bits: [0x0000000012270000, 0x0000000013270000)
 End Bits:   [0x0000000013270000, 0x0000000014270000)

Polling page: 0x0000000000950000

CodeCache: size=245760Kb used=2847Kb max_used=2860Kb free=242912Kb
 bounds [0x0000000002740000, 0x0000000002a10000, 0x0000000011740000]
 total_blobs=1265 nmethods=774 adapters=406
 compilation: enabled

Compilation events (10 events):
Event: 2.378 Thread 0x0000000014e6d800 nmethod 769 0x00000000029f2bd0 code [0x00000000029f2d20, 0x00000000029f32d8]
Event: 2.378 Thread 0x0000000014e6d800  771       4       java.util.ArrayList::add (29 bytes)
Event: 2.379 Thread 0x000000001616d000 nmethod 763 0x0000000002a06d50 code [0x0000000002a07200, 0x0000000002a0a348]
Event: 2.380 Thread 0x000000001616d000  773       3       java.util.ArrayList::remove (69 bytes)
Event: 2.381 Thread 0x0000000014e6d800 nmethod 771 0x0000000002a05090 code [0x0000000002a051e0, 0x0000000002a05348]
Event: 2.381 Thread 0x0000000014e6d800  772       4       java.text.PatternEntry::isSpecialChar (60 bytes)
Event: 2.381 Thread 0x000000001616d000 nmethod 773 0x00000000029f20d0 code [0x00000000029f2280, 0x00000000029f2888]
Event: 2.381 Thread 0x0000000014e6d800 nmethod 772 0x00000000029ea190 code [0x00000000029ea2c0, 0x00000000029ea358]
Event: 2.381 Thread 0x0000000014e6d800  774       4       java.text.PatternEntry$Parser::next (655 bytes)
Event: 2.382 Thread 0x0000000014e6a800 nmethod 770 0x0000000002a06450 code [0x0000000002a065a0, 0x0000000002a06b18]

GC Heap History (0 events):
No events

Deoptimization events (5 events):
Event: 0.305 Thread 0x0000000002640800 Uncommon trap: reason=null_check action=make_not_entrant pc=0x00000000028af8b8 method=java.lang.String.equals(Ljava/lang/Object;)Z @ 8
Event: 2.356 Thread 0x0000000016e41800 Uncommon trap: reason=class_check action=maybe_recompile pc=0x00000000029e65e4 method=java.io.DataInputStream.readChar()C @ 4
Event: 2.356 Thread 0x0000000016e41800 Uncommon trap: reason=class_check action=maybe_recompile pc=0x00000000029e65e4 method=java.io.DataInputStream.readChar()C @ 4
Event: 2.357 Thread 0x0000000016e41800 Uncommon trap: reason=class_check action=maybe_recompile pc=0x00000000029e65e4 method=java.io.DataInputStream.readChar()C @ 4
Event: 2.357 Thread 0x0000000016e41800 Uncommon trap: reason=class_check action=maybe_recompile pc=0x00000000029e65e4 method=java.io.DataInputStream.readChar()C @ 4

Internal exceptions (10 events):
Event: 2.266 Thread 0x0000000016e41800 Exception <a 'java/lang/ArrayIndexOutOfBoundsException'> (0x00000000eb5a79a0) thrown at [C:\re\workspace\8-2-build-windows-amd64-cygwin\jdk8u111\7883\hotspot\src\share\vm\runtime\sharedRuntime.cpp, line 605]
Event: 2.267 Thread 0x0000000016e41800 Exception <a 'java/lang/ArrayIndexOutOfBoundsException'> (0x00000000eb5acb70) thrown at [C:\re\workspace\8-2-build-windows-amd64-cygwin\jdk8u111\7883\hotspot\src\share\vm\runtime\sharedRuntime.cpp, line 605]
Event: 2.268 Thread 0x0000000016e41800 Exception <a 'java/lang/ArrayIndexOutOfBoundsException'> (0x00000000eb5b1ef8) thrown at [C:\re\workspace\8-2-build-windows-amd64-cygwin\jdk8u111\7883\hotspot\src\share\vm\runtime\sharedRuntime.cpp, line 605]
Event: 2.269 Thread 0x0000000016e41800 Exception <a 'java/lang/ArrayIndexOutOfBoundsException'> (0x00000000eb5b7b98) thrown at [C:\re\workspace\8-2-build-windows-amd64-cygwin\jdk8u111\7883\hotspot\src\share\vm\runtime\sharedRuntime.cpp, line 605]
Event: 2.269 Thread 0x0000000016e41800 Exception <a 'java/lang/ArrayIndexOutOfBoundsException'> (0x00000000eb5bd298) thrown at [C:\re\workspace\8-2-build-windows-amd64-cygwin\jdk8u111\7883\hotspot\src\share\vm\runtime\sharedRuntime.cpp, line 605]
Event: 2.270 Thread 0x0000000016e41800 Exception <a 'java/lang/ArrayIndexOutOfBoundsException'> (0x00000000eb5c28b8) thrown at [C:\re\workspace\8-2-build-windows-amd64-cygwin\jdk8u111\7883\hotspot\src\share\vm\runtime\sharedRuntime.cpp, line 605]
Event: 2.270 Thread 0x0000000016e41800 Exception <a 'java/lang/ArrayIndexOutOfBoundsException'> (0x00000000eb5c7f18) thrown at [C:\re\workspace\8-2-build-windows-amd64-cygwin\jdk8u111\7883\hotspot\src\share\vm\runtime\sharedRuntime.cpp, line 605]
Event: 2.271 Thread 0x0000000016e41800 Exception <a 'java/lang/ArrayIndexOutOfBoundsException'> (0x00000000eb5cd890) thrown at [C:\re\workspace\8-2-build-windows-amd64-cygwin\jdk8u111\7883\hotspot\src\share\vm\runtime\sharedRuntime.cpp, line 605]
Event: 2.272 Thread 0x0000000016e41800 Exception <a 'java/lang/ArrayIndexOutOfBoundsException'> (0x00000000eb5d3128) thrown at [C:\re\workspace\8-2-build-windows-amd64-cygwin\jdk8u111\7883\hotspot\src\share\vm\runtime\sharedRuntime.cpp, line 605]
Event: 2.275 Thread 0x0000000016e41800 Exception <a 'java/lang/ArrayIndexOutOfBoundsException'> (0x00000000eb5df3c0) thrown at [C:\re\workspace\8-2-build-windows-amd64-cygwin\jdk8u111\7883\hotspot\src\share\vm\runtime\sharedRuntime.cpp, line 605]

Events (10 events):
Event: 2.360 loading class sun/text/normalizer/UnicodeMatcher done
Event: 2.360 loading class sun/text/normalizer/UnicodeSet done
Event: 2.360 loading class sun/text/normalizer/NormalizerImpl$DecomposeArgs
Event: 2.360 loading class sun/text/normalizer/NormalizerImpl$DecomposeArgs done
Event: 2.362 loading class java/text/MergeCollation
Event: 2.362 loading class java/text/MergeCollation done
Event: 2.364 loading class java/text/PatternEntry$Parser
Event: 2.364 loading class java/text/PatternEntry$Parser done
Event: 2.364 loading class java/text/PatternEntry
Event: 2.364 loading class java/text/PatternEntry done


Dynamic libraries:
0x00007ff647f00000 - 0x00007ff647f37000 	C:\Program Files\Java\jdk1.8.0_111\bin\javaw.exe
0x00007ffb6b790000 - 0x00007ffb6b961000 	C:\Windows\SYSTEM32\ntdll.dll
0x00007ffb6aad0000 - 0x00007ffb6ab7b000 	C:\Windows\System32\KERNEL32.DLL
0x00007ffb68460000 - 0x00007ffb6867d000 	C:\Windows\System32\KERNELBASE.dll
0x00007ffb6b3e0000 - 0x00007ffb6b482000 	C:\Windows\System32\ADVAPI32.dll
0x00007ffb6b570000 - 0x00007ffb6b60e000 	C:\Windows\System32\msvcrt.dll
0x00007ffb69420000 - 0x00007ffb69479000 	C:\Windows\System32\sechost.dll
0x00007ffb68d80000 - 0x00007ffb68ea1000 	C:\Windows\System32\RPCRT4.dll
0x00007ffb6ad30000 - 0x00007ffb6ae95000 	C:\Windows\System32\USER32.dll
0x00007ffb68810000 - 0x00007ffb6882e000 	C:\Windows\System32\win32u.dll
0x00007ffb6ace0000 - 0x00007ffb6ad14000 	C:\Windows\System32\GDI32.dll
0x00007ffb68680000 - 0x00007ffb68802000 	C:\Windows\System32\gdi32full.dll
0x00007ffb619b0000 - 0x00007ffb61c2a000 	C:\Windows\WinSxS\amd64_microsoft.windows.common-controls_6595b64144ccf1df_6.0.14393.953_none_42151e83c686086b\COMCTL32.dll
0x00007ffb68eb0000 - 0x00007ffb69178000 	C:\Windows\System32\combase.dll
0x00007ffb68830000 - 0x00007ffb68925000 	C:\Windows\System32\ucrtbase.dll
0x00007ffb68cb0000 - 0x00007ffb68d1a000 	C:\Windows\System32\bcryptPrimitives.dll
0x00007ffb6b6a0000 - 0x00007ffb6b6ce000 	C:\Windows\System32\IMM32.DLL
0x0000000059e50000 - 0x0000000059f22000 	C:\Program Files\Java\jdk1.8.0_111\jre\bin\msvcr100.dll
0x0000000058e10000 - 0x00000000596aa000 	C:\Program Files\Java\jdk1.8.0_111\jre\bin\server\jvm.dll
0x00007ffb6ad20000 - 0x00007ffb6ad28000 	C:\Windows\System32\PSAPI.DLL
0x00007ffb63470000 - 0x00007ffb6347a000 	C:\Windows\SYSTEM32\VERSION.dll
0x00007ffb66070000 - 0x00007ffb66093000 	C:\Windows\SYSTEM32\WINMM.dll
0x00007ffb66010000 - 0x00007ffb6603b000 	C:\Windows\SYSTEM32\WINMMBASE.dll
0x00007ffb67c80000 - 0x00007ffb67cc2000 	C:\Windows\System32\cfgmgr32.dll
0x00007ffb5bce0000 - 0x00007ffb5bce9000 	C:\Windows\SYSTEM32\WSOCK32.dll
0x00007ffb6b610000 - 0x00007ffb6b67a000 	C:\Windows\System32\WS2_32.dll
0x0000000058e00000 - 0x0000000058e0f000 	C:\Program Files\Java\jdk1.8.0_111\jre\bin\verify.dll
0x0000000058dd0000 - 0x0000000058df9000 	C:\Program Files\Java\jdk1.8.0_111\jre\bin\java.dll
0x0000000058db0000 - 0x0000000058dc6000 	C:\Program Files\Java\jdk1.8.0_111\jre\bin\zip.dll
0x00007ffb695c0000 - 0x00007ffb6aac9000 	C:\Windows\System32\SHELL32.dll
0x00007ffb67d80000 - 0x00007ffb6845a000 	C:\Windows\System32\windows.storage.dll
0x00007ffb67c30000 - 0x00007ffb67c7c000 	C:\Windows\System32\powrprof.dll
0x00007ffb68d20000 - 0x00007ffb68d72000 	C:\Windows\System32\shlwapi.dll
0x00007ffb67c00000 - 0x00007ffb67c0f000 	C:\Windows\System32\kernel.appcore.dll
0x00007ffb68b60000 - 0x00007ffb68c09000 	C:\Windows\System32\shcore.dll
0x00007ffb67c10000 - 0x00007ffb67c24000 	C:\Windows\System32\profapi.dll
0x0000000059cb0000 - 0x0000000059e48000 	C:\Program Files\Java\jdk1.8.0_111\jre\bin\awt.dll
0x00007ffb6b6d0000 - 0x00007ffb6b78f000 	C:\Windows\System32\OLEAUT32.dll
0x00007ffb68c10000 - 0x00007ffb68cac000 	C:\Windows\System32\msvcp_win.dll
0x00007ffb661a0000 - 0x00007ffb6621a000 	C:\Windows\SYSTEM32\apphelp.dll
0x00007ffb66370000 - 0x00007ffb66405000 	C:\Windows\system32\uxtheme.dll
0x00007ffb6ab80000 - 0x00007ffb6acda000 	C:\Windows\System32\MSCTF.dll
0x00007ffb65a40000 - 0x00007ffb65a66000 	C:\Windows\system32\dwmapi.dll
0x00007ffb69480000 - 0x00007ffb695b7000 	C:\Windows\System32\ole32.dll
0x00007ffb53db0000 - 0x00007ffb53f3d000 	C:\Windows\system32\d3d9.dll
0x00007ffb31670000 - 0x00007ffb32726000 	C:\Windows\SYSTEM32\nvd3dumx.dll
0x00007ffb62c70000 - 0x00007ffb62ddc000 	C:\Program Files (x86)\NVIDIA Corporation\3D Vision\nvSCPAPI64.dll
0x00007ffb6aea0000 - 0x00007ffb6b2c9000 	C:\Windows\System32\SETUPAPI.dll
0x00007ffb62930000 - 0x00007ffb62c66000 	C:\Windows\system32\nvapi64.dll
0x00007ffb66820000 - 0x00007ffb66848000 	C:\Windows\SYSTEM32\DEVOBJ.dll
0x00007ffb68930000 - 0x00007ffb68985000 	C:\Windows\System32\WINTRUST.dll
0x00007ffb67bf0000 - 0x00007ffb67c00000 	C:\Windows\System32\MSASN1.dll
0x00007ffb68990000 - 0x00007ffb68b59000 	C:\Windows\System32\CRYPT32.dll
0x00007ffb66b70000 - 0x00007ffb66c0f000 	C:\Windows\system32\dxgi.dll
0x0000000059c60000 - 0x0000000059ca7000 	C:\Program Files\Java\jdk1.8.0_111\jre\bin\fontmanager.dll
0x0000000058d90000 - 0x0000000058daa000 	C:\Program Files\Java\jdk1.8.0_111\jre\bin\net.dll
0x00007ffb674c0000 - 0x00007ffb6751c000 	C:\Windows\system32\mswsock.dll
0x0000000058d70000 - 0x0000000058d81000 	C:\Program Files\Java\jdk1.8.0_111\jre\bin\nio.dll
0x0000000059c10000 - 0x0000000059c52000 	C:\Program Files\Java\jdk1.8.0_111\jre\bin\t2k.dll
0x00007ffb6b340000 - 0x00007ffb6b3df000 	C:\Windows\System32\clbcatq.dll
0x00007ffb607a0000 - 0x00007ffb60872000 	C:\Windows\System32\IME\IMEKR\imkrtip.dll
0x00007ffb65680000 - 0x00007ffb65805000 	C:\Windows\SYSTEM32\PROPSYS.dll
0x00007ffb5feb0000 - 0x00007ffb60006000 	C:\Windows\System32\IME\shared\imetip.dll
0x00007ffb65240000 - 0x00007ffb652a5000 	C:\Windows\SYSTEM32\OLEACC.dll
0x00007ffb5fd00000 - 0x00007ffb5fea8000 	C:\Windows\SYSTEM32\DUI70.dll
0x00007ffb60ff0000 - 0x00007ffb61028000 	C:\Windows\System32\IME\IMEKR\imkrapi.dll
0x00007ffb5fcc0000 - 0x00007ffb5fcf5000 	C:\Windows\System32\IME\shared\imjkapi.dll
0x00007ffb66f90000 - 0x00007ffb66fc2000 	C:\Windows\SYSTEM32\ntmarta.dll
0x00007ffb5bf10000 - 0x00007ffb5c0a2000 	C:\Windows\SYSTEM32\dbghelp.dll

VM Arguments:
jvm_args: -Dfile.encoding=UTF-8 
java_command: kr.or.dgit.donghun2.Main.MainFrame
java_class_path (initial): D:\workspace_sql\workspace_mybatis\donghun2\bin;C:\Users\SJW\.gradle\caches\modules-2\files-2.1\org.mybatis\mybatis\3.4.2\2b9a5082fe0bdb3128bab8b4b19b23ca0f3d9b38\mybatis-3.4.2.jar;C:\Users\SJW\.gradle\caches\modules-2\files-2.1\log4j\log4j\1.2.17\5af35056b4d257e4b64b9e8069c0746e8b08629f\log4j-1.2.17.jar;C:\Users\SJW\.gradle\caches\modules-2\files-2.1\mysql\mysql-connector-java\5.1.41\b0878056f15616989144d6114d36d3942321d0d1\mysql-connector-java-5.1.41.jar;C:\Users\SJW\.gradle\caches\modules-2\files-2.1\junit\junit\4.12\2973d150c0dc1fefe998f834810d68f278ea58ec\junit-4.12.jar;C:\Users\SJW\.gradle\caches\modules-2\files-2.1\org.hamcrest\hamcrest-core\1.3\42a25dc3219429f0e5d060061f71acb49bf010a0\hamcrest-core-1.3.jar;D:\workspace_sql\workspace_mybatis\donghun2\src\main\resources\erp_myframework.jar
Launcher Type: SUN_STANDARD

Environment Variables:
JAVA_HOME=C:\Program Files\Java\jdk1.8.0_111
PATH=C:/Program Files/Java/jdk1.8.0_111/bin/../jre/bin/server;C:/Program Files/Java/jdk1.8.0_111/bin/../jre/bin;C:/Program Files/Java/jdk1.8.0_111/bin/../jre/lib/amd64;C:\Program Files\Java\jdk1.8.0_111\bin;C:\ProgramData\Oracle\Java\javapath;C:\Program Files (x86)\NVIDIA Corporation\PhysX\Common;C:\Windows\system32;C:\Windows;C:\Windows\System32\Wbem;C:\Windows\System32\WindowsPowerShell\v1.0\;C:\Program Files\MySQL\MySQL Server 5.6\bin;C:\Program Files\Git\cmd;D:\gradle-3.4.1\bin;C:\Users\SJW\AppData\Local\Microsoft\WindowsApps;C:\Program Files\Bandizip\7z;C:\eclipse_java;
USERNAME=SJW
OS=Windows_NT
PROCESSOR_IDENTIFIER=Intel64 Family 6 Model 23 Stepping 10, GenuineIntel



---------------  S Y S T E M  ---------------

OS: Windows 10.0 , 64 bit Build 14393 (10.0.14393.0)

CPU:total 4 (4 cores per cpu, 1 threads per core) family 6 model 23 stepping 10, cmov, cx8, fxsr, mmx, sse, sse2, sse3, ssse3, sse4.1, tsc

Memory: 4k page, physical 4192492k(1071604k free), swap 6682860k(1344048k free)

vm_info: Java HotSpot(TM) 64-Bit Server VM (25.111-b14) for windows-amd64 JRE (1.8.0_111-b14), built on Sep 22 2016 19:24:05 by "java_re" with MS VC++ 10.0 (VS2010)

time: Fri Apr 07 17:37:55 2017
elapsed time: 2 seconds (0d 0h 0m 2s)

