#
# A fatal error has been detected by the Java Runtime Environment:
#
#  EXCEPTION_ACCESS_VIOLATION (0xc0000005) at pc=0xffffffffa38b5120, pid=7800, tid=0x00000000000005e4
#
# JRE version: Java(TM) SE Runtime Environment (8.0_111-b14) (build 1.8.0_111-b14)
# Java VM: Java HotSpot(TM) 64-Bit Server VM (25.111-b14 mixed mode windows-amd64 compressed oops)
# Problematic frame:
# C  0xffffffffa38b5120
#
# Failed to write core dump. Minidumps are not enabled by default on client versions of Windows
#
# If you would like to submit a bug report, please visit:
#   http://bugreport.java.com/bugreport/crash.jsp
#

---------------  T H R E A D  ---------------

Current thread (0x000000001708a800):  JavaThread "AWT-EventQueue-0" [_thread_in_Java, id=1508, stack(0x0000000019690000,0x0000000019790000)]

siginfo: ExceptionCode=0xc0000005, ExceptionInformation=0x0000000000000008 0xffffffffa38b5120

Registers:
RAX=0x000000001464f460, RBX=0x000000001464f460, RCX=0x00000000eaca3fe8, RDX=0x00000000eaca3fe8
RSP=0x000000001978bdc8, RBP=0x000000001978be30, RSI=0x0000000000000001, RDI=0x0000000000000001
R8 =0x0000000000000000, R9 =0x00000000ead35b00, R10=0x0000000052a9c0c0, R11=0x0000000002bd5a20
R12=0x0000000000000000, R13=0x000000001978bde0, R14=0x000000001978be78, R15=0x000000001708a800
RIP=0xffffffffa38b5120, EFLAGS=0x0000000000010202

Top of Stack: (sp=0x000000001978bdc8)
0x000000001978bdc8:   00000000028b809d 000000001978be30
0x000000001978bdd8:   00000000028b809d 0000000000000000
0x000000001978bde8:   00000000eaca3fe8 000000001978bdf0
0x000000001978bdf8:   000000001a9f57f8 000000001978be78
0x000000001978be08:   000000001a9f5ac8 000000001a9f9d10
0x000000001978be18:   000000001a9f58a8 000000001978bde0
0x000000001978be28:   000000001978be70 000000001978bec0
0x000000001978be38:   00000000028b809d 0000000000000004
0x000000001978be48:   0000000000000000 0000000000001053
0x000000001978be58:   000000000000829a 00000000ffffffff
0x000000001978be68:   0000000000000001 00000000ead35b30
0x000000001978be78:   00000000eaca3fa0 000000001978be80
0x000000001978be88:   000000001a9f5531 000000001978bee8
0x000000001978be98:   000000001a9f5ac8 0000000000000000
0x000000001978bea8:   000000001a9f5550 000000001978be70
0x000000001978beb8:   000000001978bee0 000000001978bf30 

Instructions: (pc=0xffffffffa38b5120)
0xffffffffa38b5100:   
[error occurred during error reporting (printing registers, top of stack, instructions near pc), id 0xc0000005]

Register to memory mapping:

RAX={method} {0x000000001464f468} 'setLength' '(I)V' in 'java/lang/StringBuffer'
RBX={method} {0x000000001464f468} 'setLength' '(I)V' in 'java/lang/StringBuffer'
RCX=0x00000000eaca3fe8 is an oop
java.lang.StringBuffer 
 - klass: 'java/lang/StringBuffer'
RDX=0x00000000eaca3fe8 is an oop
java.lang.StringBuffer 
 - klass: 'java/lang/StringBuffer'
RSP=0x000000001978bdc8 is pointing into the stack for thread: 0x000000001708a800
RBP=0x000000001978be30 is pointing into the stack for thread: 0x000000001708a800
RSI=0x0000000000000001 is an unknown value
RDI=0x0000000000000001 is an unknown value
R8 =0x0000000000000000 is an unknown value
R9 =0x00000000ead35b00 is an oop
[C 
 - klass: {type array char}
 - length: 1
R10=0x0000000052a9c0c0 is an unknown value
R11=0x0000000002bd5a20 is at entry_point+32 in (nmethod*)0x0000000002bd5890
R12=0x0000000000000000 is an unknown value
R13=0x000000001978bde0 is pointing into the stack for thread: 0x000000001708a800
R14=0x000000001978be78 is pointing into the stack for thread: 0x000000001708a800
R15=0x000000001708a800 is a thread


Stack: [0x0000000019690000,0x0000000019790000],  sp=0x000000001978bdc8,  free space=1007k
Native frames: (J=compiled Java code, j=interpreted, Vv=VM code, C=native code)
C  0xffffffffa38b5120


---------------  P R O C E S S  ---------------

Java Threads: ( => current thread )
  0x0000000017275000 JavaThread "Image Fetcher 0" daemon [_thread_blocked, id=3196, stack(0x000000001a4c0000,0x000000001a5c0000)]
  0x0000000017137800 JavaThread "D3D Screen Updater" daemon [_thread_blocked, id=7188, stack(0x0000000019ba0000,0x0000000019ca0000)]
  0x00000000027b2800 JavaThread "DestroyJavaVM" [_thread_blocked, id=6848, stack(0x00000000026b0000,0x00000000027b0000)]
=>0x000000001708a800 JavaThread "AWT-EventQueue-0" [_thread_in_Java, id=1508, stack(0x0000000019690000,0x0000000019790000)]
  0x0000000016761800 JavaThread "AWT-Windows" daemon [_thread_in_native, id=2644, stack(0x0000000017950000,0x0000000017a50000)]
  0x000000001675b800 JavaThread "AWT-Shutdown" [_thread_blocked, id=4372, stack(0x0000000017850000,0x0000000017950000)]
  0x000000001675b000 JavaThread "Java2D Disposer" daemon [_thread_blocked, id=1028, stack(0x0000000017750000,0x0000000017850000)]
  0x0000000016414800 JavaThread "Service Thread" daemon [_thread_blocked, id=2444, stack(0x0000000016c80000,0x0000000016d80000)]
  0x000000001638f000 JavaThread "C1 CompilerThread2" daemon [_thread_blocked, id=8816, stack(0x0000000016b80000,0x0000000016c80000)]
  0x0000000016389000 JavaThread "C2 CompilerThread1" daemon [_thread_blocked, id=4584, stack(0x0000000016a80000,0x0000000016b80000)]
  0x0000000014fdb800 JavaThread "C2 CompilerThread0" daemon [_thread_blocked, id=1144, stack(0x0000000016980000,0x0000000016a80000)]
  0x0000000016388800 JavaThread "Attach Listener" daemon [_thread_blocked, id=1968, stack(0x0000000016880000,0x0000000016980000)]
  0x0000000014f8f000 JavaThread "Signal Dispatcher" daemon [_thread_blocked, id=3628, stack(0x0000000016780000,0x0000000016880000)]
  0x00000000028ab000 JavaThread "Finalizer" daemon [_thread_blocked, id=6988, stack(0x0000000016200000,0x0000000016300000)]
  0x000000000289f800 JavaThread "Reference Handler" daemon [_thread_blocked, id=6748, stack(0x0000000016100000,0x0000000016200000)]

Other Threads:
  0x0000000014f48800 VMThread [stack: 0x0000000016000000,0x0000000016100000] [id=8504]
  0x0000000016450000 WatcherThread [stack: 0x0000000016d80000,0x0000000016e80000] [id=4476]

VM state:not at safepoint (normal execution)

VM Mutex/Monitor currently owned by a thread: None

Heap:
 PSYoungGen      total 18944K, used 5072K [0x00000000eab00000, 0x00000000ec000000, 0x0000000100000000)
  eden space 16384K, 15% used [0x00000000eab00000,0x00000000ead76de0,0x00000000ebb00000)
  from space 2560K, 99% used [0x00000000ebb00000,0x00000000ebd7d278,0x00000000ebd80000)
  to   space 2560K, 0% used [0x00000000ebd80000,0x00000000ebd80000,0x00000000ec000000)
 ParOldGen       total 44032K, used 1615K [0x00000000c0000000, 0x00000000c2b00000, 0x00000000eab00000)
  object space 44032K, 3% used [0x00000000c0000000,0x00000000c0193c28,0x00000000c2b00000)
 Metaspace       used 17872K, capacity 18078K, committed 18176K, reserved 1064960K
  class space    used 2445K, capacity 2522K, committed 2560K, reserved 1048576K

Card table byte_map: [0x0000000011c70000,0x0000000011e80000] byte_map_base: 0x0000000011670000

Marking Bits: (ParMarkBitMap*) 0x0000000052aba6c0
 Begin Bits: [0x00000000123e0000, 0x00000000133e0000)
 End Bits:   [0x00000000133e0000, 0x00000000143e0000)

Polling page: 0x0000000000730000

CodeCache: size=245760Kb used=3305Kb max_used=3317Kb free=242454Kb
 bounds [0x00000000028b0000, 0x0000000002c00000, 0x00000000118b0000]
 total_blobs=1483 nmethods=952 adapters=446
 compilation: enabled

Compilation events (10 events):
Event: 2.104 Thread 0x0000000014fdb800  951  s    4       java.lang.StringBuffer::setLength (11 bytes)
Event: 2.106 Thread 0x000000001638f000 nmethod 944 0x0000000002bd9650 code [0x0000000002bd9dc0, 0x0000000002be0a48]
Event: 2.106 Thread 0x000000001638f000  947       3       java.text.MergeCollation::findLastEntry (247 bytes)
Event: 2.108 Thread 0x0000000016389000 nmethod 950 0x0000000002bd5dd0 code [0x0000000002bd5f20, 0x0000000002bd6258]
Event: 2.108 Thread 0x000000001638f000 nmethod 947 0x0000000002be6390 code [0x0000000002be6800, 0x0000000002be9388]
Event: 2.108 Thread 0x000000001638f000  945       3       java.text.PatternEntry::<init> (55 bytes)
Event: 2.109 Thread 0x000000001638f000 nmethod 945 0x0000000002bd02d0 code [0x0000000002bd0460, 0x0000000002bd0a98]
Event: 2.109 Thread 0x000000001638f000  946       3       java.text.MergeCollation::fixEntry (358 bytes)
Event: 2.109 Thread 0x0000000016389000  952  s    4       java.lang.StringBuffer::toString (36 bytes)
Event: 2.110 Thread 0x0000000014fdb800 nmethod 951 0x0000000002bd7850 code [0x0000000002bd79a0, 0x0000000002bd7f58]

GC Heap History (2 events):
Event: 2.044 GC heap before
{Heap before GC invocations=1 (full 0):
 PSYoungGen      total 18944K, used 16384K [0x00000000eab00000, 0x00000000ec000000, 0x0000000100000000)
  eden space 16384K, 100% used [0x00000000eab00000,0x00000000ebb00000,0x00000000ebb00000)
  from space 2560K, 0% used [0x00000000ebd80000,0x00000000ebd80000,0x00000000ec000000)
  to   space 2560K, 0% used [0x00000000ebb00000,0x00000000ebb00000,0x00000000ebd80000)
 ParOldGen       total 44032K, used 0K [0x00000000c0000000, 0x00000000c2b00000, 0x00000000eab00000)
  object space 44032K, 0% used [0x00000000c0000000,0x00000000c0000000,0x00000000c2b00000)
 Metaspace       used 17539K, capacity 17784K, committed 17920K, reserved 1064960K
  class space    used 2407K, capacity 2488K, committed 2560K, reserved 1048576K
Event: 2.056 GC heap after
Heap after GC invocations=1 (full 0):
 PSYoungGen      total 18944K, used 2548K [0x00000000eab00000, 0x00000000ec000000, 0x0000000100000000)
  eden space 16384K, 0% used [0x00000000eab00000,0x00000000eab00000,0x00000000ebb00000)
  from space 2560K, 99% used [0x00000000ebb00000,0x00000000ebd7d278,0x00000000ebd80000)
  to   space 2560K, 0% used [0x00000000ebd80000,0x00000000ebd80000,0x00000000ec000000)
 ParOldGen       total 44032K, used 1615K [0x00000000c0000000, 0x00000000c2b00000, 0x00000000eab00000)
  object space 44032K, 3% used [0x00000000c0000000,0x00000000c0193c28,0x00000000c2b00000)
 Metaspace       used 17539K, capacity 17784K, committed 17920K, reserved 1064960K
  class space    used 2407K, capacity 2488K, committed 2560K, reserved 1048576K
}

Deoptimization events (7 events):
Event: 0.341 Thread 0x00000000027b2800 Uncommon trap: reason=null_check action=make_not_entrant pc=0x0000000002a206f8 method=java.lang.String.equals(Ljava/lang/Object;)Z @ 8
Event: 1.732 Thread 0x000000001708a800 Uncommon trap: reason=class_check action=maybe_recompile pc=0x0000000002b29480 method=java.util.HashMap.getNode(ILjava/lang/Object;)Ljava/util/HashMap$Node; @ 126
Event: 1.732 Thread 0x000000001708a800 Uncommon trap: reason=class_check action=maybe_recompile pc=0x0000000002b29480 method=java.util.HashMap.getNode(ILjava/lang/Object;)Ljava/util/HashMap$Node; @ 126
Event: 2.089 Thread 0x000000001708a800 Uncommon trap: reason=class_check action=maybe_recompile pc=0x0000000002bcf324 method=java.io.DataInputStream.readChar()C @ 4
Event: 2.089 Thread 0x000000001708a800 Uncommon trap: reason=class_check action=maybe_recompile pc=0x0000000002bcf324 method=java.io.DataInputStream.readChar()C @ 4
Event: 2.089 Thread 0x000000001708a800 Uncommon trap: reason=class_check action=maybe_recompile pc=0x0000000002bcf324 method=java.io.DataInputStream.readChar()C @ 4
Event: 2.089 Thread 0x000000001708a800 Uncommon trap: reason=class_check action=maybe_recompile pc=0x0000000002bcf324 method=java.io.DataInputStream.readChar()C @ 4

Internal exceptions (10 events):
Event: 1.982 Thread 0x000000001708a800 Exception <a 'java/lang/ArrayIndexOutOfBoundsException'> (0x00000000eb9320c8) thrown at [C:\re\workspace\8-2-build-windows-amd64-cygwin\jdk8u111\7883\hotspot\src\share\vm\runtime\sharedRuntime.cpp, line 605]
Event: 1.983 Thread 0x000000001708a800 Exception <a 'java/lang/ArrayIndexOutOfBoundsException'> (0x00000000eb937160) thrown at [C:\re\workspace\8-2-build-windows-amd64-cygwin\jdk8u111\7883\hotspot\src\share\vm\runtime\sharedRuntime.cpp, line 605]
Event: 1.984 Thread 0x000000001708a800 Exception <a 'java/lang/ArrayIndexOutOfBoundsException'> (0x00000000eb93c3b8) thrown at [C:\re\workspace\8-2-build-windows-amd64-cygwin\jdk8u111\7883\hotspot\src\share\vm\runtime\sharedRuntime.cpp, line 605]
Event: 1.985 Thread 0x000000001708a800 Exception <a 'java/lang/ArrayIndexOutOfBoundsException'> (0x00000000eb941a18) thrown at [C:\re\workspace\8-2-build-windows-amd64-cygwin\jdk8u111\7883\hotspot\src\share\vm\runtime\sharedRuntime.cpp, line 605]
Event: 1.986 Thread 0x000000001708a800 Exception <a 'java/lang/ArrayIndexOutOfBoundsException'> (0x00000000eb946ff0) thrown at [C:\re\workspace\8-2-build-windows-amd64-cygwin\jdk8u111\7883\hotspot\src\share\vm\runtime\sharedRuntime.cpp, line 605]
Event: 1.986 Thread 0x000000001708a800 Exception <a 'java/lang/ArrayIndexOutOfBoundsException'> (0x00000000eb94c4e8) thrown at [C:\re\workspace\8-2-build-windows-amd64-cygwin\jdk8u111\7883\hotspot\src\share\vm\runtime\sharedRuntime.cpp, line 605]
Event: 1.987 Thread 0x000000001708a800 Exception <a 'java/lang/ArrayIndexOutOfBoundsException'> (0x00000000eb951a28) thrown at [C:\re\workspace\8-2-build-windows-amd64-cygwin\jdk8u111\7883\hotspot\src\share\vm\runtime\sharedRuntime.cpp, line 605]
Event: 1.988 Thread 0x000000001708a800 Exception <a 'java/lang/ArrayIndexOutOfBoundsException'> (0x00000000eb957220) thrown at [C:\re\workspace\8-2-build-windows-amd64-cygwin\jdk8u111\7883\hotspot\src\share\vm\runtime\sharedRuntime.cpp, line 605]
Event: 1.989 Thread 0x000000001708a800 Exception <a 'java/lang/ArrayIndexOutOfBoundsException'> (0x00000000eb95c990) thrown at [C:\re\workspace\8-2-build-windows-amd64-cygwin\jdk8u111\7883\hotspot\src\share\vm\runtime\sharedRuntime.cpp, line 605]
Event: 1.992 Thread 0x000000001708a800 Exception <a 'java/lang/ArrayIndexOutOfBoundsException'> (0x00000000eb96acb8) thrown at [C:\re\workspace\8-2-build-windows-amd64-cygwin\jdk8u111\7883\hotspot\src\share\vm\runtime\sharedRuntime.cpp, line 605]

Events (10 events):
Event: 2.092 loading class sun/text/normalizer/UnicodeMatcher done
Event: 2.092 loading class sun/text/normalizer/UnicodeSet done
Event: 2.092 loading class sun/text/normalizer/NormalizerImpl$DecomposeArgs
Event: 2.092 loading class sun/text/normalizer/NormalizerImpl$DecomposeArgs done
Event: 2.094 loading class java/text/MergeCollation
Event: 2.094 loading class java/text/MergeCollation done
Event: 2.094 loading class java/text/PatternEntry$Parser
Event: 2.095 loading class java/text/PatternEntry$Parser done
Event: 2.095 loading class java/text/PatternEntry
Event: 2.095 loading class java/text/PatternEntry done


Dynamic libraries:
0x00007ff7e9cf0000 - 0x00007ff7e9d27000 	C:\Program Files\Java\jdk1.8.0_111\bin\javaw.exe
0x00007ffb2ada0000 - 0x00007ffb2af71000 	C:\Windows\SYSTEM32\ntdll.dll
0x00007ffb2a600000 - 0x00007ffb2a6ab000 	C:\Windows\System32\KERNEL32.DLL
0x00007ffb279c0000 - 0x00007ffb27bdd000 	C:\Windows\System32\KERNELBASE.dll
0x00007ffb2a6c0000 - 0x00007ffb2a762000 	C:\Windows\System32\ADVAPI32.dll
0x00007ffb2a850000 - 0x00007ffb2a8ee000 	C:\Windows\System32\msvcrt.dll
0x00007ffb29840000 - 0x00007ffb29899000 	C:\Windows\System32\sechost.dll
0x00007ffb2a990000 - 0x00007ffb2aab1000 	C:\Windows\System32\RPCRT4.dll
0x00007ffb29c10000 - 0x00007ffb29d75000 	C:\Windows\System32\USER32.dll
0x00007ffb276d0000 - 0x00007ffb276ee000 	C:\Windows\System32\win32u.dll
0x00007ffb2ac20000 - 0x00007ffb2ac54000 	C:\Windows\System32\GDI32.dll
0x00007ffb27540000 - 0x00007ffb276c2000 	C:\Windows\System32\gdi32full.dll
0x00007ffb20f30000 - 0x00007ffb211aa000 	C:\Windows\WinSxS\amd64_microsoft.windows.common-controls_6595b64144ccf1df_6.0.14393.953_none_42151e83c686086b\COMCTL32.dll
0x00007ffb2a1b0000 - 0x00007ffb2a478000 	C:\Windows\System32\combase.dll
0x00007ffb278c0000 - 0x00007ffb279b5000 	C:\Windows\System32\ucrtbase.dll
0x00007ffb27be0000 - 0x00007ffb27c4a000 	C:\Windows\System32\bcryptPrimitives.dll
0x00007ffb29970000 - 0x00007ffb2999e000 	C:\Windows\System32\IMM32.DLL
0x00000000521c0000 - 0x0000000052292000 	C:\Program Files\Java\jdk1.8.0_111\jre\bin\msvcr100.dll
0x00000000522a0000 - 0x0000000052b3a000 	C:\Program Files\Java\jdk1.8.0_111\jre\bin\server\jvm.dll
0x00007ffb2a4f0000 - 0x00007ffb2a4f8000 	C:\Windows\System32\PSAPI.DLL
0x00007ffb25680000 - 0x00007ffb256a3000 	C:\Windows\SYSTEM32\WINMM.dll
0x00007ffb1f270000 - 0x00007ffb1f279000 	C:\Windows\SYSTEM32\WSOCK32.dll
0x00007ffb22c90000 - 0x00007ffb22c9a000 	C:\Windows\SYSTEM32\VERSION.dll
0x00007ffb2a480000 - 0x00007ffb2a4ea000 	C:\Windows\System32\WS2_32.dll
0x00007ffb25540000 - 0x00007ffb2556b000 	C:\Windows\SYSTEM32\WINMMBASE.dll
0x00007ffb273a0000 - 0x00007ffb273e2000 	C:\Windows\System32\cfgmgr32.dll
0x0000000052b70000 - 0x0000000052b7f000 	C:\Program Files\Java\jdk1.8.0_111\jre\bin\verify.dll
0x0000000052190000 - 0x00000000521b9000 	C:\Program Files\Java\jdk1.8.0_111\jre\bin\java.dll
0x0000000052170000 - 0x0000000052186000 	C:\Program Files\Java\jdk1.8.0_111\jre\bin\zip.dll
0x00007ffb28330000 - 0x00007ffb29839000 	C:\Windows\System32\SHELL32.dll
0x00007ffb27c50000 - 0x00007ffb2832a000 	C:\Windows\System32\windows.storage.dll
0x00007ffb27200000 - 0x00007ffb2724c000 	C:\Windows\System32\powrprof.dll
0x00007ffb299b0000 - 0x00007ffb29a02000 	C:\Windows\System32\shlwapi.dll
0x00007ffb27270000 - 0x00007ffb2727f000 	C:\Windows\System32\kernel.appcore.dll
0x00007ffb273f0000 - 0x00007ffb27499000 	C:\Windows\System32\shcore.dll
0x00007ffb27250000 - 0x00007ffb27264000 	C:\Windows\System32\profapi.dll
0x0000000051930000 - 0x0000000051ac8000 	C:\Program Files\Java\jdk1.8.0_111\jre\bin\awt.dll
0x00007ffb2a770000 - 0x00007ffb2a82f000 	C:\Windows\System32\OLEAUT32.dll
0x00007ffb274a0000 - 0x00007ffb2753c000 	C:\Windows\System32\msvcp_win.dll
0x00007ffb257b0000 - 0x00007ffb2582a000 	C:\Windows\SYSTEM32\apphelp.dll
0x00007ffb25980000 - 0x00007ffb25a15000 	C:\Windows\system32\uxtheme.dll
0x00007ffb2aac0000 - 0x00007ffb2ac1a000 	C:\Windows\System32\MSCTF.dll
0x00007ffb25050000 - 0x00007ffb25076000 	C:\Windows\system32\dwmapi.dll
0x00007ffb2ac60000 - 0x00007ffb2ad97000 	C:\Windows\System32\ole32.dll
0x00007ffb209f0000 - 0x00007ffb20b7d000 	C:\Windows\system32\d3d9.dll
0x00007ffafcd30000 - 0x00007ffafdde6000 	C:\Windows\SYSTEM32\nvd3dumx.dll
0x00007ffb22160000 - 0x00007ffb222cc000 	C:\Program Files (x86)\NVIDIA Corporation\3D Vision\nvSCPAPI64.dll
0x00007ffb29d80000 - 0x00007ffb2a1a9000 	C:\Windows\System32\SETUPAPI.dll
0x0000000053320000 - 0x0000000053367000 	C:\Program Files\Java\jdk1.8.0_111\jre\bin\fontmanager.dll
0x0000000052150000 - 0x000000005216a000 	C:\Program Files\Java\jdk1.8.0_111\jre\bin\net.dll
0x00007ffb26ad0000 - 0x00007ffb26b2c000 	C:\Windows\system32\mswsock.dll
0x0000000052130000 - 0x0000000052141000 	C:\Program Files\Java\jdk1.8.0_111\jre\bin\nio.dll
0x00000000532d0000 - 0x0000000053312000 	C:\Program Files\Java\jdk1.8.0_111\jre\bin\t2k.dll
0x00000000532a0000 - 0x00000000532ca000 	C:\Program Files\Java\jdk1.8.0_111\jre\bin\dcpr.dll
0x00007ffb2a8f0000 - 0x00007ffb2a98f000 	C:\Windows\System32\clbcatq.dll
0x00007ffb1f590000 - 0x00007ffb1f662000 	C:\Windows\System32\IME\IMEKR\imkrtip.dll
0x00007ffb24ad0000 - 0x00007ffb24c55000 	C:\Windows\SYSTEM32\PROPSYS.dll
0x00007ffb1f430000 - 0x00007ffb1f586000 	C:\Windows\System32\IME\shared\imetip.dll
0x00007ffb1f280000 - 0x00007ffb1f428000 	C:\Windows\SYSTEM32\DUI70.dll
0x00007ffb25700000 - 0x00007ffb25765000 	C:\Windows\SYSTEM32\OLEACC.dll
0x00007ffb21210000 - 0x00007ffb21248000 	C:\Windows\System32\IME\IMEKR\imkrapi.dll
0x00007ffb211d0000 - 0x00007ffb21205000 	C:\Windows\System32\IME\shared\imjkapi.dll
0x00007ffb265a0000 - 0x00007ffb265d2000 	C:\Windows\SYSTEM32\ntmarta.dll
0x00007ffb1bc00000 - 0x00007ffb1bd92000 	C:\Windows\SYSTEM32\dbghelp.dll

VM Arguments:
jvm_args: -Dfile.encoding=UTF-8 
java_command: kr.or.dgit.donghun2.Main.MainFrame
java_class_path (initial): D:\workspace_mybatis\donghun2\bin;C:\Users\SDH\.gradle\caches\modules-2\files-2.1\org.mybatis\mybatis\3.4.2\2b9a5082fe0bdb3128bab8b4b19b23ca0f3d9b38\mybatis-3.4.2.jar;C:\Users\SDH\.gradle\caches\modules-2\files-2.1\log4j\log4j\1.2.17\5af35056b4d257e4b64b9e8069c0746e8b08629f\log4j-1.2.17.jar;C:\Users\SDH\.gradle\caches\modules-2\files-2.1\mysql\mysql-connector-java\5.1.41\b0878056f15616989144d6114d36d3942321d0d1\mysql-connector-java-5.1.41.jar;C:\Users\SDH\.gradle\caches\modules-2\files-2.1\junit\junit\4.12\2973d150c0dc1fefe998f834810d68f278ea58ec\junit-4.12.jar;C:\Users\SDH\.gradle\caches\modules-2\files-2.1\org.hamcrest\hamcrest-core\1.3\42a25dc3219429f0e5d060061f71acb49bf010a0\hamcrest-core-1.3.jar;D:\workspace_mybatis\donghun2\src\main\resources\erp_myframework.jar;D:\workspace_mybatis\donghun2\lib\idw-gpl.jar;D:\workspace_mybatis\donghun2\lib\JTattoo.jar;D:\workspace_mybatis\donghun2\lib\liquidlnf.jar;D:\workspace_mybatis\donghun2\lib\quaqua.jar
Launcher Type: SUN_STANDARD

Environment Variables:
JAVA_HOME=C:\Program Files\Java\jdk1.8.0_111
PATH=C:/Program Files/Java/jdk1.8.0_111/bin/../jre/bin/server;C:/Program Files/Java/jdk1.8.0_111/bin/../jre/bin;C:/Program Files/Java/jdk1.8.0_111/bin/../jre/lib/amd64;C:\Program Files\Java\jdk1.8.0_111\bin;C:\ProgramData\Oracle\Java\javapath;C:\Program Files (x86)\NVIDIA Corporation\PhysX\Common;C:\Windows\system32;C:\Windows;C:\Windows\System32\Wbem;C:\Windows\System32\WindowsPowerShell\v1.0\;C:\Program Files\MySQL\MySQL Server 5.6\bin;C:\Program Files\Git\cmd;D:\gradle-3.4.1\bin;C:\Users\SDH\AppData\Local\Microsoft\WindowsApps;C:\Program Files\Bandizip\7z;D:\program\eclipse_java\eclipse;
USERNAME=SDH
OS=Windows_NT
PROCESSOR_IDENTIFIER=Intel64 Family 6 Model 23 Stepping 10, GenuineIntel



---------------  S Y S T E M  ---------------

OS: Windows 10.0 , 64 bit Build 14393 (10.0.14393.0)

CPU:total 4 (4 cores per cpu, 1 threads per core) family 6 model 23 stepping 10, cmov, cx8, fxsr, mmx, sse, sse2, sse3, ssse3, sse4.1, tsc

Memory: 4k page, physical 4192492k(1275648k free), swap 9697516k(4319032k free)

vm_info: Java HotSpot(TM) 64-Bit Server VM (25.111-b14) for windows-amd64 JRE (1.8.0_111-b14), built on Sep 22 2016 19:24:05 by "java_re" with MS VC++ 10.0 (VS2010)

time: Fri Apr 07 11:24:07 2017
elapsed time: 2 seconds (0d 0h 0m 2s)

