#
# A fatal error has been detected by the Java Runtime Environment:
#
#  EXCEPTION_ACCESS_VIOLATION (0xc0000005) at pc=0xffffffffa3df5120, pid=8220, tid=0x000000000000263c
#
# JRE version: Java(TM) SE Runtime Environment (8.0_111-b14) (build 1.8.0_111-b14)
# Java VM: Java HotSpot(TM) 64-Bit Server VM (25.111-b14 mixed mode windows-amd64 compressed oops)
# Problematic frame:
# C  0xffffffffa3df5120
#
# Failed to write core dump. Minidumps are not enabled by default on client versions of Windows
#
# If you would like to submit a bug report, please visit:
#   http://bugreport.java.com/bugreport/crash.jsp
#

---------------  T H R E A D  ---------------

Current thread (0x00000000175ca800):  JavaThread "JavaFX Application Thread" [_thread_in_Java, id=9788, stack(0x0000000019e60000,0x0000000019f60000)]

siginfo: ExceptionCode=0xc0000005, ExceptionInformation=0x0000000000000008 0xffffffffa3df5120

Registers:
RAX=0x000000001e5c2b28, RBX=0x000000001e5c2b28, RCX=0x00000000ebddec58, RDX=0x00000000ebddec58
RSP=0x0000000019f5c168, RBP=0x0000000019f5c1c0, RSI=0x000000000000252e, RDI=0x0000000000006a3b
R8 =0x000000000000000c, R9 =0x00000000175b4640, R10=0x0000000051a2c0c0, R11=0x0000000003445200
R12=0x0000000000000000, R13=0x0000000019f5c178, R14=0x0000000000000000, R15=0x00000000175ca800
RIP=0xffffffffa3df5120, EFLAGS=0x0000000000010202

Top of Stack: (sp=0x0000000019f5c168)
0x0000000019f5c168:   0000000002df7940 0000000002df7940
0x0000000019f5c178:   00000000ebddec58 0000000019f5c180
0x0000000019f5c188:   000000001e621bd4 0000000019f5c200
0x0000000019f5c198:   000000001e623528 0000000000000000
0x0000000019f5c1a8:   000000001e621c68 0000000019f5c178
0x0000000019f5c1b8:   0000000019f5c1f0 0000000019f5c250
0x0000000019f5c1c8:   0000000002df809d 0000000000000000
0x0000000019f5c1d8:   000000000000252e 00000000000001a1
0x0000000019f5c1e8:   000000000000b558 000000000000000c
0x0000000019f5c1f8:   00000000ebddec58 00000000ebddec80
0x0000000019f5c208:   00000000ebddec80 0000000019f5c210
0x0000000019f5c218:   000000001e620512 0000000019f5c270
0x0000000019f5c228:   000000001e623130 0000000000000000
0x0000000019f5c238:   000000001e620570 0000000019f5c1f0
0x0000000019f5c248:   0000000019f5c268 0000000019f5c2b8
0x0000000019f5c258:   0000000002df7e20 0000000000000004 

Instructions: (pc=0xffffffffa3df5120)
0xffffffffa3df5100:   
[error occurred during error reporting (printing registers, top of stack, instructions near pc), id 0xc0000005]

Register to memory mapping:

RAX={method} {0x000000001e5c2b30} 'getChar' '()C' in 'com/sun/javafx/font/FontFileReader$Buffer'
RBX={method} {0x000000001e5c2b30} 'getChar' '()C' in 'com/sun/javafx/font/FontFileReader$Buffer'
RCX=0x00000000ebddec58 is an oop
com.sun.javafx.font.FontFileReader$Buffer 
 - klass: 'com/sun/javafx/font/FontFileReader$Buffer'
RDX=0x00000000ebddec58 is an oop
com.sun.javafx.font.FontFileReader$Buffer 
 - klass: 'com/sun/javafx/font/FontFileReader$Buffer'
RSP=0x0000000019f5c168 is pointing into the stack for thread: 0x00000000175ca800
RBP=0x0000000019f5c1c0 is pointing into the stack for thread: 0x00000000175ca800
RSI=0x000000000000252e is an unknown value
RDI=0x0000000000006a3b is an unknown value
R8 =0x000000000000000c is an unknown value
R9 =0x00000000175b4640 is an unknown value
R10=0x0000000051a2c0c0 is an unknown value
R11=0x0000000003445200 is at entry_point+32 in (nmethod*)0x0000000003445090
R12=0x0000000000000000 is an unknown value
R13=0x0000000019f5c178 is pointing into the stack for thread: 0x00000000175ca800
R14=0x0000000000000000 is an unknown value
R15=0x00000000175ca800 is a thread


Stack: [0x0000000019e60000,0x0000000019f60000],  sp=0x0000000019f5c168,  free space=1008k
Native frames: (J=compiled Java code, j=interpreted, Vv=VM code, C=native code)
C  0xffffffffa3df5120


---------------  P R O C E S S  ---------------

Java Threads: ( => current thread )
  0x000000001ced5800 JavaThread "Prism Font Disposer" daemon [_thread_blocked, id=8552, stack(0x00000000213c0000,0x00000000214c0000)]
  0x000000001ced2000 JavaThread "Image Fetcher 2" daemon [_thread_blocked, id=5612, stack(0x000000001e470000,0x000000001e570000)]
  0x000000001ced1000 JavaThread "Image Fetcher 1" daemon [_thread_blocked, id=8020, stack(0x000000001e370000,0x000000001e470000)]
  0x000000001ced2800 JavaThread "Image Fetcher 0" daemon [_thread_blocked, id=6884, stack(0x000000001e270000,0x000000001e370000)]
  0x000000001794f000 JavaThread "Abandoned connection cleanup thread" daemon [_thread_blocked, id=3932, stack(0x000000001dd70000,0x000000001de70000)]
  0x000000000285e000 JavaThread "DestroyJavaVM" [_thread_blocked, id=8848, stack(0x0000000002bf0000,0x0000000002cf0000)]
  0x000000001770e000 JavaThread "D3D Screen Updater" daemon [_thread_blocked, id=9484, stack(0x000000001b960000,0x000000001ba60000)]
  0x000000001760a000 JavaThread "Thread-3" daemon [_thread_in_native, id=5216, stack(0x000000001b060000,0x000000001b160000)]
  0x000000001755e000 JavaThread "AWT-EventQueue-0" [_thread_blocked, id=6740, stack(0x000000001b160000,0x000000001b260000)]
=>0x00000000175ca800 JavaThread "JavaFX Application Thread" [_thread_in_Java, id=9788, stack(0x0000000019e60000,0x0000000019f60000)]
  0x00000000175da800 JavaThread "Thread-2" daemon [_thread_blocked, id=9752, stack(0x0000000019d60000,0x0000000019e60000)]
  0x00000000175a4800 JavaThread "QuantumRenderer-0" daemon [_thread_blocked, id=6556, stack(0x00000000193f0000,0x00000000194f0000)]
  0x00000000174c0800 JavaThread "AWT-Windows" daemon [_thread_in_native, id=7616, stack(0x0000000017eb0000,0x0000000017fb0000)]
  0x0000000017479800 JavaThread "AWT-Shutdown" [_thread_blocked, id=8088, stack(0x0000000017db0000,0x0000000017eb0000)]
  0x0000000016c8f000 JavaThread "Java2D Disposer" daemon [_thread_blocked, id=11628, stack(0x0000000017c70000,0x0000000017d70000)]
  0x0000000016908000 JavaThread "Service Thread" daemon [_thread_blocked, id=7348, stack(0x00000000171a0000,0x00000000172a0000)]
  0x0000000016902800 JavaThread "C1 CompilerThread2" daemon [_thread_blocked, id=8908, stack(0x00000000170a0000,0x00000000171a0000)]
  0x00000000168f8000 JavaThread "C2 CompilerThread1" daemon [_thread_blocked, id=11120, stack(0x0000000016fa0000,0x00000000170a0000)]
  0x000000001551a800 JavaThread "C2 CompilerThread0" daemon [_thread_blocked, id=11672, stack(0x0000000016ea0000,0x0000000016fa0000)]
  0x0000000015519800 JavaThread "Attach Listener" daemon [_thread_blocked, id=9224, stack(0x0000000016da0000,0x0000000016ea0000)]
  0x00000000154cd800 JavaThread "Signal Dispatcher" daemon [_thread_blocked, id=9560, stack(0x0000000016ca0000,0x0000000016da0000)]
  0x00000000154a9000 JavaThread "Finalizer" daemon [_thread_blocked, id=7908, stack(0x0000000016720000,0x0000000016820000)]
  0x0000000002de1000 JavaThread "Reference Handler" daemon [_thread_blocked, id=10692, stack(0x0000000016620000,0x0000000016720000)]

Other Threads:
  0x0000000015487000 VMThread [stack: 0x0000000016520000,0x0000000016620000] [id=3204]
  0x0000000016959800 WatcherThread [stack: 0x00000000172a0000,0x00000000173a0000] [id=6632]

VM state:not at safepoint (normal execution)

VM Mutex/Monitor currently owned by a thread: None

Heap:
 PSYoungGen      total 68096K, used 20096K [0x00000000eab00000, 0x00000000ef000000, 0x0000000100000000)
  eden space 65536K, 30% used [0x00000000eab00000,0x00000000ebea0168,0x00000000eeb00000)
  from space 2560K, 0% used [0x00000000eed80000,0x00000000eed80000,0x00000000ef000000)
  to   space 2560K, 0% used [0x00000000eeb00000,0x00000000eeb00000,0x00000000eed80000)
 ParOldGen       total 46080K, used 9786K [0x00000000c0000000, 0x00000000c2d00000, 0x00000000eab00000)
  object space 46080K, 21% used [0x00000000c0000000,0x00000000c098eac8,0x00000000c2d00000)
 Metaspace       used 26128K, capacity 26632K, committed 26880K, reserved 1073152K
  class space    used 3379K, capacity 3537K, committed 3584K, reserved 1048576K

Card table byte_map: [0x00000000121b0000,0x00000000123c0000] byte_map_base: 0x0000000011bb0000

Marking Bits: (ParMarkBitMap*) 0x0000000051a4a6c0
 Begin Bits: [0x0000000012920000, 0x0000000013920000)
 End Bits:   [0x0000000013920000, 0x0000000014920000)

Polling page: 0x0000000001000000

CodeCache: size=245760Kb used=6498Kb max_used=6509Kb free=239261Kb
 bounds [0x0000000002df0000, 0x0000000003450000, 0x0000000011df0000]
 total_blobs=2696 nmethods=1951 adapters=659
 compilation: enabled

Compilation events (10 events):
Event: 4.014 Thread 0x0000000016902800 1946       3       javafx.scene.Node::impl_markDirty (27 bytes)
Event: 4.015 Thread 0x0000000016902800 nmethod 1946 0x00000000034497d0 code [0x00000000034499a0, 0x000000000344a368]
Event: 4.015 Thread 0x0000000016902800 1947       3       java.lang.CharacterDataLatin1::getPropertiesEx (11 bytes)
Event: 4.015 Thread 0x0000000016902800 nmethod 1947 0x0000000003449410 code [0x0000000003449560, 0x00000000034496f0]
Event: 4.015 Thread 0x0000000016902800 1948       1       javafx.scene.text.Text::isSpan (5 bytes)
Event: 4.015 Thread 0x0000000016902800 nmethod 1948 0x0000000003447b10 code [0x0000000003447c60, 0x0000000003447d70]
Event: 4.018 Thread 0x0000000016902800 1950       3       javafx.scene.Node::isManaged (19 bytes)
Event: 4.019 Thread 0x0000000016902800 nmethod 1950 0x000000000344c710 code [0x000000000344c880, 0x000000000344cc48]
Event: 4.020 Thread 0x00000000168f8000 1951       4       com.sun.javafx.font.FontFileReader$Buffer::getChar (52 bytes)
Event: 4.021 Thread 0x00000000168f8000 nmethod 1951 0x000000000344fa50 code [0x000000000344fb80, 0x000000000344fc58]

GC Heap History (10 events):
Event: 1.192 GC heap before
{Heap before GC invocations=1 (full 0):
 PSYoungGen      total 18944K, used 16384K [0x00000000eab00000, 0x00000000ec000000, 0x0000000100000000)
  eden space 16384K, 100% used [0x00000000eab00000,0x00000000ebb00000,0x00000000ebb00000)
  from space 2560K, 0% used [0x00000000ebd80000,0x00000000ebd80000,0x00000000ec000000)
  to   space 2560K, 0% used [0x00000000ebb00000,0x00000000ebb00000,0x00000000ebd80000)
 ParOldGen       total 44032K, used 0K [0x00000000c0000000, 0x00000000c2b00000, 0x00000000eab00000)
  object space 44032K, 0% used [0x00000000c0000000,0x00000000c0000000,0x00000000c2b00000)
 Metaspace       used 12160K, capacity 12422K, committed 12672K, reserved 1060864K
  class space    used 1453K, capacity 1578K, committed 1664K, reserved 1048576K
Event: 1.221 GC heap after
Heap after GC invocations=1 (full 0):
 PSYoungGen      total 18944K, used 2553K [0x00000000eab00000, 0x00000000ed000000, 0x0000000100000000)
  eden space 16384K, 0% used [0x00000000eab00000,0x00000000eab00000,0x00000000ebb00000)
  from space 2560K, 99% used [0x00000000ebb00000,0x00000000ebd7e640,0x00000000ebd80000)
  to   space 2560K, 0% used [0x00000000ecd80000,0x00000000ecd80000,0x00000000ed000000)
 ParOldGen       total 44032K, used 11214K [0x00000000c0000000, 0x00000000c2b00000, 0x00000000eab00000)
  object space 44032K, 25% used [0x00000000c0000000,0x00000000c0af39c0,0x00000000c2b00000)
 Metaspace       used 12160K, capacity 12422K, committed 12672K, reserved 1060864K
  class space    used 1453K, capacity 1578K, committed 1664K, reserved 1048576K
}
Event: 1.985 GC heap before
{Heap before GC invocations=2 (full 0):
 PSYoungGen      total 18944K, used 18764K [0x00000000eab00000, 0x00000000ed000000, 0x0000000100000000)
  eden space 16384K, 98% used [0x00000000eab00000,0x00000000ebad4db8,0x00000000ebb00000)
  from space 2560K, 99% used [0x00000000ebb00000,0x00000000ebd7e640,0x00000000ebd80000)
  to   space 2560K, 0% used [0x00000000ecd80000,0x00000000ecd80000,0x00000000ed000000)
 ParOldGen       total 44032K, used 11214K [0x00000000c0000000, 0x00000000c2b00000, 0x00000000eab00000)
  object space 44032K, 25% used [0x00000000c0000000,0x00000000c0af39c0,0x00000000c2b00000)
 Metaspace       used 18667K, capacity 19076K, committed 19200K, reserved 1067008K
  class space    used 2441K, capacity 2539K, committed 2560K, reserved 1048576K
Event: 2.003 GC heap after
Heap after GC invocations=2 (full 0):
 PSYoungGen      total 35328K, used 2549K [0x00000000eab00000, 0x00000000ed000000, 0x0000000100000000)
  eden space 32768K, 0% used [0x00000000eab00000,0x00000000eab00000,0x00000000ecb00000)
  from space 2560K, 99% used [0x00000000ecd80000,0x00000000ecffd420,0x00000000ed000000)
  to   space 2560K, 0% used [0x00000000ecb00000,0x00000000ecb00000,0x00000000ecd80000)
 ParOldGen       total 44032K, used 14874K [0x00000000c0000000, 0x00000000c2b00000, 0x00000000eab00000)
  object space 44032K, 33% used [0x00000000c0000000,0x00000000c0e86948,0x00000000c2b00000)
 Metaspace       used 18667K, capacity 19076K, committed 19200K, reserved 1067008K
  class space    used 2441K, capacity 2539K, committed 2560K, reserved 1048576K
}
Event: 2.568 GC heap before
{Heap before GC invocations=3 (full 0):
 PSYoungGen      total 35328K, used 35317K [0x00000000eab00000, 0x00000000ed000000, 0x0000000100000000)
  eden space 32768K, 100% used [0x00000000eab00000,0x00000000ecb00000,0x00000000ecb00000)
  from space 2560K, 99% used [0x00000000ecd80000,0x00000000ecffd420,0x00000000ed000000)
  to   space 2560K, 0% used [0x00000000ecb00000,0x00000000ecb00000,0x00000000ecd80000)
 ParOldGen       total 44032K, used 14874K [0x00000000c0000000, 0x00000000c2b00000, 0x00000000eab00000)
  object space 44032K, 33% used [0x00000000c0000000,0x00000000c0e86948,0x00000000c2b00000)
 Metaspace       used 20045K, capacity 20458K, committed 20736K, reserved 1067008K
  class space    used 2581K, capacity 2700K, committed 2816K, reserved 1048576K
Event: 2.581 GC heap after
Heap after GC invocations=3 (full 0):
 PSYoungGen      total 35328K, used 2547K [0x00000000eab00000, 0x00000000ef000000, 0x0000000100000000)
  eden space 32768K, 0% used [0x00000000eab00000,0x00000000eab00000,0x00000000ecb00000)
  from space 2560K, 99% used [0x00000000ecb00000,0x00000000ecd7cd00,0x00000000ecd80000)
  to   space 2560K, 0% used [0x00000000eed80000,0x00000000eed80000,0x00000000ef000000)
 ParOldGen       total 44032K, used 16379K [0x00000000c0000000, 0x00000000c2b00000, 0x00000000eab00000)
  object space 44032K, 37% used [0x00000000c0000000,0x00000000c0ffec60,0x00000000c2b00000)
 Metaspace       used 20045K, capacity 20458K, committed 20736K, reserved 1067008K
  class space    used 2581K, capacity 2700K, committed 2816K, reserved 1048576K
}
Event: 2.719 GC heap before
{Heap before GC invocations=4 (full 0):
 PSYoungGen      total 35328K, used 15446K [0x00000000eab00000, 0x00000000ef000000, 0x0000000100000000)
  eden space 32768K, 39% used [0x00000000eab00000,0x00000000eb798d30,0x00000000ecb00000)
  from space 2560K, 99% used [0x00000000ecb00000,0x00000000ecd7cd00,0x00000000ecd80000)
  to   space 2560K, 0% used [0x00000000eed80000,0x00000000eed80000,0x00000000ef000000)
 ParOldGen       total 44032K, used 16379K [0x00000000c0000000, 0x00000000c2b00000, 0x00000000eab00000)
  object space 44032K, 37% used [0x00000000c0000000,0x00000000c0ffec60,0x00000000c2b00000)
 Metaspace       used 20751K, capacity 21162K, committed 21248K, reserved 1067008K
  class space    used 2634K, capacity 2764K, committed 2816K, reserved 1048576K
Event: 2.729 GC heap after
Heap after GC invocations=4 (full 0):
 PSYoungGen      total 68096K, used 2547K [0x00000000eab00000, 0x00000000ef000000, 0x0000000100000000)
  eden space 65536K, 0% used [0x00000000eab00000,0x00000000eab00000,0x00000000eeb00000)
  from space 2560K, 99% used [0x00000000eed80000,0x00000000eeffcce0,0x00000000ef000000)
  to   space 2560K, 0% used [0x00000000eeb00000,0x00000000eeb00000,0x00000000eed80000)
 ParOldGen       total 44032K, used 17030K [0x00000000c0000000, 0x00000000c2b00000, 0x00000000eab00000)
  object space 44032K, 38% used [0x00000000c0000000,0x00000000c10a1b88,0x00000000c2b00000)
 Metaspace       used 20751K, capacity 21162K, committed 21248K, reserved 1067008K
  class space    used 2634K, capacity 2764K, committed 2816K, reserved 1048576K
}
Event: 2.729 GC heap before
{Heap before GC invocations=5 (full 1):
 PSYoungGen      total 68096K, used 2547K [0x00000000eab00000, 0x00000000ef000000, 0x0000000100000000)
  eden space 65536K, 0% used [0x00000000eab00000,0x00000000eab00000,0x00000000eeb00000)
  from space 2560K, 99% used [0x00000000eed80000,0x00000000eeffcce0,0x00000000ef000000)
  to   space 2560K, 0% used [0x00000000eeb00000,0x00000000eeb00000,0x00000000eed80000)
 ParOldGen       total 44032K, used 17030K [0x00000000c0000000, 0x00000000c2b00000, 0x00000000eab00000)
  object space 44032K, 38% used [0x00000000c0000000,0x00000000c10a1b88,0x00000000c2b00000)
 Metaspace       used 20751K, capacity 21162K, committed 21248K, reserved 1067008K
  class space    used 2634K, capacity 2764K, committed 2816K, reserved 1048576K
Event: 2.785 GC heap after
Heap after GC invocations=5 (full 1):
 PSYoungGen      total 68096K, used 0K [0x00000000eab00000, 0x00000000ef000000, 0x0000000100000000)
  eden space 65536K, 0% used [0x00000000eab00000,0x00000000eab00000,0x00000000eeb00000)
  from space 2560K, 0% used [0x00000000eed80000,0x00000000eed80000,0x00000000ef000000)
  to   space 2560K, 0% used [0x00000000eeb00000,0x00000000eeb00000,0x00000000eed80000)
 ParOldGen       total 46080K, used 9786K [0x00000000c0000000, 0x00000000c2d00000, 0x00000000eab00000)
  object space 46080K, 21% used [0x00000000c0000000,0x00000000c098eac8,0x00000000c2d00000)
 Metaspace       used 20751K, capacity 21162K, committed 21248K, reserved 1067008K
  class space    used 2634K, capacity 2764K, committed 2816K, reserved 1048576K
}

Deoptimization events (10 events):
Event: 3.941 Thread 0x00000000175ca800 Uncommon trap: reason=class_check action=maybe_recompile pc=0x00000000033f923c method=javafx.beans.property.ObjectPropertyBase.get()Ljava/lang/Object; @ 23
Event: 4.002 Thread 0x00000000175ca800 Uncommon trap: reason=bimorphic action=maybe_recompile pc=0x0000000003148190 method=java.io.DataInputStream.readChar()C @ 4
Event: 4.002 Thread 0x00000000175ca800 Uncommon trap: reason=bimorphic action=maybe_recompile pc=0x0000000003148190 method=java.io.DataInputStream.readChar()C @ 4
Event: 4.002 Thread 0x00000000175ca800 Uncommon trap: reason=bimorphic action=maybe_recompile pc=0x0000000003148190 method=java.io.DataInputStream.readChar()C @ 4
Event: 4.002 Thread 0x00000000175ca800 Uncommon trap: reason=bimorphic action=maybe_recompile pc=0x000000000314abb4 method=java.io.DataInputStream.readInt()I @ 4
Event: 4.002 Thread 0x00000000175ca800 Uncommon trap: reason=bimorphic action=maybe_recompile pc=0x000000000314abb4 method=java.io.DataInputStream.readInt()I @ 4
Event: 4.002 Thread 0x00000000175ca800 Uncommon trap: reason=bimorphic action=maybe_recompile pc=0x000000000314abb4 method=java.io.DataInputStream.readInt()I @ 4
Event: 4.002 Thread 0x00000000175ca800 Uncommon trap: reason=bimorphic action=maybe_recompile pc=0x000000000314abb4 method=java.io.DataInputStream.readInt()I @ 4
Event: 4.002 Thread 0x00000000175ca800 Uncommon trap: reason=bimorphic action=maybe_recompile pc=0x0000000003148190 method=java.io.DataInputStream.readChar()C @ 4
Event: 4.018 Thread 0x00000000175ca800 Uncommon trap: reason=unstable_if action=reinterpret pc=0x00000000033fc7ec method=java.lang.String.regionMatches(ZILjava/lang/String;II)Z @ 123

Internal exceptions (10 events):
Event: 1.817 Thread 0x00000000175ca800 Exception <a 'java/lang/ArrayIndexOutOfBoundsException'> (0x00000000eb6d8c78) thrown at [C:\re\workspace\8-2-build-windows-amd64-cygwin\jdk8u111\7883\hotspot\src\share\vm\runtime\sharedRuntime.cpp, line 605]
Event: 1.819 Thread 0x00000000175ca800 Exception <a 'java/lang/ArrayIndexOutOfBoundsException'> (0x00000000eb6de660) thrown at [C:\re\workspace\8-2-build-windows-amd64-cygwin\jdk8u111\7883\hotspot\src\share\vm\runtime\sharedRuntime.cpp, line 605]
Event: 1.820 Thread 0x00000000175ca800 Exception <a 'java/lang/ArrayIndexOutOfBoundsException'> (0x00000000eb6e3328) thrown at [C:\re\workspace\8-2-build-windows-amd64-cygwin\jdk8u111\7883\hotspot\src\share\vm\runtime\sharedRuntime.cpp, line 605]
Event: 1.820 Thread 0x00000000175ca800 Exception <a 'java/lang/ArrayIndexOutOfBoundsException'> (0x00000000eb6e81b0) thrown at [C:\re\workspace\8-2-build-windows-amd64-cygwin\jdk8u111\7883\hotspot\src\share\vm\runtime\sharedRuntime.cpp, line 605]
Event: 1.821 Thread 0x00000000175ca800 Exception <a 'java/lang/ArrayIndexOutOfBoundsException'> (0x00000000eb6ed4f0) thrown at [C:\re\workspace\8-2-build-windows-amd64-cygwin\jdk8u111\7883\hotspot\src\share\vm\runtime\sharedRuntime.cpp, line 605]
Event: 1.822 Thread 0x00000000175ca800 Exception <a 'java/lang/ArrayIndexOutOfBoundsException'> (0x00000000eb6f2d98) thrown at [C:\re\workspace\8-2-build-windows-amd64-cygwin\jdk8u111\7883\hotspot\src\share\vm\runtime\sharedRuntime.cpp, line 605]
Event: 1.822 Thread 0x00000000175ca800 Exception <a 'java/lang/ArrayIndexOutOfBoundsException'> (0x00000000eb6f7ec0) thrown at [C:\re\workspace\8-2-build-windows-amd64-cygwin\jdk8u111\7883\hotspot\src\share\vm\runtime\sharedRuntime.cpp, line 605]
Event: 1.823 Thread 0x00000000175ca800 Exception <a 'java/lang/ArrayIndexOutOfBoundsException': 57> (0x00000000eb6fd030) thrown at [C:\re\workspace\8-2-build-windows-amd64-cygwin\jdk8u111\7883\hotspot\src\share\vm\interpreter\interpreterRuntime.cpp, line 366]
Event: 1.825 Thread 0x00000000175ca800 Exception <a 'java/lang/ArrayIndexOutOfBoundsException': 57> (0x00000000eb7024b8) thrown at [C:\re\workspace\8-2-build-windows-amd64-cygwin\jdk8u111\7883\hotspot\src\share\vm\interpreter\interpreterRuntime.cpp, line 366]
Event: 3.230 Thread 0x00000000175ca800 Implicit null exception at 0x00000000031f9d5a to 0x00000000031fb979

Events (10 events):
Event: 4.002 Thread 0x00000000175ca800 DEOPT UNPACKING pc=0x0000000002e3556a sp=0x0000000019f5bf78 mode 2
Event: 4.005 loading class sun/text/bidi/BidiLine
Event: 4.005 loading class sun/text/bidi/BidiLine done
Event: 4.005 loading class com/sun/javafx/text/ScriptMapper
Event: 4.005 loading class com/sun/javafx/text/ScriptMapper done
Event: 4.007 loading class com/sun/javafx/geom/BaseBounds$BoundsType
Event: 4.007 loading class com/sun/javafx/geom/BaseBounds$BoundsType done
Event: 4.018 Thread 0x00000000175ca800 Uncommon trap: trap_request=0xffffff65 fr.pc=0x00000000033fc7ec
Event: 4.019 Thread 0x00000000175ca800 DEOPT PACKING pc=0x00000000033fc7ec sp=0x0000000019f5c210
Event: 4.019 Thread 0x00000000175ca800 DEOPT UNPACKING pc=0x0000000002e3556a sp=0x0000000019f5c110 mode 2


Dynamic libraries:
0x00007ff7d3e10000 - 0x00007ff7d3e47000 	C:\Program Files\Java\jdk1.8.0_111\bin\javaw.exe
0x00007ffb2ada0000 - 0x00007ffb2af71000 	C:\Windows\SYSTEM32\ntdll.dll
0x00007ffb2a600000 - 0x00007ffb2a6ab000 	C:\Windows\System32\KERNEL32.DLL
0x00007ffb279c0000 - 0x00007ffb27bdd000 	C:\Windows\System32\KERNELBASE.dll
0x00007ffb2a6c0000 - 0x00007ffb2a762000 	C:\Windows\System32\ADVAPI32.dll
0x00007ffb2a850000 - 0x00007ffb2a8ee000 	C:\Windows\System32\msvcrt.dll
0x00007ffb29840000 - 0x00007ffb29899000 	C:\Windows\System32\sechost.dll
0x00007ffb2a990000 - 0x00007ffb2aab1000 	C:\Windows\System32\RPCRT4.dll
0x00007ffb29c10000 - 0x00007ffb29d75000 	C:\Windows\System32\USER32.dll
0x00007ffb276d0000 - 0x00007ffb276ee000 	C:\Windows\System32\win32u.dll
0x00007ffb2ac20000 - 0x00007ffb2ac54000 	C:\Windows\System32\GDI32.dll
0x00007ffb27540000 - 0x00007ffb276c2000 	C:\Windows\System32\gdi32full.dll
0x00007ffb20f30000 - 0x00007ffb211aa000 	C:\Windows\WinSxS\amd64_microsoft.windows.common-controls_6595b64144ccf1df_6.0.14393.953_none_42151e83c686086b\COMCTL32.dll
0x00007ffb2a1b0000 - 0x00007ffb2a478000 	C:\Windows\System32\combase.dll
0x00007ffb278c0000 - 0x00007ffb279b5000 	C:\Windows\System32\ucrtbase.dll
0x00007ffb27be0000 - 0x00007ffb27c4a000 	C:\Windows\System32\bcryptPrimitives.dll
0x00007ffb29970000 - 0x00007ffb2999e000 	C:\Windows\System32\IMM32.DLL
0x00000000532b0000 - 0x0000000053382000 	C:\Program Files\Java\jdk1.8.0_111\jre\bin\msvcr100.dll
0x0000000051230000 - 0x0000000051aca000 	C:\Program Files\Java\jdk1.8.0_111\jre\bin\server\jvm.dll
0x00007ffb2a4f0000 - 0x00007ffb2a4f8000 	C:\Windows\System32\PSAPI.DLL
0x00007ffb25680000 - 0x00007ffb256a3000 	C:\Windows\SYSTEM32\WINMM.dll
0x00007ffb1f270000 - 0x00007ffb1f279000 	C:\Windows\SYSTEM32\WSOCK32.dll
0x00007ffb2a480000 - 0x00007ffb2a4ea000 	C:\Windows\System32\WS2_32.dll
0x00007ffb22c90000 - 0x00007ffb22c9a000 	C:\Windows\SYSTEM32\VERSION.dll
0x00007ffb25540000 - 0x00007ffb2556b000 	C:\Windows\SYSTEM32\WINMMBASE.dll
0x00007ffb273a0000 - 0x00007ffb273e2000 	C:\Windows\System32\cfgmgr32.dll
0x00000000532a0000 - 0x00000000532af000 	C:\Program Files\Java\jdk1.8.0_111\jre\bin\verify.dll
0x0000000053270000 - 0x0000000053299000 	C:\Program Files\Java\jdk1.8.0_111\jre\bin\java.dll
0x0000000053250000 - 0x0000000053266000 	C:\Program Files\Java\jdk1.8.0_111\jre\bin\zip.dll
0x00007ffb28330000 - 0x00007ffb29839000 	C:\Windows\System32\SHELL32.dll
0x00007ffb27c50000 - 0x00007ffb2832a000 	C:\Windows\System32\windows.storage.dll
0x00007ffb27200000 - 0x00007ffb2724c000 	C:\Windows\System32\powrprof.dll
0x00007ffb299b0000 - 0x00007ffb29a02000 	C:\Windows\System32\shlwapi.dll
0x00007ffb27270000 - 0x00007ffb2727f000 	C:\Windows\System32\kernel.appcore.dll
0x00007ffb273f0000 - 0x00007ffb27499000 	C:\Windows\System32\shcore.dll
0x00007ffb27250000 - 0x00007ffb27264000 	C:\Windows\System32\profapi.dll
0x0000000053000000 - 0x0000000053198000 	C:\Program Files\Java\jdk1.8.0_111\jre\bin\awt.dll
0x00007ffb2a770000 - 0x00007ffb2a82f000 	C:\Windows\System32\OLEAUT32.dll
0x00007ffb274a0000 - 0x00007ffb2753c000 	C:\Windows\System32\msvcp_win.dll
0x00007ffb257b0000 - 0x00007ffb2582a000 	C:\Windows\SYSTEM32\apphelp.dll
0x00007ffb25050000 - 0x00007ffb25076000 	C:\Windows\system32\DWMAPI.DLL
0x00007ffb25980000 - 0x00007ffb25a15000 	C:\Windows\system32\uxtheme.dll
0x00007ffb2aac0000 - 0x00007ffb2ac1a000 	C:\Windows\System32\MSCTF.dll
0x00007ffb2ac60000 - 0x00007ffb2ad97000 	C:\Windows\System32\ole32.dll
0x00007ffb21340000 - 0x00007ffb214cd000 	C:\Windows\system32\d3d9.dll
0x00007ffb03dc0000 - 0x00007ffb04e76000 	C:\Windows\SYSTEM32\nvd3dumx.dll
0x00007ffb22160000 - 0x00007ffb222cc000 	C:\Program Files (x86)\NVIDIA Corporation\3D Vision\nvSCPAPI64.dll
0x00007ffb29d80000 - 0x00007ffb2a1a9000 	C:\Windows\System32\SETUPAPI.dll
0x00007ffb06240000 - 0x00007ffb0632f000 	C:\Program Files\Java\jdk1.8.0_111\jre\bin\msvcr120.dll
0x00007ffb15050000 - 0x00007ffb150f6000 	C:\Program Files\Java\jdk1.8.0_111\jre\bin\msvcp120.dll
0x0000000052f00000 - 0x0000000052f22000 	C:\Program Files\Java\jdk1.8.0_111\jre\bin\prism_d3d.dll
0x0000000052eb0000 - 0x0000000052ef3000 	C:\Program Files\Java\jdk1.8.0_111\jre\bin\glass.dll
0x00007ffb2a500000 - 0x00007ffb2a5fa000 	C:\Windows\System32\COMDLG32.dll
0x00007ffb21e20000 - 0x00007ffb22156000 	C:\Windows\system32\nvapi64.dll
0x00007ffb25e10000 - 0x00007ffb25e38000 	C:\Windows\SYSTEM32\DEVOBJ.dll
0x00007ffb27290000 - 0x00007ffb272e5000 	C:\Windows\System32\WINTRUST.dll
0x00007ffb27280000 - 0x00007ffb27290000 	C:\Windows\System32\MSASN1.dll
0x00007ffb276f0000 - 0x00007ffb278b9000 	C:\Windows\System32\CRYPT32.dll
0x00007ffb26180000 - 0x00007ffb2621f000 	C:\Windows\system32\dxgi.dll
0x0000000052fb0000 - 0x0000000052ff7000 	C:\Program Files\Java\jdk1.8.0_111\jre\bin\fontmanager.dll
0x00007ffb2a8f0000 - 0x00007ffb2a98f000 	C:\Windows\System32\clbcatq.dll
0x00007ffb1f840000 - 0x00007ffb1f912000 	C:\Windows\System32\IME\IMEKR\imkrtip.dll
0x00007ffb24ad0000 - 0x00007ffb24c55000 	C:\Windows\SYSTEM32\PROPSYS.dll
0x00007ffb1f470000 - 0x00007ffb1f5c6000 	C:\Windows\System32\IME\shared\imetip.dll
0x00007ffb1f2c0000 - 0x00007ffb1f468000 	C:\Windows\SYSTEM32\DUI70.dll
0x00007ffb25700000 - 0x00007ffb25765000 	C:\Windows\SYSTEM32\OLEACC.dll
0x00007ffb20950000 - 0x00007ffb20988000 	C:\Windows\System32\IME\IMEKR\imkrapi.dll
0x00007ffb208d0000 - 0x00007ffb20905000 	C:\Windows\System32\IME\shared\imjkapi.dll
0x00007ffb265a0000 - 0x00007ffb265d2000 	C:\Windows\SYSTEM32\ntmarta.dll
0x0000000052e90000 - 0x0000000052ea4000 	C:\Program Files\Java\jdk1.8.0_111\jre\bin\javafx_font.dll
0x00007ffb1f5d0000 - 0x00007ffb1f839000 	C:\Windows\SYSTEM32\dwrite.dll
0x0000000053230000 - 0x000000005324a000 	C:\Program Files\Java\jdk1.8.0_111\jre\bin\net.dll
0x00007ffb26ad0000 - 0x00007ffb26b2c000 	C:\Windows\system32\mswsock.dll
0x00007ffb26890000 - 0x00007ffb26931000 	C:\Windows\SYSTEM32\DNSAPI.dll
0x00007ffb299a0000 - 0x00007ffb299a8000 	C:\Windows\System32\NSI.dll
0x00007ffb26850000 - 0x00007ffb26888000 	C:\Windows\SYSTEM32\IPHLPAPI.DLL
0x00007ffb1e140000 - 0x00007ffb1e14a000 	C:\Windows\System32\rasadhlp.dll
0x00007ffb1ec50000 - 0x00007ffb1ecba000 	C:\Windows\System32\fwpuclnt.dll
0x00007ffb27140000 - 0x00007ffb2716b000 	C:\Windows\SYSTEM32\bcrypt.dll
0x00007ffb24dc0000 - 0x00007ffb24f68000 	C:\Windows\SYSTEM32\WindowsCodecs.dll
0x00007ffb1a540000 - 0x00007ffb1a589000 	C:\Windows\system32\dataexchange.dll
0x00007ffb25140000 - 0x00007ffb25291000 	C:\Windows\system32\dcomp.dll
0x00007ffb23ed0000 - 0x00007ffb24186000 	C:\Windows\system32\d3d11.dll
0x00007ffb25c20000 - 0x00007ffb25d3c000 	C:\Windows\system32\twinapi.appcore.dll
0x00007ffb1bc00000 - 0x00007ffb1bd92000 	C:\Windows\SYSTEM32\dbghelp.dll

VM Arguments:
jvm_args: -Dfile.encoding=UTF-8 
java_command: kr.or.dgit.donghun2.ProductChart.MainApp
java_class_path (initial): D:\workspace_mybatis\donghun2\bin;C:\Users\SDH\.gradle\caches\modules-2\files-2.1\org.mybatis\mybatis\3.4.2\2b9a5082fe0bdb3128bab8b4b19b23ca0f3d9b38\mybatis-3.4.2.jar;C:\Users\SDH\.gradle\caches\modules-2\files-2.1\log4j\log4j\1.2.17\5af35056b4d257e4b64b9e8069c0746e8b08629f\log4j-1.2.17.jar;C:\Users\SDH\.gradle\caches\modules-2\files-2.1\mysql\mysql-connector-java\5.1.41\b0878056f15616989144d6114d36d3942321d0d1\mysql-connector-java-5.1.41.jar;C:\Users\SDH\.gradle\caches\modules-2\files-2.1\junit\junit\4.12\2973d150c0dc1fefe998f834810d68f278ea58ec\junit-4.12.jar;C:\Users\SDH\.gradle\caches\modules-2\files-2.1\org.hamcrest\hamcrest-core\1.3\42a25dc3219429f0e5d060061f71acb49bf010a0\hamcrest-core-1.3.jar;D:\workspace_mybatis\donghun2\src\main\resources\erp_myframework.jar;D:\workspace_mybatis\donghun2\src\main\resources\lib\idw-gpl.jar;D:\workspace_mybatis\donghun2\src\main\resources\lib\JTattoo.jar;D:\workspace_mybatis\donghun2\src\main\resources\lib\liquidlnf.jar;D:\workspace_mybatis\donghun2\src\main\resources\lib\quaqua.jar
Launcher Type: SUN_STANDARD

Environment Variables:
JAVA_HOME=C:\Program Files\Java\jdk1.8.0_111
PATH=C:/Program Files/Java/jdk1.8.0_111/bin/../jre/bin/server;C:/Program Files/Java/jdk1.8.0_111/bin/../jre/bin;C:/Program Files/Java/jdk1.8.0_111/bin/../jre/lib/amd64;C:\Program Files\Java\jdk1.8.0_111\bin;C:\ProgramData\Oracle\Java\javapath;C:\Program Files (x86)\NVIDIA Corporation\PhysX\Common;C:\Windows\system32;C:\Windows;C:\Windows\System32\Wbem;C:\Windows\System32\WindowsPowerShell\v1.0\;C:\Program Files\MySQL\MySQL Server 5.6\bin;C:\Program Files\Git\cmd;D:\gradle-3.4.1\bin;C:\Users\SDH\AppData\Local\Microsoft\WindowsApps;C:\Program Files\Bandizip\7z;D:\program\eclipse_java\eclipse;
USERNAME=SDH
OS=Windows_NT
PROCESSOR_IDENTIFIER=Intel64 Family 6 Model 23 Stepping 10, GenuineIntel



---------------  S Y S T E M  ---------------

OS: Windows 10.0 , 64 bit Build 14393 (10.0.14393.0)

CPU:total 4 (4 cores per cpu, 1 threads per core) family 6 model 23 stepping 10, cmov, cx8, fxsr, mmx, sse, sse2, sse3, ssse3, sse4.1, tsc

Memory: 4k page, physical 4192492k(836708k free), swap 9697516k(1979764k free)

vm_info: Java HotSpot(TM) 64-Bit Server VM (25.111-b14) for windows-amd64 JRE (1.8.0_111-b14), built on Sep 22 2016 19:24:05 by "java_re" with MS VC++ 10.0 (VS2010)

time: Wed Apr 12 21:28:42 2017
elapsed time: 4 seconds (0d 0h 0m 4s)

