#
# A fatal error has been detected by the Java Runtime Environment:
#
#  EXCEPTION_ACCESS_VIOLATION (0xc0000005) at pc=0xffffffffa3c75120, pid=6652, tid=0x0000000000001874
#
# JRE version: Java(TM) SE Runtime Environment (8.0_111-b14) (build 1.8.0_111-b14)
# Java VM: Java HotSpot(TM) 64-Bit Server VM (25.111-b14 mixed mode windows-amd64 compressed oops)
# Problematic frame:
# C  0xffffffffa3c75120
#
# Failed to write core dump. Minidumps are not enabled by default on client versions of Windows
#
# If you would like to submit a bug report, please visit:
#   http://bugreport.java.com/bugreport/crash.jsp
#

---------------  T H R E A D  ---------------

Current thread (0x0000000017334000):  JavaThread "AWT-EventQueue-0" [_thread_in_Java, id=6260, stack(0x000000001a8a0000,0x000000001a9a0000)]

siginfo: ExceptionCode=0xc0000005, ExceptionInformation=0x0000000000000008 0xffffffffa3c75120

Registers:
RAX=0x00000000eab7cc50, RBX=0x0000000000000000, RCX=0x00000000000043bb, RDX=0x0000000000006198
RSP=0x000000001a99bac8, RBP=0x000000001a99bdc8, RSI=0x00000000000007a0, RDI=0x000000000000200c
R8 =0x0000000000005fb6, R9 =0x00000000000043d3, R10=0x00000000eab87660, R11=0x0000000000006198
R12=0x0000000000000000, R13=0x000000001baf4c18, R14=0x00000000000001e8, R15=0x0000000017334000
RIP=0xffffffffa3c75120, EFLAGS=0x0000000000010206

Top of Stack: (sp=0x000000001a99bac8)
0x000000001a99bac8:   0000000002fb4514 0000000017334000
0x000000001a99bad8:   000000001baf2ad8 0000000000001117
0x000000001a99bae8:   0000000002d72439 0000000000000013
0x000000001a99baf8:   00000000590271a5 000000001baf1770
0x000000001a99bb08:   0000000017334000 000000001a99bc48
0x000000001a99bb18:   0000000017334000 0000000000000000
0x000000001a99bb28:   0000000058f17b26 0000000100254ef8
0x000000001a99bb38:   00000000eac5e828 0000000000000013
0x000000001a99bb48:   0000000000000000 0000000000000000
0x000000001a99bb58:   0000000002b861f0 0000000059422098
0x000000001a99bb68:   0000000059048024 00000000eac8c628
0x000000001a99bb78:   0000000002fbdef2 0000000000002031
0x000000001a99bb88:   000000001a99bbc0 0000000000000000
0x000000001a99bb98:   00000000eab854c0 0000000017334000
0x000000001a99bba8:   00000000eab85508 000000001baf1770
0x000000001a99bbb8:   0000000017334000 000000001baf1770 

Instructions: (pc=0xffffffffa3c75120)
0xffffffffa3c75100:   
[error occurred during error reporting (printing registers, top of stack, instructions near pc), id 0xc0000005]

Register to memory mapping:

RAX=0x00000000eab7cc50 is an oop
java.lang.String 
 - klass: 'java/lang/String'
RBX=0x0000000000000000 is an unknown value
RCX=0x00000000000043bb is an unknown value
RDX=0x0000000000006198 is an unknown value
RSP=0x000000001a99bac8 is pointing into the stack for thread: 0x0000000017334000
RBP=0x000000001a99bdc8 is pointing into the stack for thread: 0x0000000017334000
RSI=0x00000000000007a0 is an unknown value
RDI=0x000000000000200c is an unknown value
R8 =0x0000000000005fb6 is an unknown value
R9 =0x00000000000043d3 is an unknown value
R10=0x00000000eab87660 is an oop
java.lang.StringBuffer 
 - klass: 'java/lang/StringBuffer'
R11=0x0000000000006198 is an unknown value
R12=0x0000000000000000 is an unknown value
R13=0x000000001baf4c18 is pointing into metadata
R14=0x00000000000001e8 is an unknown value
R15=0x0000000017334000 is a thread


Stack: [0x000000001a8a0000,0x000000001a9a0000],  sp=0x000000001a99bac8,  free space=1006k
Native frames: (J=compiled Java code, j=interpreted, Vv=VM code, C=native code)
C  0xffffffffa3c75120


---------------  P R O C E S S  ---------------

Java Threads: ( => current thread )
  0x00000000174bf800 JavaThread "TimerQueue" daemon [_thread_blocked, id=4196, stack(0x000000001b560000,0x000000001b660000)]
  0x0000000017482000 JavaThread "Image Fetcher 0" daemon [_thread_blocked, id=4708, stack(0x000000001b250000,0x000000001b350000)]
  0x0000000017470000 JavaThread "D3D Screen Updater" daemon [_thread_blocked, id=8668, stack(0x000000001b140000,0x000000001b240000)]
  0x0000000000ddd800 JavaThread "DestroyJavaVM" [_thread_blocked, id=8568, stack(0x0000000002a70000,0x0000000002b70000)]
=>0x0000000017334000 JavaThread "AWT-EventQueue-0" [_thread_in_Java, id=6260, stack(0x000000001a8a0000,0x000000001a9a0000)]
  0x0000000016a88800 JavaThread "AWT-Windows" daemon [_thread_in_native, id=6424, stack(0x0000000017c70000,0x0000000017d70000)]
  0x0000000016a86000 JavaThread "AWT-Shutdown" [_thread_blocked, id=6684, stack(0x0000000017b70000,0x0000000017c70000)]
  0x0000000016a84000 JavaThread "Java2D Disposer" daemon [_thread_blocked, id=5276, stack(0x0000000017a70000,0x0000000017b70000)]
  0x000000001672d800 JavaThread "Service Thread" daemon [_thread_blocked, id=3996, stack(0x0000000016fa0000,0x00000000170a0000)]
  0x00000000166b6000 JavaThread "C1 CompilerThread2" daemon [_thread_blocked, id=7272, stack(0x0000000016ea0000,0x0000000016fa0000)]
  0x00000000166aa000 JavaThread "C2 CompilerThread1" daemon [_thread_in_native, id=7228, stack(0x0000000016da0000,0x0000000016ea0000)]
  0x000000001539c000 JavaThread "C2 CompilerThread0" daemon [_thread_in_native, id=7236, stack(0x0000000016ca0000,0x0000000016da0000)]
  0x00000000166a8800 JavaThread "Attach Listener" daemon [_thread_blocked, id=5392, stack(0x0000000016ba0000,0x0000000016ca0000)]
  0x000000001534e800 JavaThread "Signal Dispatcher" daemon [_thread_blocked, id=6064, stack(0x0000000016aa0000,0x0000000016ba0000)]
  0x000000001532a800 JavaThread "Finalizer" daemon [_thread_blocked, id=4336, stack(0x00000000165a0000,0x00000000166a0000)]
  0x0000000015309000 JavaThread "Reference Handler" daemon [_thread_blocked, id=4408, stack(0x00000000164a0000,0x00000000165a0000)]

Other Threads:
  0x0000000015308000 VMThread [stack: 0x00000000163a0000,0x00000000164a0000] [id=7888]
  0x0000000016776800 WatcherThread [stack: 0x00000000170a0000,0x00000000171a0000] [id=3868]

VM state:not at safepoint (normal execution)

VM Mutex/Monitor currently owned by a thread: None

Heap:
 PSYoungGen      total 18944K, used 4178K [0x00000000eab00000, 0x00000000ec000000, 0x0000000100000000)
  eden space 16384K, 10% used [0x00000000eab00000,0x00000000eac9ba90,0x00000000ebb00000)
  from space 2560K, 98% used [0x00000000ebb00000,0x00000000ebd79010,0x00000000ebd80000)
  to   space 2560K, 0% used [0x00000000ebd80000,0x00000000ebd80000,0x00000000ec000000)
 ParOldGen       total 44032K, used 1661K [0x00000000c0000000, 0x00000000c2b00000, 0x00000000eab00000)
  object space 44032K, 3% used [0x00000000c0000000,0x00000000c019f730,0x00000000c2b00000)
 Metaspace       used 17499K, capacity 17756K, committed 18048K, reserved 1064960K
  class space    used 2314K, capacity 2413K, committed 2432K, reserved 1048576K

Card table byte_map: [0x0000000012030000,0x0000000012240000] byte_map_base: 0x0000000011a30000

Marking Bits: (ParMarkBitMap*) 0x000000005962a6c0
 Begin Bits: [0x00000000127a0000, 0x00000000137a0000)
 End Bits:   [0x00000000137a0000, 0x00000000147a0000)

Polling page: 0x00000000005f0000

CodeCache: size=245760Kb used=3417Kb max_used=3430Kb free=242342Kb
 bounds [0x0000000002c70000, 0x0000000002fd0000, 0x0000000011c70000]
 total_blobs=1531 nmethods=1003 adapters=443
 compilation: enabled

Compilation events (10 events):
Event: 5.320 Thread 0x000000001539c000 1000       4       java.text.PatternEntry$Parser::next (655 bytes)
Event: 5.320 Thread 0x00000000166b6000 nmethod 991 0x0000000002fc5550 code [0x0000000002fc5a00, 0x0000000002fc8b48]
Event: 5.321 Thread 0x00000000166b6000 1004       1       java.util.ArrayList::elementData (7 bytes)
Event: 5.321 Thread 0x00000000166b6000 nmethod 1004 0x0000000002faf050 code [0x0000000002faf1a0, 0x0000000002faf2d0]
Event: 5.321 Thread 0x00000000166b6000 1005       3       java.util.ArrayList::remove (69 bytes)
Event: 5.322 Thread 0x00000000166aa000 nmethod 998 0x0000000002fbe610 code [0x0000000002fbe760, 0x0000000002fbecd8]
Event: 5.322 Thread 0x00000000166b6000 nmethod 1005 0x0000000002fbdb10 code [0x0000000002fbdcc0, 0x0000000002fbe2c8]
Event: 5.322 Thread 0x00000000166aa000 1001       4       java.text.PatternEntry::isSpecialChar (60 bytes)
Event: 5.322 Thread 0x00000000166aa000 nmethod 1001 0x0000000002fb09d0 code [0x0000000002fb0b20, 0x0000000002fb0bd8]
Event: 5.322 Thread 0x00000000166aa000 1002       4       java.text.PatternEntry::<init> (55 bytes)

GC Heap History (2 events):
Event: 5.277 GC heap before
{Heap before GC invocations=1 (full 0):
 PSYoungGen      total 18944K, used 16384K [0x00000000eab00000, 0x00000000ec000000, 0x0000000100000000)
  eden space 16384K, 100% used [0x00000000eab00000,0x00000000ebb00000,0x00000000ebb00000)
  from space 2560K, 0% used [0x00000000ebd80000,0x00000000ebd80000,0x00000000ec000000)
  to   space 2560K, 0% used [0x00000000ebb00000,0x00000000ebb00000,0x00000000ebd80000)
 ParOldGen       total 44032K, used 0K [0x00000000c0000000, 0x00000000c2b00000, 0x00000000eab00000)
  object space 44032K, 0% used [0x00000000c0000000,0x00000000c0000000,0x00000000c2b00000)
 Metaspace       used 17436K, capacity 17692K, committed 17792K, reserved 1064960K
  class space    used 2310K, capacity 2413K, committed 2432K, reserved 1048576K
Event: 5.291 GC heap after
Heap after GC invocations=1 (full 0):
 PSYoungGen      total 18944K, used 2532K [0x00000000eab00000, 0x00000000ec000000, 0x0000000100000000)
  eden space 16384K, 0% used [0x00000000eab00000,0x00000000eab00000,0x00000000ebb00000)
  from space 2560K, 98% used [0x00000000ebb00000,0x00000000ebd79010,0x00000000ebd80000)
  to   space 2560K, 0% used [0x00000000ebd80000,0x00000000ebd80000,0x00000000ec000000)
 ParOldGen       total 44032K, used 1661K [0x00000000c0000000, 0x00000000c2b00000, 0x00000000eab00000)
  object space 44032K, 3% used [0x00000000c0000000,0x00000000c019f730,0x00000000c2b00000)
 Metaspace       used 17436K, capacity 17692K, committed 17792K, reserved 1064960K
  class space    used 2310K, capacity 2413K, committed 2432K, reserved 1048576K
}

Deoptimization events (10 events):
Event: 0.361 Thread 0x0000000000ddd800 Uncommon trap: reason=null_check action=make_not_entrant pc=0x0000000002de25b8 method=java.lang.String.equals(Ljava/lang/Object;)Z @ 8
Event: 1.867 Thread 0x0000000017334000 Uncommon trap: reason=class_check action=maybe_recompile pc=0x0000000002df8368 method=java.lang.String.equals(Ljava/lang/Object;)Z @ 8
Event: 1.867 Thread 0x0000000017334000 Uncommon trap: reason=class_check action=maybe_recompile pc=0x0000000002df8368 method=java.lang.String.equals(Ljava/lang/Object;)Z @ 8
Event: 1.977 Thread 0x0000000017334000 Uncommon trap: reason=class_check action=maybe_recompile pc=0x0000000002df8368 method=java.lang.String.equals(Ljava/lang/Object;)Z @ 8
Event: 1.977 Thread 0x0000000017334000 Uncommon trap: reason=class_check action=maybe_recompile pc=0x0000000002df8368 method=java.lang.String.equals(Ljava/lang/Object;)Z @ 8
Event: 4.982 Thread 0x0000000017334000 Uncommon trap: reason=bimorphic action=maybe_recompile pc=0x0000000002edabac method=java.util.HashMap.getNode(ILjava/lang/Object;)Ljava/util/HashMap$Node; @ 126
Event: 4.982 Thread 0x0000000017334000 Uncommon trap: reason=bimorphic action=maybe_recompile pc=0x0000000002edabac method=java.util.HashMap.getNode(ILjava/lang/Object;)Ljava/util/HashMap$Node; @ 126
Event: 4.986 Thread 0x0000000017334000 Uncommon trap: reason=bimorphic action=maybe_recompile pc=0x0000000002edabac method=java.util.HashMap.getNode(ILjava/lang/Object;)Ljava/util/HashMap$Node; @ 126
Event: 4.986 Thread 0x0000000017334000 Uncommon trap: reason=bimorphic action=maybe_recompile pc=0x0000000002edabac method=java.util.HashMap.getNode(ILjava/lang/Object;)Ljava/util/HashMap$Node; @ 126
Event: 4.988 Thread 0x0000000017334000 Uncommon trap: reason=bimorphic action=maybe_recompile pc=0x0000000002eb8110 method=java.util.HashMap.getNode(ILjava/lang/Object;)Ljava/util/HashMap$Node; @ 126

Internal exceptions (10 events):
Event: 5.182 Thread 0x0000000017334000 Exception <a 'java/lang/ArrayIndexOutOfBoundsException'> (0x00000000eb839148) thrown at [C:\re\workspace\8-2-build-windows-amd64-cygwin\jdk8u111\7883\hotspot\src\share\vm\runtime\sharedRuntime.cpp, line 605]
Event: 5.183 Thread 0x0000000017334000 Exception <a 'java/lang/ArrayIndexOutOfBoundsException'> (0x00000000eb83e130) thrown at [C:\re\workspace\8-2-build-windows-amd64-cygwin\jdk8u111\7883\hotspot\src\share\vm\runtime\sharedRuntime.cpp, line 605]
Event: 5.184 Thread 0x0000000017334000 Exception <a 'java/lang/ArrayIndexOutOfBoundsException'> (0x00000000eb8432d0) thrown at [C:\re\workspace\8-2-build-windows-amd64-cygwin\jdk8u111\7883\hotspot\src\share\vm\runtime\sharedRuntime.cpp, line 605]
Event: 5.185 Thread 0x0000000017334000 Exception <a 'java/lang/ArrayIndexOutOfBoundsException'> (0x00000000eb848878) thrown at [C:\re\workspace\8-2-build-windows-amd64-cygwin\jdk8u111\7883\hotspot\src\share\vm\runtime\sharedRuntime.cpp, line 605]
Event: 5.186 Thread 0x0000000017334000 Exception <a 'java/lang/ArrayIndexOutOfBoundsException'> (0x00000000eb84dd90) thrown at [C:\re\workspace\8-2-build-windows-amd64-cygwin\jdk8u111\7883\hotspot\src\share\vm\runtime\sharedRuntime.cpp, line 605]
Event: 5.187 Thread 0x0000000017334000 Exception <a 'java/lang/ArrayIndexOutOfBoundsException'> (0x00000000eb8531c8) thrown at [C:\re\workspace\8-2-build-windows-amd64-cygwin\jdk8u111\7883\hotspot\src\share\vm\runtime\sharedRuntime.cpp, line 605]
Event: 5.188 Thread 0x0000000017334000 Exception <a 'java/lang/ArrayIndexOutOfBoundsException'> (0x00000000eb858640) thrown at [C:\re\workspace\8-2-build-windows-amd64-cygwin\jdk8u111\7883\hotspot\src\share\vm\runtime\sharedRuntime.cpp, line 605]
Event: 5.189 Thread 0x0000000017334000 Exception <a 'java/lang/ArrayIndexOutOfBoundsException'> (0x00000000eb85ddd0) thrown at [C:\re\workspace\8-2-build-windows-amd64-cygwin\jdk8u111\7883\hotspot\src\share\vm\runtime\sharedRuntime.cpp, line 605]
Event: 5.190 Thread 0x0000000017334000 Exception <a 'java/lang/ArrayIndexOutOfBoundsException'> (0x00000000eb863480) thrown at [C:\re\workspace\8-2-build-windows-amd64-cygwin\jdk8u111\7883\hotspot\src\share\vm\runtime\sharedRuntime.cpp, line 605]
Event: 5.193 Thread 0x0000000017334000 Exception <a 'java/lang/ArrayIndexOutOfBoundsException'> (0x00000000eb871a38) thrown at [C:\re\workspace\8-2-build-windows-amd64-cygwin\jdk8u111\7883\hotspot\src\share\vm\runtime\sharedRuntime.cpp, line 605]

Events (10 events):
Event: 5.298 loading class sun/text/normalizer/UnicodeMatcher done
Event: 5.298 loading class sun/text/normalizer/UnicodeSet done
Event: 5.299 loading class sun/text/normalizer/NormalizerImpl$DecomposeArgs
Event: 5.300 loading class sun/text/normalizer/NormalizerImpl$DecomposeArgs done
Event: 5.302 loading class java/text/MergeCollation
Event: 5.303 loading class java/text/MergeCollation done
Event: 5.303 loading class java/text/PatternEntry$Parser
Event: 5.303 loading class java/text/PatternEntry$Parser done
Event: 5.304 loading class java/text/PatternEntry
Event: 5.304 loading class java/text/PatternEntry done


Dynamic libraries:
0x00007ff7ea820000 - 0x00007ff7ea857000 	C:\Program Files\Java\jdk1.8.0_111\bin\javaw.exe
0x00007ffb6b790000 - 0x00007ffb6b961000 	C:\Windows\SYSTEM32\ntdll.dll
0x00007ffb6aad0000 - 0x00007ffb6ab7b000 	C:\Windows\System32\KERNEL32.DLL
0x00007ffb68460000 - 0x00007ffb6867d000 	C:\Windows\System32\KERNELBASE.dll
0x00007ffb6b3e0000 - 0x00007ffb6b482000 	C:\Windows\System32\ADVAPI32.dll
0x00007ffb6b570000 - 0x00007ffb6b60e000 	C:\Windows\System32\msvcrt.dll
0x00007ffb69420000 - 0x00007ffb69479000 	C:\Windows\System32\sechost.dll
0x00007ffb68d80000 - 0x00007ffb68ea1000 	C:\Windows\System32\RPCRT4.dll
0x00007ffb6ad30000 - 0x00007ffb6ae95000 	C:\Windows\System32\USER32.dll
0x00007ffb68810000 - 0x00007ffb6882e000 	C:\Windows\System32\win32u.dll
0x00007ffb6ace0000 - 0x00007ffb6ad14000 	C:\Windows\System32\GDI32.dll
0x00007ffb68680000 - 0x00007ffb68802000 	C:\Windows\System32\gdi32full.dll
0x00007ffb619b0000 - 0x00007ffb61c2a000 	C:\Windows\WinSxS\amd64_microsoft.windows.common-controls_6595b64144ccf1df_6.0.14393.953_none_42151e83c686086b\COMCTL32.dll
0x00007ffb68eb0000 - 0x00007ffb69178000 	C:\Windows\System32\combase.dll
0x00007ffb68830000 - 0x00007ffb68925000 	C:\Windows\System32\ucrtbase.dll
0x00007ffb68cb0000 - 0x00007ffb68d1a000 	C:\Windows\System32\bcryptPrimitives.dll
0x00007ffb6b6a0000 - 0x00007ffb6b6ce000 	C:\Windows\System32\IMM32.DLL
0x0000000059e50000 - 0x0000000059f22000 	C:\Program Files\Java\jdk1.8.0_111\jre\bin\msvcr100.dll
0x0000000058e10000 - 0x00000000596aa000 	C:\Program Files\Java\jdk1.8.0_111\jre\bin\server\jvm.dll
0x00007ffb6ad20000 - 0x00007ffb6ad28000 	C:\Windows\System32\PSAPI.DLL
0x00007ffb66070000 - 0x00007ffb66093000 	C:\Windows\SYSTEM32\WINMM.dll
0x00007ffb5bce0000 - 0x00007ffb5bce9000 	C:\Windows\SYSTEM32\WSOCK32.dll
0x00007ffb66010000 - 0x00007ffb6603b000 	C:\Windows\SYSTEM32\WINMMBASE.dll
0x00007ffb6b610000 - 0x00007ffb6b67a000 	C:\Windows\System32\WS2_32.dll
0x00007ffb67c80000 - 0x00007ffb67cc2000 	C:\Windows\System32\cfgmgr32.dll
0x00007ffb63470000 - 0x00007ffb6347a000 	C:\Windows\SYSTEM32\VERSION.dll
0x0000000058e00000 - 0x0000000058e0f000 	C:\Program Files\Java\jdk1.8.0_111\jre\bin\verify.dll
0x0000000058dd0000 - 0x0000000058df9000 	C:\Program Files\Java\jdk1.8.0_111\jre\bin\java.dll
0x0000000058db0000 - 0x0000000058dc6000 	C:\Program Files\Java\jdk1.8.0_111\jre\bin\zip.dll
0x00007ffb695c0000 - 0x00007ffb6aac9000 	C:\Windows\System32\SHELL32.dll
0x00007ffb67d80000 - 0x00007ffb6845a000 	C:\Windows\System32\windows.storage.dll
0x00007ffb67c30000 - 0x00007ffb67c7c000 	C:\Windows\System32\powrprof.dll
0x00007ffb68d20000 - 0x00007ffb68d72000 	C:\Windows\System32\shlwapi.dll
0x00007ffb67c00000 - 0x00007ffb67c0f000 	C:\Windows\System32\kernel.appcore.dll
0x00007ffb68b60000 - 0x00007ffb68c09000 	C:\Windows\System32\shcore.dll
0x00007ffb67c10000 - 0x00007ffb67c24000 	C:\Windows\System32\profapi.dll
0x0000000059cb0000 - 0x0000000059e48000 	C:\Program Files\Java\jdk1.8.0_111\jre\bin\awt.dll
0x00007ffb6b6d0000 - 0x00007ffb6b78f000 	C:\Windows\System32\OLEAUT32.dll
0x00007ffb68c10000 - 0x00007ffb68cac000 	C:\Windows\System32\msvcp_win.dll
0x00007ffb661a0000 - 0x00007ffb6621a000 	C:\Windows\SYSTEM32\apphelp.dll
0x00007ffb66370000 - 0x00007ffb66405000 	C:\Windows\system32\uxtheme.dll
0x00007ffb6ab80000 - 0x00007ffb6acda000 	C:\Windows\System32\MSCTF.dll
0x00007ffb65a40000 - 0x00007ffb65a66000 	C:\Windows\system32\dwmapi.dll
0x00007ffb69480000 - 0x00007ffb695b7000 	C:\Windows\System32\ole32.dll
0x00007ffb61c50000 - 0x00007ffb61ddd000 	C:\Windows\system32\d3d9.dll
0x00007ffb39ba0000 - 0x00007ffb3ac56000 	C:\Windows\SYSTEM32\nvd3dumx.dll
0x00007ffb62c70000 - 0x00007ffb62ddc000 	C:\Program Files (x86)\NVIDIA Corporation\3D Vision\nvSCPAPI64.dll
0x00007ffb6aea0000 - 0x00007ffb6b2c9000 	C:\Windows\System32\SETUPAPI.dll
0x00007ffb62930000 - 0x00007ffb62c66000 	C:\Windows\system32\nvapi64.dll
0x00007ffb66820000 - 0x00007ffb66848000 	C:\Windows\SYSTEM32\DEVOBJ.dll
0x00007ffb68930000 - 0x00007ffb68985000 	C:\Windows\System32\WINTRUST.dll
0x00007ffb67bf0000 - 0x00007ffb67c00000 	C:\Windows\System32\MSASN1.dll
0x00007ffb68990000 - 0x00007ffb68b59000 	C:\Windows\System32\CRYPT32.dll
0x00007ffb66b70000 - 0x00007ffb66c0f000 	C:\Windows\system32\dxgi.dll
0x0000000059c60000 - 0x0000000059ca7000 	C:\Program Files\Java\jdk1.8.0_111\jre\bin\fontmanager.dll
0x00007ffb6b340000 - 0x00007ffb6b3df000 	C:\Windows\System32\clbcatq.dll
0x00007ffb654d0000 - 0x00007ffb65678000 	C:\Windows\SYSTEM32\WindowsCodecs.dll
0x00007ffb578c0000 - 0x00007ffb57909000 	C:\Windows\system32\dataexchange.dll
0x00007ffb64870000 - 0x00007ffb64b26000 	C:\Windows\system32\d3d11.dll
0x00007ffb65b30000 - 0x00007ffb65c81000 	C:\Windows\system32\dcomp.dll
0x00007ffb66610000 - 0x00007ffb6672c000 	C:\Windows\system32\twinapi.appcore.dll
0x00007ffb67b20000 - 0x00007ffb67b4b000 	C:\Windows\system32\bcrypt.dll
0x0000000058d90000 - 0x0000000058daa000 	C:\Program Files\Java\jdk1.8.0_111\jre\bin\net.dll
0x00007ffb674c0000 - 0x00007ffb6751c000 	C:\Windows\system32\mswsock.dll
0x0000000058d70000 - 0x0000000058d81000 	C:\Program Files\Java\jdk1.8.0_111\jre\bin\nio.dll
0x0000000059c10000 - 0x0000000059c52000 	C:\Program Files\Java\jdk1.8.0_111\jre\bin\t2k.dll
0x0000000059be0000 - 0x0000000059c0a000 	C:\Program Files\Java\jdk1.8.0_111\jre\bin\dcpr.dll
0x00007ffb5ff10000 - 0x00007ffb5ffe2000 	C:\Windows\System32\IME\IMEKR\imkrtip.dll
0x00007ffb65680000 - 0x00007ffb65805000 	C:\Windows\SYSTEM32\PROPSYS.dll
0x00007ffb5fdb0000 - 0x00007ffb5ff06000 	C:\Windows\System32\IME\shared\imetip.dll
0x00007ffb65240000 - 0x00007ffb652a5000 	C:\Windows\SYSTEM32\OLEACC.dll
0x00007ffb5f5c0000 - 0x00007ffb5f768000 	C:\Windows\SYSTEM32\DUI70.dll
0x00007ffb615f0000 - 0x00007ffb61628000 	C:\Windows\System32\IME\IMEKR\imkrapi.dll
0x00007ffb61240000 - 0x00007ffb61275000 	C:\Windows\System32\IME\shared\imjkapi.dll
0x00007ffb66f90000 - 0x00007ffb66fc2000 	C:\Windows\SYSTEM32\ntmarta.dll
0x00007ffb5bf10000 - 0x00007ffb5c0a2000 	C:\Windows\SYSTEM32\dbghelp.dll

VM Arguments:
jvm_args: -Dfile.encoding=UTF-8 
java_command: kr.or.dgit.donghun2.Main.MainProcess
java_class_path (initial): D:\workspace_sql\workspace_mybatis\donghun2\bin;C:\Users\SJW\.gradle\caches\modules-2\files-2.1\org.mybatis\mybatis\3.4.2\2b9a5082fe0bdb3128bab8b4b19b23ca0f3d9b38\mybatis-3.4.2.jar;C:\Users\SJW\.gradle\caches\modules-2\files-2.1\log4j\log4j\1.2.17\5af35056b4d257e4b64b9e8069c0746e8b08629f\log4j-1.2.17.jar;C:\Users\SJW\.gradle\caches\modules-2\files-2.1\mysql\mysql-connector-java\5.1.41\b0878056f15616989144d6114d36d3942321d0d1\mysql-connector-java-5.1.41.jar;C:\Users\SJW\.gradle\caches\modules-2\files-2.1\junit\junit\4.12\2973d150c0dc1fefe998f834810d68f278ea58ec\junit-4.12.jar;C:\Users\SJW\.gradle\caches\modules-2\files-2.1\org.hamcrest\hamcrest-core\1.3\42a25dc3219429f0e5d060061f71acb49bf010a0\hamcrest-core-1.3.jar;D:\workspace_sql\workspace_mybatis\donghun2\src\main\resources\erp_myframework.jar;D:\workspace_sql\workspace_mybatis\donghun2\src\main\resources\lib\idw-gpl.jar;D:\workspace_sql\workspace_mybatis\donghun2\src\main\resources\lib\JTattoo.jar;D:\workspace_sql\workspace_mybatis\donghun2\src\main\resources\lib\liquidlnf.jar;D:\workspace_sql\workspace_mybatis\donghun2\src\main\resources\lib\quaqua.jar
Launcher Type: SUN_STANDARD

Environment Variables:
JAVA_HOME=C:\Program Files\Java\jdk1.8.0_111
PATH=C:/Program Files/Java/jdk1.8.0_111/bin/../jre/bin/server;C:/Program Files/Java/jdk1.8.0_111/bin/../jre/bin;C:/Program Files/Java/jdk1.8.0_111/bin/../jre/lib/amd64;C:\Program Files\Java\jdk1.8.0_111\bin;C:\ProgramData\Oracle\Java\javapath;C:\Program Files (x86)\NVIDIA Corporation\PhysX\Common;C:\Windows\system32;C:\Windows;C:\Windows\System32\Wbem;C:\Windows\System32\WindowsPowerShell\v1.0\;C:\Program Files\MySQL\MySQL Server 5.6\bin;C:\Program Files\Git\cmd;D:\gradle-3.4.1\bin;C:\Users\SJW\AppData\Local\Microsoft\WindowsApps;C:\Program Files\Bandizip\7z;C:\eclipse_java;
USERNAME=SJW
OS=Windows_NT
PROCESSOR_IDENTIFIER=Intel64 Family 6 Model 23 Stepping 10, GenuineIntel



---------------  S Y S T E M  ---------------

OS: Windows 10.0 , 64 bit Build 14393 (10.0.14393.0)

CPU:total 4 (4 cores per cpu, 1 threads per core) family 6 model 23 stepping 10, cmov, cx8, fxsr, mmx, sse, sse2, sse3, ssse3, sse4.1, tsc

Memory: 4k page, physical 4192492k(1337656k free), swap 6682860k(1452352k free)

vm_info: Java HotSpot(TM) 64-Bit Server VM (25.111-b14) for windows-amd64 JRE (1.8.0_111-b14), built on Sep 22 2016 19:24:05 by "java_re" with MS VC++ 10.0 (VS2010)

time: Tue Apr 11 11:13:47 2017
elapsed time: 5 seconds (0d 0h 0m 5s)

