#
# A fatal error has been detected by the Java Runtime Environment:
#
#  EXCEPTION_ACCESS_VIOLATION (0xc0000005) at pc=0xffffffffa4385120, pid=1168, tid=0x0000000000000de8
#
# JRE version: Java(TM) SE Runtime Environment (8.0_111-b14) (build 1.8.0_111-b14)
# Java VM: Java HotSpot(TM) 64-Bit Server VM (25.111-b14 mixed mode windows-amd64 compressed oops)
# Problematic frame:
# C  0xffffffffa4385120
#
# Failed to write core dump. Minidumps are not enabled by default on client versions of Windows
#
# If you would like to submit a bug report, please visit:
#   http://bugreport.java.com/bugreport/crash.jsp
#

---------------  T H R E A D  ---------------

Current thread (0x0000000003282800):  JavaThread "main" [_thread_in_Java, id=3560, stack(0x0000000003020000,0x0000000003120000)]

siginfo: ExceptionCode=0xc0000005, ExceptionInformation=0x0000000000000008 0xffffffffa4385120

Registers:
RAX=0x00000000152d0070, RBX=0x00000000152d0070, RCX=0x000000001ab18ad8, RDX=0x00000000ebd909b8
RSP=0x000000000311baf8, RBP=0x000000000311bb68, RSI=0x0000000000000138, RDI=0x0000000000000596
R8 =0x000000000311bb28, R9 =0x00000000ebd909b8, R10=0x000000006c9ac0c0, R11=0x00000000035795e0
R12=0x0000000000000000, R13=0x000000000311bb10, R14=0x000000000311bba0, R15=0x0000000003282800
RIP=0xffffffffa4385120, EFLAGS=0x0000000000010206

Top of Stack: (sp=0x000000000311baf8)
0x000000000311baf8:   0000000003387bb0 0000000003387ae0
0x000000000311bb08:   0000000003387bb0 00000000ebd909b8
0x000000000311bb18:   0000000000000011 00000000ebd909b8
0x000000000311bb28:   000000000311bb18 000000001ab18848
0x000000000311bb38:   000000000311bba0 000000001ab18ad8
0x000000000311bb48:   0000000000000000 000000001ab18920
0x000000000311bb58:   000000000311bb10 000000000311bba0
0x000000000311bb68:   000000000311bbe8 0000000003387e20
0x000000000311bb78:   0000000000000000 0000000000000000
0x000000000311bb88:   0000000000000000 0000000000000000
0x000000000311bb98:   00000000ebd909b8 00000000eb0e1838
0x000000000311bba8:   000000000311bba8 000000001ab18789
0x000000000311bbb8:   000000000311bbf8 000000001ab18ad8
0x000000000311bbc8:   0000000000000000 000000001ab18798
0x000000000311bbd8:   000000000311bba0 000000000311bbf8
0x000000000311bbe8:   000000000311bc40 0000000003387e20 

Instructions: (pc=0xffffffffa4385120)
0xffffffffa4385100:   
[error occurred during error reporting (printing registers, top of stack, instructions near pc), id 0xc0000005]

Register to memory mapping:

RAX={method} {0x00000000152d0078} 'access$400' '(Ljava/util/zip/ZipFile;)J' in 'java/util/zip/ZipFile'
RBX={method} {0x00000000152d0078} 'access$400' '(Ljava/util/zip/ZipFile;)J' in 'java/util/zip/ZipFile'
RCX=0x000000001ab18ad8 is pointing into metadata
RDX=0x00000000ebd909b8 is an oop
java.util.jar.JarFile 
 - klass: 'java/util/jar/JarFile'
RSP=0x000000000311baf8 is pointing into the stack for thread: 0x0000000003282800
RBP=0x000000000311bb68 is pointing into the stack for thread: 0x0000000003282800
RSI=0x0000000000000138 is an unknown value
RDI=0x0000000000000596 is an unknown value
R8 =0x000000000311bb28 is pointing into the stack for thread: 0x0000000003282800
R9 =0x00000000ebd909b8 is an oop
java.util.jar.JarFile 
 - klass: 'java/util/jar/JarFile'
R10=0x000000006c9ac0c0 is an unknown value
R11=0x00000000035795e0 is at entry_point+0 in (nmethod*)0x0000000003579490
R12=0x0000000000000000 is an unknown value
R13=0x000000000311bb10 is pointing into the stack for thread: 0x0000000003282800
R14=0x000000000311bba0 is pointing into the stack for thread: 0x0000000003282800
R15=0x0000000003282800 is a thread


Stack: [0x0000000003020000,0x0000000003120000],  sp=0x000000000311baf8,  free space=1006k
Native frames: (J=compiled Java code, j=interpreted, Vv=VM code, C=native code)
C  0xffffffffa4385120


---------------  P R O C E S S  ---------------

Java Threads: ( => current thread )
  0x0000000018d40000 JavaThread "Abandoned connection cleanup thread" daemon [_thread_blocked, id=7736, stack(0x000000001ab50000,0x000000001ac50000)]
  0x000000001714b000 JavaThread "AWT-Windows" daemon [_thread_in_native, id=9148, stack(0x0000000017ec0000,0x0000000017fc0000)]
  0x000000001719a800 JavaThread "Java2D Disposer" daemon [_thread_blocked, id=4608, stack(0x0000000017cc0000,0x0000000017dc0000)]
  0x0000000016e81000 JavaThread "Service Thread" daemon [_thread_blocked, id=352, stack(0x0000000017720000,0x0000000017820000)]
  0x0000000016e7b800 JavaThread "C1 CompilerThread2" daemon [_thread_blocked, id=7040, stack(0x0000000017620000,0x0000000017720000)]
  0x0000000016e78800 JavaThread "C2 CompilerThread1" daemon [_thread_blocked, id=2280, stack(0x0000000017520000,0x0000000017620000)]
  0x0000000015aa9800 JavaThread "C2 CompilerThread0" daemon [_thread_blocked, id=9024, stack(0x0000000017420000,0x0000000017520000)]
  0x0000000015aa8800 JavaThread "Attach Listener" daemon [_thread_blocked, id=7708, stack(0x0000000017320000,0x0000000017420000)]
  0x0000000015a5c800 JavaThread "Signal Dispatcher" daemon [_thread_blocked, id=7992, stack(0x0000000017220000,0x0000000017320000)]
  0x0000000015a3a800 JavaThread "Finalizer" daemon [_thread_blocked, id=1844, stack(0x0000000016ca0000,0x0000000016da0000)]
  0x000000000336f800 JavaThread "Reference Handler" daemon [_thread_blocked, id=8712, stack(0x0000000016ba0000,0x0000000016ca0000)]
=>0x0000000003282800 JavaThread "main" [_thread_in_Java, id=3560, stack(0x0000000003020000,0x0000000003120000)]

Other Threads:
  0x0000000015a18800 VMThread [stack: 0x0000000016aa0000,0x0000000016ba0000] [id=1748]
  0x0000000016ecd000 WatcherThread [stack: 0x0000000017820000,0x0000000017920000] [id=4732]

VM state:not at safepoint (normal execution)

VM Mutex/Monitor currently owned by a thread: None

Heap:
 PSYoungGen      total 18944K, used 8613K [0x00000000eab00000, 0x00000000ed000000, 0x0000000100000000)
  eden space 16384K, 37% used [0x00000000eab00000,0x00000000eb0eebc8,0x00000000ebb00000)
  from space 2560K, 99% used [0x00000000ebd80000,0x00000000ebffaa80,0x00000000ec000000)
  to   space 2560K, 0% used [0x00000000ebb00000,0x00000000ebb00000,0x00000000ebd80000)
 ParOldGen       total 44032K, used 2329K [0x00000000c0000000, 0x00000000c2b00000, 0x00000000eab00000)
  object space 44032K, 5% used [0x00000000c0000000,0x00000000c02467c0,0x00000000c2b00000)
 Metaspace       used 16055K, capacity 16264K, committed 16512K, reserved 1062912K
  class space    used 2031K, capacity 2099K, committed 2176K, reserved 1048576K

Card table byte_map: [0x0000000012740000,0x0000000012950000] byte_map_base: 0x0000000012140000

Marking Bits: (ParMarkBitMap*) 0x000000006c9ca6c0
 Begin Bits: [0x0000000012eb0000, 0x0000000013eb0000)
 End Bits:   [0x0000000013eb0000, 0x0000000014eb0000)

Polling page: 0x00000000014b0000

CodeCache: size=245760Kb used=3991Kb max_used=3991Kb free=241768Kb
 bounds [0x0000000003380000, 0x0000000003770000, 0x0000000012380000]
 total_blobs=1566 nmethods=1095 adapters=385
 compilation: enabled

Compilation events (10 events):
Event: 6.489 Thread 0x0000000016e7b800 nmethod 1090 0x000000000375c1d0 code [0x000000000375c320, 0x000000000375c430]
Event: 6.489 Thread 0x0000000016e7b800 1091       1       java.nio.charset.CharsetDecoder::malformedInputAction (5 bytes)
Event: 6.489 Thread 0x0000000016e7b800 nmethod 1091 0x000000000375c490 code [0x000000000375c5e0, 0x000000000375c6f0]
Event: 6.505 Thread 0x0000000016e7b800 1092       3       java.util.jar.JarFile::getManifestFromReference (113 bytes)
Event: 6.508 Thread 0x0000000016e7b800 nmethod 1092 0x000000000375c750 code [0x000000000375ca80, 0x000000000375e0d8]
Event: 6.509 Thread 0x0000000016e7b800 1093       3       java.util.Locale::getDefault (4 bytes)
Event: 6.510 Thread 0x0000000016e7b800 nmethod 1093 0x000000000375ee50 code [0x000000000375efa0, 0x000000000375f0f0]
Event: 6.511 Thread 0x0000000016e7b800 1094       1       java.util.zip.ZipFile::access$400 (5 bytes)
Event: 6.511 Thread 0x0000000016e7b800 nmethod 1094 0x000000000375f150 code [0x000000000375f2a0, 0x000000000375f390]
Event: 6.511 Thread 0x0000000016e7b800 1095       3       sun.nio.cs.UTF_8$Decoder::decode (779 bytes)

GC Heap History (4 events):
Event: 3.686 GC heap before
{Heap before GC invocations=1 (full 0):
 PSYoungGen      total 18944K, used 16384K [0x00000000eab00000, 0x00000000ec000000, 0x0000000100000000)
  eden space 16384K, 100% used [0x00000000eab00000,0x00000000ebb00000,0x00000000ebb00000)
  from space 2560K, 0% used [0x00000000ebd80000,0x00000000ebd80000,0x00000000ec000000)
  to   space 2560K, 0% used [0x00000000ebb00000,0x00000000ebb00000,0x00000000ebd80000)
 ParOldGen       total 44032K, used 0K [0x00000000c0000000, 0x00000000c2b00000, 0x00000000eab00000)
  object space 44032K, 0% used [0x00000000c0000000,0x00000000c0000000,0x00000000c2b00000)
 Metaspace       used 14314K, capacity 14498K, committed 14848K, reserved 1062912K
  class space    used 1855K, capacity 1938K, committed 2048K, reserved 1048576K
Event: 3.705 GC heap after
Heap after GC invocations=1 (full 0):
 PSYoungGen      total 18944K, used 2550K [0x00000000eab00000, 0x00000000ec000000, 0x0000000100000000)
  eden space 16384K, 0% used [0x00000000eab00000,0x00000000eab00000,0x00000000ebb00000)
  from space 2560K, 99% used [0x00000000ebb00000,0x00000000ebd7db00,0x00000000ebd80000)
  to   space 2560K, 0% used [0x00000000ebd80000,0x00000000ebd80000,0x00000000ec000000)
 ParOldGen       total 44032K, used 1076K [0x00000000c0000000, 0x00000000c2b00000, 0x00000000eab00000)
  object space 44032K, 2% used [0x00000000c0000000,0x00000000c010d398,0x00000000c2b00000)
 Metaspace       used 14314K, capacity 14498K, committed 14848K, reserved 1062912K
  class space    used 1855K, capacity 1938K, committed 2048K, reserved 1048576K
}
Event: 5.894 GC heap before
{Heap before GC invocations=2 (full 0):
 PSYoungGen      total 18944K, used 18934K [0x00000000eab00000, 0x00000000ec000000, 0x0000000100000000)
  eden space 16384K, 100% used [0x00000000eab00000,0x00000000ebb00000,0x00000000ebb00000)
  from space 2560K, 99% used [0x00000000ebb00000,0x00000000ebd7db00,0x00000000ebd80000)
  to   space 2560K, 0% used [0x00000000ebd80000,0x00000000ebd80000,0x00000000ec000000)
 ParOldGen       total 44032K, used 1076K [0x00000000c0000000, 0x00000000c2b00000, 0x00000000eab00000)
  object space 44032K, 2% used [0x00000000c0000000,0x00000000c010d398,0x00000000c2b00000)
 Metaspace       used 15604K, capacity 15848K, committed 16256K, reserved 1062912K
  class space    used 1989K, capacity 2067K, committed 2176K, reserved 1048576K
Event: 6.019 GC heap after
Heap after GC invocations=2 (full 0):
 PSYoungGen      total 18944K, used 2538K [0x00000000eab00000, 0x00000000ed000000, 0x0000000100000000)
  eden space 16384K, 0% used [0x00000000eab00000,0x00000000eab00000,0x00000000ebb00000)
  from space 2560K, 99% used [0x00000000ebd80000,0x00000000ebffaa80,0x00000000ec000000)
  to   space 2560K, 0% used [0x00000000ebb00000,0x00000000ebb00000,0x00000000ebd80000)
 ParOldGen       total 44032K, used 2329K [0x00000000c0000000, 0x00000000c2b00000, 0x00000000eab00000)
  object space 44032K, 5% used [0x00000000c0000000,0x00000000c02467c0,0x00000000c2b00000)
 Metaspace       used 15604K, capacity 15848K, committed 16256K, reserved 1062912K
  class space    used 1989K, capacity 2067K, committed 2176K, reserved 1048576K
}

Deoptimization events (10 events):
Event: 3.670 Thread 0x0000000003282800 Uncommon trap: reason=unstable_if action=reinterpret pc=0x000000000356b57c method=java.lang.String.indexOf([CII[CIII)I @ 3
Event: 3.958 Thread 0x0000000003282800 Uncommon trap: reason=unstable_if action=reinterpret pc=0x000000000365e704 method=java.io.WinNTFileSystem.normalize(Ljava/lang/String;)Ljava/lang/String; @ 74
Event: 6.022 Thread 0x0000000003282800 Uncommon trap: reason=class_check action=maybe_recompile pc=0x00000000036dd588 method=java.util.HashMap.putVal(ILjava/lang/Object;Ljava/lang/Object;ZZ)Ljava/lang/Object; @ 253
Event: 6.164 Thread 0x0000000003282800 Uncommon trap: reason=unstable_if action=reinterpret pc=0x00000000035c3754 method=java.util.HashMap.getNode(ILjava/lang/Object;)Ljava/util/HashMap$Node; @ 62
Event: 6.165 Thread 0x0000000003282800 Uncommon trap: reason=bimorphic action=maybe_recompile pc=0x00000000036dd688 method=java.util.HashMap.putVal(ILjava/lang/Object;Ljava/lang/Object;ZZ)Ljava/lang/Object; @ 91
Event: 6.224 Thread 0x0000000003282800 Uncommon trap: reason=unstable_if action=reinterpret pc=0x0000000003596080 method=java.util.HashMap.getNode(ILjava/lang/Object;)Ljava/util/HashMap$Node; @ 62
Event: 6.224 Thread 0x0000000003282800 Uncommon trap: reason=bimorphic action=maybe_recompile pc=0x00000000036dd688 method=java.util.HashMap.putVal(ILjava/lang/Object;Ljava/lang/Object;ZZ)Ljava/lang/Object; @ 91
Event: 6.227 Thread 0x0000000003282800 Uncommon trap: reason=class_check action=maybe_recompile pc=0x00000000036dd63c method=java.util.HashMap.putVal(ILjava/lang/Object;Ljava/lang/Object;ZZ)Ljava/lang/Object; @ 203
Event: 6.228 Thread 0x0000000003282800 Uncommon trap: reason=bimorphic action=maybe_recompile pc=0x00000000036dd688 method=java.util.HashMap.putVal(ILjava/lang/Object;Ljava/lang/Object;ZZ)Ljava/lang/Object; @ 91
Event: 6.230 Thread 0x0000000003282800 Uncommon trap: reason=bimorphic action=maybe_recompile pc=0x00000000036dd688 method=java.util.HashMap.putVal(ILjava/lang/Object;Ljava/lang/Object;ZZ)Ljava/lang/Object; @ 91

Internal exceptions (10 events):
Event: 3.218 Thread 0x0000000003282800 Exception <a 'java/lang/ArrayIndexOutOfBoundsException'> (0x00000000eb3c00c8) thrown at [C:\re\workspace\8-2-build-windows-amd64-cygwin\jdk8u111\7883\hotspot\src\share\vm\runtime\sharedRuntime.cpp, line 605]
Event: 3.222 Thread 0x0000000003282800 Exception <a 'java/lang/ArrayIndexOutOfBoundsException'> (0x00000000eb3cd770) thrown at [C:\re\workspace\8-2-build-windows-amd64-cygwin\jdk8u111\7883\hotspot\src\share\vm\runtime\sharedRuntime.cpp, line 605]
Event: 3.756 Thread 0x0000000003282800 Exception <a 'java/lang/ArrayIndexOutOfBoundsException'> (0x00000000eabf8340) thrown at [C:\re\workspace\8-2-build-windows-amd64-cygwin\jdk8u111\7883\hotspot\src\share\vm\runtime\sharedRuntime.cpp, line 605]
Event: 3.756 Thread 0x0000000003282800 Exception <a 'java/lang/ArrayIndexOutOfBoundsException'> (0x00000000eabf91f0) thrown at [C:\re\workspace\8-2-build-windows-amd64-cygwin\jdk8u111\7883\hotspot\src\share\vm\runtime\sharedRuntime.cpp, line 605]
Event: 3.762 Thread 0x0000000003282800 Exception <a 'java/lang/ArrayIndexOutOfBoundsException'> (0x00000000eac02af0) thrown at [C:\re\workspace\8-2-build-windows-amd64-cygwin\jdk8u111\7883\hotspot\src\share\vm\runtime\sharedRuntime.cpp, line 605]
Event: 3.763 Thread 0x0000000003282800 Exception <a 'java/lang/ArrayIndexOutOfBoundsException'> (0x00000000eac07970) thrown at [C:\re\workspace\8-2-build-windows-amd64-cygwin\jdk8u111\7883\hotspot\src\share\vm\runtime\sharedRuntime.cpp, line 605]
Event: 3.763 Thread 0x0000000003282800 Exception <a 'java/lang/ArrayIndexOutOfBoundsException'> (0x00000000eac08920) thrown at [C:\re\workspace\8-2-build-windows-amd64-cygwin\jdk8u111\7883\hotspot\src\share\vm\runtime\sharedRuntime.cpp, line 605]
Event: 3.764 Thread 0x0000000003282800 Exception <a 'java/lang/ArrayIndexOutOfBoundsException'> (0x00000000eac09738) thrown at [C:\re\workspace\8-2-build-windows-amd64-cygwin\jdk8u111\7883\hotspot\src\share\vm\runtime\sharedRuntime.cpp, line 605]
Event: 3.764 Thread 0x0000000003282800 Exception <a 'java/lang/ArrayIndexOutOfBoundsException'> (0x00000000eac0a3e0) thrown at [C:\re\workspace\8-2-build-windows-amd64-cygwin\jdk8u111\7883\hotspot\src\share\vm\runtime\sharedRuntime.cpp, line 605]
Event: 3.764 Thread 0x0000000003282800 Exception <a 'java/lang/ArrayIndexOutOfBoundsException'> (0x00000000eac0b050) thrown at [C:\re\workspace\8-2-build-windows-amd64-cygwin\jdk8u111\7883\hotspot\src\share\vm\runtime\sharedRuntime.cpp, line 605]

Events (10 events):
Event: 6.500 loading class java/sql/SQLType done
Event: 6.500 loading class java/sql/JDBCType done
Event: 6.504 loading class com/mysql/jdbc/Messages
Event: 6.504 loading class com/mysql/jdbc/Messages done
Event: 6.508 loading class com/mysql/jdbc/LocalizedErrorMessages
Event: 6.508 loading class com/mysql/jdbc/LocalizedErrorMessages done
Event: 6.509 loading class java/util/jar/JarFile$JarEntryIterator
Event: 6.510 loading class java/util/jar/JarFile$JarEntryIterator done
Event: 6.510 loading class java/util/zip/ZipFile$ZipEntryIterator
Event: 6.510 loading class java/util/zip/ZipFile$ZipEntryIterator done


Dynamic libraries:
0x00007ff79e1d0000 - 0x00007ff79e207000 	C:\Program Files\Java\jdk1.8.0_111\bin\javaw.exe
0x00007ffdd0f50000 - 0x00007ffdd1121000 	C:\Windows\SYSTEM32\ntdll.dll
0x00007ffdce720000 - 0x00007ffdce7cb000 	C:\Windows\System32\KERNEL32.DLL
0x00007ffdcdc30000 - 0x00007ffdcde4d000 	C:\Windows\System32\KERNELBASE.dll
0x00007ffdce870000 - 0x00007ffdce912000 	C:\Windows\System32\ADVAPI32.dll
0x00007ffdce7d0000 - 0x00007ffdce86e000 	C:\Windows\System32\msvcrt.dll
0x00007ffdce4e0000 - 0x00007ffdce539000 	C:\Windows\System32\sechost.dll
0x00007ffdd00f0000 - 0x00007ffdd0211000 	C:\Windows\System32\RPCRT4.dll
0x00007ffdce5b0000 - 0x00007ffdce715000 	C:\Windows\System32\USER32.dll
0x00007ffdce0b0000 - 0x00007ffdce0ce000 	C:\Windows\System32\win32u.dll
0x00007ffdcff50000 - 0x00007ffdcff84000 	C:\Windows\System32\GDI32.dll
0x00007ffdce350000 - 0x00007ffdce4d2000 	C:\Windows\System32\gdi32full.dll
0x00007ffdc6e20000 - 0x00007ffdc709a000 	C:\Windows\WinSxS\amd64_microsoft.windows.common-controls_6595b64144ccf1df_6.0.14393.953_none_42151e83c686086b\COMCTL32.dll
0x00007ffdd0bc0000 - 0x00007ffdd0e88000 	C:\Windows\System32\combase.dll
0x00007ffdcdec0000 - 0x00007ffdcdfb5000 	C:\Windows\System32\ucrtbase.dll
0x00007ffdcde50000 - 0x00007ffdcdeba000 	C:\Windows\System32\bcryptPrimitives.dll
0x00007ffdcfe50000 - 0x00007ffdcfe7e000 	C:\Windows\System32\IMM32.DLL
0x000000006c0d0000 - 0x000000006c1a2000 	C:\Program Files\Java\jdk1.8.0_111\jre\bin\msvcr100.dll
0x000000006c1b0000 - 0x000000006ca4a000 	C:\Program Files\Java\jdk1.8.0_111\jre\bin\server\jvm.dll
0x00007ffdcfe80000 - 0x00007ffdcfe88000 	C:\Windows\System32\PSAPI.DLL
0x00007ffdb9ad0000 - 0x00007ffdb9ad9000 	C:\Windows\SYSTEM32\WSOCK32.dll
0x00007ffdd02d0000 - 0x00007ffdd033a000 	C:\Windows\System32\WS2_32.dll
0x00007ffdcb830000 - 0x00007ffdcb853000 	C:\Windows\SYSTEM32\WINMM.dll
0x00007ffdc8b20000 - 0x00007ffdc8b2a000 	C:\Windows\SYSTEM32\VERSION.dll
0x00007ffdcb6c0000 - 0x00007ffdcb6eb000 	C:\Windows\SYSTEM32\WINMMBASE.dll
0x00007ffdce060000 - 0x00007ffdce0a2000 	C:\Windows\System32\cfgmgr32.dll
0x000000006d650000 - 0x000000006d65f000 	C:\Program Files\Java\jdk1.8.0_111\jre\bin\verify.dll
0x000000006cc90000 - 0x000000006ccb9000 	C:\Program Files\Java\jdk1.8.0_111\jre\bin\java.dll
0x000000006cc50000 - 0x000000006cc66000 	C:\Program Files\Java\jdk1.8.0_111\jre\bin\zip.dll
0x00007ffdce940000 - 0x00007ffdcfe49000 	C:\Windows\System32\SHELL32.dll
0x00007ffdcd550000 - 0x00007ffdcdc2a000 	C:\Windows\System32\windows.storage.dll
0x00007ffdcd3f0000 - 0x00007ffdcd43c000 	C:\Windows\System32\powrprof.dll
0x00007ffdd04e0000 - 0x00007ffdd0532000 	C:\Windows\System32\shlwapi.dll
0x00007ffdcd3c0000 - 0x00007ffdcd3cf000 	C:\Windows\System32\kernel.appcore.dll
0x00007ffdce0d0000 - 0x00007ffdce179000 	C:\Windows\System32\shcore.dll
0x00007ffdcd3d0000 - 0x00007ffdcd3e4000 	C:\Windows\System32\profapi.dll
0x000000006bf30000 - 0x000000006c0c8000 	C:\Program Files\Java\jdk1.8.0_111\jre\bin\awt.dll
0x00007ffdd0e90000 - 0x00007ffdd0f4f000 	C:\Windows\System32\OLEAUT32.dll
0x00007ffdcdfc0000 - 0x00007ffdce05c000 	C:\Windows\System32\msvcp_win.dll
0x00007ffdcb950000 - 0x00007ffdcb9ca000 	C:\Windows\SYSTEM32\apphelp.dll
0x00007ffdcbb30000 - 0x00007ffdcbbc5000 	C:\Windows\system32\uxtheme.dll
0x00007ffdcff90000 - 0x00007ffdd00ea000 	C:\Windows\System32\MSCTF.dll
0x00007ffdcb2c0000 - 0x00007ffdcb2e6000 	C:\Windows\system32\dwmapi.dll
0x00007ffdd0a80000 - 0x00007ffdd0bb7000 	C:\Windows\System32\ole32.dll
0x00007ffdbc670000 - 0x00007ffdbc7fd000 	C:\Windows\system32\d3d9.dll
0x00007ffd9d0d0000 - 0x00007ffd9e186000 	C:\Windows\SYSTEM32\nvd3dumx.dll
0x00007ffdc82f0000 - 0x00007ffdc845c000 	C:\Program Files (x86)\NVIDIA Corporation\3D Vision\nvSCPAPI64.dll
0x00007ffdd0540000 - 0x00007ffdd0969000 	C:\Windows\System32\SETUPAPI.dll
0x000000006bee0000 - 0x000000006bf27000 	C:\Program Files\Java\jdk1.8.0_111\jre\bin\fontmanager.dll
0x000000006cc30000 - 0x000000006cc4a000 	C:\Program Files\Java\jdk1.8.0_111\jre\bin\net.dll
0x00007ffdccc80000 - 0x00007ffdcccdc000 	C:\Windows\system32\mswsock.dll
0x000000006cc10000 - 0x000000006cc21000 	C:\Program Files\Java\jdk1.8.0_111\jre\bin\nio.dll
0x000000006be90000 - 0x000000006bed2000 	C:\Program Files\Java\jdk1.8.0_111\jre\bin\t2k.dll
0x00007ffdc1de0000 - 0x00007ffdc1f72000 	C:\Windows\SYSTEM32\dbghelp.dll

VM Arguments:
jvm_args: -Dfile.encoding=UTF-8 
java_command: kr.or.dgit.donghun2.Main.Main
java_class_path (initial): D:\workspace_mybatis\donghun2\bin;C:\Users\SDH\.gradle\caches\modules-2\files-2.1\org.mybatis\mybatis\3.4.2\2b9a5082fe0bdb3128bab8b4b19b23ca0f3d9b38\mybatis-3.4.2.jar;C:\Users\SDH\.gradle\caches\modules-2\files-2.1\log4j\log4j\1.2.17\5af35056b4d257e4b64b9e8069c0746e8b08629f\log4j-1.2.17.jar;C:\Users\SDH\.gradle\caches\modules-2\files-2.1\mysql\mysql-connector-java\5.1.41\b0878056f15616989144d6114d36d3942321d0d1\mysql-connector-java-5.1.41.jar;C:\Users\SDH\.gradle\caches\modules-2\files-2.1\junit\junit\4.12\2973d150c0dc1fefe998f834810d68f278ea58ec\junit-4.12.jar;C:\Users\SDH\.gradle\caches\modules-2\files-2.1\org.hamcrest\hamcrest-core\1.3\42a25dc3219429f0e5d060061f71acb49bf010a0\hamcrest-core-1.3.jar;D:\workspace_mybatis\donghun2\src\main\resources\erp_myframework.jar;D:\workspace_mybatis\donghun2\lib\idw-gpl.jar;D:\workspace_mybatis\donghun2\lib\JTattoo.jar;D:\workspace_mybatis\donghun2\lib\liquidlnf.jar;D:\workspace_mybatis\donghun2\lib\quaqua.jar
Launcher Type: SUN_STANDARD

Environment Variables:
JAVA_HOME=C:\Program Files\Java\jdk1.8.0_111
PATH=C:/Program Files/Java/jdk1.8.0_111/bin/../jre/bin/server;C:/Program Files/Java/jdk1.8.0_111/bin/../jre/bin;C:/Program Files/Java/jdk1.8.0_111/bin/../jre/lib/amd64;C:\Program Files\Java\jdk1.8.0_111\bin;C:\ProgramData\Oracle\Java\javapath;C:\Program Files (x86)\NVIDIA Corporation\PhysX\Common;C:\Windows\system32;C:\Windows;C:\Windows\System32\Wbem;C:\Windows\System32\WindowsPowerShell\v1.0\;C:\Program Files\MySQL\MySQL Server 5.6\bin;C:\Program Files\Git\cmd;D:\gradle-3.4.1\bin;C:\Users\SDH\AppData\Local\Microsoft\WindowsApps;C:\Program Files\Bandizip\7z;D:\program\eclipse_java\eclipse;
USERNAME=SDH
OS=Windows_NT
PROCESSOR_IDENTIFIER=Intel64 Family 6 Model 23 Stepping 10, GenuineIntel



---------------  S Y S T E M  ---------------

OS: Windows 10.0 , 64 bit Build 14393 (10.0.14393.0)

CPU:total 4 (4 cores per cpu, 1 threads per core) family 6 model 23 stepping 10, cmov, cx8, fxsr, mmx, sse, sse2, sse3, ssse3, sse4.1, tsc

Memory: 4k page, physical 4192492k(1049284k free), swap 9697516k(3100424k free)

vm_info: Java HotSpot(TM) 64-Bit Server VM (25.111-b14) for windows-amd64 JRE (1.8.0_111-b14), built on Sep 22 2016 19:24:05 by "java_re" with MS VC++ 10.0 (VS2010)

time: Thu Mar 30 12:31:19 2017
elapsed time: 6 seconds (0d 0h 0m 6s)

