#
# A fatal error has been detected by the Java Runtime Environment:
#
#  EXCEPTION_ACCESS_VIOLATION (0xc0000005) at pc=0xffffffffa42b5120, pid=3908, tid=0x0000000000000a04
#
# JRE version: Java(TM) SE Runtime Environment (8.0_111-b14) (build 1.8.0_111-b14)
# Java VM: Java HotSpot(TM) 64-Bit Server VM (25.111-b14 mixed mode windows-amd64 compressed oops)
# Problematic frame:
# C  0xffffffffa42b5120
#
# Failed to write core dump. Minidumps are not enabled by default on client versions of Windows
#
# If you would like to submit a bug report, please visit:
#   http://bugreport.java.com/bugreport/crash.jsp
#

---------------  T H R E A D  ---------------

Current thread (0x00000000170d0000):  JavaThread "AWT-EventQueue-0" [_thread_in_Java, id=2564, stack(0x0000000018520000,0x0000000018620000)]

siginfo: ExceptionCode=0xc0000005, ExceptionInformation=0x0000000000000008 0xffffffffa42b5120

Registers:
RAX=0x00000001000016d0, RBX=0x00000000151127e8, RCX=0x00000000eb0376a0, RDX=0x00000000ebd25d98
RSP=0x000000001861bd08, RBP=0x000000001861be00, RSI=0x00000000ebd25d98, RDI=0x00000001000016d0
R8 =0x00000000ebd25d98, R9 =0x00000000eaf33578, R10=0x00000001000016d0, R11=0x00000000036bf1a0
R12=0x0000000000000000, R13=0x000000001861bdb0, R14=0x000000001861be70, R15=0x00000000170d0000
RIP=0xffffffffa42b5120, EFLAGS=0x0000000000010246

Top of Stack: (sp=0x000000001861bd08)
0x000000001861bd08:   00000000036bad0c 000000001b7ea238
0x000000001861bd18:   00000000170d0000 0000000200000019
0x000000001861bd28:   000000001b7ea238 00000000eb0378a0
0x000000001861bd38:   00000000ebd25d98 00000000032b7e20
0x000000001861bd48:   00000000170d0000 000000001861be00
0x000000001861bd58:   00000000036bf274 0000000000000000
0x000000001861bd68:   0000000000000006 0000000000000007
0x000000001861bd78:   000000001861be00 00000000000000b2
0x000000001861bd88:   00000000032d0b5a 000000001861be00
0x000000001861bd98:   00000000032b78b5 0000000000000008
0x000000001861bda8:   00000000032b78b5 00000000ebd25d98
0x000000001861bdb8:   00000000eb0376a0 000000001861bdc0
0x000000001861bdc8:   000000001b7ef70a 000000001861be70
0x000000001861bdd8:   000000001b800028 0000000000000000
0x000000001861bde8:   000000001b7efb20 000000001861bdb0
0x000000001861bdf8:   000000001861be78 000000001861bf50 

Instructions: (pc=0xffffffffa42b5120)
0xffffffffa42b5100:   
[error occurred during error reporting (printing registers, top of stack, instructions near pc), id 0xc0000005]

Register to memory mapping:

RAX=0x00000001000016d0 is pointing into metadata
RBX=0x00000000151127e8 is pointing into metadata
RCX=0x00000000eb0376a0 is an oop
java.util.TreeMap 
 - klass: 'java/util/TreeMap'
RDX=0x00000000ebd25d98 is an oop
java.lang.String 
 - klass: 'java/lang/String'
RSP=0x000000001861bd08 is pointing into the stack for thread: 0x00000000170d0000
RBP=0x000000001861be00 is pointing into the stack for thread: 0x00000000170d0000
RSI=0x00000000ebd25d98 is an oop
java.lang.String 
 - klass: 'java/lang/String'
RDI=0x00000001000016d0 is pointing into metadata
R8 =0x00000000ebd25d98 is an oop
java.lang.String 
 - klass: 'java/lang/String'
R9 =0x00000000eaf33578 is an oop
java.lang.Class 
 - klass: 'java/lang/Class'
R10=0x00000001000016d0 is pointing into metadata
R11=0x00000000036bf1a0 is at entry_point+32 in (nmethod*)0x00000000036bf010
R12=0x0000000000000000 is an unknown value
R13=0x000000001861bdb0 is pointing into the stack for thread: 0x00000000170d0000
R14=0x000000001861be70 is pointing into the stack for thread: 0x00000000170d0000
R15=0x00000000170d0000 is a thread


Stack: [0x0000000018520000,0x0000000018620000],  sp=0x000000001861bd08,  free space=1007k
Native frames: (J=compiled Java code, j=interpreted, Vv=VM code, C=native code)
C  0xffffffffa42b5120


---------------  P R O C E S S  ---------------

Java Threads: ( => current thread )
  0x0000000017c10000 JavaThread "Abandoned connection cleanup thread" daemon [_thread_blocked, id=4960, stack(0x000000001b680000,0x000000001b780000)]
  0x00000000031b0800 JavaThread "DestroyJavaVM" [_thread_blocked, id=5608, stack(0x0000000002d00000,0x0000000002e00000)]
=>0x00000000170d0000 JavaThread "AWT-EventQueue-0" [_thread_in_Java, id=2564, stack(0x0000000018520000,0x0000000018620000)]
  0x00000000170ce000 JavaThread "AWT-Windows" daemon [_thread_in_native, id=1384, stack(0x00000000182b0000,0x00000000183b0000)]
  0x00000000170ca000 JavaThread "AWT-Shutdown" [_thread_blocked, id=8672, stack(0x00000000181b0000,0x00000000182b0000)]
  0x00000000178f3000 JavaThread "Java2D Disposer" daemon [_thread_blocked, id=1316, stack(0x00000000180b0000,0x00000000181b0000)]
  0x0000000016d64800 JavaThread "Service Thread" daemon [_thread_blocked, id=3140, stack(0x00000000175e0000,0x00000000176e0000)]
  0x0000000016d2b000 JavaThread "C1 CompilerThread2" daemon [_thread_blocked, id=5816, stack(0x00000000174e0000,0x00000000175e0000)]
  0x0000000016ced800 JavaThread "C2 CompilerThread1" daemon [_thread_blocked, id=3420, stack(0x00000000173e0000,0x00000000174e0000)]
  0x00000000159da800 JavaThread "C2 CompilerThread0" daemon [_thread_blocked, id=7036, stack(0x00000000172e0000,0x00000000173e0000)]
  0x0000000016ce8800 JavaThread "Attach Listener" daemon [_thread_blocked, id=7092, stack(0x00000000171e0000,0x00000000172e0000)]
  0x000000001598e800 JavaThread "Signal Dispatcher" daemon [_thread_blocked, id=4304, stack(0x00000000170e0000,0x00000000171e0000)]
  0x00000000032aa800 JavaThread "Finalizer" daemon [_thread_blocked, id=6448, stack(0x0000000016be0000,0x0000000016ce0000)]
  0x000000000329f800 JavaThread "Reference Handler" daemon [_thread_blocked, id=4072, stack(0x0000000016ae0000,0x0000000016be0000)]

Other Threads:
  0x0000000015948800 VMThread [stack: 0x00000000169e0000,0x0000000016ae0000] [id=9200]
  0x0000000016d87800 WatcherThread [stack: 0x00000000176e0000,0x00000000177e0000] [id=7508]

VM state:not at safepoint (normal execution)

VM Mutex/Monitor currently owned by a thread: None

Heap:
 PSYoungGen      total 18944K, used 8073K [0x00000000eab00000, 0x00000000ed000000, 0x0000000100000000)
  eden space 16384K, 33% used [0x00000000eab00000,0x00000000eb067a98,0x00000000ebb00000)
  from space 2560K, 99% used [0x00000000ebb00000,0x00000000ebd7aa50,0x00000000ebd80000)
  to   space 2560K, 0% used [0x00000000ecd80000,0x00000000ecd80000,0x00000000ed000000)
 ParOldGen       total 44032K, used 2360K [0x00000000c0000000, 0x00000000c2b00000, 0x00000000eab00000)
  object space 44032K, 5% used [0x00000000c0000000,0x00000000c024e298,0x00000000c2b00000)
 Metaspace       used 16876K, capacity 17084K, committed 17280K, reserved 1064960K
  class space    used 2091K, capacity 2151K, committed 2176K, reserved 1048576K

Card table byte_map: [0x0000000012670000,0x0000000012880000] byte_map_base: 0x0000000012070000

Marking Bits: (ParMarkBitMap*) 0x000000005962a6c0
 Begin Bits: [0x0000000012de0000, 0x0000000013de0000)
 End Bits:   [0x0000000013de0000, 0x0000000014de0000)

Polling page: 0x0000000000fa0000

CodeCache: size=245760Kb used=4151Kb max_used=4162Kb free=241608Kb
 bounds [0x00000000032b0000, 0x00000000036d0000, 0x00000000122b0000]
 total_blobs=1683 nmethods=1204 adapters=394
 compilation: enabled

Compilation events (10 events):
Event: 1.647 Thread 0x0000000016d2b000 1199       3       java.util.TreeMap::fixAfterInsertion (267 bytes)
Event: 1.649 Thread 0x0000000016ced800 1203       4       java.lang.String::compareTo (78 bytes)
Event: 1.650 Thread 0x00000000159da800 1204       4       java.lang.String::compareTo (9 bytes)
Event: 1.651 Thread 0x0000000016d2b000 nmethod 1199 0x00000000036bb2d0 code [0x00000000036bb740, 0x00000000036bde58]
Event: 1.651 Thread 0x0000000016d2b000 1201       3       java.util.TreeMap::containsKey (14 bytes)
Event: 1.651 Thread 0x0000000016d2b000 nmethod 1201 0x00000000036bf010 code [0x00000000036bf180, 0x00000000036bf3e8]
Event: 1.651 Thread 0x0000000016d2b000 1202       3       java.util.TreeMap::get (19 bytes)
Event: 1.651 Thread 0x0000000016d2b000 nmethod 1202 0x00000000036c2190 code [0x00000000036c2300, 0x00000000036c2568]
Event: 1.651 Thread 0x00000000159da800 nmethod 1204 0x00000000036c2650 code [0x00000000036c27a0, 0x00000000036c2898]
Event: 1.651 Thread 0x0000000016d2b000 1200       3       java.util.TreeMap::colorOf (13 bytes)

GC Heap History (6 events):
Event: 1.060 GC heap before
{Heap before GC invocations=1 (full 0):
 PSYoungGen      total 18944K, used 16384K [0x00000000eab00000, 0x00000000ec000000, 0x0000000100000000)
  eden space 16384K, 100% used [0x00000000eab00000,0x00000000ebb00000,0x00000000ebb00000)
  from space 2560K, 0% used [0x00000000ebd80000,0x00000000ebd80000,0x00000000ec000000)
  to   space 2560K, 0% used [0x00000000ebb00000,0x00000000ebb00000,0x00000000ebd80000)
 ParOldGen       total 44032K, used 0K [0x00000000c0000000, 0x00000000c2b00000, 0x00000000eab00000)
  object space 44032K, 0% used [0x00000000c0000000,0x00000000c0000000,0x00000000c2b00000)
 Metaspace       used 14040K, capacity 14230K, committed 14464K, reserved 1062912K
  class space    used 1807K, capacity 1862K, committed 1920K, reserved 1048576K
Event: 1.070 GC heap after
Heap after GC invocations=1 (full 0):
 PSYoungGen      total 18944K, used 2551K [0x00000000eab00000, 0x00000000ec000000, 0x0000000100000000)
  eden space 16384K, 0% used [0x00000000eab00000,0x00000000eab00000,0x00000000ebb00000)
  from space 2560K, 99% used [0x00000000ebb00000,0x00000000ebd7df70,0x00000000ebd80000)
  to   space 2560K, 0% used [0x00000000ebd80000,0x00000000ebd80000,0x00000000ec000000)
 ParOldGen       total 44032K, used 1005K [0x00000000c0000000, 0x00000000c2b00000, 0x00000000eab00000)
  object space 44032K, 2% used [0x00000000c0000000,0x00000000c00fb508,0x00000000c2b00000)
 Metaspace       used 14040K, capacity 14230K, committed 14464K, reserved 1062912K
  class space    used 1807K, capacity 1862K, committed 1920K, reserved 1048576K
}
Event: 1.364 GC heap before
{Heap before GC invocations=2 (full 0):
 PSYoungGen      total 18944K, used 18935K [0x00000000eab00000, 0x00000000ec000000, 0x0000000100000000)
  eden space 16384K, 100% used [0x00000000eab00000,0x00000000ebb00000,0x00000000ebb00000)
  from space 2560K, 99% used [0x00000000ebb00000,0x00000000ebd7df70,0x00000000ebd80000)
  to   space 2560K, 0% used [0x00000000ebd80000,0x00000000ebd80000,0x00000000ec000000)
 ParOldGen       total 44032K, used 1005K [0x00000000c0000000, 0x00000000c2b00000, 0x00000000eab00000)
  object space 44032K, 2% used [0x00000000c0000000,0x00000000c00fb508,0x00000000c2b00000)
 Metaspace       used 15234K, capacity 15420K, committed 15616K, reserved 1062912K
  class space    used 1942K, capacity 2023K, committed 2048K, reserved 1048576K
Event: 1.375 GC heap after
Heap after GC invocations=2 (full 0):
 PSYoungGen      total 18944K, used 2556K [0x00000000eab00000, 0x00000000ed000000, 0x0000000100000000)
  eden space 16384K, 0% used [0x00000000eab00000,0x00000000eab00000,0x00000000ebb00000)
  from space 2560K, 99% used [0x00000000ebd80000,0x00000000ebfff150,0x00000000ec000000)
  to   space 2560K, 0% used [0x00000000ebb00000,0x00000000ebb00000,0x00000000ebd80000)
 ParOldGen       total 44032K, used 2089K [0x00000000c0000000, 0x00000000c2b00000, 0x00000000eab00000)
  object space 44032K, 4% used [0x00000000c0000000,0x00000000c020a740,0x00000000c2b00000)
 Metaspace       used 15234K, capacity 15420K, committed 15616K, reserved 1062912K
  class space    used 1942K, capacity 2023K, committed 2048K, reserved 1048576K
}
Event: 1.463 GC heap before
{Heap before GC invocations=3 (full 0):
 PSYoungGen      total 18944K, used 18928K [0x00000000eab00000, 0x00000000ed000000, 0x0000000100000000)
  eden space 16384K, 99% used [0x00000000eab00000,0x00000000ebafd158,0x00000000ebb00000)
  from space 2560K, 99% used [0x00000000ebd80000,0x00000000ebfff150,0x00000000ec000000)
  to   space 2560K, 0% used [0x00000000ebb00000,0x00000000ebb00000,0x00000000ebd80000)
 ParOldGen       total 44032K, used 2089K [0x00000000c0000000, 0x00000000c2b00000, 0x00000000eab00000)
  object space 44032K, 4% used [0x00000000c0000000,0x00000000c020a740,0x00000000c2b00000)
 Metaspace       used 15328K, capacity 15484K, committed 15616K, reserved 1062912K
  class space    used 1942K, capacity 2023K, committed 2048K, reserved 1048576K
Event: 1.472 GC heap after
Heap after GC invocations=3 (full 0):
 PSYoungGen      total 18944K, used 2538K [0x00000000eab00000, 0x00000000ed000000, 0x0000000100000000)
  eden space 16384K, 0% used [0x00000000eab00000,0x00000000eab00000,0x00000000ebb00000)
  from space 2560K, 99% used [0x00000000ebb00000,0x00000000ebd7aa50,0x00000000ebd80000)
  to   space 2560K, 0% used [0x00000000ecd80000,0x00000000ecd80000,0x00000000ed000000)
 ParOldGen       total 44032K, used 2360K [0x00000000c0000000, 0x00000000c2b00000, 0x00000000eab00000)
  object space 44032K, 5% used [0x00000000c0000000,0x00000000c024e298,0x00000000c2b00000)
 Metaspace       used 15328K, capacity 15484K, committed 15616K, reserved 1062912K
  class space    used 1942K, capacity 2023K, committed 2048K, reserved 1048576K
}

Deoptimization events (10 events):
Event: 1.439 Thread 0x00000000170d0000 Uncommon trap: reason=class_check action=maybe_recompile pc=0x000000000360e4a0 method=java.util.HashMap.putVal(ILjava/lang/Object;Ljava/lang/Object;ZZ)Ljava/lang/Object; @ 253
Event: 1.474 Thread 0x00000000170d0000 Uncommon trap: reason=class_check action=maybe_recompile pc=0x000000000360e4a0 method=java.util.HashMap.putVal(ILjava/lang/Object;Ljava/lang/Object;ZZ)Ljava/lang/Object; @ 253
Event: 1.492 Thread 0x00000000170d0000 Uncommon trap: reason=unstable_if action=reinterpret pc=0x000000000358bb30 method=java.util.HashMap.getNode(ILjava/lang/Object;)Ljava/util/HashMap$Node; @ 62
Event: 1.492 Thread 0x00000000170d0000 Uncommon trap: reason=bimorphic action=maybe_recompile pc=0x000000000360e540 method=java.util.HashMap.putVal(ILjava/lang/Object;Ljava/lang/Object;ZZ)Ljava/lang/Object; @ 91
Event: 1.493 Thread 0x00000000170d0000 Uncommon trap: reason=unstable_if action=reinterpret pc=0x00000000034dd7b4 method=java.util.HashMap.getNode(ILjava/lang/Object;)Ljava/util/HashMap$Node; @ 62
Event: 1.493 Thread 0x00000000170d0000 Uncommon trap: reason=bimorphic action=maybe_recompile pc=0x000000000360e540 method=java.util.HashMap.putVal(ILjava/lang/Object;Ljava/lang/Object;ZZ)Ljava/lang/Object; @ 91
Event: 1.493 Thread 0x00000000170d0000 Uncommon trap: reason=bimorphic action=maybe_recompile pc=0x000000000360e540 method=java.util.HashMap.putVal(ILjava/lang/Object;Ljava/lang/Object;ZZ)Ljava/lang/Object; @ 91
Event: 1.493 Thread 0x00000000170d0000 Uncommon trap: reason=bimorphic action=maybe_recompile pc=0x000000000360e540 method=java.util.HashMap.putVal(ILjava/lang/Object;Ljava/lang/Object;ZZ)Ljava/lang/Object; @ 91
Event: 1.493 Thread 0x00000000170d0000 Uncommon trap: reason=class_check action=maybe_recompile pc=0x0000000003603a28 method=java.util.HashMap.putVal(ILjava/lang/Object;Ljava/lang/Object;ZZ)Ljava/lang/Object; @ 203
Event: 1.493 Thread 0x00000000170d0000 Uncommon trap: reason=bimorphic action=maybe_recompile pc=0x0000000003603a68 method=java.util.HashMap.putVal(ILjava/lang/Object;Ljava/lang/Object;ZZ)Ljava/lang/Object; @ 91

Internal exceptions (10 events):
Event: 1.104 Thread 0x00000000170d0000 Exception <a 'java/lang/ArrayIndexOutOfBoundsException'> (0x00000000eabf4d08) thrown at [C:\re\workspace\8-2-build-windows-amd64-cygwin\jdk8u111\7883\hotspot\src\share\vm\runtime\sharedRuntime.cpp, line 605]
Event: 1.105 Thread 0x00000000170d0000 Exception <a 'java/lang/ArrayIndexOutOfBoundsException'> (0x00000000eabf5b20) thrown at [C:\re\workspace\8-2-build-windows-amd64-cygwin\jdk8u111\7883\hotspot\src\share\vm\runtime\sharedRuntime.cpp, line 605]
Event: 1.105 Thread 0x00000000170d0000 Exception <a 'java/lang/ArrayIndexOutOfBoundsException'> (0x00000000eabf67c8) thrown at [C:\re\workspace\8-2-build-windows-amd64-cygwin\jdk8u111\7883\hotspot\src\share\vm\runtime\sharedRuntime.cpp, line 605]
Event: 1.105 Thread 0x00000000170d0000 Exception <a 'java/lang/ArrayIndexOutOfBoundsException'> (0x00000000eabf7438) thrown at [C:\re\workspace\8-2-build-windows-amd64-cygwin\jdk8u111\7883\hotspot\src\share\vm\runtime\sharedRuntime.cpp, line 605]
Event: 1.105 Thread 0x00000000170d0000 Exception <a 'java/lang/ArrayIndexOutOfBoundsException'> (0x00000000eabf8790) thrown at [C:\re\workspace\8-2-build-windows-amd64-cygwin\jdk8u111\7883\hotspot\src\share\vm\runtime\sharedRuntime.cpp, line 605]
Event: 1.105 Thread 0x00000000170d0000 Exception <a 'java/lang/ArrayIndexOutOfBoundsException'> (0x00000000eabf9910) thrown at [C:\re\workspace\8-2-build-windows-amd64-cygwin\jdk8u111\7883\hotspot\src\share\vm\runtime\sharedRuntime.cpp, line 605]
Event: 1.105 Thread 0x00000000170d0000 Exception <a 'java/lang/ArrayIndexOutOfBoundsException'> (0x00000000eabfada8) thrown at [C:\re\workspace\8-2-build-windows-amd64-cygwin\jdk8u111\7883\hotspot\src\share\vm\runtime\sharedRuntime.cpp, line 605]
Event: 1.105 Thread 0x00000000170d0000 Exception <a 'java/lang/ArrayIndexOutOfBoundsException'> (0x00000000eabfc648) thrown at [C:\re\workspace\8-2-build-windows-amd64-cygwin\jdk8u111\7883\hotspot\src\share\vm\runtime\sharedRuntime.cpp, line 605]
Event: 1.106 Thread 0x00000000170d0000 Exception <a 'java/lang/ArrayIndexOutOfBoundsException'> (0x00000000eabfcf08) thrown at [C:\re\workspace\8-2-build-windows-amd64-cygwin\jdk8u111\7883\hotspot\src\share\vm\runtime\sharedRuntime.cpp, line 605]
Event: 1.106 Thread 0x00000000170d0000 Exception <a 'java/lang/ArrayIndexOutOfBoundsException'> (0x00000000eabfd968) thrown at [C:\re\workspace\8-2-build-windows-amd64-cygwin\jdk8u111\7883\hotspot\src\share\vm\runtime\sharedRuntime.cpp, line 605]

Events (10 events):
Event: 1.642 loading class sun/nio/cs/MS1257
Event: 1.642 loading class sun/nio/cs/MS1257 done
Event: 1.643 loading class sun/nio/cs/ext/MacRoman
Event: 1.643 loading class sun/nio/cs/ext/MacRoman done
Event: 1.643 loading class sun/nio/cs/ext/MacCentralEurope
Event: 1.643 loading class sun/nio/cs/ext/MacCentralEurope done
Event: 1.643 loading class sun/nio/cs/UTF_32
Event: 1.643 loading class sun/nio/cs/UTF_32 done
Event: 1.644 loading class com/mysql/jdbc/Collation
Event: 1.644 loading class com/mysql/jdbc/Collation done


Dynamic libraries:
0x00007ff647f00000 - 0x00007ff647f37000 	C:\Program Files\Java\jdk1.8.0_111\bin\javaw.exe
0x00007ffb6b790000 - 0x00007ffb6b961000 	C:\Windows\SYSTEM32\ntdll.dll
0x00007ffb6aad0000 - 0x00007ffb6ab7b000 	C:\Windows\System32\KERNEL32.DLL
0x00007ffb68460000 - 0x00007ffb6867d000 	C:\Windows\System32\KERNELBASE.dll
0x00007ffb6b3e0000 - 0x00007ffb6b482000 	C:\Windows\System32\ADVAPI32.dll
0x00007ffb6b570000 - 0x00007ffb6b60e000 	C:\Windows\System32\msvcrt.dll
0x00007ffb69420000 - 0x00007ffb69479000 	C:\Windows\System32\sechost.dll
0x00007ffb68d80000 - 0x00007ffb68ea1000 	C:\Windows\System32\RPCRT4.dll
0x00007ffb6ad30000 - 0x00007ffb6ae95000 	C:\Windows\System32\USER32.dll
0x00007ffb68810000 - 0x00007ffb6882e000 	C:\Windows\System32\win32u.dll
0x00007ffb6ace0000 - 0x00007ffb6ad14000 	C:\Windows\System32\GDI32.dll
0x00007ffb68680000 - 0x00007ffb68802000 	C:\Windows\System32\gdi32full.dll
0x00007ffb619b0000 - 0x00007ffb61c2a000 	C:\Windows\WinSxS\amd64_microsoft.windows.common-controls_6595b64144ccf1df_6.0.14393.953_none_42151e83c686086b\COMCTL32.dll
0x00007ffb68eb0000 - 0x00007ffb69178000 	C:\Windows\System32\combase.dll
0x00007ffb68830000 - 0x00007ffb68925000 	C:\Windows\System32\ucrtbase.dll
0x00007ffb68cb0000 - 0x00007ffb68d1a000 	C:\Windows\System32\bcryptPrimitives.dll
0x00007ffb6b6a0000 - 0x00007ffb6b6ce000 	C:\Windows\System32\IMM32.DLL
0x0000000059e50000 - 0x0000000059f22000 	C:\Program Files\Java\jdk1.8.0_111\jre\bin\msvcr100.dll
0x0000000058e10000 - 0x00000000596aa000 	C:\Program Files\Java\jdk1.8.0_111\jre\bin\server\jvm.dll
0x00007ffb6ad20000 - 0x00007ffb6ad28000 	C:\Windows\System32\PSAPI.DLL
0x00007ffb66070000 - 0x00007ffb66093000 	C:\Windows\SYSTEM32\WINMM.dll
0x00007ffb5bce0000 - 0x00007ffb5bce9000 	C:\Windows\SYSTEM32\WSOCK32.dll
0x00007ffb6b610000 - 0x00007ffb6b67a000 	C:\Windows\System32\WS2_32.dll
0x00000000014d0000 - 0x00000000014fb000 	C:\Windows\SYSTEM32\WINMMBASE.dll
0x00007ffb67c80000 - 0x00007ffb67cc2000 	C:\Windows\System32\cfgmgr32.dll
0x00007ffb63470000 - 0x00007ffb6347a000 	C:\Windows\SYSTEM32\VERSION.dll
0x0000000058e00000 - 0x0000000058e0f000 	C:\Program Files\Java\jdk1.8.0_111\jre\bin\verify.dll
0x0000000058dd0000 - 0x0000000058df9000 	C:\Program Files\Java\jdk1.8.0_111\jre\bin\java.dll
0x0000000058db0000 - 0x0000000058dc6000 	C:\Program Files\Java\jdk1.8.0_111\jre\bin\zip.dll
0x00007ffb695c0000 - 0x00007ffb6aac9000 	C:\Windows\System32\SHELL32.dll
0x00007ffb67d80000 - 0x00007ffb6845a000 	C:\Windows\System32\windows.storage.dll
0x00007ffb67c30000 - 0x00007ffb67c7c000 	C:\Windows\System32\powrprof.dll
0x00007ffb68d20000 - 0x00007ffb68d72000 	C:\Windows\System32\shlwapi.dll
0x00007ffb67c00000 - 0x00007ffb67c0f000 	C:\Windows\System32\kernel.appcore.dll
0x00007ffb68b60000 - 0x00007ffb68c09000 	C:\Windows\System32\shcore.dll
0x00007ffb67c10000 - 0x00007ffb67c24000 	C:\Windows\System32\profapi.dll
0x0000000059cb0000 - 0x0000000059e48000 	C:\Program Files\Java\jdk1.8.0_111\jre\bin\awt.dll
0x00007ffb6b6d0000 - 0x00007ffb6b78f000 	C:\Windows\System32\OLEAUT32.dll
0x00007ffb68c10000 - 0x00007ffb68cac000 	C:\Windows\System32\msvcp_win.dll
0x00007ffb661a0000 - 0x00007ffb6621a000 	C:\Windows\SYSTEM32\apphelp.dll
0x00007ffb66370000 - 0x00007ffb66405000 	C:\Windows\system32\uxtheme.dll
0x00007ffb6ab80000 - 0x00007ffb6acda000 	C:\Windows\System32\MSCTF.dll
0x00007ffb65a40000 - 0x00007ffb65a66000 	C:\Windows\system32\dwmapi.dll
0x00007ffb69480000 - 0x00007ffb695b7000 	C:\Windows\System32\ole32.dll
0x00007ffb53db0000 - 0x00007ffb53f3d000 	C:\Windows\system32\d3d9.dll
0x00007ffb31670000 - 0x00007ffb32726000 	C:\Windows\SYSTEM32\nvd3dumx.dll
0x00007ffb62c70000 - 0x00007ffb62ddc000 	C:\Program Files (x86)\NVIDIA Corporation\3D Vision\nvSCPAPI64.dll
0x00007ffb6aea0000 - 0x00007ffb6b2c9000 	C:\Windows\System32\SETUPAPI.dll
0x00007ffb62930000 - 0x00007ffb62c66000 	C:\Windows\system32\nvapi64.dll
0x00007ffb66820000 - 0x00007ffb66848000 	C:\Windows\SYSTEM32\DEVOBJ.dll
0x00007ffb68930000 - 0x00007ffb68985000 	C:\Windows\System32\WINTRUST.dll
0x00007ffb67bf0000 - 0x00007ffb67c00000 	C:\Windows\System32\MSASN1.dll
0x00007ffb68990000 - 0x00007ffb68b59000 	C:\Windows\System32\CRYPT32.dll
0x00007ffb66b70000 - 0x00007ffb66c0f000 	C:\Windows\system32\dxgi.dll
0x0000000059c60000 - 0x0000000059ca7000 	C:\Program Files\Java\jdk1.8.0_111\jre\bin\fontmanager.dll
0x0000000058d90000 - 0x0000000058daa000 	C:\Program Files\Java\jdk1.8.0_111\jre\bin\net.dll
0x00007ffb674c0000 - 0x00007ffb6751c000 	C:\Windows\system32\mswsock.dll
0x0000000058d70000 - 0x0000000058d81000 	C:\Program Files\Java\jdk1.8.0_111\jre\bin\nio.dll
0x0000000059c10000 - 0x0000000059c52000 	C:\Program Files\Java\jdk1.8.0_111\jre\bin\t2k.dll
0x00007ffb5bf10000 - 0x00007ffb5c0a2000 	C:\Windows\SYSTEM32\dbghelp.dll

VM Arguments:
jvm_args: -Dfile.encoding=UTF-8 
java_command: kr.or.dgit.donghun2.view.EmployeeView
java_class_path (initial): D:\workspace_sql\workspace_mybatis\donghun2\bin;C:\Users\SJW\.gradle\caches\modules-2\files-2.1\org.mybatis\mybatis\3.4.2\2b9a5082fe0bdb3128bab8b4b19b23ca0f3d9b38\mybatis-3.4.2.jar;C:\Users\SJW\.gradle\caches\modules-2\files-2.1\log4j\log4j\1.2.17\5af35056b4d257e4b64b9e8069c0746e8b08629f\log4j-1.2.17.jar;C:\Users\SJW\.gradle\caches\modules-2\files-2.1\mysql\mysql-connector-java\5.1.41\b0878056f15616989144d6114d36d3942321d0d1\mysql-connector-java-5.1.41.jar;C:\Users\SJW\.gradle\caches\modules-2\files-2.1\junit\junit\4.12\2973d150c0dc1fefe998f834810d68f278ea58ec\junit-4.12.jar;C:\Users\SJW\.gradle\caches\modules-2\files-2.1\org.hamcrest\hamcrest-core\1.3\42a25dc3219429f0e5d060061f71acb49bf010a0\hamcrest-core-1.3.jar;D:\workspace_sql\workspace_mybatis\donghun2\src\main\resources\erp_myframework.jar
Launcher Type: SUN_STANDARD

Environment Variables:
JAVA_HOME=C:\Program Files\Java\jdk1.8.0_111
PATH=C:/Program Files/Java/jdk1.8.0_111/bin/../jre/bin/server;C:/Program Files/Java/jdk1.8.0_111/bin/../jre/bin;C:/Program Files/Java/jdk1.8.0_111/bin/../jre/lib/amd64;C:\Program Files\Java\jdk1.8.0_111\bin;C:\ProgramData\Oracle\Java\javapath;C:\Program Files (x86)\NVIDIA Corporation\PhysX\Common;C:\Windows\system32;C:\Windows;C:\Windows\System32\Wbem;C:\Windows\System32\WindowsPowerShell\v1.0\;C:\Program Files\MySQL\MySQL Server 5.6\bin;C:\Program Files\Git\cmd;D:\gradle-3.4.1\bin;C:\Users\SJW\AppData\Local\Microsoft\WindowsApps;C:\Program Files\Bandizip\7z;C:\eclipse_java;
USERNAME=SJW
OS=Windows_NT
PROCESSOR_IDENTIFIER=Intel64 Family 6 Model 23 Stepping 10, GenuineIntel



---------------  S Y S T E M  ---------------

OS: Windows 10.0 , 64 bit Build 14393 (10.0.14393.0)

CPU:total 4 (4 cores per cpu, 1 threads per core) family 6 model 23 stepping 10, cmov, cx8, fxsr, mmx, sse, sse2, sse3, ssse3, sse4.1, tsc

Memory: 4k page, physical 4192492k(1385172k free), swap 6682860k(2083904k free)

vm_info: Java HotSpot(TM) 64-Bit Server VM (25.111-b14) for windows-amd64 JRE (1.8.0_111-b14), built on Sep 22 2016 19:24:05 by "java_re" with MS VC++ 10.0 (VS2010)

time: Fri Apr 07 12:01:34 2017
elapsed time: 1 seconds (0d 0h 0m 1s)

