#
# A fatal error has been detected by the Java Runtime Environment:
#
#  EXCEPTION_ACCESS_VIOLATION (0xc0000005) at pc=0xffffffffa4335120, pid=9616, tid=0x00000000000008e0
#
# JRE version: Java(TM) SE Runtime Environment (8.0_111-b14) (build 1.8.0_111-b14)
# Java VM: Java HotSpot(TM) 64-Bit Server VM (25.111-b14 mixed mode windows-amd64 compressed oops)
# Problematic frame:
# C  0xffffffffa4335120
#
# Failed to write core dump. Minidumps are not enabled by default on client versions of Windows
#
# If you would like to submit a bug report, please visit:
#   http://bugreport.java.com/bugreport/crash.jsp
#

---------------  T H R E A D  ---------------

Current thread (0x0000000017995000):  JavaThread "AWT-EventQueue-0" [_thread_in_Java, id=2272, stack(0x0000000018520000,0x0000000018620000)]

siginfo: ExceptionCode=0xc0000005, ExceptionInformation=0x0000000000000008 0xffffffffa4335120

Registers:
RAX=0x00000000150f4530, RBX=0x00000000150f4530, RCX=0x00000000eb8623a8, RDX=0x00000000eb8623a8
RSP=0x000000001861d3d8, RBP=0x000000001861d430, RSI=0x0000000000000118, RDI=0x000000000000015f
R8 =0x0000000000001446, R9 =0x00000000eab58700, R10=0x0000000064ffc0c0, R11=0x000000000359f2c0
R12=0x0000000000000000, R13=0x000000001861d3e8, R14=0x000000001861d470, R15=0x0000000017995000
RIP=0xffffffffa4335120, EFLAGS=0x0000000000010202

Top of Stack: (sp=0x000000001861d3d8)
0x000000001861d3d8:   0000000003337ae0 0000000003337ae0
0x000000001861d3e8:   00000000eb8623a8 000000001861d3f0
0x000000001861d3f8:   000000001519e9ca 000000001861d470
0x000000001861d408:   000000001519f230 0000000000000000
0x000000001861d418:   000000001519ea50 000000001861d3e8
0x000000001861d428:   000000001861d458 000000001861d4b8
0x000000001861d438:   0000000003337e20 00000000eab587f0
0x000000001861d448:   00000000eb7e80f8 0000000000000001
0x000000001861d458:   0000000000000000 00000000eb8623a8
0x000000001861d468:   00000000eb85c340 00000000eb85c318
0x000000001861d478:   000000001861d478 000000001520880d
0x000000001861d488:   000000001861d500 0000000015208cc0
0x000000001861d498:   0000000000000000 00000000152088f0
0x000000001861d4a8:   000000001861d458 000000001861d4e8
0x000000001861d4b8:   000000001861d560 0000000003337ae0
0x000000001861d4c8:   000000000000148d 00000000eab7d178 

Instructions: (pc=0xffffffffa4335120)
0xffffffffa4335100:   
[error occurred during error reporting (printing registers, top of stack, instructions near pc), id 0xc0000005]

Register to memory mapping:

RAX={method} {0x00000000150f4538} 'remaining' '()I' in 'java/nio/Buffer'
RBX={method} {0x00000000150f4538} 'remaining' '()I' in 'java/nio/Buffer'
RCX=0x00000000eb8623a8 is an oop
java.nio.HeapCharBuffer 
 - klass: 'java/nio/HeapCharBuffer'
RDX=0x00000000eb8623a8 is an oop
java.nio.HeapCharBuffer 
 - klass: 'java/nio/HeapCharBuffer'
RSP=0x000000001861d3d8 is pointing into the stack for thread: 0x0000000017995000
RBP=0x000000001861d430 is pointing into the stack for thread: 0x0000000017995000
RSI=0x0000000000000118 is an unknown value
RDI=0x000000000000015f is an unknown value
R8 =0x0000000000001446 is an unknown value
R9 =0x00000000eab58700 is an oop
java.lang.Class 
 - klass: 'java/lang/Class'
R10=0x0000000064ffc0c0 is an unknown value
R11=0x000000000359f2c0 is at entry_point+32 in (nmethod*)0x000000000359f150
R12=0x0000000000000000 is an unknown value
R13=0x000000001861d3e8 is pointing into the stack for thread: 0x0000000017995000
R14=0x000000001861d470 is pointing into the stack for thread: 0x0000000017995000
R15=0x0000000017995000 is a thread


Stack: [0x0000000018520000,0x0000000018620000],  sp=0x000000001861d3d8,  free space=1012k
Native frames: (J=compiled Java code, j=interpreted, Vv=VM code, C=native code)
C  0xffffffffa4335120


---------------  P R O C E S S  ---------------

Java Threads: ( => current thread )
  0x00000000015cd800 JavaThread "DestroyJavaVM" [_thread_blocked, id=1120, stack(0x0000000002d50000,0x0000000002e50000)]
=>0x0000000017995000 JavaThread "AWT-EventQueue-0" [_thread_in_Java, id=2272, stack(0x0000000018520000,0x0000000018620000)]
  0x0000000017993000 JavaThread "AWT-Windows" daemon [_thread_in_native, id=5044, stack(0x0000000018340000,0x0000000018440000)]
  0x0000000017990800 JavaThread "AWT-Shutdown" [_thread_blocked, id=3588, stack(0x0000000018240000,0x0000000018340000)]
  0x000000001715c800 JavaThread "Java2D Disposer" daemon [_thread_blocked, id=2712, stack(0x0000000018140000,0x0000000018240000)]
  0x0000000016df8800 JavaThread "Service Thread" daemon [_thread_blocked, id=2836, stack(0x0000000017670000,0x0000000017770000)]
  0x0000000016d7c000 JavaThread "C1 CompilerThread2" daemon [_thread_blocked, id=9968, stack(0x0000000017570000,0x0000000017670000)]
  0x0000000016d79000 JavaThread "C2 CompilerThread1" daemon [_thread_blocked, id=6284, stack(0x0000000017470000,0x0000000017570000)]
  0x0000000015a5b800 JavaThread "C2 CompilerThread0" daemon [_thread_in_native, id=4176, stack(0x0000000017370000,0x0000000017470000)]
  0x0000000015a5a800 JavaThread "Attach Listener" daemon [_thread_blocked, id=6680, stack(0x0000000017270000,0x0000000017370000)]
  0x0000000015a0f000 JavaThread "Signal Dispatcher" daemon [_thread_blocked, id=10008, stack(0x0000000017170000,0x0000000017270000)]
  0x00000000159ea800 JavaThread "Finalizer" daemon [_thread_blocked, id=9172, stack(0x0000000016c70000,0x0000000016d70000)]
  0x0000000003320800 JavaThread "Reference Handler" daemon [_thread_blocked, id=4260, stack(0x0000000016b70000,0x0000000016c70000)]

Other Threads:
  0x00000000159c8800 VMThread [stack: 0x0000000016a70000,0x0000000016b70000] [id=2100]
  0x0000000016e42000 WatcherThread [stack: 0x0000000017770000,0x0000000017870000] [id=7392]

VM state:not at safepoint (normal execution)

VM Mutex/Monitor currently owned by a thread: None

Heap:
 PSYoungGen      total 18944K, used 13773K [0x00000000eab00000, 0x00000000ec000000, 0x0000000100000000)
  eden space 16384K, 84% used [0x00000000eab00000,0x00000000eb873678,0x00000000ebb00000)
  from space 2560K, 0% used [0x00000000ebd80000,0x00000000ebd80000,0x00000000ec000000)
  to   space 2560K, 0% used [0x00000000ebb00000,0x00000000ebb00000,0x00000000ebd80000)
 ParOldGen       total 44032K, used 0K [0x00000000c0000000, 0x00000000c2b00000, 0x00000000eab00000)
  object space 44032K, 0% used [0x00000000c0000000,0x00000000c0000000,0x00000000c2b00000)
 Metaspace       used 13239K, capacity 13374K, committed 13696K, reserved 1060864K
  class space    used 1716K, capacity 1798K, committed 1920K, reserved 1048576K

Card table byte_map: [0x00000000126f0000,0x0000000012900000] byte_map_base: 0x00000000120f0000

Marking Bits: (ParMarkBitMap*) 0x000000006501a6c0
 Begin Bits: [0x0000000012e60000, 0x0000000013e60000)
 End Bits:   [0x0000000013e60000, 0x0000000014e60000)

Polling page: 0x00000000015a0000

CodeCache: size=245760Kb used=2550Kb max_used=2562Kb free=243209Kb
 bounds [0x0000000003330000, 0x00000000035c0000, 0x0000000012330000]
 total_blobs=1029 nmethods=629 adapters=315
 compilation: enabled

Compilation events (10 events):
Event: 0.933 Thread 0x0000000016d7c000 nmethod 626 0x00000000035aa5d0 code [0x00000000035aa760, 0x00000000035aaae8]
Event: 0.933 Thread 0x0000000016d7c000  627       3       java.nio.charset.CoderResult::length (20 bytes)
Event: 0.934 Thread 0x0000000016d7c000 nmethod 627 0x00000000035aacd0 code [0x00000000035aae40, 0x00000000035ab148]
Event: 0.934 Thread 0x0000000016d7c000  628       3       sun.nio.cs.UTF_8$Decoder::malformedN (192 bytes)
Event: 0.935 Thread 0x0000000016d7c000 nmethod 628 0x00000000035aed90 code [0x00000000035af020, 0x00000000035affb8]
Event: 0.935 Thread 0x0000000015a5b800 nmethod 555 0x00000000035b0610 code [0x00000000035b07e0, 0x00000000035b16c8]
Event: 0.936 Thread 0x0000000016d79000 nmethod 578 0x00000000035ab510 code [0x00000000035ab680, 0x00000000035ab998]
Event: 0.937 Thread 0x0000000016d7c000  629       1       java.nio.Buffer::remaining (10 bytes)
Event: 0.937 Thread 0x0000000015a5b800  630       4       sun.nio.cs.UTF_8$Decoder::decodeArrayLoop (691 bytes)
Event: 0.937 Thread 0x0000000016d7c000 nmethod 629 0x00000000035ab250 code [0x00000000035ab3a0, 0x00000000035ab4b0]

GC Heap History (0 events):
No events

Deoptimization events (5 events):
Event: 0.857 Thread 0x0000000017995000 Uncommon trap: reason=class_check action=maybe_recompile pc=0x0000000003559424 method=java.io.DataInputStream.readChar()C @ 4
Event: 0.857 Thread 0x0000000017995000 Uncommon trap: reason=class_check action=maybe_recompile pc=0x0000000003559424 method=java.io.DataInputStream.readChar()C @ 4
Event: 0.857 Thread 0x0000000017995000 Uncommon trap: reason=class_check action=maybe_recompile pc=0x0000000003559424 method=java.io.DataInputStream.readChar()C @ 4
Event: 0.857 Thread 0x0000000017995000 Uncommon trap: reason=class_check action=maybe_recompile pc=0x0000000003559424 method=java.io.DataInputStream.readChar()C @ 4
Event: 0.898 Thread 0x0000000017995000 Uncommon trap: reason=unstable_if action=reinterpret pc=0x0000000003580bd0 method=sun.text.UCompactIntArray.elementAt(I)I @ 14

Internal exceptions (10 events):
Event: 0.768 Thread 0x0000000017995000 Exception <a 'java/lang/ArrayIndexOutOfBoundsException'> (0x00000000eb34aa48) thrown at [C:\re\workspace\8-2-build-windows-amd64-cygwin\jdk8u111\7883\hotspot\src\share\vm\runtime\sharedRuntime.cpp, line 605]
Event: 0.768 Thread 0x0000000017995000 Exception <a 'java/lang/ArrayIndexOutOfBoundsException'> (0x00000000eb34f848) thrown at [C:\re\workspace\8-2-build-windows-amd64-cygwin\jdk8u111\7883\hotspot\src\share\vm\runtime\sharedRuntime.cpp, line 605]
Event: 0.769 Thread 0x0000000017995000 Exception <a 'java/lang/ArrayIndexOutOfBoundsException'> (0x00000000eb354800) thrown at [C:\re\workspace\8-2-build-windows-amd64-cygwin\jdk8u111\7883\hotspot\src\share\vm\runtime\sharedRuntime.cpp, line 605]
Event: 0.770 Thread 0x0000000017995000 Exception <a 'java/lang/ArrayIndexOutOfBoundsException'> (0x00000000eb359bc0) thrown at [C:\re\workspace\8-2-build-windows-amd64-cygwin\jdk8u111\7883\hotspot\src\share\vm\runtime\sharedRuntime.cpp, line 605]
Event: 0.771 Thread 0x0000000017995000 Exception <a 'java/lang/ArrayIndexOutOfBoundsException'> (0x00000000eb35eef0) thrown at [C:\re\workspace\8-2-build-windows-amd64-cygwin\jdk8u111\7883\hotspot\src\share\vm\runtime\sharedRuntime.cpp, line 605]
Event: 0.772 Thread 0x0000000017995000 Exception <a 'java/lang/ArrayIndexOutOfBoundsException'> (0x00000000eb364140) thrown at [C:\re\workspace\8-2-build-windows-amd64-cygwin\jdk8u111\7883\hotspot\src\share\vm\runtime\sharedRuntime.cpp, line 605]
Event: 0.773 Thread 0x0000000017995000 Exception <a 'java/lang/ArrayIndexOutOfBoundsException'> (0x00000000eb3693d0) thrown at [C:\re\workspace\8-2-build-windows-amd64-cygwin\jdk8u111\7883\hotspot\src\share\vm\runtime\sharedRuntime.cpp, line 605]
Event: 0.774 Thread 0x0000000017995000 Exception <a 'java/lang/ArrayIndexOutOfBoundsException'> (0x00000000eb36e978) thrown at [C:\re\workspace\8-2-build-windows-amd64-cygwin\jdk8u111\7883\hotspot\src\share\vm\runtime\sharedRuntime.cpp, line 605]
Event: 0.775 Thread 0x0000000017995000 Exception <a 'java/lang/ArrayIndexOutOfBoundsException'> (0x00000000eb373e40) thrown at [C:\re\workspace\8-2-build-windows-amd64-cygwin\jdk8u111\7883\hotspot\src\share\vm\runtime\sharedRuntime.cpp, line 605]
Event: 0.778 Thread 0x0000000017995000 Exception <a 'java/lang/ArrayIndexOutOfBoundsException'> (0x00000000eb382d10) thrown at [C:\re\workspace\8-2-build-windows-amd64-cygwin\jdk8u111\7883\hotspot\src\share\vm\runtime\sharedRuntime.cpp, line 605]

Events (10 events):
Event: 0.903 loading class sun/text/normalizer/NormalizerBase$QuickCheckResult
Event: 0.903 loading class sun/text/normalizer/NormalizerBase$QuickCheckResult done
Event: 0.903 loading class sun/text/normalizer/UCharacterIterator
Event: 0.903 loading class sun/text/normalizer/UCharacterIterator done
Event: 0.903 loading class sun/text/normalizer/ReplaceableUCharacterIterator
Event: 0.903 loading class sun/text/normalizer/ReplaceableUCharacterIterator done
Event: 0.903 loading class sun/text/normalizer/ReplaceableString
Event: 0.903 loading class sun/text/normalizer/Replaceable
Event: 0.903 loading class sun/text/normalizer/Replaceable done
Event: 0.904 loading class sun/text/normalizer/ReplaceableString done


Dynamic libraries:
0x00007ff7ceac0000 - 0x00007ff7ceaf7000 	C:\Program Files\Java\jdk1.8.0_111\bin\javaw.exe
0x00007ffe8dd40000 - 0x00007ffe8df11000 	C:\Windows\SYSTEM32\ntdll.dll
0x00007ffe8dc90000 - 0x00007ffe8dd3b000 	C:\Windows\System32\KERNEL32.DLL
0x00007ffe8af60000 - 0x00007ffe8b17d000 	C:\Windows\System32\KERNELBASE.dll
0x00007ffe8d9f0000 - 0x00007ffe8da92000 	C:\Windows\System32\ADVAPI32.dll
0x00007ffe8d950000 - 0x00007ffe8d9ee000 	C:\Windows\System32\msvcrt.dll
0x00007ffe8b2e0000 - 0x00007ffe8b339000 	C:\Windows\System32\sechost.dll
0x00007ffe8db60000 - 0x00007ffe8dc81000 	C:\Windows\System32\RPCRT4.dll
0x00007ffe8cde0000 - 0x00007ffe8cf45000 	C:\Windows\System32\USER32.dll
0x00007ffe8acc0000 - 0x00007ffe8acde000 	C:\Windows\System32\win32u.dll
0x00007ffe8ca00000 - 0x00007ffe8ca34000 	C:\Windows\System32\GDI32.dll
0x00007ffe8a330000 - 0x00007ffe8a4b2000 	C:\Windows\System32\gdi32full.dll
0x00007ffe84090000 - 0x00007ffe8430a000 	C:\Windows\WinSxS\amd64_microsoft.windows.common-controls_6595b64144ccf1df_6.0.14393.953_none_42151e83c686086b\COMCTL32.dll
0x00007ffe8cab0000 - 0x00007ffe8cd78000 	C:\Windows\System32\combase.dll
0x00007ffe8a230000 - 0x00007ffe8a325000 	C:\Windows\System32\ucrtbase.dll
0x00007ffe8a4c0000 - 0x00007ffe8a52a000 	C:\Windows\System32\bcryptPrimitives.dll
0x00007ffe8b340000 - 0x00007ffe8b36e000 	C:\Windows\System32\IMM32.DLL
0x0000000066850000 - 0x0000000066922000 	C:\Program Files\Java\jdk1.8.0_111\jre\bin\msvcr100.dll
0x0000000064800000 - 0x000000006509a000 	C:\Program Files\Java\jdk1.8.0_111\jre\bin\server\jvm.dll
0x00007ffe8b2d0000 - 0x00007ffe8b2d8000 	C:\Windows\System32\PSAPI.DLL
0x00007ffe88620000 - 0x00007ffe88643000 	C:\Windows\SYSTEM32\WINMM.dll
0x00007ffe85a80000 - 0x00007ffe85a8a000 	C:\Windows\SYSTEM32\VERSION.dll
0x00007ffe88590000 - 0x00007ffe885bb000 	C:\Windows\SYSTEM32\WINMMBASE.dll
0x00007ffe8b220000 - 0x00007ffe8b262000 	C:\Windows\System32\cfgmgr32.dll
0x00007ffe7c370000 - 0x00007ffe7c379000 	C:\Windows\SYSTEM32\WSOCK32.dll
0x00007ffe8d7a0000 - 0x00007ffe8d80a000 	C:\Windows\System32\WS2_32.dll
0x0000000066b20000 - 0x0000000066b2f000 	C:\Program Files\Java\jdk1.8.0_111\jre\bin\verify.dll
0x0000000066af0000 - 0x0000000066b19000 	C:\Program Files\Java\jdk1.8.0_111\jre\bin\java.dll
0x0000000066ad0000 - 0x0000000066ae6000 	C:\Program Files\Java\jdk1.8.0_111\jre\bin\zip.dll
0x00007ffe8b380000 - 0x00007ffe8c889000 	C:\Windows\System32\SHELL32.dll
0x00007ffe8a530000 - 0x00007ffe8ac0a000 	C:\Windows\System32\windows.storage.dll
0x00007ffe8a1c0000 - 0x00007ffe8a20c000 	C:\Windows\System32\powrprof.dll
0x00007ffe8d0f0000 - 0x00007ffe8d142000 	C:\Windows\System32\shlwapi.dll
0x00007ffe8a210000 - 0x00007ffe8a21f000 	C:\Windows\System32\kernel.appcore.dll
0x00007ffe8aeb0000 - 0x00007ffe8af59000 	C:\Windows\System32\shcore.dll
0x00007ffe8a1a0000 - 0x00007ffe8a1b4000 	C:\Windows\System32\profapi.dll
0x0000000065c10000 - 0x0000000065da8000 	C:\Program Files\Java\jdk1.8.0_111\jre\bin\awt.dll
0x00007ffe8d150000 - 0x00007ffe8d20f000 	C:\Windows\System32\OLEAUT32.dll
0x00007ffe8b180000 - 0x00007ffe8b21c000 	C:\Windows\System32\msvcp_win.dll
0x00007ffe88740000 - 0x00007ffe887ba000 	C:\Windows\SYSTEM32\apphelp.dll
0x00007ffe88920000 - 0x00007ffe889b5000 	C:\Windows\system32\uxtheme.dll
0x00007ffe8c890000 - 0x00007ffe8c9ea000 	C:\Windows\System32\MSCTF.dll
0x00007ffe880b0000 - 0x00007ffe880d6000 	C:\Windows\system32\dwmapi.dll
0x00007ffe8d810000 - 0x00007ffe8d947000 	C:\Windows\System32\ole32.dll
0x00007ffe6c250000 - 0x00007ffe6c3dd000 	C:\Windows\system32\d3d9.dll
0x00007ffe65420000 - 0x00007ffe664d6000 	C:\Windows\SYSTEM32\nvd3dumx.dll
0x00007ffe856f0000 - 0x00007ffe8585c000 	C:\Program Files (x86)\NVIDIA Corporation\3D Vision\nvSCPAPI64.dll
0x00007ffe8d210000 - 0x00007ffe8d639000 	C:\Windows\System32\SETUPAPI.dll
0x00007ffe84f90000 - 0x00007ffe852c6000 	C:\Windows\system32\nvapi64.dll
0x00007ffe88db0000 - 0x00007ffe88dd8000 	C:\Windows\SYSTEM32\DEVOBJ.dll
0x00007ffe8b270000 - 0x00007ffe8b2c5000 	C:\Windows\System32\WINTRUST.dll
0x00007ffe8a220000 - 0x00007ffe8a230000 	C:\Windows\System32\MSASN1.dll
0x00007ffe8ace0000 - 0x00007ffe8aea9000 	C:\Windows\System32\CRYPT32.dll
0x00007ffe89120000 - 0x00007ffe891bf000 	C:\Windows\system32\dxgi.dll
0x00007ffe7e5d0000 - 0x00007ffe7e762000 	C:\Windows\SYSTEM32\dbghelp.dll

VM Arguments:
jvm_args: -Dfile.encoding=UTF-8 
java_command: kr.or.dgit.donghun2.view.SellInfoViewA
java_class_path (initial): D:\workspace_sql\workspace_mybatis\donghun2\bin;C:\Users\SJW\.gradle\caches\modules-2\files-2.1\org.mybatis\mybatis\3.4.2\2b9a5082fe0bdb3128bab8b4b19b23ca0f3d9b38\mybatis-3.4.2.jar;C:\Users\SJW\.gradle\caches\modules-2\files-2.1\log4j\log4j\1.2.17\5af35056b4d257e4b64b9e8069c0746e8b08629f\log4j-1.2.17.jar;C:\Users\SJW\.gradle\caches\modules-2\files-2.1\mysql\mysql-connector-java\5.1.41\b0878056f15616989144d6114d36d3942321d0d1\mysql-connector-java-5.1.41.jar;C:\Users\SJW\.gradle\caches\modules-2\files-2.1\junit\junit\4.12\2973d150c0dc1fefe998f834810d68f278ea58ec\junit-4.12.jar;C:\Users\SJW\.gradle\caches\modules-2\files-2.1\org.hamcrest\hamcrest-core\1.3\42a25dc3219429f0e5d060061f71acb49bf010a0\hamcrest-core-1.3.jar;D:\workspace_sql\workspace_mybatis\donghun2\src\main\resources\erp_myframework.jar;D:\workspace_sql\workspace_mybatis\donghun2\lib\idw-gpl.jar;D:\workspace_sql\workspace_mybatis\donghun2\lib\JTattoo.jar;D:\workspace_sql\workspace_mybatis\donghun2\lib\liquidlnf.jar;D:\workspace_sql\workspace_mybatis\donghun2\lib\quaqua.jar;D:\workspace_sql\workspace_mybatis\donghun2\jdatepicker-1.3.4.jar
Launcher Type: SUN_STANDARD

Environment Variables:
JAVA_HOME=C:\Program Files\Java\jdk1.8.0_111
PATH=C:/Program Files/Java/jdk1.8.0_111/bin/../jre/bin/server;C:/Program Files/Java/jdk1.8.0_111/bin/../jre/bin;C:/Program Files/Java/jdk1.8.0_111/bin/../jre/lib/amd64;C:\Program Files\Java\jdk1.8.0_111\bin;C:\ProgramData\Oracle\Java\javapath;C:\Program Files (x86)\NVIDIA Corporation\PhysX\Common;C:\Windows\system32;C:\Windows;C:\Windows\System32\Wbem;C:\Windows\System32\WindowsPowerShell\v1.0\;C:\Program Files\MySQL\MySQL Server 5.6\bin;C:\Program Files\Git\cmd;D:\gradle-3.4.1\bin;C:\Users\SJW\AppData\Local\Microsoft\WindowsApps;C:\Program Files\Bandizip\7z;C:\eclipse_java;
USERNAME=SJW
OS=Windows_NT
PROCESSOR_IDENTIFIER=Intel64 Family 6 Model 23 Stepping 10, GenuineIntel



---------------  S Y S T E M  ---------------

OS: Windows 10.0 , 64 bit Build 14393 (10.0.14393.0)

CPU:total 4 (4 cores per cpu, 1 threads per core) family 6 model 23 stepping 10, cmov, cx8, fxsr, mmx, sse, sse2, sse3, ssse3, sse4.1, tsc

Memory: 4k page, physical 4192492k(1482256k free), swap 5948928k(756356k free)

vm_info: Java HotSpot(TM) 64-Bit Server VM (25.111-b14) for windows-amd64 JRE (1.8.0_111-b14), built on Sep 22 2016 19:24:05 by "java_re" with MS VC++ 10.0 (VS2010)

time: Thu Apr 06 11:00:02 2017
elapsed time: 0 seconds (0d 0h 0m 0s)

