#
# A fatal error has been detected by the Java Runtime Environment:
#
#  EXCEPTION_ACCESS_VIOLATION (0xc0000005) at pc=0xffffffffa43e5120, pid=936, tid=0x0000000000002268
#
# JRE version: Java(TM) SE Runtime Environment (8.0_111-b14) (build 1.8.0_111-b14)
# Java VM: Java HotSpot(TM) 64-Bit Server VM (25.111-b14 mixed mode windows-amd64 compressed oops)
# Problematic frame:
# C  0xffffffffa43e5120
#
# Failed to write core dump. Minidumps are not enabled by default on client versions of Windows
#
# If you would like to submit a bug report, please visit:
#   http://bugreport.java.com/bugreport/crash.jsp
#

---------------  T H R E A D  ---------------

Current thread (0x0000000018fe3800):  JavaThread "AWT-EventQueue-0" [_thread_in_Java, id=8808, stack(0x000000001b1c0000,0x000000001b2c0000)]

siginfo: ExceptionCode=0xc0000005, ExceptionInformation=0x0000000000000008 0xffffffffa43e5120

Registers:
RAX=0x000000010000e6d0, RBX=0x00000000eb8485e8, RCX=0x00000000eb85b858, RDX=0x00000000eb8485e8
RSP=0x000000001b2bb638, RBP=0x000000001b2bb700, RSI=0x000000010000e6d0, RDI=0x000000001c3eb8e8
R8 =0x0000000000000013, R9 =0x000000001730bed0, R10=0x000000010000e6d0, R11=0x00000000036756a0
R12=0x0000000000000000, R13=0x000000001b2bb6a8, R14=0x000000001b2bb728, R15=0x0000000018fe3800
RIP=0xffffffffa43e5120, EFLAGS=0x0000000000010246

Top of Stack: (sp=0x000000001b2bb638)
0x000000001b2bb638:   00000000036759ac ffffffffffffffff
0x000000001b2bb648:   00000000158300d0 0000000015830888
0x000000001b2bb658:   000000001c3ebad8 00000000eb85b858
0x000000001b2bb668:   0000003f00000028 0000000000000000
0x000000001b2bb678:   000000001b2bb700 0000000000000000
0x000000001b2bb688:   00000000033fed63 000000001b2bb700
0x000000001b2bb698:   00000000033e7ae0 00000000033e7ae0
0x000000001b2bb6a8:   00000000eb85b858 0000000000001a71
0x000000001b2bb6b8:   00000000eb851298 000000001b2bb6c0
0x000000001b2bb6c8:   000000001c3e9f08 000000001b2bb728
0x000000001b2bb6d8:   000000001c3eb488 0000000000000000
0x000000001b2bb6e8:   000000001c3e9f30 000000001b2bb6a8
0x000000001b2bb6f8:   000000001b2bb720 000000001b2bb770
0x000000001b2bb708:   00000000033e809d 0000000000001a71
0x000000001b2bb718:   00000000eb85b858 00000000eb8485e8
0x000000001b2bb728:   00000000eb8485b8 000000001b2bb730 

Instructions: (pc=0xffffffffa43e5120)
0xffffffffa43e5100:   
[error occurred during error reporting (printing registers, top of stack, instructions near pc), id 0xc0000005]

Register to memory mapping:

RAX=0x000000010000e6d0 is pointing into metadata
RBX=0x00000000eb8485e8 is an oop
java.io.ByteArrayInputStream 
 - klass: 'java/io/ByteArrayInputStream'
RCX=0x00000000eb85b858 is an oop
java.io.DataInputStream 
 - klass: 'java/io/DataInputStream'
RDX=0x00000000eb8485e8 is an oop
java.io.ByteArrayInputStream 
 - klass: 'java/io/ByteArrayInputStream'
RSP=0x000000001b2bb638 is pointing into the stack for thread: 0x0000000018fe3800
RBP=0x000000001b2bb700 is pointing into the stack for thread: 0x0000000018fe3800
RSI=0x000000010000e6d0 is pointing into metadata
RDI=0x000000001c3eb8e8 is pointing into metadata
R8 =0x0000000000000013 is an unknown value
R9 =0x000000001730bed0 is an unknown value
R10=0x000000010000e6d0 is pointing into metadata
R11=0x00000000036756a0 is at entry_point+32 in (nmethod*)0x00000000036754d0
R12=0x0000000000000000 is an unknown value
R13=0x000000001b2bb6a8 is pointing into the stack for thread: 0x0000000018fe3800
R14=0x000000001b2bb728 is pointing into the stack for thread: 0x0000000018fe3800
R15=0x0000000018fe3800 is a thread


Stack: [0x000000001b1c0000,0x000000001b2c0000],  sp=0x000000001b2bb638,  free space=1005k
Native frames: (J=compiled Java code, j=interpreted, Vv=VM code, C=native code)
C  0xffffffffa43e5120


---------------  P R O C E S S  ---------------

Java Threads: ( => current thread )
  0x00000000191dc800 JavaThread "D3D Screen Updater" daemon [_thread_blocked, id=5576, stack(0x000000001b5e0000,0x000000001b6e0000)]
  0x0000000003230800 JavaThread "DestroyJavaVM" [_thread_blocked, id=7672, stack(0x0000000002dc0000,0x0000000002ec0000)]
=>0x0000000018fe3800 JavaThread "AWT-EventQueue-0" [_thread_in_Java, id=8808, stack(0x000000001b1c0000,0x000000001b2c0000)]
  0x0000000017304000 JavaThread "AWT-Windows" daemon [_thread_in_native, id=5944, stack(0x0000000017ce0000,0x0000000017de0000)]
  0x0000000017300000 JavaThread "AWT-Shutdown" [_thread_blocked, id=7612, stack(0x0000000017be0000,0x0000000017ce0000)]
  0x00000000172ff800 JavaThread "Java2D Disposer" daemon [_thread_blocked, id=7232, stack(0x0000000017ae0000,0x0000000017be0000)]
  0x0000000016f96800 JavaThread "Service Thread" daemon [_thread_blocked, id=7156, stack(0x0000000017810000,0x0000000017910000)]
  0x0000000016f1c000 JavaThread "C1 CompilerThread2" daemon [_thread_blocked, id=4120, stack(0x0000000017710000,0x0000000017810000)]
  0x0000000016f19000 JavaThread "C2 CompilerThread1" daemon [_thread_blocked, id=6484, stack(0x0000000017610000,0x0000000017710000)]
  0x0000000015b0c000 JavaThread "C2 CompilerThread0" daemon [_thread_blocked, id=5176, stack(0x0000000017510000,0x0000000017610000)]
  0x0000000016f18800 JavaThread "Attach Listener" daemon [_thread_blocked, id=5728, stack(0x0000000017410000,0x0000000017510000)]
  0x0000000015abf000 JavaThread "Signal Dispatcher" daemon [_thread_blocked, id=9000, stack(0x0000000017310000,0x0000000017410000)]
  0x000000000332e000 JavaThread "Finalizer" daemon [_thread_blocked, id=8484, stack(0x0000000016d00000,0x0000000016e00000)]
  0x0000000003323000 JavaThread "Reference Handler" daemon [_thread_blocked, id=6608, stack(0x0000000016c00000,0x0000000016d00000)]

Other Threads:
  0x0000000015a77800 VMThread [stack: 0x0000000016b00000,0x0000000016c00000] [id=8340]
  0x0000000016fda000 WatcherThread [stack: 0x0000000017910000,0x0000000017a10000] [id=400]

VM state:not at safepoint (normal execution)

VM Mutex/Monitor currently owned by a thread: None

Heap:
 PSYoungGen      total 18944K, used 14005K [0x00000000eab00000, 0x00000000ec000000, 0x0000000100000000)
  eden space 16384K, 85% used [0x00000000eab00000,0x00000000eb8ad710,0x00000000ebb00000)
  from space 2560K, 0% used [0x00000000ebd80000,0x00000000ebd80000,0x00000000ec000000)
  to   space 2560K, 0% used [0x00000000ebb00000,0x00000000ebb00000,0x00000000ebd80000)
 ParOldGen       total 44032K, used 0K [0x00000000c0000000, 0x00000000c2b00000, 0x00000000eab00000)
  object space 44032K, 0% used [0x00000000c0000000,0x00000000c0000000,0x00000000c2b00000)
 Metaspace       used 15322K, capacity 15560K, committed 15744K, reserved 1062912K
  class space    used 2042K, capacity 2135K, committed 2176K, reserved 1048576K

Card table byte_map: [0x00000000127a0000,0x00000000129b0000] byte_map_base: 0x00000000121a0000

Marking Bits: (ParMarkBitMap*) 0x000000005962a6c0
 Begin Bits: [0x0000000012f10000, 0x0000000013f10000)
 End Bits:   [0x0000000013f10000, 0x0000000014f10000)

Polling page: 0x0000000001270000

CodeCache: size=245760Kb used=2646Kb max_used=2660Kb free=243113Kb
 bounds [0x00000000033e0000, 0x0000000003680000, 0x00000000123e0000]
 total_blobs=1196 nmethods=705 adapters=406
 compilation: enabled

Compilation events (10 events):
Event: 1.746 Thread 0x0000000015b0c000  700  s    4       java.io.BufferedInputStream::read (49 bytes)
Event: 1.747 Thread 0x0000000016f19000  701       4       java.io.DataInputStream::readChar (40 bytes)
Event: 1.749 Thread 0x0000000015b0c000 nmethod 700 0x0000000003676410 code [0x0000000003676560, 0x0000000003676988]
Event: 1.749 Thread 0x0000000016f1c000  702  s    3       java.io.ByteArrayInputStream::read (36 bytes)
Event: 1.749 Thread 0x0000000016f1c000 nmethod 702 0x0000000003675e50 code [0x0000000003675fc0, 0x0000000003676310]
Event: 1.750 Thread 0x0000000016f1c000  703       3       java.io.DataInputStream::readInt (72 bytes)
Event: 1.750 Thread 0x0000000015b0c000  704  s    4       java.io.ByteArrayInputStream::read (36 bytes)
Event: 1.750 Thread 0x0000000016f1c000 nmethod 703 0x00000000036754d0 code [0x0000000003675680, 0x0000000003675c28]
Event: 1.751 Thread 0x0000000015b0c000 nmethod 704 0x0000000003673b10 code [0x0000000003673c60, 0x0000000003673ed8]
Event: 1.751 Thread 0x0000000015b0c000  705       4       java.io.DataInputStream::readInt (72 bytes)

GC Heap History (0 events):
No events

Deoptimization events (1 events):
Event: 0.322 Thread 0x0000000003230800 Uncommon trap: reason=null_check action=make_not_entrant pc=0x00000000035510f8 method=java.lang.String.equals(Ljava/lang/Object;)Z @ 8

Internal exceptions (10 events):
Event: 1.668 Thread 0x0000000018fe3800 Exception <a 'java/lang/ArrayIndexOutOfBoundsException'> (0x00000000eb595098) thrown at [C:\re\workspace\8-2-build-windows-amd64-cygwin\jdk8u111\7883\hotspot\src\share\vm\runtime\sharedRuntime.cpp, line 605]
Event: 1.669 Thread 0x0000000018fe3800 Exception <a 'java/lang/ArrayIndexOutOfBoundsException'> (0x00000000eb59a268) thrown at [C:\re\workspace\8-2-build-windows-amd64-cygwin\jdk8u111\7883\hotspot\src\share\vm\runtime\sharedRuntime.cpp, line 605]
Event: 1.670 Thread 0x0000000018fe3800 Exception <a 'java/lang/ArrayIndexOutOfBoundsException'> (0x00000000eb59f5f0) thrown at [C:\re\workspace\8-2-build-windows-amd64-cygwin\jdk8u111\7883\hotspot\src\share\vm\runtime\sharedRuntime.cpp, line 605]
Event: 1.670 Thread 0x0000000018fe3800 Exception <a 'java/lang/ArrayIndexOutOfBoundsException'> (0x00000000eb5a5290) thrown at [C:\re\workspace\8-2-build-windows-amd64-cygwin\jdk8u111\7883\hotspot\src\share\vm\runtime\sharedRuntime.cpp, line 605]
Event: 1.671 Thread 0x0000000018fe3800 Exception <a 'java/lang/ArrayIndexOutOfBoundsException'> (0x00000000eb5aa990) thrown at [C:\re\workspace\8-2-build-windows-amd64-cygwin\jdk8u111\7883\hotspot\src\share\vm\runtime\sharedRuntime.cpp, line 605]
Event: 1.672 Thread 0x0000000018fe3800 Exception <a 'java/lang/ArrayIndexOutOfBoundsException'> (0x00000000eb5b0008) thrown at [C:\re\workspace\8-2-build-windows-amd64-cygwin\jdk8u111\7883\hotspot\src\share\vm\runtime\sharedRuntime.cpp, line 605]
Event: 1.672 Thread 0x0000000018fe3800 Exception <a 'java/lang/ArrayIndexOutOfBoundsException'> (0x00000000eb5b5668) thrown at [C:\re\workspace\8-2-build-windows-amd64-cygwin\jdk8u111\7883\hotspot\src\share\vm\runtime\sharedRuntime.cpp, line 605]
Event: 1.674 Thread 0x0000000018fe3800 Exception <a 'java/lang/ArrayIndexOutOfBoundsException'> (0x00000000eb5bafc0) thrown at [C:\re\workspace\8-2-build-windows-amd64-cygwin\jdk8u111\7883\hotspot\src\share\vm\runtime\sharedRuntime.cpp, line 605]
Event: 1.675 Thread 0x0000000018fe3800 Exception <a 'java/lang/ArrayIndexOutOfBoundsException'> (0x00000000eb5c0858) thrown at [C:\re\workspace\8-2-build-windows-amd64-cygwin\jdk8u111\7883\hotspot\src\share\vm\runtime\sharedRuntime.cpp, line 605]
Event: 1.677 Thread 0x0000000018fe3800 Exception <a 'java/lang/ArrayIndexOutOfBoundsException'> (0x00000000eb5ccae0) thrown at [C:\re\workspace\8-2-build-windows-amd64-cygwin\jdk8u111\7883\hotspot\src\share\vm\runtime\sharedRuntime.cpp, line 605]

Events (10 events):
Event: 1.745 loading class sun/text/normalizer/Trie$DataManipulate done
Event: 1.745 loading class sun/text/normalizer/NormalizerImpl$FCDTrieImpl done
Event: 1.745 loading class sun/text/normalizer/NormalizerImpl$NormTrieImpl
Event: 1.745 loading class sun/text/normalizer/NormalizerImpl$NormTrieImpl done
Event: 1.745 loading class sun/text/normalizer/NormalizerImpl$AuxTrieImpl
Event: 1.745 loading class sun/text/normalizer/NormalizerImpl$AuxTrieImpl done
Event: 1.749 loading class sun/text/normalizer/IntTrie
Event: 1.749 loading class sun/text/normalizer/Trie
Event: 1.749 loading class sun/text/normalizer/Trie done
Event: 1.749 loading class sun/text/normalizer/IntTrie done


Dynamic libraries:
0x00007ff647f00000 - 0x00007ff647f37000 	C:\Program Files\Java\jdk1.8.0_111\bin\javaw.exe
0x00007ffb6b790000 - 0x00007ffb6b961000 	C:\Windows\SYSTEM32\ntdll.dll
0x00007ffb6aad0000 - 0x00007ffb6ab7b000 	C:\Windows\System32\KERNEL32.DLL
0x00007ffb68460000 - 0x00007ffb6867d000 	C:\Windows\System32\KERNELBASE.dll
0x00007ffb6b3e0000 - 0x00007ffb6b482000 	C:\Windows\System32\ADVAPI32.dll
0x00007ffb6b570000 - 0x00007ffb6b60e000 	C:\Windows\System32\msvcrt.dll
0x00007ffb69420000 - 0x00007ffb69479000 	C:\Windows\System32\sechost.dll
0x00007ffb68d80000 - 0x00007ffb68ea1000 	C:\Windows\System32\RPCRT4.dll
0x00007ffb6ad30000 - 0x00007ffb6ae95000 	C:\Windows\System32\USER32.dll
0x00007ffb68810000 - 0x00007ffb6882e000 	C:\Windows\System32\win32u.dll
0x00007ffb6ace0000 - 0x00007ffb6ad14000 	C:\Windows\System32\GDI32.dll
0x00007ffb68680000 - 0x00007ffb68802000 	C:\Windows\System32\gdi32full.dll
0x00007ffb619b0000 - 0x00007ffb61c2a000 	C:\Windows\WinSxS\amd64_microsoft.windows.common-controls_6595b64144ccf1df_6.0.14393.953_none_42151e83c686086b\COMCTL32.dll
0x00007ffb68eb0000 - 0x00007ffb69178000 	C:\Windows\System32\combase.dll
0x00007ffb68830000 - 0x00007ffb68925000 	C:\Windows\System32\ucrtbase.dll
0x00007ffb68cb0000 - 0x00007ffb68d1a000 	C:\Windows\System32\bcryptPrimitives.dll
0x00007ffb6b6a0000 - 0x00007ffb6b6ce000 	C:\Windows\System32\IMM32.DLL
0x0000000059e50000 - 0x0000000059f22000 	C:\Program Files\Java\jdk1.8.0_111\jre\bin\msvcr100.dll
0x0000000058e10000 - 0x00000000596aa000 	C:\Program Files\Java\jdk1.8.0_111\jre\bin\server\jvm.dll
0x00007ffb6ad20000 - 0x00007ffb6ad28000 	C:\Windows\System32\PSAPI.DLL
0x00007ffb66070000 - 0x00007ffb66093000 	C:\Windows\SYSTEM32\WINMM.dll
0x00007ffb5bce0000 - 0x00007ffb5bce9000 	C:\Windows\SYSTEM32\WSOCK32.dll
0x00007ffb6b610000 - 0x00007ffb6b67a000 	C:\Windows\System32\WS2_32.dll
0x00007ffb63470000 - 0x00007ffb6347a000 	C:\Windows\SYSTEM32\VERSION.dll
0x00007ffb66010000 - 0x00007ffb6603b000 	C:\Windows\SYSTEM32\WINMMBASE.dll
0x00007ffb67c80000 - 0x00007ffb67cc2000 	C:\Windows\System32\cfgmgr32.dll
0x0000000058e00000 - 0x0000000058e0f000 	C:\Program Files\Java\jdk1.8.0_111\jre\bin\verify.dll
0x0000000058dd0000 - 0x0000000058df9000 	C:\Program Files\Java\jdk1.8.0_111\jre\bin\java.dll
0x0000000058db0000 - 0x0000000058dc6000 	C:\Program Files\Java\jdk1.8.0_111\jre\bin\zip.dll
0x00007ffb695c0000 - 0x00007ffb6aac9000 	C:\Windows\System32\SHELL32.dll
0x00007ffb67d80000 - 0x00007ffb6845a000 	C:\Windows\System32\windows.storage.dll
0x00007ffb67c30000 - 0x00007ffb67c7c000 	C:\Windows\System32\powrprof.dll
0x00007ffb68d20000 - 0x00007ffb68d72000 	C:\Windows\System32\shlwapi.dll
0x00007ffb67c00000 - 0x00007ffb67c0f000 	C:\Windows\System32\kernel.appcore.dll
0x00007ffb68b60000 - 0x00007ffb68c09000 	C:\Windows\System32\shcore.dll
0x00007ffb67c10000 - 0x00007ffb67c24000 	C:\Windows\System32\profapi.dll
0x0000000059cb0000 - 0x0000000059e48000 	C:\Program Files\Java\jdk1.8.0_111\jre\bin\awt.dll
0x00007ffb6b6d0000 - 0x00007ffb6b78f000 	C:\Windows\System32\OLEAUT32.dll
0x00007ffb68c10000 - 0x00007ffb68cac000 	C:\Windows\System32\msvcp_win.dll
0x00007ffb661a0000 - 0x00007ffb6621a000 	C:\Windows\SYSTEM32\apphelp.dll
0x00007ffb66370000 - 0x00007ffb66405000 	C:\Windows\system32\uxtheme.dll
0x00007ffb6ab80000 - 0x00007ffb6acda000 	C:\Windows\System32\MSCTF.dll
0x00007ffb65a40000 - 0x00007ffb65a66000 	C:\Windows\system32\dwmapi.dll
0x00007ffb69480000 - 0x00007ffb695b7000 	C:\Windows\System32\ole32.dll
0x00007ffb53db0000 - 0x00007ffb53f3d000 	C:\Windows\system32\d3d9.dll
0x00007ffb31670000 - 0x00007ffb32726000 	C:\Windows\SYSTEM32\nvd3dumx.dll
0x00007ffb62c70000 - 0x00007ffb62ddc000 	C:\Program Files (x86)\NVIDIA Corporation\3D Vision\nvSCPAPI64.dll
0x00007ffb6aea0000 - 0x00007ffb6b2c9000 	C:\Windows\System32\SETUPAPI.dll
0x00007ffb62930000 - 0x00007ffb62c66000 	C:\Windows\system32\nvapi64.dll
0x00007ffb66820000 - 0x00007ffb66848000 	C:\Windows\SYSTEM32\DEVOBJ.dll
0x00007ffb68930000 - 0x00007ffb68985000 	C:\Windows\System32\WINTRUST.dll
0x00007ffb67bf0000 - 0x00007ffb67c00000 	C:\Windows\System32\MSASN1.dll
0x00007ffb68990000 - 0x00007ffb68b59000 	C:\Windows\System32\CRYPT32.dll
0x00007ffb66b70000 - 0x00007ffb66c0f000 	C:\Windows\system32\dxgi.dll
0x0000000059c60000 - 0x0000000059ca7000 	C:\Program Files\Java\jdk1.8.0_111\jre\bin\fontmanager.dll
0x0000000058d90000 - 0x0000000058daa000 	C:\Program Files\Java\jdk1.8.0_111\jre\bin\net.dll
0x00007ffb674c0000 - 0x00007ffb6751c000 	C:\Windows\system32\mswsock.dll
0x0000000058d70000 - 0x0000000058d81000 	C:\Program Files\Java\jdk1.8.0_111\jre\bin\nio.dll
0x0000000059c10000 - 0x0000000059c52000 	C:\Program Files\Java\jdk1.8.0_111\jre\bin\t2k.dll
0x00007ffb6b340000 - 0x00007ffb6b3df000 	C:\Windows\System32\clbcatq.dll
0x00007ffb607a0000 - 0x00007ffb60872000 	C:\Windows\System32\IME\IMEKR\imkrtip.dll
0x00007ffb65680000 - 0x00007ffb65805000 	C:\Windows\SYSTEM32\PROPSYS.dll
0x00007ffb5feb0000 - 0x00007ffb60006000 	C:\Windows\System32\IME\shared\imetip.dll
0x00007ffb65240000 - 0x00007ffb652a5000 	C:\Windows\SYSTEM32\OLEACC.dll
0x00007ffb5fd00000 - 0x00007ffb5fea8000 	C:\Windows\SYSTEM32\DUI70.dll
0x00007ffb60ff0000 - 0x00007ffb61028000 	C:\Windows\System32\IME\IMEKR\imkrapi.dll
0x00007ffb5fcc0000 - 0x00007ffb5fcf5000 	C:\Windows\System32\IME\shared\imjkapi.dll
0x00007ffb66f90000 - 0x00007ffb66fc2000 	C:\Windows\SYSTEM32\ntmarta.dll
0x00007ffb5bf10000 - 0x00007ffb5c0a2000 	C:\Windows\SYSTEM32\dbghelp.dll

VM Arguments:
jvm_args: -Dfile.encoding=UTF-8 
java_command: kr.or.dgit.donghun2.Main.MainFrame
java_class_path (initial): D:\workspace_sql\workspace_mybatis\donghun2\bin;C:\Users\SJW\.gradle\caches\modules-2\files-2.1\org.mybatis\mybatis\3.4.2\2b9a5082fe0bdb3128bab8b4b19b23ca0f3d9b38\mybatis-3.4.2.jar;C:\Users\SJW\.gradle\caches\modules-2\files-2.1\log4j\log4j\1.2.17\5af35056b4d257e4b64b9e8069c0746e8b08629f\log4j-1.2.17.jar;C:\Users\SJW\.gradle\caches\modules-2\files-2.1\mysql\mysql-connector-java\5.1.41\b0878056f15616989144d6114d36d3942321d0d1\mysql-connector-java-5.1.41.jar;C:\Users\SJW\.gradle\caches\modules-2\files-2.1\junit\junit\4.12\2973d150c0dc1fefe998f834810d68f278ea58ec\junit-4.12.jar;C:\Users\SJW\.gradle\caches\modules-2\files-2.1\org.hamcrest\hamcrest-core\1.3\42a25dc3219429f0e5d060061f71acb49bf010a0\hamcrest-core-1.3.jar;D:\workspace_sql\workspace_mybatis\donghun2\src\main\resources\erp_myframework.jar
Launcher Type: SUN_STANDARD

Environment Variables:
JAVA_HOME=C:\Program Files\Java\jdk1.8.0_111
PATH=C:/Program Files/Java/jdk1.8.0_111/bin/../jre/bin/server;C:/Program Files/Java/jdk1.8.0_111/bin/../jre/bin;C:/Program Files/Java/jdk1.8.0_111/bin/../jre/lib/amd64;C:\Program Files\Java\jdk1.8.0_111\bin;C:\ProgramData\Oracle\Java\javapath;C:\Program Files (x86)\NVIDIA Corporation\PhysX\Common;C:\Windows\system32;C:\Windows;C:\Windows\System32\Wbem;C:\Windows\System32\WindowsPowerShell\v1.0\;C:\Program Files\MySQL\MySQL Server 5.6\bin;C:\Program Files\Git\cmd;D:\gradle-3.4.1\bin;C:\Users\SJW\AppData\Local\Microsoft\WindowsApps;C:\Program Files\Bandizip\7z;C:\eclipse_java;
USERNAME=SJW
OS=Windows_NT
PROCESSOR_IDENTIFIER=Intel64 Family 6 Model 23 Stepping 10, GenuineIntel



---------------  S Y S T E M  ---------------

OS: Windows 10.0 , 64 bit Build 14393 (10.0.14393.0)

CPU:total 4 (4 cores per cpu, 1 threads per core) family 6 model 23 stepping 10, cmov, cx8, fxsr, mmx, sse, sse2, sse3, ssse3, sse4.1, tsc

Memory: 4k page, physical 4192492k(1243160k free), swap 6682860k(1515476k free)

vm_info: Java HotSpot(TM) 64-Bit Server VM (25.111-b14) for windows-amd64 JRE (1.8.0_111-b14), built on Sep 22 2016 19:24:05 by "java_re" with MS VC++ 10.0 (VS2010)

time: Fri Apr 07 12:38:27 2017
elapsed time: 1 seconds (0d 0h 0m 1s)

