#
# A fatal error has been detected by the Java Runtime Environment:
#
#  EXCEPTION_ACCESS_VIOLATION (0xc0000005) at pc=0xffffffffa3cc5120, pid=1380, tid=0x0000000000002330
#
# JRE version: Java(TM) SE Runtime Environment (8.0_111-b14) (build 1.8.0_111-b14)
# Java VM: Java HotSpot(TM) 64-Bit Server VM (25.111-b14 mixed mode windows-amd64 compressed oops)
# Problematic frame:
# C  0xffffffffa3cc5120
#
# Failed to write core dump. Minidumps are not enabled by default on client versions of Windows
#
# If you would like to submit a bug report, please visit:
#   http://bugreport.java.com/bugreport/crash.jsp
#

---------------  T H R E A D  ---------------

Current thread (0x000000001537a800):  JavaThread "Finalizer" daemon [_thread_in_Java, id=9008, stack(0x00000000165f0000,0x00000000166f0000)]

siginfo: ExceptionCode=0xc0000005, ExceptionInformation=0x0000000000000008 0xffffffffa3cc5120

Registers:
RAX=0x0000000014a1a420, RBX=0x0000000014a1a420, RCX=0x0000000014ae50b0, RDX=0x0000000002cc7e20
RSP=0x00000000166ef5c8, RBP=0x00000000166ef620, RSI=0x00000000000025a8, RDI=0x00000000151d7880
R8 =0x0000000000000118, R9 =0x00000000c02d83d0, R10=0x0000000051a2c0c0, R11=0x0000000002f89ca0
R12=0x0000000000000000, R13=0x00000000166ef5e0, R14=0x00000000166ef640, R15=0x000000001537a800
RIP=0xffffffffa3cc5120, EFLAGS=0x0000000000010202

Top of Stack: (sp=0x00000000166ef5c8)
0x00000000166ef5c8:   0000000002cc7e20 00000000ecdbcd08
0x00000000166ef5d8:   0000000002cc7e20 00000000166ef5e0
0x00000000166ef5e8:   0000000014ae5001 00000000166ef640
0x00000000166ef5f8:   0000000014ae50b0 0000000000000000
0x00000000166ef608:   0000000014ae5040 00000000166ef5e0
0x00000000166ef618:   00000000166ef640 00000000166ef720
0x00000000166ef628:   0000000002cc0622 00000000ece11e40
0x00000000166ef638:   00000000ecdbcd08 00000000ecdbcb58
0x00000000166ef648:   0000000000000000 0000000000000000
0x00000000166ef658:   0000000000000000 0000000000000000
0x00000000166ef668:   0000000000000000 0000000000000000
0x00000000166ef678:   0000000000000000 0000000000000000
0x00000000166ef688:   0000000000000000 0000000000000000
0x00000000166ef698:   0000000000000000 0000000000000000
0x00000000166ef6a8:   0000000000000000 0000000000000000
0x00000000166ef6b8:   0000000000000000 0000000000000000 

Instructions: (pc=0xffffffffa3cc5120)
0xffffffffa3cc5100:   
[error occurred during error reporting (printing registers, top of stack, instructions near pc), id 0xc0000005]

Register to memory mapping:

RAX={method} {0x0000000014a1a428} 'access$000' '()Ljava/lang/ref/ReferenceQueue;' in 'java/lang/ref/Finalizer'
RBX={method} {0x0000000014a1a428} 'access$000' '()Ljava/lang/ref/ReferenceQueue;' in 'java/lang/ref/Finalizer'
RCX=0x0000000014ae50b0 is pointing into metadata
RDX=0x0000000002cc7e20 is at code_begin+1664 in an Interpreter codelet
invoke return entry points  [0x0000000002cc77a0, 0x0000000002cc8180]  2528 bytes
RSP=0x00000000166ef5c8 is pointing into the stack for thread: 0x000000001537a800
RBP=0x00000000166ef620 is pointing into the stack for thread: 0x000000001537a800
RSI=0x00000000000025a8 is an unknown value
RDI=0x00000000151d7880 is pointing into metadata
R8 =0x0000000000000118 is an unknown value
R9 =0x00000000c02d83d0 is an oop
java.lang.Object 
 - klass: 'java/lang/Object'
R10=0x0000000051a2c0c0 is an unknown value
R11=0x0000000002f89ca0 is at entry_point+0 in (nmethod*)0x0000000002f89b50
R12=0x0000000000000000 is an unknown value
R13=0x00000000166ef5e0 is pointing into the stack for thread: 0x000000001537a800
R14=0x00000000166ef640 is pointing into the stack for thread: 0x000000001537a800
R15=0x000000001537a800 is a thread


Stack: [0x00000000165f0000,0x00000000166f0000],  sp=0x00000000166ef5c8,  free space=1021k
Native frames: (J=compiled Java code, j=interpreted, Vv=VM code, C=native code)
C  0xffffffffa3cc5120


---------------  P R O C E S S  ---------------

Java Threads: ( => current thread )
  0x0000000017962000 JavaThread "Abandoned connection cleanup thread" daemon [_thread_blocked, id=7848, stack(0x00000000182f0000,0x00000000183f0000)]
  0x0000000017567800 JavaThread "/127.0.0.1:62920 to /127.0.0.1:62919 workers Thread 3" [_thread_in_native, id=7188, stack(0x0000000017df0000,0x0000000017ef0000)]
  0x00000000176ec000 JavaThread "/127.0.0.1:62920 to /127.0.0.1:62919 workers Thread 2" [_thread_blocked, id=3616, stack(0x0000000017cf0000,0x0000000017df0000)]
  0x00000000175de800 JavaThread "Test worker" [_thread_in_Java, id=356, stack(0x0000000017bd0000,0x0000000017cd0000)]
  0x0000000016779800 JavaThread "Service Thread" daemon [_thread_blocked, id=6344, stack(0x00000000170d0000,0x00000000171d0000)]
  0x0000000016738000 JavaThread "C1 CompilerThread2" daemon [_thread_blocked, id=8892, stack(0x0000000016fd0000,0x00000000170d0000)]
  0x0000000016729000 JavaThread "C2 CompilerThread1" daemon [_thread_blocked, id=6124, stack(0x0000000016ed0000,0x0000000016fd0000)]
  0x00000000153ee000 JavaThread "C2 CompilerThread0" daemon [_thread_blocked, id=6932, stack(0x0000000016dd0000,0x0000000016ed0000)]
  0x00000000153ec800 JavaThread "Attach Listener" daemon [_thread_blocked, id=9136, stack(0x0000000016cd0000,0x0000000016dd0000)]
  0x0000000016727800 JavaThread "Signal Dispatcher" daemon [_thread_blocked, id=7284, stack(0x0000000016bd0000,0x0000000016cd0000)]
=>0x000000001537a800 JavaThread "Finalizer" daemon [_thread_in_Java, id=9008, stack(0x00000000165f0000,0x00000000166f0000)]
  0x0000000002cb1000 JavaThread "Reference Handler" daemon [_thread_blocked, id=872, stack(0x00000000164f0000,0x00000000165f0000)]
  0x0000000002bc0800 JavaThread "main" [_thread_blocked, id=8292, stack(0x0000000002ac0000,0x0000000002bc0000)]

Other Threads:
  0x0000000015358000 VMThread [stack: 0x00000000163f0000,0x00000000164f0000] [id=8200]
  0x00000000167fb800 WatcherThread [stack: 0x00000000171d0000,0x00000000172d0000] [id=6676]

VM state:not at safepoint (normal execution)

VM Mutex/Monitor currently owned by a thread: None

Heap:
 PSYoungGen      total 35328K, used 3704K [0x00000000eab00000, 0x00000000ed000000, 0x0000000100000000)
  eden space 32768K, 3% used [0x00000000eab00000,0x00000000eac21330,0x00000000ecb00000)
  from space 2560K, 99% used [0x00000000ecd80000,0x00000000ecffd070,0x00000000ed000000)
  to   space 2560K, 0% used [0x00000000ecb00000,0x00000000ecb00000,0x00000000ecd80000)
 ParOldGen       total 44032K, used 3337K [0x00000000c0000000, 0x00000000c2b00000, 0x00000000eab00000)
  object space 44032K, 7% used [0x00000000c0000000,0x00000000c03424a8,0x00000000c2b00000)
 Metaspace       used 13492K, capacity 13710K, committed 13824K, reserved 1060864K
  class space    used 1710K, capacity 1775K, committed 1792K, reserved 1048576K

Card table byte_map: [0x0000000012080000,0x0000000012290000] byte_map_base: 0x0000000011a80000

Marking Bits: (ParMarkBitMap*) 0x0000000051a4a6c0
 Begin Bits: [0x00000000127f0000, 0x00000000137f0000)
 End Bits:   [0x00000000137f0000, 0x00000000147f0000)

Polling page: 0x0000000000f50000

CodeCache: size=245760Kb used=3527Kb max_used=3538Kb free=242232Kb
 bounds [0x0000000002cc0000, 0x0000000003040000, 0x0000000011cc0000]
 total_blobs=1320 nmethods=940 adapters=295
 compilation: enabled

Compilation events (10 events):
Event: 1.638 Thread 0x0000000016738000 nmethod 923 0x000000000301f350 code [0x000000000301f4c0, 0x000000000301f6c8]
Event: 1.638 Thread 0x0000000016738000  924       3       java.lang.reflect.Method::copy (84 bytes)
Event: 1.638 Thread 0x0000000016738000 nmethod 924 0x0000000003021690 code [0x0000000003021820, 0x0000000003021bd8]
Event: 1.639 Thread 0x0000000016738000  925       3       java.lang.Character::getType (9 bytes)
Event: 1.639 Thread 0x0000000016729000  927       4       java.lang.StringBuilder::toString (17 bytes)
Event: 1.639 Thread 0x0000000016738000 nmethod 925 0x0000000003021210 code [0x0000000003021380, 0x00000000030215b8]
Event: 1.639 Thread 0x0000000016738000  926       3       java.lang.CharacterDataLatin1::getType (11 bytes)
Event: 1.639 Thread 0x0000000016738000 nmethod 926 0x0000000003020d50 code [0x0000000003020ec0, 0x00000000030210b0]
Event: 1.652 Thread 0x0000000016738000  928       1       java.lang.ref.Finalizer::access$000 (4 bytes)
Event: 1.652 Thread 0x0000000016738000 nmethod 928 0x000000000301f010 code [0x000000000301f160, 0x000000000301f250]

GC Heap History (4 events):
Event: 1.115 GC heap before
{Heap before GC invocations=1 (full 0):
 PSYoungGen      total 18944K, used 16384K [0x00000000eab00000, 0x00000000ec000000, 0x0000000100000000)
  eden space 16384K, 100% used [0x00000000eab00000,0x00000000ebb00000,0x00000000ebb00000)
  from space 2560K, 0% used [0x00000000ebd80000,0x00000000ebd80000,0x00000000ec000000)
  to   space 2560K, 0% used [0x00000000ebb00000,0x00000000ebb00000,0x00000000ebd80000)
 ParOldGen       total 44032K, used 0K [0x00000000c0000000, 0x00000000c2b00000, 0x00000000eab00000)
  object space 44032K, 0% used [0x00000000c0000000,0x00000000c0000000,0x00000000c2b00000)
 Metaspace       used 9286K, capacity 9550K, committed 9728K, reserved 1058816K
  class space    used 1170K, capacity 1263K, committed 1280K, reserved 1048576K
Event: 1.129 GC heap after
Heap after GC invocations=1 (full 0):
 PSYoungGen      total 18944K, used 2538K [0x00000000eab00000, 0x00000000ed000000, 0x0000000100000000)
  eden space 16384K, 0% used [0x00000000eab00000,0x00000000eab00000,0x00000000ebb00000)
  from space 2560K, 99% used [0x00000000ebb00000,0x00000000ebd7a8d8,0x00000000ebd80000)
  to   space 2560K, 0% used [0x00000000ecd80000,0x00000000ecd80000,0x00000000ed000000)
 ParOldGen       total 44032K, used 1474K [0x00000000c0000000, 0x00000000c2b00000, 0x00000000eab00000)
  object space 44032K, 3% used [0x00000000c0000000,0x00000000c0170b60,0x00000000c2b00000)
 Metaspace       used 9286K, capacity 9550K, committed 9728K, reserved 1058816K
  class space    used 1170K, capacity 1263K, committed 1280K, reserved 1048576K
}
Event: 1.640 GC heap before
{Heap before GC invocations=2 (full 0):
 PSYoungGen      total 18944K, used 18922K [0x00000000eab00000, 0x00000000ed000000, 0x0000000100000000)
  eden space 16384K, 100% used [0x00000000eab00000,0x00000000ebb00000,0x00000000ebb00000)
  from space 2560K, 99% used [0x00000000ebb00000,0x00000000ebd7a8d8,0x00000000ebd80000)
  to   space 2560K, 0% used [0x00000000ecd80000,0x00000000ecd80000,0x00000000ed000000)
 ParOldGen       total 44032K, used 1474K [0x00000000c0000000, 0x00000000c2b00000, 0x00000000eab00000)
  object space 44032K, 3% used [0x00000000c0000000,0x00000000c0170b60,0x00000000c2b00000)
 Metaspace       used 13445K, capacity 13710K, committed 13824K, reserved 1060864K
  class space    used 1702K, capacity 1775K, committed 1792K, reserved 1048576K
Event: 1.650 GC heap after
Heap after GC invocations=2 (full 0):
 PSYoungGen      total 35328K, used 2548K [0x00000000eab00000, 0x00000000ed000000, 0x0000000100000000)
  eden space 32768K, 0% used [0x00000000eab00000,0x00000000eab00000,0x00000000ecb00000)
  from space 2560K, 99% used [0x00000000ecd80000,0x00000000ecffd070,0x00000000ed000000)
  to   space 2560K, 0% used [0x00000000ecb00000,0x00000000ecb00000,0x00000000ecd80000)
 ParOldGen       total 44032K, used 3337K [0x00000000c0000000, 0x00000000c2b00000, 0x00000000eab00000)
  object space 44032K, 7% used [0x00000000c0000000,0x00000000c03424a8,0x00000000c2b00000)
 Metaspace       used 13445K, capacity 13710K, committed 13824K, reserved 1060864K
  class space    used 1702K, capacity 1775K, committed 1792K, reserved 1048576K
}

Deoptimization events (10 events):
Event: 1.317 Thread 0x00000000175de800 Uncommon trap: reason=unstable_if action=reinterpret pc=0x0000000002f44f78 method=java.lang.AbstractStringBuilder.append(Ljava/lang/String;)Ljava/lang/AbstractStringBuilder; @ 1
Event: 1.517 Thread 0x00000000175de800 Uncommon trap: reason=class_check action=maybe_recompile pc=0x0000000002fc9a64 method=java.io.DataInputStream.readChar()C @ 4
Event: 1.517 Thread 0x00000000175de800 Uncommon trap: reason=class_check action=maybe_recompile pc=0x0000000002fc9a64 method=java.io.DataInputStream.readChar()C @ 4
Event: 1.517 Thread 0x00000000175de800 Uncommon trap: reason=class_check action=maybe_recompile pc=0x0000000002fc9a64 method=java.io.DataInputStream.readChar()C @ 4
Event: 1.517 Thread 0x00000000175de800 Uncommon trap: reason=class_check action=maybe_recompile pc=0x0000000002fc9a64 method=java.io.DataInputStream.readChar()C @ 4
Event: 1.563 Thread 0x00000000175de800 Uncommon trap: reason=unstable_if action=reinterpret pc=0x0000000002ff1490 method=sun.text.UCompactIntArray.elementAt(I)I @ 14
Event: 1.576 Thread 0x00000000175de800 Uncommon trap: reason=unstable_if action=reinterpret pc=0x0000000002e30050 method=sun.nio.cs.UTF_8$Encoder.encode([CII[B)I @ 33
Event: 1.577 Thread 0x00000000175de800 Uncommon trap: reason=unstable_if action=reinterpret pc=0x0000000002f9f71c method=sun.net.www.ParseUtil.encodePath(Ljava/lang/String;Z)Ljava/lang/String; @ 81
Event: 1.585 Thread 0x00000000175de800 Uncommon trap: reason=unstable_if action=reinterpret pc=0x0000000002f9c1d4 method=sun.net.www.ParseUtil.encodePath(Ljava/lang/String;Z)Ljava/lang/String; @ 81
Event: 1.625 Thread 0x0000000017962000 Uncommon trap: reason=unstable_if action=reinterpret pc=0x0000000002fbc0ec method=java.util.zip.ZipCoder.getBytes(Ljava/lang/String;)[B @ 32

Internal exceptions (10 events):
Event: 1.416 Thread 0x00000000175de800 Exception <a 'java/lang/ArrayIndexOutOfBoundsException'> (0x00000000eb14edc8) thrown at [C:\re\workspace\8-2-build-windows-amd64-cygwin\jdk8u111\7883\hotspot\src\share\vm\runtime\sharedRuntime.cpp, line 605]
Event: 1.417 Thread 0x00000000175de800 Exception <a 'java/lang/ArrayIndexOutOfBoundsException'> (0x00000000eb1568a8) thrown at [C:\re\workspace\8-2-build-windows-amd64-cygwin\jdk8u111\7883\hotspot\src\share\vm\runtime\sharedRuntime.cpp, line 605]
Event: 1.418 Thread 0x00000000175de800 Exception <a 'java/lang/ArrayIndexOutOfBoundsException'> (0x00000000eb15e308) thrown at [C:\re\workspace\8-2-build-windows-amd64-cygwin\jdk8u111\7883\hotspot\src\share\vm\runtime\sharedRuntime.cpp, line 605]
Event: 1.419 Thread 0x00000000175de800 Exception <a 'java/lang/ArrayIndexOutOfBoundsException'> (0x00000000eb165b50) thrown at [C:\re\workspace\8-2-build-windows-amd64-cygwin\jdk8u111\7883\hotspot\src\share\vm\runtime\sharedRuntime.cpp, line 605]
Event: 1.420 Thread 0x00000000175de800 Exception <a 'java/lang/ArrayIndexOutOfBoundsException'> (0x00000000eb16d650) thrown at [C:\re\workspace\8-2-build-windows-amd64-cygwin\jdk8u111\7883\hotspot\src\share\vm\runtime\sharedRuntime.cpp, line 605]
Event: 1.421 Thread 0x00000000175de800 Exception <a 'java/lang/ArrayIndexOutOfBoundsException'> (0x00000000eb175278) thrown at [C:\re\workspace\8-2-build-windows-amd64-cygwin\jdk8u111\7883\hotspot\src\share\vm\runtime\sharedRuntime.cpp, line 605]
Event: 1.422 Thread 0x00000000175de800 Exception <a 'java/lang/ArrayIndexOutOfBoundsException'> (0x00000000eb17d060) thrown at [C:\re\workspace\8-2-build-windows-amd64-cygwin\jdk8u111\7883\hotspot\src\share\vm\runtime\sharedRuntime.cpp, line 605]
Event: 1.423 Thread 0x00000000175de800 Exception <a 'java/lang/ArrayIndexOutOfBoundsException'> (0x00000000eb1848a8) thrown at [C:\re\workspace\8-2-build-windows-amd64-cygwin\jdk8u111\7883\hotspot\src\share\vm\runtime\sharedRuntime.cpp, line 605]
Event: 1.425 Thread 0x00000000175de800 Exception <a 'java/lang/ArrayIndexOutOfBoundsException'> (0x00000000eb18c490) thrown at [C:\re\workspace\8-2-build-windows-amd64-cygwin\jdk8u111\7883\hotspot\src\share\vm\runtime\sharedRuntime.cpp, line 605]
Event: 1.427 Thread 0x00000000175de800 Exception <a 'java/lang/ArrayIndexOutOfBoundsException'> (0x00000000eb1943c0) thrown at [C:\re\workspace\8-2-build-windows-amd64-cygwin\jdk8u111\7883\hotspot\src\share\vm\runtime\sharedRuntime.cpp, line 605]

Events (10 events):
Event: 1.638 loading class org/apache/ibatis/reflection/property/PropertyNamer
Event: 1.638 loading class org/apache/ibatis/reflection/property/PropertyNamer done
Event: 1.639 loading class org/apache/ibatis/reflection/invoker/MethodInvoker
Event: 1.639 loading class org/apache/ibatis/reflection/invoker/MethodInvoker done
Event: 1.640 loading class org/apache/ibatis/reflection/invoker/Invoker
Event: 1.640 loading class org/apache/ibatis/reflection/invoker/Invoker done
Event: 1.640 Executing VM operation: ParallelGCFailedAllocation
Event: 1.650 Executing VM operation: ParallelGCFailedAllocation done
Event: 1.651 loading class org/apache/ibatis/reflection/TypeParameterResolver
Event: 1.651 loading class org/apache/ibatis/reflection/TypeParameterResolver done


Dynamic libraries:
0x00007ff71b660000 - 0x00007ff71b697000 	C:\Program Files\Java\jdk1.8.0_111\bin\java.exe
0x00007ffb2ada0000 - 0x00007ffb2af71000 	C:\Windows\SYSTEM32\ntdll.dll
0x00007ffb2a600000 - 0x00007ffb2a6ab000 	C:\Windows\System32\KERNEL32.DLL
0x00007ffb279c0000 - 0x00007ffb27bdd000 	C:\Windows\System32\KERNELBASE.dll
0x00007ffb2a6c0000 - 0x00007ffb2a762000 	C:\Windows\System32\ADVAPI32.dll
0x00007ffb2a850000 - 0x00007ffb2a8ee000 	C:\Windows\System32\msvcrt.dll
0x00007ffb29840000 - 0x00007ffb29899000 	C:\Windows\System32\sechost.dll
0x00007ffb2a990000 - 0x00007ffb2aab1000 	C:\Windows\System32\RPCRT4.dll
0x00007ffb29c10000 - 0x00007ffb29d75000 	C:\Windows\System32\USER32.dll
0x00007ffb276d0000 - 0x00007ffb276ee000 	C:\Windows\System32\win32u.dll
0x00007ffb2ac20000 - 0x00007ffb2ac54000 	C:\Windows\System32\GDI32.dll
0x00007ffb27540000 - 0x00007ffb276c2000 	C:\Windows\System32\gdi32full.dll
0x00007ffb20f30000 - 0x00007ffb211aa000 	C:\Windows\WinSxS\amd64_microsoft.windows.common-controls_6595b64144ccf1df_6.0.14393.953_none_42151e83c686086b\COMCTL32.dll
0x00007ffb2a1b0000 - 0x00007ffb2a478000 	C:\Windows\System32\combase.dll
0x00007ffb278c0000 - 0x00007ffb279b5000 	C:\Windows\System32\ucrtbase.dll
0x00007ffb27be0000 - 0x00007ffb27c4a000 	C:\Windows\System32\bcryptPrimitives.dll
0x00007ffb29970000 - 0x00007ffb2999e000 	C:\Windows\System32\IMM32.DLL
0x0000000052f10000 - 0x0000000052fe2000 	C:\Program Files\Java\jdk1.8.0_111\jre\bin\msvcr100.dll
0x0000000051230000 - 0x0000000051aca000 	C:\Program Files\Java\jdk1.8.0_111\jre\bin\server\jvm.dll
0x00007ffb2a4f0000 - 0x00007ffb2a4f8000 	C:\Windows\System32\PSAPI.DLL
0x00007ffb22c90000 - 0x00007ffb22c9a000 	C:\Windows\SYSTEM32\VERSION.dll
0x00007ffb25680000 - 0x00007ffb256a3000 	C:\Windows\SYSTEM32\WINMM.dll
0x00007ffb20880000 - 0x00007ffb20889000 	C:\Windows\SYSTEM32\WSOCK32.dll
0x00007ffb25540000 - 0x00007ffb2556b000 	C:\Windows\SYSTEM32\WINMMBASE.dll
0x00007ffb2a480000 - 0x00007ffb2a4ea000 	C:\Windows\System32\WS2_32.dll
0x00007ffb273a0000 - 0x00007ffb273e2000 	C:\Windows\System32\cfgmgr32.dll
0x0000000052f00000 - 0x0000000052f0f000 	C:\Program Files\Java\jdk1.8.0_111\jre\bin\verify.dll
0x0000000052ed0000 - 0x0000000052ef9000 	C:\Program Files\Java\jdk1.8.0_111\jre\bin\java.dll
0x0000000052eb0000 - 0x0000000052ec6000 	C:\Program Files\Java\jdk1.8.0_111\jre\bin\zip.dll
0x00007ffb28330000 - 0x00007ffb29839000 	C:\Windows\System32\SHELL32.dll
0x00007ffb27c50000 - 0x00007ffb2832a000 	C:\Windows\System32\windows.storage.dll
0x00007ffb27200000 - 0x00007ffb2724c000 	C:\Windows\System32\powrprof.dll
0x00007ffb299b0000 - 0x00007ffb29a02000 	C:\Windows\System32\shlwapi.dll
0x00007ffb27270000 - 0x00007ffb2727f000 	C:\Windows\System32\kernel.appcore.dll
0x00007ffb273f0000 - 0x00007ffb27499000 	C:\Windows\System32\shcore.dll
0x00007ffb27250000 - 0x00007ffb27264000 	C:\Windows\System32\profapi.dll
0x0000000052e90000 - 0x0000000052eaa000 	C:\Program Files\Java\jdk1.8.0_111\jre\bin\net.dll
0x00007ffb26ad0000 - 0x00007ffb26b2c000 	C:\Windows\system32\mswsock.dll
0x0000000052e70000 - 0x0000000052e81000 	C:\Program Files\Java\jdk1.8.0_111\jre\bin\nio.dll
0x00007ffb209a0000 - 0x00007ffb209be000 	C:\Users\SDH\.gradle\native\24\windows-amd64\native-platform.dll
0x00007ffb26c80000 - 0x00007ffb26c97000 	C:\Windows\SYSTEM32\CRYPTSP.dll
0x00007ffb266d0000 - 0x00007ffb26703000 	C:\Windows\system32\rsaenh.dll
0x00007ffb27140000 - 0x00007ffb2716b000 	C:\Windows\SYSTEM32\bcrypt.dll
0x00007ffb26950000 - 0x00007ffb2696f000 	C:\Windows\SYSTEM32\USERENV.dll
0x00007ffb26c70000 - 0x00007ffb26c7b000 	C:\Windows\SYSTEM32\CRYPTBASE.dll
0x00007ffb26850000 - 0x00007ffb26888000 	C:\Windows\SYSTEM32\IPHLPAPI.DLL
0x00007ffb299a0000 - 0x00007ffb299a8000 	C:\Windows\System32\NSI.dll
0x00007ffb202e0000 - 0x00007ffb202f6000 	C:\Windows\SYSTEM32\dhcpcsvc6.DLL
0x00007ffb1f250000 - 0x00007ffb1f26a000 	C:\Windows\SYSTEM32\dhcpcsvc.DLL
0x00007ffb1bc00000 - 0x00007ffb1bd92000 	C:\Windows\SYSTEM32\dbghelp.dll

VM Arguments:
jvm_args: -Djava.security.manager=worker.org.gradle.process.internal.worker.child.BootstrapSecurityManager -Dfile.encoding=x-windows-949 -Duser.country=KR -Duser.language=ko -Duser.variant -ea 
java_command: worker.org.gradle.process.internal.worker.GradleWorkerMain 'Gradle Test Executor 1'
java_class_path (initial): C:\Users\SDH\.gradle\caches\3.4\workerMain\gradle-worker.jar
Launcher Type: SUN_STANDARD

Environment Variables:
JAVA_HOME=C:\Program Files\Java\jdk1.8.0_111
PATH=C:/Program Files/Java/jdk1.8.0_111/bin/../jre/bin/server;C:/Program Files/Java/jdk1.8.0_111/bin/../jre/bin;C:/Program Files/Java/jdk1.8.0_111/bin/../jre/lib/amd64;C:\Program Files\Java\jdk1.8.0_111\bin;C:\ProgramData\Oracle\Java\javapath;C:\Program Files (x86)\NVIDIA Corporation\PhysX\Common;C:\Windows\system32;C:\Windows;C:\Windows\System32\Wbem;C:\Windows\System32\WindowsPowerShell\v1.0\;C:\Program Files\MySQL\MySQL Server 5.6\bin;C:\Program Files\Git\cmd;D:\gradle-3.4.1\bin;C:\Users\SDH\AppData\Local\Microsoft\WindowsApps;C:\Program Files\Bandizip\7z;D:\program\eclipse_java\eclipse;
USERNAME=SDH
OS=Windows_NT
PROCESSOR_IDENTIFIER=Intel64 Family 6 Model 23 Stepping 10, GenuineIntel



---------------  S Y S T E M  ---------------

OS: Windows 10.0 , 64 bit Build 14393 (10.0.14393.0)

CPU:total 4 (4 cores per cpu, 1 threads per core) family 6 model 23 stepping 10, cmov, cx8, fxsr, mmx, sse, sse2, sse3, ssse3, sse4.1, tsc

Memory: 4k page, physical 4192492k(939016k free), swap 9697516k(1925516k free)

vm_info: Java HotSpot(TM) 64-Bit Server VM (25.111-b14) for windows-amd64 JRE (1.8.0_111-b14), built on Sep 22 2016 19:24:05 by "java_re" with MS VC++ 10.0 (VS2010)

time: Tue Apr 11 09:25:19 2017
elapsed time: 1 seconds (0d 0h 0m 1s)

