#
# A fatal error has been detected by the Java Runtime Environment:
#
#  EXCEPTION_ACCESS_VIOLATION (0xc0000005) at pc=0xffffffffa4385120, pid=9760, tid=0x0000000000001d88
#
# JRE version: Java(TM) SE Runtime Environment (8.0_111-b14) (build 1.8.0_111-b14)
# Java VM: Java HotSpot(TM) 64-Bit Server VM (25.111-b14 mixed mode windows-amd64 compressed oops)
# Problematic frame:
# C  0xffffffffa4385120
#
# Failed to write core dump. Minidumps are not enabled by default on client versions of Windows
#
# If you would like to submit a bug report, please visit:
#   http://bugreport.java.com/bugreport/crash.jsp
#

---------------  T H R E A D  ---------------

Current thread (0x00000000171aa800):  JavaThread "AWT-EventQueue-0" [_thread_in_Java, id=7560, stack(0x0000000018590000,0x0000000018690000)]

siginfo: ExceptionCode=0xc0000005, ExceptionInformation=0x0000000000000008 0xffffffffa4385120

Registers:
RAX=0x000000001b70ff68, RBX=0x000000001b70ff68, RCX=0x00000000eb1955b8, RDX=0x00000000eb1955b8
RSP=0x000000001868d448, RBP=0x000000001868d4b0, RSI=0x000000001c9958a0, RDI=0x0000000000000108
R8 =0x00000000000000b7, R9 =0x00000000eb195a60, R10=0x0000000064ffc0c0, R11=0x00000000037255a0
R12=0x0000000000000000, R13=0x000000001868d460, R14=0x000000001868d520, R15=0x00000000171aa800
RIP=0xffffffffa4385120, EFLAGS=0x0000000000010206

Top of Stack: (sp=0x000000001868d448)
0x000000001868d448:   000000000338809d 000000000338809d
0x000000001868d458:   000000000338809d 00000000000000b7
0x000000001868d468:   00000000eb1955b8 000000001868d470
0x000000001868d478:   000000001b70c082 000000001868d520
0x000000001868d488:   000000001b70c840 0000000000000000
0x000000001868d498:   000000001b70c168 000000001868d460
0x000000001868d4a8:   000000001868d520 000000001868d568
0x000000001868d4b8:   0000000003387e20 00000000ebbe6da0
0x000000001868d4c8:   00000000eb195830 00000000eb1957e0
0x000000001868d4d8:   00000000eb1955b8 000000000000001a
0x000000001868d4e8:   0000000000000000 000000000000001b
0x000000001868d4f8:   0000000000000002 0000000000000002
0x000000001868d508:   00000000eb1955a0 00000000eb1954d0
0x000000001868d518:   00000000eb1954a0 00000000eb0b9598
0x000000001868d528:   000000001868d528 000000001b70c661
0x000000001868d538:   000000001868d578 000000001b70c840 

Instructions: (pc=0xffffffffa4385120)
0xffffffffa4385100:   
[error occurred during error reporting (printing registers, top of stack, instructions near pc), id 0xc0000005]

Register to memory mapping:

RAX={method} {0x000000001b70ff70} 'writeByte' '(I)V' in 'java/io/DataOutputStream'
RBX={method} {0x000000001b70ff70} 'writeByte' '(I)V' in 'java/io/DataOutputStream'
RCX=0x00000000eb1955b8 is an oop
java.io.DataOutputStream 
 - klass: 'java/io/DataOutputStream'
RDX=0x00000000eb1955b8 is an oop
java.io.DataOutputStream 
 - klass: 'java/io/DataOutputStream'
RSP=0x000000001868d448 is pointing into the stack for thread: 0x00000000171aa800
RBP=0x000000001868d4b0 is pointing into the stack for thread: 0x00000000171aa800
RSI=0x000000001c9958a0 is pointing into metadata
RDI=0x0000000000000108 is an unknown value
R8 =0x00000000000000b7 is an unknown value
R9 =0x00000000eb195a60 is an oop
[B 
 - klass: {type array byte}
 - length: 64
R10=0x0000000064ffc0c0 is an unknown value
R11=0x00000000037255a0 is at entry_point+32 in (nmethod*)0x0000000003725410
R12=0x0000000000000000 is an unknown value
R13=0x000000001868d460 is pointing into the stack for thread: 0x00000000171aa800
R14=0x000000001868d520 is pointing into the stack for thread: 0x00000000171aa800
R15=0x00000000171aa800 is a thread


Stack: [0x0000000018590000,0x0000000018690000],  sp=0x000000001868d448,  free space=1013k
Native frames: (J=compiled Java code, j=interpreted, Vv=VM code, C=native code)
C  0xffffffffa4385120


---------------  P R O C E S S  ---------------

Java Threads: ( => current thread )
  0x0000000017c91000 JavaThread "Abandoned connection cleanup thread" daemon [_thread_blocked, id=6816, stack(0x000000001b560000,0x000000001b660000)]
  0x0000000003281000 JavaThread "DestroyJavaVM" [_thread_blocked, id=5364, stack(0x0000000003180000,0x0000000003280000)]
=>0x00000000171aa800 JavaThread "AWT-EventQueue-0" [_thread_in_Java, id=7560, stack(0x0000000018590000,0x0000000018690000)]
  0x00000000171a4800 JavaThread "AWT-Windows" daemon [_thread_in_native, id=7812, stack(0x0000000018380000,0x0000000018480000)]
  0x00000000171a2000 JavaThread "AWT-Shutdown" [_thread_blocked, id=3856, stack(0x0000000018280000,0x0000000018380000)]
  0x00000000179c3800 JavaThread "Java2D Disposer" daemon [_thread_blocked, id=3796, stack(0x0000000018180000,0x0000000018280000)]
  0x0000000016df2000 JavaThread "Service Thread" daemon [_thread_blocked, id=3468, stack(0x00000000176b0000,0x00000000177b0000)]
  0x0000000015aad000 JavaThread "C1 CompilerThread2" daemon [_thread_blocked, id=4816, stack(0x00000000175b0000,0x00000000176b0000)]
  0x0000000015aac800 JavaThread "C2 CompilerThread1" daemon [_thread_blocked, id=7132, stack(0x00000000174b0000,0x00000000175b0000)]
  0x0000000015aa9800 JavaThread "C2 CompilerThread0" daemon [_thread_blocked, id=8252, stack(0x00000000173b0000,0x00000000174b0000)]
  0x0000000016db8800 JavaThread "Attach Listener" daemon [_thread_blocked, id=5220, stack(0x00000000172b0000,0x00000000173b0000)]
  0x0000000015a5d000 JavaThread "Signal Dispatcher" daemon [_thread_blocked, id=3484, stack(0x00000000171b0000,0x00000000172b0000)]
  0x0000000015a3a800 JavaThread "Finalizer" daemon [_thread_blocked, id=9344, stack(0x0000000016cb0000,0x0000000016db0000)]
  0x000000000336f800 JavaThread "Reference Handler" daemon [_thread_blocked, id=8052, stack(0x0000000016bb0000,0x0000000016cb0000)]

Other Threads:
  0x0000000015a17800 VMThread [stack: 0x0000000016ab0000,0x0000000016bb0000] [id=9188]
  0x0000000016df6800 WatcherThread [stack: 0x00000000177b0000,0x00000000178b0000] [id=1900]

VM state:not at safepoint (normal execution)

VM Mutex/Monitor currently owned by a thread: None

Heap:
 PSYoungGen      total 18944K, used 9300K [0x00000000eab00000, 0x00000000ed000000, 0x0000000100000000)
  eden space 16384K, 41% used [0x00000000eab00000,0x00000000eb19a978,0x00000000ebb00000)
  from space 2560K, 99% used [0x00000000ebb00000,0x00000000ebd7aa00,0x00000000ebd80000)
  to   space 2560K, 0% used [0x00000000ecd80000,0x00000000ecd80000,0x00000000ed000000)
 ParOldGen       total 44032K, used 2687K [0x00000000c0000000, 0x00000000c2b00000, 0x00000000eab00000)
  object space 44032K, 6% used [0x00000000c0000000,0x00000000c029fe70,0x00000000c2b00000)
 Metaspace       used 17821K, capacity 18036K, committed 18176K, reserved 1064960K
  class space    used 2187K, capacity 2279K, committed 2304K, reserved 1048576K

Card table byte_map: [0x0000000012740000,0x0000000012950000] byte_map_base: 0x0000000012140000

Marking Bits: (ParMarkBitMap*) 0x000000006501a6c0
 Begin Bits: [0x0000000012eb0000, 0x0000000013eb0000)
 End Bits:   [0x0000000013eb0000, 0x0000000014eb0000)

Polling page: 0x00000000015d0000

CodeCache: size=245760Kb used=4272Kb max_used=4286Kb free=241487Kb
 bounds [0x0000000003380000, 0x00000000037c0000, 0x0000000012380000]
 total_blobs=1708 nmethods=1217 adapters=405
 compilation: enabled

Compilation events (10 events):
Event: 2.131 Thread 0x0000000015aad000 1214       3       sun.misc.ProxyGenerator::code_ipush (90 bytes)
Event: 2.133 Thread 0x0000000015aad000 nmethod 1214 0x00000000037a9fd0 code [0x00000000037aa220, 0x00000000037ab2a8]
Event: 2.134 Thread 0x0000000015aad000 1215       3       java.io.FilterOutputStream::<init> (10 bytes)
Event: 2.134 Thread 0x0000000015aad000 nmethod 1215 0x00000000037a7bd0 code [0x00000000037a7d40, 0x00000000037a7f70]
Event: 2.134 Thread 0x0000000015aad000 1216       3       java.io.ByteArrayOutputStream::<init> (7 bytes)
Event: 2.135 Thread 0x0000000015aad000 nmethod 1216 0x00000000037a7850 code [0x00000000037a79c0, 0x00000000037a7b48]
Event: 2.135 Thread 0x0000000015aad000 1217       3       java.io.ByteArrayOutputStream::<init> (43 bytes)
Event: 2.135 Thread 0x0000000015aac800 nmethod 1209 0x00000000037aeed0 code [0x00000000037af060, 0x00000000037afab8]
Event: 2.135 Thread 0x0000000015aac800 1213       4       sun.misc.ProxyGenerator$ConstantPool::getUtf8 (18 bytes)
Event: 2.135 Thread 0x0000000015aad000 nmethod 1217 0x00000000037adf50 code [0x00000000037ae140, 0x00000000037aeab8]

GC Heap History (6 events):
Event: 1.178 GC heap before
{Heap before GC invocations=1 (full 0):
 PSYoungGen      total 18944K, used 16384K [0x00000000eab00000, 0x00000000ec000000, 0x0000000100000000)
  eden space 16384K, 100% used [0x00000000eab00000,0x00000000ebb00000,0x00000000ebb00000)
  from space 2560K, 0% used [0x00000000ebd80000,0x00000000ebd80000,0x00000000ec000000)
  to   space 2560K, 0% used [0x00000000ebb00000,0x00000000ebb00000,0x00000000ebd80000)
 ParOldGen       total 44032K, used 0K [0x00000000c0000000, 0x00000000c2b00000, 0x00000000eab00000)
  object space 44032K, 0% used [0x00000000c0000000,0x00000000c0000000,0x00000000c2b00000)
 Metaspace       used 13524K, capacity 13678K, committed 13952K, reserved 1060864K
  class space    used 1752K, capacity 1830K, committed 1920K, reserved 1048576K
Event: 1.188 GC heap after
Heap after GC invocations=1 (full 0):
 PSYoungGen      total 18944K, used 2551K [0x00000000eab00000, 0x00000000ec000000, 0x0000000100000000)
  eden space 16384K, 0% used [0x00000000eab00000,0x00000000eab00000,0x00000000ebb00000)
  from space 2560K, 99% used [0x00000000ebb00000,0x00000000ebd7df90,0x00000000ebd80000)
  to   space 2560K, 0% used [0x00000000ebd80000,0x00000000ebd80000,0x00000000ec000000)
 ParOldGen       total 44032K, used 924K [0x00000000c0000000, 0x00000000c2b00000, 0x00000000eab00000)
  object space 44032K, 2% used [0x00000000c0000000,0x00000000c00e7218,0x00000000c2b00000)
 Metaspace       used 13524K, capacity 13678K, committed 13952K, reserved 1060864K
  class space    used 1752K, capacity 1830K, committed 1920K, reserved 1048576K
}
Event: 1.462 GC heap before
{Heap before GC invocations=2 (full 0):
 PSYoungGen      total 18944K, used 18935K [0x00000000eab00000, 0x00000000ec000000, 0x0000000100000000)
  eden space 16384K, 100% used [0x00000000eab00000,0x00000000ebb00000,0x00000000ebb00000)
  from space 2560K, 99% used [0x00000000ebb00000,0x00000000ebd7df90,0x00000000ebd80000)
  to   space 2560K, 0% used [0x00000000ebd80000,0x00000000ebd80000,0x00000000ec000000)
 ParOldGen       total 44032K, used 924K [0x00000000c0000000, 0x00000000c2b00000, 0x00000000eab00000)
  object space 44032K, 2% used [0x00000000c0000000,0x00000000c00e7218,0x00000000c2b00000)
 Metaspace       used 14554K, capacity 14772K, committed 15104K, reserved 1062912K
  class space    used 1867K, capacity 1959K, committed 2048K, reserved 1048576K
Event: 1.475 GC heap after
Heap after GC invocations=2 (full 0):
 PSYoungGen      total 18944K, used 2532K [0x00000000eab00000, 0x00000000ed000000, 0x0000000100000000)
  eden space 16384K, 0% used [0x00000000eab00000,0x00000000eab00000,0x00000000ebb00000)
  from space 2560K, 98% used [0x00000000ebd80000,0x00000000ebff9050,0x00000000ec000000)
  to   space 2560K, 0% used [0x00000000ebb00000,0x00000000ebb00000,0x00000000ebd80000)
 ParOldGen       total 44032K, used 2057K [0x00000000c0000000, 0x00000000c2b00000, 0x00000000eab00000)
  object space 44032K, 4% used [0x00000000c0000000,0x00000000c02024f8,0x00000000c2b00000)
 Metaspace       used 14554K, capacity 14772K, committed 15104K, reserved 1062912K
  class space    used 1867K, capacity 1959K, committed 2048K, reserved 1048576K
}
Event: 1.659 GC heap before
{Heap before GC invocations=3 (full 0):
 PSYoungGen      total 18944K, used 18912K [0x00000000eab00000, 0x00000000ed000000, 0x0000000100000000)
  eden space 16384K, 99% used [0x00000000eab00000,0x00000000ebaff0b0,0x00000000ebb00000)
  from space 2560K, 98% used [0x00000000ebd80000,0x00000000ebff9050,0x00000000ec000000)
  to   space 2560K, 0% used [0x00000000ebb00000,0x00000000ebb00000,0x00000000ebd80000)
 ParOldGen       total 44032K, used 2057K [0x00000000c0000000, 0x00000000c2b00000, 0x00000000eab00000)
  object space 44032K, 4% used [0x00000000c0000000,0x00000000c02024f8,0x00000000c2b00000)
 Metaspace       used 15453K, capacity 15636K, committed 15872K, reserved 1062912K
  class space    used 1935K, capacity 1991K, committed 2048K, reserved 1048576K
Event: 1.667 GC heap after
Heap after GC invocations=3 (full 0):
 PSYoungGen      total 18944K, used 2538K [0x00000000eab00000, 0x00000000ed000000, 0x0000000100000000)
  eden space 16384K, 0% used [0x00000000eab00000,0x00000000eab00000,0x00000000ebb00000)
  from space 2560K, 99% used [0x00000000ebb00000,0x00000000ebd7aa00,0x00000000ebd80000)
  to   space 2560K, 0% used [0x00000000ecd80000,0x00000000ecd80000,0x00000000ed000000)
 ParOldGen       total 44032K, used 2687K [0x00000000c0000000, 0x00000000c2b00000, 0x00000000eab00000)
  object space 44032K, 6% used [0x00000000c0000000,0x00000000c029fe70,0x00000000c2b00000)
 Metaspace       used 15453K, capacity 15636K, committed 15872K, reserved 1062912K
  class space    used 1935K, capacity 1991K, committed 2048K, reserved 1048576K
}

Deoptimization events (10 events):
Event: 1.555 Thread 0x00000000171aa800 Uncommon trap: reason=class_check action=maybe_recompile pc=0x00000000036f3860 method=java.util.HashMap.putVal(ILjava/lang/Object;Ljava/lang/Object;ZZ)Ljava/lang/Object; @ 253
Event: 1.580 Thread 0x00000000171aa800 Uncommon trap: reason=unstable_if action=reinterpret pc=0x0000000003647b4c method=java.util.HashMap.getNode(ILjava/lang/Object;)Ljava/util/HashMap$Node; @ 62
Event: 1.580 Thread 0x00000000171aa800 Uncommon trap: reason=bimorphic action=maybe_recompile pc=0x00000000036f3900 method=java.util.HashMap.putVal(ILjava/lang/Object;Ljava/lang/Object;ZZ)Ljava/lang/Object; @ 91
Event: 1.581 Thread 0x00000000171aa800 Uncommon trap: reason=unstable_if action=reinterpret pc=0x000000000360636c method=java.util.HashMap.getNode(ILjava/lang/Object;)Ljava/util/HashMap$Node; @ 62
Event: 1.581 Thread 0x00000000171aa800 Uncommon trap: reason=bimorphic action=maybe_recompile pc=0x00000000036f3900 method=java.util.HashMap.putVal(ILjava/lang/Object;Ljava/lang/Object;ZZ)Ljava/lang/Object; @ 91
Event: 1.581 Thread 0x00000000171aa800 Uncommon trap: reason=bimorphic action=maybe_recompile pc=0x00000000036f3900 method=java.util.HashMap.putVal(ILjava/lang/Object;Ljava/lang/Object;ZZ)Ljava/lang/Object; @ 91
Event: 1.581 Thread 0x00000000171aa800 Uncommon trap: reason=bimorphic action=maybe_recompile pc=0x00000000036f3900 method=java.util.HashMap.putVal(ILjava/lang/Object;Ljava/lang/Object;ZZ)Ljava/lang/Object; @ 91
Event: 1.581 Thread 0x00000000171aa800 Uncommon trap: reason=class_check action=maybe_recompile pc=0x00000000036ee174 method=java.util.HashMap.putVal(ILjava/lang/Object;Ljava/lang/Object;ZZ)Ljava/lang/Object; @ 203
Event: 1.581 Thread 0x00000000171aa800 Uncommon trap: reason=bimorphic action=maybe_recompile pc=0x00000000036ee1b4 method=java.util.HashMap.putVal(ILjava/lang/Object;Ljava/lang/Object;ZZ)Ljava/lang/Object; @ 91
Event: 1.845 Thread 0x00000000171aa800 Uncommon trap: reason=predicate action=maybe_recompile pc=0x000000000375ce70 method=sun.net.www.ParseUtil.encodePath(Ljava/lang/String;Z)Ljava/lang/String; @ 36

Internal exceptions (10 events):
Event: 1.210 Thread 0x00000000171aa800 Exception <a 'java/lang/ArrayIndexOutOfBoundsException'> (0x00000000eabbf508) thrown at [C:\re\workspace\8-2-build-windows-amd64-cygwin\jdk8u111\7883\hotspot\src\share\vm\runtime\sharedRuntime.cpp, line 605]
Event: 1.210 Thread 0x00000000171aa800 Exception <a 'java/lang/ArrayIndexOutOfBoundsException'> (0x00000000eabc06a0) thrown at [C:\re\workspace\8-2-build-windows-amd64-cygwin\jdk8u111\7883\hotspot\src\share\vm\runtime\sharedRuntime.cpp, line 605]
Event: 1.210 Thread 0x00000000171aa800 Exception <a 'java/lang/ArrayIndexOutOfBoundsException'> (0x00000000eabc1b38) thrown at [C:\re\workspace\8-2-build-windows-amd64-cygwin\jdk8u111\7883\hotspot\src\share\vm\runtime\sharedRuntime.cpp, line 605]
Event: 1.210 Thread 0x00000000171aa800 Exception <a 'java/lang/ArrayIndexOutOfBoundsException'> (0x00000000eabc33d8) thrown at [C:\re\workspace\8-2-build-windows-amd64-cygwin\jdk8u111\7883\hotspot\src\share\vm\runtime\sharedRuntime.cpp, line 605]
Event: 1.210 Thread 0x00000000171aa800 Exception <a 'java/lang/ArrayIndexOutOfBoundsException'> (0x00000000eabc3c98) thrown at [C:\re\workspace\8-2-build-windows-amd64-cygwin\jdk8u111\7883\hotspot\src\share\vm\runtime\sharedRuntime.cpp, line 605]
Event: 1.211 Thread 0x00000000171aa800 Exception <a 'java/lang/ArrayIndexOutOfBoundsException'> (0x00000000eabc46f8) thrown at [C:\re\workspace\8-2-build-windows-amd64-cygwin\jdk8u111\7883\hotspot\src\share\vm\runtime\sharedRuntime.cpp, line 605]
Event: 1.211 Thread 0x00000000171aa800 Exception <a 'java/lang/ArrayIndexOutOfBoundsException'> (0x00000000eabc55d0) thrown at [C:\re\workspace\8-2-build-windows-amd64-cygwin\jdk8u111\7883\hotspot\src\share\vm\runtime\sharedRuntime.cpp, line 605]
Event: 1.211 Thread 0x00000000171aa800 Exception <a 'java/lang/ArrayIndexOutOfBoundsException'> (0x00000000eabc6118) thrown at [C:\re\workspace\8-2-build-windows-amd64-cygwin\jdk8u111\7883\hotspot\src\share\vm\runtime\sharedRuntime.cpp, line 605]
Event: 1.211 Thread 0x00000000171aa800 Exception <a 'java/lang/ArrayIndexOutOfBoundsException'> (0x00000000eabc6af0) thrown at [C:\re\workspace\8-2-build-windows-amd64-cygwin\jdk8u111\7883\hotspot\src\share\vm\runtime\sharedRuntime.cpp, line 605]
Event: 1.211 Thread 0x00000000171aa800 Exception <a 'java/lang/ArrayIndexOutOfBoundsException'> (0x00000000eabc7820) thrown at [C:\re\workspace\8-2-build-windows-amd64-cygwin\jdk8u111\7883\hotspot\src\share\vm\runtime\sharedRuntime.cpp, line 605]

Events (10 events):
Event: 2.071 loading class java/lang/StringIndexOutOfBoundsException
Event: 2.071 loading class java/lang/StringIndexOutOfBoundsException done
Event: 2.072 loading class org/apache/ibatis/logging/jdbc/PreparedStatementLogger
Event: 2.072 loading class org/apache/ibatis/logging/jdbc/PreparedStatementLogger done
Event: 2.073 loading class java/lang/reflect/Proxy$Key2
Event: 2.073 loading class java/lang/reflect/Proxy$Key2 done
Event: 2.074 loading class java/sql/Ref
Event: 2.074 loading class java/sql/Ref done
Event: 2.074 loading class java/sql/RowId
Event: 2.074 loading class java/sql/RowId done


Dynamic libraries:
0x00007ff780770000 - 0x00007ff7807a7000 	C:\Program Files\Java\jdk1.8.0_111\bin\javaw.exe
0x00007ffe8dd40000 - 0x00007ffe8df11000 	C:\Windows\SYSTEM32\ntdll.dll
0x00007ffe8dc90000 - 0x00007ffe8dd3b000 	C:\Windows\System32\KERNEL32.DLL
0x00007ffe8af60000 - 0x00007ffe8b17d000 	C:\Windows\System32\KERNELBASE.dll
0x00007ffe8d9f0000 - 0x00007ffe8da92000 	C:\Windows\System32\ADVAPI32.dll
0x00007ffe8d950000 - 0x00007ffe8d9ee000 	C:\Windows\System32\msvcrt.dll
0x00007ffe8b2e0000 - 0x00007ffe8b339000 	C:\Windows\System32\sechost.dll
0x00007ffe8db60000 - 0x00007ffe8dc81000 	C:\Windows\System32\RPCRT4.dll
0x00007ffe8cde0000 - 0x00007ffe8cf45000 	C:\Windows\System32\USER32.dll
0x00007ffe8acc0000 - 0x00007ffe8acde000 	C:\Windows\System32\win32u.dll
0x00007ffe8ca00000 - 0x00007ffe8ca34000 	C:\Windows\System32\GDI32.dll
0x00007ffe8a330000 - 0x00007ffe8a4b2000 	C:\Windows\System32\gdi32full.dll
0x00007ffe84090000 - 0x00007ffe8430a000 	C:\Windows\WinSxS\amd64_microsoft.windows.common-controls_6595b64144ccf1df_6.0.14393.953_none_42151e83c686086b\COMCTL32.dll
0x00007ffe8cab0000 - 0x00007ffe8cd78000 	C:\Windows\System32\combase.dll
0x00007ffe8a230000 - 0x00007ffe8a325000 	C:\Windows\System32\ucrtbase.dll
0x00007ffe8a4c0000 - 0x00007ffe8a52a000 	C:\Windows\System32\bcryptPrimitives.dll
0x00007ffe8b340000 - 0x00007ffe8b36e000 	C:\Windows\System32\IMM32.DLL
0x00000000663c0000 - 0x0000000066492000 	C:\Program Files\Java\jdk1.8.0_111\jre\bin\msvcr100.dll
0x0000000064800000 - 0x000000006509a000 	C:\Program Files\Java\jdk1.8.0_111\jre\bin\server\jvm.dll
0x00007ffe8b2d0000 - 0x00007ffe8b2d8000 	C:\Windows\System32\PSAPI.DLL
0x00007ffe7c370000 - 0x00007ffe7c379000 	C:\Windows\SYSTEM32\WSOCK32.dll
0x00007ffe8d7a0000 - 0x00007ffe8d80a000 	C:\Windows\System32\WS2_32.dll
0x00007ffe88620000 - 0x00007ffe88643000 	C:\Windows\SYSTEM32\WINMM.dll
0x00007ffe85a80000 - 0x00007ffe85a8a000 	C:\Windows\SYSTEM32\VERSION.dll
0x00007ffe88590000 - 0x00007ffe885bb000 	C:\Windows\SYSTEM32\WINMMBASE.dll
0x00007ffe8b220000 - 0x00007ffe8b262000 	C:\Windows\System32\cfgmgr32.dll
0x0000000066b20000 - 0x0000000066b2f000 	C:\Program Files\Java\jdk1.8.0_111\jre\bin\verify.dll
0x0000000066af0000 - 0x0000000066b19000 	C:\Program Files\Java\jdk1.8.0_111\jre\bin\java.dll
0x0000000066ad0000 - 0x0000000066ae6000 	C:\Program Files\Java\jdk1.8.0_111\jre\bin\zip.dll
0x00007ffe8b380000 - 0x00007ffe8c889000 	C:\Windows\System32\SHELL32.dll
0x00007ffe8a530000 - 0x00007ffe8ac0a000 	C:\Windows\System32\windows.storage.dll
0x00007ffe8a1c0000 - 0x00007ffe8a20c000 	C:\Windows\System32\powrprof.dll
0x00007ffe8d0f0000 - 0x00007ffe8d142000 	C:\Windows\System32\shlwapi.dll
0x00007ffe8a210000 - 0x00007ffe8a21f000 	C:\Windows\System32\kernel.appcore.dll
0x00007ffe8aeb0000 - 0x00007ffe8af59000 	C:\Windows\System32\shcore.dll
0x00007ffe8a1a0000 - 0x00007ffe8a1b4000 	C:\Windows\System32\profapi.dll
0x00000000664a0000 - 0x0000000066638000 	C:\Program Files\Java\jdk1.8.0_111\jre\bin\awt.dll
0x00007ffe8d150000 - 0x00007ffe8d20f000 	C:\Windows\System32\OLEAUT32.dll
0x00007ffe8b180000 - 0x00007ffe8b21c000 	C:\Windows\System32\msvcp_win.dll
0x00007ffe88740000 - 0x00007ffe887ba000 	C:\Windows\SYSTEM32\apphelp.dll
0x00007ffe88920000 - 0x00007ffe889b5000 	C:\Windows\system32\uxtheme.dll
0x00007ffe8c890000 - 0x00007ffe8c9ea000 	C:\Windows\System32\MSCTF.dll
0x00007ffe880b0000 - 0x00007ffe880d6000 	C:\Windows\system32\dwmapi.dll
0x00007ffe8d810000 - 0x00007ffe8d947000 	C:\Windows\System32\ole32.dll
0x00007ffe82f50000 - 0x00007ffe830dd000 	C:\Windows\system32\d3d9.dll
0x00007ffe65420000 - 0x00007ffe664d6000 	C:\Windows\SYSTEM32\nvd3dumx.dll
0x00007ffe856f0000 - 0x00007ffe8585c000 	C:\Program Files (x86)\NVIDIA Corporation\3D Vision\nvSCPAPI64.dll
0x00007ffe8d210000 - 0x00007ffe8d639000 	C:\Windows\System32\SETUPAPI.dll
0x00007ffe84f90000 - 0x00007ffe852c6000 	C:\Windows\system32\nvapi64.dll
0x00007ffe88db0000 - 0x00007ffe88dd8000 	C:\Windows\SYSTEM32\DEVOBJ.dll
0x00007ffe8b270000 - 0x00007ffe8b2c5000 	C:\Windows\System32\WINTRUST.dll
0x00007ffe8a220000 - 0x00007ffe8a230000 	C:\Windows\System32\MSASN1.dll
0x00007ffe8ace0000 - 0x00007ffe8aea9000 	C:\Windows\System32\CRYPT32.dll
0x00007ffe89120000 - 0x00007ffe891bf000 	C:\Windows\system32\dxgi.dll
0x00000000669a0000 - 0x00000000669ba000 	C:\Program Files\Java\jdk1.8.0_111\jre\bin\net.dll
0x00007ffe89a70000 - 0x00007ffe89acc000 	C:\Windows\system32\mswsock.dll
0x00007ffe89830000 - 0x00007ffe898d1000 	C:\Windows\SYSTEM32\DNSAPI.dll
0x00007ffe8c9f0000 - 0x00007ffe8c9f8000 	C:\Windows\System32\NSI.dll
0x00007ffe897f0000 - 0x00007ffe89828000 	C:\Windows\SYSTEM32\IPHLPAPI.DLL
0x0000000066dd0000 - 0x0000000066df6000 	C:\Program Files\Bonjour\mdnsNSP.dll
0x00007ffe819f0000 - 0x00007ffe819fa000 	C:\Windows\System32\rasadhlp.dll
0x00007ffe83890000 - 0x00007ffe838fa000 	C:\Windows\System32\fwpuclnt.dll
0x00007ffe8a0d0000 - 0x00007ffe8a0fb000 	C:\Windows\SYSTEM32\bcrypt.dll
0x00007ffe7e5d0000 - 0x00007ffe7e762000 	C:\Windows\SYSTEM32\dbghelp.dll

VM Arguments:
jvm_args: -Dfile.encoding=UTF-8 
java_command: kr.or.dgit.donghun2.view.EmployeeSellInfoView
java_class_path (initial): D:\workspace_sql\workspace_mybatis\donghun2\bin;C:\Users\SJW\.gradle\caches\modules-2\files-2.1\org.mybatis\mybatis\3.4.2\2b9a5082fe0bdb3128bab8b4b19b23ca0f3d9b38\mybatis-3.4.2.jar;C:\Users\SJW\.gradle\caches\modules-2\files-2.1\log4j\log4j\1.2.17\5af35056b4d257e4b64b9e8069c0746e8b08629f\log4j-1.2.17.jar;C:\Users\SJW\.gradle\caches\modules-2\files-2.1\mysql\mysql-connector-java\5.1.41\b0878056f15616989144d6114d36d3942321d0d1\mysql-connector-java-5.1.41.jar;C:\Users\SJW\.gradle\caches\modules-2\files-2.1\junit\junit\4.12\2973d150c0dc1fefe998f834810d68f278ea58ec\junit-4.12.jar;C:\Users\SJW\.gradle\caches\modules-2\files-2.1\org.hamcrest\hamcrest-core\1.3\42a25dc3219429f0e5d060061f71acb49bf010a0\hamcrest-core-1.3.jar;D:\workspace_sql\workspace_mybatis\donghun2\src\main\resources\erp_myframework.jar
Launcher Type: SUN_STANDARD

Environment Variables:
JAVA_HOME=C:\Program Files\Java\jdk1.8.0_111
PATH=C:/Program Files/Java/jdk1.8.0_111/bin/../jre/bin/server;C:/Program Files/Java/jdk1.8.0_111/bin/../jre/bin;C:/Program Files/Java/jdk1.8.0_111/bin/../jre/lib/amd64;C:\Program Files\Java\jdk1.8.0_111\bin;C:\ProgramData\Oracle\Java\javapath;C:\Program Files (x86)\NVIDIA Corporation\PhysX\Common;C:\Windows\system32;C:\Windows;C:\Windows\System32\Wbem;C:\Windows\System32\WindowsPowerShell\v1.0\;C:\Program Files\MySQL\MySQL Server 5.6\bin;C:\Program Files\Git\cmd;D:\gradle-3.4.1\bin;C:\Users\SJW\AppData\Local\Microsoft\WindowsApps;C:\Program Files\Bandizip\7z;C:\eclipse_java;
USERNAME=SJW
OS=Windows_NT
PROCESSOR_IDENTIFIER=Intel64 Family 6 Model 23 Stepping 10, GenuineIntel



---------------  S Y S T E M  ---------------

OS: Windows 10.0 , 64 bit Build 14393 (10.0.14393.0)

CPU:total 4 (4 cores per cpu, 1 threads per core) family 6 model 23 stepping 10, cmov, cx8, fxsr, mmx, sse, sse2, sse3, ssse3, sse4.1, tsc

Memory: 4k page, physical 4192492k(1012240k free), swap 6826072k(948676k free)

vm_info: Java HotSpot(TM) 64-Bit Server VM (25.111-b14) for windows-amd64 JRE (1.8.0_111-b14), built on Sep 22 2016 19:24:05 by "java_re" with MS VC++ 10.0 (VS2010)

time: Mon Apr 03 17:39:26 2017
elapsed time: 2 seconds (0d 0h 0m 2s)

