#
# A fatal error has been detected by the Java Runtime Environment:
#
#  EXCEPTION_ACCESS_VIOLATION (0xc0000005) at pc=0xffffffffa3f35120, pid=7436, tid=0x00000000000011b0
#
# JRE version: Java(TM) SE Runtime Environment (8.0_111-b14) (build 1.8.0_111-b14)
# Java VM: Java HotSpot(TM) 64-Bit Server VM (25.111-b14 mixed mode windows-amd64 compressed oops)
# Problematic frame:
# C  0xffffffffa3f35120
#
# Failed to write core dump. Minidumps are not enabled by default on client versions of Windows
#
# If you would like to submit a bug report, please visit:
#   http://bugreport.java.com/bugreport/crash.jsp
#

---------------  T H R E A D  ---------------

Current thread (0x0000000018a19800):  JavaThread "AWT-EventQueue-0" [_thread_in_Java, id=4528, stack(0x000000001d5b0000,0x000000001d6b0000)]

siginfo: ExceptionCode=0xc0000005, ExceptionInformation=0x0000000000000008 0xffffffffa3f35120

Registers:
RAX=0x000000001de32bc8, RBX=0x00000000eba6e698, RCX=0x0000000000000000, RDX=0x00000000eba6e698
RSP=0x000000001d6ac0c8, RBP=0x000000001d6ac4e0, RSI=0x00000000eba6e5c0, RDI=0x00000000eba6e698
R8 =0x00000000eba70550, R9 =0x000000000000115a, R10=0x0000000100120390, R11=0x0000000000000000
R12=0x0000000000000000, R13=0x0000000000000ea7, R14=0x0000000000001075, R15=0x0000000018a19800
RIP=0xffffffffa3f35120, EFLAGS=0x0000000000010202

Top of Stack: (sp=0x000000001d6ac0c8)
0x000000001d6ac0c8:   000000000318aeac 00000000c0345b40
0x000000001d6ac0d8:   000000010000008c 0000000000000001
0x000000001d6ac0e8:   000000001d6ac170 0000000002f3813d
0x000000001d6ac0f8:   0000000100000000 000000001d6ac170
0x000000001d6ac108:   0000000002f3813d 0000000002f3813d
0x000000001d6ac118:   00000000eba71988 000000001d6ac4e0
0x000000001d6ac128:   000000000316eaac 00000000c03eec38
0x000000001d6ac138:   00000000eba6e5c0 0000000000000001
0x000000001d6ac148:   0000000015007c00 00000000ef1234a8
0x000000001d6ac158:   00000000c02d9138 00000000c02d8d10
0x000000001d6ac168:   00000000ef1234a8 000000001d6ac218
0x000000001d6ac178:   00000000eba71830 0000000000000000
0x000000001d6ac188:   0000000000000000 00000000eba71988
0x000000001d6ac198:   0000000000000000 0000000000000000
0x000000001d6ac1a8:   00000000c03fc8a8 000000001d6ac218
0x000000001d6ac1b8:   0000000002f37b80 00000000eefb0f88 

Instructions: (pc=0xffffffffa3f35120)
0xffffffffa3f35100:   
[error occurred during error reporting (printing registers, top of stack, instructions near pc), id 0xc0000005]

Register to memory mapping:

RAX=0x000000001de32bc8 is pointing into metadata
RBX=0x00000000eba6e698 is an oop
java.awt.geom.AffineTransform 
 - klass: 'java/awt/geom/AffineTransform'
RCX=0x0000000000000000 is an unknown value
RDX=0x00000000eba6e698 is an oop
java.awt.geom.AffineTransform 
 - klass: 'java/awt/geom/AffineTransform'
RSP=0x000000001d6ac0c8 is pointing into the stack for thread: 0x0000000018a19800
RBP=0x000000001d6ac4e0 is pointing into the stack for thread: 0x0000000018a19800
RSI=0x00000000eba6e5c0 is an oop
sun.java2d.SunGraphics2D 
 - klass: 'sun/java2d/SunGraphics2D'
RDI=0x00000000eba6e698 is an oop
java.awt.geom.AffineTransform 
 - klass: 'java/awt/geom/AffineTransform'
R8 =0x00000000eba70550 is an oop
java.awt.geom.AffineTransform 
 - klass: 'java/awt/geom/AffineTransform'
R9 =0x000000000000115a is an unknown value
R10=0x0000000100120390 is pointing into metadata
R11=0x0000000000000000 is an unknown value
R12=0x0000000000000000 is an unknown value
R13=0x0000000000000ea7 is an unknown value
R14=0x0000000000001075 is an unknown value
R15=0x0000000018a19800 is a thread


Stack: [0x000000001d5b0000,0x000000001d6b0000],  sp=0x000000001d6ac0c8,  free space=1008k
Native frames: (J=compiled Java code, j=interpreted, Vv=VM code, C=native code)
C  0xffffffffa3f35120


---------------  P R O C E S S  ---------------

Java Threads: ( => current thread )
  0x000000001f28d800 JavaThread "Prism Font Disposer" daemon [_thread_blocked, id=8080, stack(0x00000000262a0000,0x00000000263a0000)]
  0x000000001f292000 JavaThread "Image Fetcher 1" daemon [_thread_blocked, id=7296, stack(0x0000000021620000,0x0000000021720000)]
  0x000000001f28e000 JavaThread "Thread-4" daemon [_thread_in_native, id=9156, stack(0x0000000020eb0000,0x0000000020fb0000)]
  0x000000001f290800 JavaThread "Image Fetcher 0" daemon [_thread_blocked, id=2300, stack(0x0000000020fb0000,0x00000000210b0000)]
  0x000000001f291000 JavaThread "JavaFX Application Thread" [_thread_in_native, id=4776, stack(0x0000000020bb0000,0x0000000020cb0000)]
  0x000000001f293800 JavaThread "Thread-3" daemon [_thread_blocked, id=4564, stack(0x0000000020ab0000,0x0000000020bb0000)]
  0x000000001f292800 JavaThread "QuantumRenderer-0" daemon [_thread_blocked, id=8948, stack(0x00000000209b0000,0x0000000020ab0000)]
  0x0000000018e18000 JavaThread "Abandoned connection cleanup thread" daemon [_thread_blocked, id=4568, stack(0x000000001e9e0000,0x000000001eae0000)]
  0x0000000018bb7800 JavaThread "TimerQueue" daemon [_thread_blocked, id=4596, stack(0x000000001e470000,0x000000001e570000)]
  0x0000000018b6b800 JavaThread "D3D Screen Updater" daemon [_thread_blocked, id=3176, stack(0x000000001e140000,0x000000001e240000)]
  0x0000000002d2e800 JavaThread "DestroyJavaVM" [_thread_blocked, id=2540, stack(0x0000000002d30000,0x0000000002e30000)]
=>0x0000000018a19800 JavaThread "AWT-EventQueue-0" [_thread_in_Java, id=4528, stack(0x000000001d5b0000,0x000000001d6b0000)]
  0x0000000016fd9800 JavaThread "AWT-Windows" daemon [_thread_in_native, id=6748, stack(0x0000000017810000,0x0000000017910000)]
  0x0000000016fd6800 JavaThread "AWT-Shutdown" [_thread_blocked, id=4996, stack(0x0000000017710000,0x0000000017810000)]
  0x0000000016fd5800 JavaThread "Java2D Disposer" daemon [_thread_blocked, id=7032, stack(0x0000000017610000,0x0000000017710000)]
  0x0000000016c51800 JavaThread "Service Thread" daemon [_thread_blocked, id=7144, stack(0x0000000017110000,0x0000000017210000)]
  0x0000000016c4d800 JavaThread "C1 CompilerThread1" daemon [_thread_blocked, id=6364, stack(0x0000000017010000,0x0000000017110000)]
  0x0000000015447800 JavaThread "C2 CompilerThread0" daemon [_thread_blocked, id=4304, stack(0x0000000016b10000,0x0000000016c10000)]
  0x0000000015437800 JavaThread "JDWP Command Reader" daemon [_thread_in_native, id=4036, stack(0x0000000016a10000,0x0000000016b10000)]
  0x0000000015436000 JavaThread "JDWP Event Helper Thread" daemon [_thread_blocked, id=7456, stack(0x0000000016910000,0x0000000016a10000)]
  0x0000000015431800 JavaThread "JDWP Transport Listener: dt_socket" daemon [_thread_blocked, id=3324, stack(0x0000000016810000,0x0000000016910000)]
  0x00000000153c8800 JavaThread "Attach Listener" daemon [_thread_blocked, id=7696, stack(0x0000000016200000,0x0000000016300000)]
  0x000000001541f800 JavaThread "Signal Dispatcher" daemon [_thread_blocked, id=5700, stack(0x0000000016100000,0x0000000016200000)]
  0x00000000153a8800 JavaThread "Finalizer" daemon [_thread_blocked, id=1768, stack(0x0000000016000000,0x0000000016100000)]
  0x0000000002f1d800 JavaThread "Reference Handler" daemon [_thread_blocked, id=4532, stack(0x0000000015f00000,0x0000000016000000)]

Other Threads:
  0x0000000015387000 VMThread [stack: 0x0000000015e00000,0x0000000015f00000] [id=8068]
  0x0000000016c7f000 WatcherThread [stack: 0x0000000017210000,0x0000000017310000] [id=4412]

VM state:not at safepoint (normal execution)

VM Mutex/Monitor currently owned by a thread: None

Heap:
 PSYoungGen      total 66560K, used 20833K [0x00000000eab00000, 0x00000000ef400000, 0x0000000100000000)
  eden space 61952K, 26% used [0x00000000eab00000,0x00000000ebadd588,0x00000000ee780000)
  from space 4608K, 99% used [0x00000000eef80000,0x00000000ef3fafb8,0x00000000ef400000)
  to   space 5632K, 0% used [0x00000000ee900000,0x00000000ee900000,0x00000000eee80000)
 ParOldGen       total 25600K, used 6395K [0x00000000c0000000, 0x00000000c1900000, 0x00000000eab00000)
  object space 25600K, 24% used [0x00000000c0000000,0x00000000c063ec88,0x00000000c1900000)
 Metaspace       used 33941K, capacity 34634K, committed 34944K, reserved 1079296K
  class space    used 4474K, capacity 4668K, committed 4736K, reserved 1048576K

Card table byte_map: [0x00000000122f0000,0x0000000012500000] byte_map_base: 0x0000000011cf0000

Marking Bits: (ParMarkBitMap*) 0x0000000073fea6c0
 Begin Bits: [0x0000000012860000, 0x0000000013860000)
 End Bits:   [0x0000000013860000, 0x0000000014860000)

Polling page: 0x0000000000d60000

CodeCache: size=245760Kb used=11303Kb max_used=11303Kb free=234456Kb
 bounds [0x0000000002f30000, 0x0000000003a50000, 0x0000000011f30000]
 total_blobs=4384 nmethods=3547 adapters=758
 compilation: enabled

Compilation events (10 events):
Event: 15.432 Thread 0x0000000016c4d800 nmethod 3782 0x0000000003a36f90 code [0x0000000003a37120, 0x0000000003a37668]
Event: 15.434 Thread 0x0000000016c4d800 3783       3       sun.java2d.pipe.BufferedPaints::setGradientPaint (36 bytes)
Event: 15.435 Thread 0x0000000015447800 3789       4       java.awt.geom.AffineTransform::equals (92 bytes)
Event: 15.435 Thread 0x0000000016c4d800 nmethod 3783 0x0000000003a35dd0 code [0x0000000003a35fc0, 0x0000000003a36848]
Event: 15.435 Thread 0x0000000016c4d800 3784       3       java.awt.GradientPaint::getPoint1 (22 bytes)
Event: 15.436 Thread 0x0000000016c4d800 nmethod 3784 0x0000000003a3a950 code [0x0000000003a3aac0, 0x0000000003a3ad90]
Event: 15.436 Thread 0x0000000016c4d800 3785       3       java.awt.GradientPaint::getPoint2 (22 bytes)
Event: 15.436 Thread 0x0000000016c4d800 nmethod 3785 0x0000000003a3af10 code [0x0000000003a3b080, 0x0000000003a3b350]
Event: 15.436 Thread 0x0000000016c4d800 3786   !   3       sun.java2d.pipe.BufferedPaints::setGradientPaint (236 bytes)
Event: 15.436 Thread 0x0000000015447800 nmethod 3789 0x0000000003a32cd0 code [0x0000000003a32e20, 0x0000000003a33018]

GC Heap History (10 events):
Event: 5.543 GC heap before
{Heap before GC invocations=3 (full 0):
 PSYoungGen      total 18944K, used 18937K [0x00000000eab00000, 0x00000000ed000000, 0x0000000100000000)
  eden space 16384K, 100% used [0x00000000eab00000,0x00000000ebb00000,0x00000000ebb00000)
  from space 2560K, 99% used [0x00000000ebd80000,0x00000000ebffe6c0,0x00000000ec000000)
  to   space 2560K, 0% used [0x00000000ebb00000,0x00000000ebb00000,0x00000000ebd80000)
 ParOldGen       total 44032K, used 2872K [0x00000000c0000000, 0x00000000c2b00000, 0x00000000eab00000)
  object space 44032K, 6% used [0x00000000c0000000,0x00000000c02ce238,0x00000000c2b00000)
 Metaspace       used 19094K, capacity 19304K, committed 19456K, reserved 1067008K
  class space    used 2453K, capacity 2541K, committed 2560K, reserved 1048576K
Event: 5.552 GC heap after
Heap after GC invocations=3 (full 0):
 PSYoungGen      total 18944K, used 2537K [0x00000000eab00000, 0x00000000ed000000, 0x0000000100000000)
  eden space 16384K, 0% used [0x00000000eab00000,0x00000000eab00000,0x00000000ebb00000)
  from space 2560K, 99% used [0x00000000ebb00000,0x00000000ebd7a710,0x00000000ebd80000)
  to   space 2560K, 0% used [0x00000000ecd80000,0x00000000ecd80000,0x00000000ed000000)
 ParOldGen       total 44032K, used 3233K [0x00000000c0000000, 0x00000000c2b00000, 0x00000000eab00000)
  object space 44032K, 7% used [0x00000000c0000000,0x00000000c0328588,0x00000000c2b00000)
 Metaspace       used 19094K, capacity 19304K, committed 19456K, reserved 1067008K
  class space    used 2453K, capacity 2541K, committed 2560K, reserved 1048576K
}
Event: 5.738 GC heap before
{Heap before GC invocations=4 (full 0):
 PSYoungGen      total 18944K, used 18921K [0x00000000eab00000, 0x00000000ed000000, 0x0000000100000000)
  eden space 16384K, 100% used [0x00000000eab00000,0x00000000ebb00000,0x00000000ebb00000)
  from space 2560K, 99% used [0x00000000ebb00000,0x00000000ebd7a710,0x00000000ebd80000)
  to   space 2560K, 0% used [0x00000000ecd80000,0x00000000ecd80000,0x00000000ed000000)
 ParOldGen       total 44032K, used 3233K [0x00000000c0000000, 0x00000000c2b00000, 0x00000000eab00000)
  object space 44032K, 7% used [0x00000000c0000000,0x00000000c0328588,0x00000000c2b00000)
 Metaspace       used 20488K, capacity 20712K, committed 20864K, reserved 1067008K
  class space    used 2564K, capacity 2669K, committed 2688K, reserved 1048576K
Event: 5.746 GC heap after
Heap after GC invocations=4 (full 0):
 PSYoungGen      total 35328K, used 2553K [0x00000000eab00000, 0x00000000ed000000, 0x0000000100000000)
  eden space 32768K, 0% used [0x00000000eab00000,0x00000000eab00000,0x00000000ecb00000)
  from space 2560K, 99% used [0x00000000ecd80000,0x00000000ecffe6c0,0x00000000ed000000)
  to   space 2560K, 0% used [0x00000000ecb00000,0x00000000ecb00000,0x00000000ecd80000)
 ParOldGen       total 44032K, used 4140K [0x00000000c0000000, 0x00000000c2b00000, 0x00000000eab00000)
  object space 44032K, 9% used [0x00000000c0000000,0x00000000c040b2b8,0x00000000c2b00000)
 Metaspace       used 20488K, capacity 20712K, committed 20864K, reserved 1067008K
  class space    used 2564K, capacity 2669K, committed 2688K, reserved 1048576K
}
Event: 5.789 GC heap before
{Heap before GC invocations=5 (full 0):
 PSYoungGen      total 35328K, used 4532K [0x00000000eab00000, 0x00000000ed000000, 0x0000000100000000)
  eden space 32768K, 6% used [0x00000000eab00000,0x00000000eacee948,0x00000000ecb00000)
  from space 2560K, 99% used [0x00000000ecd80000,0x00000000ecffe6c0,0x00000000ed000000)
  to   space 2560K, 0% used [0x00000000ecb00000,0x00000000ecb00000,0x00000000ecd80000)
 ParOldGen       total 44032K, used 4140K [0x00000000c0000000, 0x00000000c2b00000, 0x00000000eab00000)
  object space 44032K, 9% used [0x00000000c0000000,0x00000000c040b2b8,0x00000000c2b00000)
 Metaspace       used 20789K, capacity 21000K, committed 21248K, reserved 1067008K
  class space    used 2602K, capacity 2701K, committed 2816K, reserved 1048576K
Event: 5.799 GC heap after
Heap after GC invocations=5 (full 0):
 PSYoungGen      total 35328K, used 2553K [0x00000000eab00000, 0x00000000ef400000, 0x0000000100000000)
  eden space 32768K, 0% used [0x00000000eab00000,0x00000000eab00000,0x00000000ecb00000)
  from space 2560K, 99% used [0x00000000ecb00000,0x00000000ecd7e6c0,0x00000000ecd80000)
  to   space 4608K, 0% used [0x00000000eef80000,0x00000000eef80000,0x00000000ef400000)
 ParOldGen       total 44032K, used 5395K [0x00000000c0000000, 0x00000000c2b00000, 0x00000000eab00000)
  object space 44032K, 12% used [0x00000000c0000000,0x00000000c0544ee8,0x00000000c2b00000)
 Metaspace       used 20789K, capacity 21000K, committed 21248K, reserved 1067008K
  class space    used 2602K, capacity 2701K, committed 2816K, reserved 1048576K
}
Event: 5.799 GC heap before
{Heap before GC invocations=6 (full 1):
 PSYoungGen      total 35328K, used 2553K [0x00000000eab00000, 0x00000000ef400000, 0x0000000100000000)
  eden space 32768K, 0% used [0x00000000eab00000,0x00000000eab00000,0x00000000ecb00000)
  from space 2560K, 99% used [0x00000000ecb00000,0x00000000ecd7e6c0,0x00000000ecd80000)
  to   space 4608K, 0% used [0x00000000eef80000,0x00000000eef80000,0x00000000ef400000)
 ParOldGen       total 44032K, used 5395K [0x00000000c0000000, 0x00000000c2b00000, 0x00000000eab00000)
  object space 44032K, 12% used [0x00000000c0000000,0x00000000c0544ee8,0x00000000c2b00000)
 Metaspace       used 20789K, capacity 21000K, committed 21248K, reserved 1067008K
  class space    used 2602K, capacity 2701K, committed 2816K, reserved 1048576K
Event: 5.844 GC heap after
Heap after GC invocations=6 (full 1):
 PSYoungGen      total 35328K, used 0K [0x00000000eab00000, 0x00000000ef400000, 0x0000000100000000)
  eden space 32768K, 0% used [0x00000000eab00000,0x00000000eab00000,0x00000000ecb00000)
  from space 2560K, 0% used [0x00000000ecb00000,0x00000000ecb00000,0x00000000ecd80000)
  to   space 4608K, 0% used [0x00000000eef80000,0x00000000eef80000,0x00000000ef400000)
 ParOldGen       total 25600K, used 5289K [0x00000000c0000000, 0x00000000c1900000, 0x00000000eab00000)
  object space 25600K, 20% used [0x00000000c0000000,0x00000000c052a650,0x00000000c1900000)
 Metaspace       used 20789K, capacity 21000K, committed 21248K, reserved 1067008K
  class space    used 2602K, capacity 2701K, committed 2816K, reserved 1048576K
}
Event: 12.842 GC heap before
{Heap before GC invocations=7 (full 1):
 PSYoungGen      total 35328K, used 32768K [0x00000000eab00000, 0x00000000ef400000, 0x0000000100000000)
  eden space 32768K, 100% used [0x00000000eab00000,0x00000000ecb00000,0x00000000ecb00000)
  from space 2560K, 0% used [0x00000000ecb00000,0x00000000ecb00000,0x00000000ecd80000)
  to   space 4608K, 0% used [0x00000000eef80000,0x00000000eef80000,0x00000000ef400000)
 ParOldGen       total 25600K, used 5289K [0x00000000c0000000, 0x00000000c1900000, 0x00000000eab00000)
  object space 25600K, 20% used [0x00000000c0000000,0x00000000c052a650,0x00000000c1900000)
 Metaspace       used 30558K, capacity 31046K, committed 31360K, reserved 1077248K
  class space    used 4034K, capacity 4162K, committed 4224K, reserved 1048576K
Event: 12.856 GC heap after
Heap after GC invocations=7 (full 1):
 PSYoungGen      total 66560K, used 4587K [0x00000000eab00000, 0x00000000ef400000, 0x0000000100000000)
  eden space 61952K, 0% used [0x00000000eab00000,0x00000000eab00000,0x00000000ee780000)
  from space 4608K, 99% used [0x00000000eef80000,0x00000000ef3fafb8,0x00000000ef400000)
  to   space 5632K, 0% used [0x00000000ee900000,0x00000000ee900000,0x00000000eee80000)
 ParOldGen       total 25600K, used 6395K [0x00000000c0000000, 0x00000000c1900000, 0x00000000eab00000)
  object space 25600K, 24% used [0x00000000c0000000,0x00000000c063ec88,0x00000000c1900000)
 Metaspace       used 30558K, capacity 31046K, committed 31360K, reserved 1077248K
  class space    used 4034K, capacity 4162K, committed 4224K, reserved 1048576K
}

Deoptimization events (10 events):
Event: 13.108 Thread 0x000000001f291000 Uncommon trap: reason=unstable_if action=reinterpret pc=0x00000000030d4084 method=java.lang.String.regionMatches(ZILjava/lang/String;II)Z @ 123
Event: 13.173 Thread 0x000000001f291000 Uncommon trap: reason=unstable_if action=reinterpret pc=0x0000000003308f10 method=jdk.internal.org.objectweb.asm.Type.getArgumentsAndReturnSizes(Ljava/lang/String;)I @ 47
Event: 13.260 Thread 0x000000001f292800 Uncommon trap: reason=class_check action=maybe_recompile pc=0x00000000036f78d0 method=java.util.concurrent.ConcurrentHashMap.putVal(Ljava/lang/Object;Ljava/lang/Object;Z)Ljava/lang/Object; @ 192
Event: 13.290 Thread 0x000000001f292800 Uncommon trap: reason=class_check action=maybe_recompile pc=0x00000000036f78d0 method=java.util.concurrent.ConcurrentHashMap.putVal(Ljava/lang/Object;Ljava/lang/Object;Z)Ljava/lang/Object; @ 192
Event: 13.324 Thread 0x000000001f292800 Uncommon trap: reason=class_check action=maybe_recompile pc=0x0000000003544a60 method=java.util.Arrays.binarySearch0([Ljava/lang/Object;IILjava/lang/Object;Ljava/util/Comparator;)I @ 48
Event: 13.324 Thread 0x000000001f292800 Uncommon trap: reason=class_check action=maybe_recompile pc=0x0000000003544a60 method=java.util.Arrays.binarySearch0([Ljava/lang/Object;IILjava/lang/Object;Ljava/util/Comparator;)I @ 48
Event: 13.325 Thread 0x000000001f292800 Uncommon trap: reason=class_check action=maybe_recompile pc=0x0000000003544a60 method=java.util.Arrays.binarySearch0([Ljava/lang/Object;IILjava/lang/Object;Ljava/util/Comparator;)I @ 48
Event: 13.325 Thread 0x000000001f292800 Uncommon trap: reason=class_check action=maybe_recompile pc=0x0000000003544a60 method=java.util.Arrays.binarySearch0([Ljava/lang/Object;IILjava/lang/Object;Ljava/util/Comparator;)I @ 48
Event: 13.870 Thread 0x0000000018a19800 Uncommon trap: reason=range_check action=none pc=0x00000000032cba1c method=sun.reflect.generics.parser.SignatureParser.current()C @ 34
Event: 13.982 Thread 0x0000000018a19800 Uncommon trap: reason=unstable_if action=reinterpret pc=0x0000000003816dd0 method=java.lang.Math.round(F)I @ 36

Internal exceptions (10 events):
Event: 5.275 Thread 0x0000000018a19800 Exception <a 'java/lang/ArrayIndexOutOfBoundsException': 105> (0x00000000eb186ac0) thrown at [C:\re\workspace\8-2-build-windows-amd64-cygwin\jdk8u111\7883\hotspot\src\share\vm\interpreter\interpreterRuntime.cpp, line 366]
Event: 5.275 Thread 0x0000000018a19800 Exception <a 'java/lang/ArrayIndexOutOfBoundsException': 60> (0x00000000eb187fb8) thrown at [C:\re\workspace\8-2-build-windows-amd64-cygwin\jdk8u111\7883\hotspot\src\share\vm\interpreter\interpreterRuntime.cpp, line 366]
Event: 5.276 Thread 0x0000000018a19800 Exception <a 'java/lang/ArrayIndexOutOfBoundsException': 40> (0x00000000eb1aaa08) thrown at [C:\re\workspace\8-2-build-windows-amd64-cygwin\jdk8u111\7883\hotspot\src\share\vm\interpreter\interpreterRuntime.cpp, line 366]
Event: 5.277 Thread 0x0000000018a19800 Exception <a 'java/lang/ArrayIndexOutOfBoundsException': 52> (0x00000000eb1aba98) thrown at [C:\re\workspace\8-2-build-windows-amd64-cygwin\jdk8u111\7883\hotspot\src\share\vm\interpreter\interpreterRuntime.cpp, line 366]
Event: 12.383 Thread 0x0000000018a19800 Exception <a 'java/lang/NullPointerException'> (0x00000000eb865070) thrown at [C:\re\workspace\8-2-build-windows-amd64-cygwin\jdk8u111\7883\hotspot\src\share\vm\interpreter\linkResolver.cpp, line 1178]
Event: 12.437 Thread 0x000000001f291000 Exception <a 'java/lang/NullPointerException'> (0x00000000ebf89678) thrown at [C:\re\workspace\8-2-build-windows-amd64-cygwin\jdk8u111\7883\hotspot\src\share\vm\interpreter\linkResolver.cpp, line 1178]
Event: 12.437 Thread 0x000000001f291000 Exception <a 'java/lang/NullPointerException'> (0x00000000ebf89678) thrown at [C:\re\workspace\8-2-build-windows-amd64-cygwin\jdk8u111\7883\hotspot\src\share\vm\prims\jvm.cpp, line 1390]
Event: 12.696 Thread 0x000000001f291000 Exception <a 'java/lang/ArrayIndexOutOfBoundsException': 54> (0x00000000ec6c70b0) thrown at [C:\re\workspace\8-2-build-windows-amd64-cygwin\jdk8u111\7883\hotspot\src\share\vm\interpreter\interpreterRuntime.cpp, line 366]
Event: 12.696 Thread 0x000000001f291000 Exception <a 'java/lang/ArrayIndexOutOfBoundsException': 67> (0x00000000ec6c82e0) thrown at [C:\re\workspace\8-2-build-windows-amd64-cygwin\jdk8u111\7883\hotspot\src\share\vm\interpreter\interpreterRuntime.cpp, line 366]
Event: 13.870 Thread 0x0000000018a19800 Exception <a 'java/lang/ArrayIndexOutOfBoundsException': 54> (0x00000000eb86a420) thrown at [C:\re\workspace\8-2-build-windows-amd64-cygwin\jdk8u111\7883\hotspot\src\share\vm\interpreter\interpreterRuntime.cpp, line 366]

Events (10 events):
Event: 14.036 loading class java/awt/geom/ArcIterator
Event: 14.036 loading class java/awt/geom/ArcIterator done
Event: 14.048 Executing VM operation: RevokeBias
Event: 14.049 Executing VM operation: RevokeBias done
Event: 14.049 Executing VM operation: RevokeBias
Event: 14.049 Executing VM operation: RevokeBias done
Event: 14.049 Executing VM operation: RevokeBias
Event: 14.049 Executing VM operation: RevokeBias done
Event: 14.049 Executing VM operation: RevokeBias
Event: 14.049 Executing VM operation: RevokeBias done


Dynamic libraries:
0x00007ff74c870000 - 0x00007ff74c8a7000 	C:\Program Files\Java\jdk1.8.0_111\bin\javaw.exe
0x00007ff841780000 - 0x00007ff841951000 	C:\Windows\SYSTEM32\ntdll.dll
0x00007ff8415d0000 - 0x00007ff84167b000 	C:\Windows\System32\KERNEL32.DLL
0x00007ff83de60000 - 0x00007ff83e07d000 	C:\Windows\System32\KERNELBASE.dll
0x00007ff841020000 - 0x00007ff8410c2000 	C:\Windows\System32\ADVAPI32.dll
0x00007ff841340000 - 0x00007ff8413de000 	C:\Windows\System32\msvcrt.dll
0x00007ff840290000 - 0x00007ff8402e9000 	C:\Windows\System32\sechost.dll
0x00007ff8410d0000 - 0x00007ff8411f1000 	C:\Windows\System32\RPCRT4.dll
0x00007ff840eb0000 - 0x00007ff841015000 	C:\Windows\System32\USER32.dll
0x00007ff83dc70000 - 0x00007ff83dc8e000 	C:\Windows\System32\win32u.dll
0x00007ff840860000 - 0x00007ff840894000 	C:\Windows\System32\GDI32.dll
0x00007ff83e080000 - 0x00007ff83e202000 	C:\Windows\System32\gdi32full.dll
0x00007ff833b80000 - 0x00007ff833dfa000 	C:\Windows\WinSxS\amd64_microsoft.windows.common-controls_6595b64144ccf1df_6.0.14393.953_none_42151e83c686086b\COMCTL32.dll
0x00007ff840320000 - 0x00007ff8405e8000 	C:\Windows\System32\combase.dll
0x00007ff83ec10000 - 0x00007ff83ed05000 	C:\Windows\System32\ucrtbase.dll
0x00007ff83e370000 - 0x00007ff83e3da000 	C:\Windows\System32\bcryptPrimitives.dll
0x00007ff841540000 - 0x00007ff84156e000 	C:\Windows\System32\IMM32.DLL
0x0000000074660000 - 0x0000000074732000 	C:\Program Files\Java\jdk1.8.0_111\jre\bin\msvcr100.dll
0x00000000737d0000 - 0x000000007406a000 	C:\Program Files\Java\jdk1.8.0_111\jre\bin\server\jvm.dll
0x00007ff8406b0000 - 0x00007ff8406b8000 	C:\Windows\System32\PSAPI.DLL
0x00007ff8229e0000 - 0x00007ff8229e9000 	C:\Windows\SYSTEM32\WSOCK32.dll
0x00007ff840d40000 - 0x00007ff840daa000 	C:\Windows\System32\WS2_32.dll
0x00007ff83c060000 - 0x00007ff83c083000 	C:\Windows\SYSTEM32\WINMM.dll
0x00007ff83c990000 - 0x00007ff83c99a000 	C:\Windows\SYSTEM32\VERSION.dll
0x00007ff83c000000 - 0x00007ff83c02b000 	C:\Windows\SYSTEM32\WINMMBASE.dll
0x00007ff83ebc0000 - 0x00007ff83ec02000 	C:\Windows\System32\cfgmgr32.dll
0x0000000074ad0000 - 0x0000000074adf000 	C:\Program Files\Java\jdk1.8.0_111\jre\bin\verify.dll
0x0000000074aa0000 - 0x0000000074ac9000 	C:\Program Files\Java\jdk1.8.0_111\jre\bin\java.dll
0x0000000074620000 - 0x0000000074655000 	C:\Program Files\Java\jdk1.8.0_111\jre\bin\jdwp.dll
0x0000000074610000 - 0x0000000074618000 	C:\Program Files\Java\jdk1.8.0_111\jre\bin\npt.dll
0x0000000074a80000 - 0x0000000074a96000 	C:\Program Files\Java\jdk1.8.0_111\jre\bin\zip.dll
0x00007ff83ed80000 - 0x00007ff840288000 	C:\Windows\System32\SHELL32.dll
0x00007ff83e480000 - 0x00007ff83eb5a000 	C:\Windows\System32\windows.storage.dll
0x00007ff83dc20000 - 0x00007ff83dc6c000 	C:\Windows\System32\powrprof.dll
0x00007ff840db0000 - 0x00007ff840e02000 	C:\Windows\System32\shlwapi.dll
0x00007ff83dc10000 - 0x00007ff83dc1f000 	C:\Windows\System32\kernel.appcore.dll
0x00007ff83e2c0000 - 0x00007ff83e369000 	C:\Windows\System32\shcore.dll
0x00007ff83dbe0000 - 0x00007ff83dbf4000 	C:\Windows\System32\profapi.dll
0x0000000074600000 - 0x0000000074609000 	C:\Program Files\Java\jdk1.8.0_111\jre\bin\dt_socket.dll
0x00007ff8314e0000 - 0x00007ff8314f6000 	C:\Windows\system32\napinsp.dll
0x00007ff8314c0000 - 0x00007ff8314da000 	C:\Windows\system32\pnrpnsp.dll
0x00007ff8380c0000 - 0x00007ff8380d8000 	C:\Windows\system32\NLAapi.dll
0x00007ff83d4b0000 - 0x00007ff83d50c000 	C:\Windows\System32\mswsock.dll
0x00007ff83d270000 - 0x00007ff83d311000 	C:\Windows\SYSTEM32\DNSAPI.dll
0x00007ff840d30000 - 0x00007ff840d38000 	C:\Windows\System32\NSI.dll
0x00007ff83d230000 - 0x00007ff83d268000 	C:\Windows\SYSTEM32\IPHLPAPI.DLL
0x00007ff831640000 - 0x00007ff83164e000 	C:\Windows\System32\winrnr.dll
0x0000000180000000 - 0x000000018006d000 	C:\Windows\system32\LavasoftTcpService64.dll
0x00007ff841200000 - 0x00007ff841337000 	C:\Windows\System32\ole32.dll
0x00007ff8405f0000 - 0x00007ff8406af000 	C:\Windows\System32\OLEAUT32.dll
0x00007ff83e3e0000 - 0x00007ff83e47c000 	C:\Windows\System32\msvcp_win.dll
0x00007ff83d850000 - 0x00007ff83d87c000 	C:\Windows\SYSTEM32\SspiCli.dll
0x00007ff836e40000 - 0x00007ff836eaa000 	C:\Windows\System32\fwpuclnt.dll
0x00007ff83db20000 - 0x00007ff83db4b000 	C:\Windows\SYSTEM32\bcrypt.dll
0x00007ff83c320000 - 0x00007ff83c3b5000 	C:\Windows\system32\uxtheme.dll
0x00007ff833b10000 - 0x00007ff833b1a000 	C:\Windows\System32\rasadhlp.dll
0x0000000073630000 - 0x00000000737c8000 	C:\Program Files\Java\jdk1.8.0_111\jre\bin\awt.dll
0x00007ff83c1d0000 - 0x00007ff83c24a000 	C:\Windows\SYSTEM32\apphelp.dll
0x00007ff840e10000 - 0x00007ff840eaf000 	C:\Windows\System32\clbcatq.dll
0x00007ff83da20000 - 0x00007ff83dab8000 	C:\Windows\SYSTEM32\sxs.dll
0x00007ff8413e0000 - 0x00007ff84153a000 	C:\Windows\System32\MSCTF.dll
0x00007ff83bf70000 - 0x00007ff83bf96000 	C:\Windows\system32\dwmapi.dll
0x00007ff8282d0000 - 0x00007ff82845d000 	C:\Windows\system32\d3d9.dll
0x00007ff805e40000 - 0x00007ff806efc000 	C:\Windows\System32\DriverStore\FileRepository\nv_dispiwu.inf_amd64_b67dc924fff8de6d\nvd3dumx.dll
0x00007ff8391a0000 - 0x00007ff839286000 	C:\Program Files (x86)\NVIDIA Corporation\3D Vision\nvSCPAPI64.dll
0x00007ff8408a0000 - 0x00007ff840cc9000 	C:\Windows\System32\SETUPAPI.dll
0x00000000745b0000 - 0x00000000745f7000 	C:\Program Files\Java\jdk1.8.0_111\jre\bin\fontmanager.dll
0x00007ff83b450000 - 0x00007ff83b5f8000 	C:\Windows\SYSTEM32\WindowsCodecs.dll
0x00007ff824980000 - 0x00007ff8249c9000 	C:\Windows\system32\dataexchange.dll
0x00007ff83ac80000 - 0x00007ff83af36000 	C:\Windows\system32\d3d11.dll
0x00007ff83b860000 - 0x00007ff83b9b1000 	C:\Windows\system32\dcomp.dll
0x00007ff83cb60000 - 0x00007ff83cbff000 	C:\Windows\system32\dxgi.dll
0x00007ff83c5f0000 - 0x00007ff83c70c000 	C:\Windows\system32\twinapi.appcore.dll
0x0000000074a60000 - 0x0000000074a7a000 	C:\Program Files\Java\jdk1.8.0_111\jre\bin\net.dll
0x00000000747a0000 - 0x00000000747b1000 	C:\Program Files\Java\jdk1.8.0_111\jre\bin\nio.dll
0x0000000074560000 - 0x00000000745a2000 	C:\Program Files\Java\jdk1.8.0_111\jre\bin\t2k.dll
0x0000000073600000 - 0x000000007362a000 	C:\Program Files\Java\jdk1.8.0_111\jre\bin\dcpr.dll
0x00007ff8370b0000 - 0x00007ff837182000 	C:\Windows\System32\IME\IMEKR\imkrtip.dll
0x00007ff83b9c0000 - 0x00007ff83bb45000 	C:\Windows\SYSTEM32\PROPSYS.dll
0x00007ff835480000 - 0x00007ff8355d6000 	C:\Windows\System32\IME\shared\imetip.dll
0x00007ff834db0000 - 0x00007ff834e15000 	C:\Windows\SYSTEM32\OLEACC.dll
0x00007ff829710000 - 0x00007ff8298b8000 	C:\Windows\SYSTEM32\DUI70.dll
0x00007ff837020000 - 0x00007ff837058000 	C:\Windows\System32\IME\IMEKR\imkrapi.dll
0x00007ff836ce0000 - 0x00007ff836d15000 	C:\Windows\System32\IME\shared\imjkapi.dll
0x00007ff83cf80000 - 0x00007ff83cfb2000 	C:\Windows\SYSTEM32\ntmarta.dll
0x00007ff819830000 - 0x00007ff81991f000 	C:\Program Files\Java\jdk1.8.0_111\jre\bin\msvcr120.dll
0x00007ff81ab10000 - 0x00007ff81abb6000 	C:\Program Files\Java\jdk1.8.0_111\jre\bin\msvcp120.dll
0x0000000073290000 - 0x00000000732b2000 	C:\Program Files\Java\jdk1.8.0_111\jre\bin\prism_d3d.dll
0x0000000073240000 - 0x0000000073283000 	C:\Program Files\Java\jdk1.8.0_111\jre\bin\glass.dll
0x00007ff841680000 - 0x00007ff84177a000 	C:\Windows\System32\COMDLG32.dll
0x0000000073200000 - 0x0000000073231000 	C:\Program Files\Java\jdk1.8.0_111\jre\bin\jpeg.dll
0x00000000731e0000 - 0x00000000731f4000 	C:\Program Files\Java\jdk1.8.0_111\jre\bin\javafx_font.dll
0x00007ff834900000 - 0x00007ff834b69000 	C:\Windows\SYSTEM32\dwrite.dll
0x00000000731c0000 - 0x00000000731d1000 	C:\Program Files\Java\jdk1.8.0_111\jre\bin\prism_common.dll
0x00007ff8387e0000 - 0x00007ff838d3f000 	C:\Windows\SYSTEM32\d2d1.dll
0x00007ff83dc90000 - 0x00007ff83de59000 	C:\Windows\System32\CRYPT32.dll
0x00007ff83dc00000 - 0x00007ff83dc10000 	C:\Windows\System32\MSASN1.dll
0x00007ff81d490000 - 0x00007ff81d71d000 	C:\Windows\SYSTEM32\D3D10Warp.dll
0x00007ff837f20000 - 0x00007ff8380b2000 	C:\Windows\SYSTEM32\dbghelp.dll

VM Arguments:
jvm_args: -agentlib:jdwp=transport=dt_socket,suspend=y,address=localhost:52131 -Dfile.encoding=UTF-8 
java_command: kr.or.dgit.donghun2.main.MainProcess
java_class_path (initial): D:\workspace_mybatis\donghun2\bin;C:\Users\teacher\.gradle\caches\modules-2\files-2.1\org.mybatis\mybatis\3.4.2\2b9a5082fe0bdb3128bab8b4b19b23ca0f3d9b38\mybatis-3.4.2.jar;C:\Users\teacher\.gradle\caches\modules-2\files-2.1\log4j\log4j\1.2.17\5af35056b4d257e4b64b9e8069c0746e8b08629f\log4j-1.2.17.jar;C:\Users\teacher\.gradle\caches\modules-2\files-2.1\mysql\mysql-connector-java\5.1.41\b0878056f15616989144d6114d36d3942321d0d1\mysql-connector-java-5.1.41.jar;C:\Users\teacher\.gradle\caches\modules-2\files-2.1\junit\junit\4.12\2973d150c0dc1fefe998f834810d68f278ea58ec\junit-4.12.jar;C:\Users\teacher\.gradle\caches\modules-2\files-2.1\org.hamcrest\hamcrest-core\1.3\42a25dc3219429f0e5d060061f71acb49bf010a0\hamcrest-core-1.3.jar;D:\workspace_mybatis\donghun2\src\main\resources\erp_myframework.jar;D:\workspace_mybatis\donghun2\src\main\resources\lib\idw-gpl.jar;D:\workspace_mybatis\donghun2\src\main\resources\lib\JTattoo.jar;D:\workspace_mybatis\donghun2\src\main\resources\lib\liquidlnf.jar;D:\workspace_mybatis\donghun2\src\main\resources\lib\quaqua.jar
Launcher Type: SUN_STANDARD

Environment Variables:
JAVA_HOME=C:\Program Files\Java\jdk1.8.0_111
PATH=C:\Program Files\Java\jdk1.8.0_111\jre\bin;C:/Program Files/Java/jdk1.8.0_111/bin/../jre/bin/server;C:/Program Files/Java/jdk1.8.0_111/bin/../jre/bin;C:/Program Files/Java/jdk1.8.0_111/bin/../jre/lib/amd64;C:\Program Files\Java\jdk1.8.0_111\bin;C:\ProgramData\Oracle\Java\javapath;C:\Windows\system32;C:\Windows;C:\Windows\System32\Wbem;C:\Windows\System32\WindowsPowerShell\v1.0\;C:\Program Files\MySQL\MySQL Server 5.6\bin;C:\Program Files\Git\cmd;D:\gradle-3.4.1\bin;C:\Users\teacher\AppData\Local\Microsoft\WindowsApps;C:\Program Files\Bandizip\7z;C:\eclipse_java;
USERNAME=teacher
OS=Windows_NT
PROCESSOR_IDENTIFIER=Intel64 Family 6 Model 23 Stepping 10, GenuineIntel



---------------  S Y S T E M  ---------------

OS: Windows 10.0 , 64 bit Build 14393 (10.0.14393.0)

CPU:total 2 (2 cores per cpu, 1 threads per core) family 6 model 23 stepping 10, cmov, cx8, fxsr, mmx, sse, sse2, sse3, ssse3, sse4.1, tsc

Memory: 4k page, physical 4192748k(1235900k free), swap 6250680k(802960k free)

vm_info: Java HotSpot(TM) 64-Bit Server VM (25.111-b14) for windows-amd64 JRE (1.8.0_111-b14), built on Sep 22 2016 19:24:05 by "java_re" with MS VC++ 10.0 (VS2010)

time: Thu Apr 13 21:20:33 2017
elapsed time: 15 seconds (0d 0h 0m 15s)

