#
# A fatal error has been detected by the Java Runtime Environment:
#
#  EXCEPTION_ACCESS_VIOLATION (0xc0000005) at pc=0xffffffffa3b45120, pid=8056, tid=0x0000000000001918
#
# JRE version: Java(TM) SE Runtime Environment (8.0_111-b14) (build 1.8.0_111-b14)
# Java VM: Java HotSpot(TM) 64-Bit Server VM (25.111-b14 mixed mode windows-amd64 compressed oops)
# Problematic frame:
# C  0xffffffffa3b45120
#
# Failed to write core dump. Minidumps are not enabled by default on client versions of Windows
#
# If you would like to submit a bug report, please visit:
#   http://bugreport.java.com/bugreport/crash.jsp
#

---------------  T H R E A D  ---------------

Current thread (0x000000001695e000):  JavaThread "AWT-EventQueue-0" [_thread_in_Java, id=6424, stack(0x000000001a6b0000,0x000000001a7b0000)]

siginfo: ExceptionCode=0xc0000005, ExceptionInformation=0x0000000000000008 0xffffffffa3b45120

Registers:
RAX=0x0000000000000001, RBX=0x000000001b776bf0, RCX=0x00000000eb8035d0, RDX=0x00000000eb8035f0
RSP=0x000000001a7ac028, RBP=0x000000001a7ac320, RSI=0x00000000eb8035f0, RDI=0x0000000011900000
R8 =0x0000000000000000, R9 =0x00000000eb881ca0, R10=0x000000005960c0c0, R11=0x0000000002dc37a0
R12=0x0000000000000000, R13=0x000000001a7ac2d8, R14=0x0000000000000000, R15=0x000000001695e000
RIP=0xffffffffa3b45120, EFLAGS=0x0000000000010216

Top of Stack: (sp=0x000000001a7ac028)
0x000000001a7ac028:   0000000002dc39cc 000000001b7745b8
0x000000001a7ac038:   0000000000000000 00000000eb86bc60
0x000000001a7ac048:   0000000000000008 000000001695e000
0x000000001a7ac058:   000000001a7ac188 000000001a7ac1b8
0x000000001a7ac068:   000000000000000c 000000000000000c
0x000000001a7ac078:   0000000058f43a67 0000000000000fa2
0x000000001a7ac088:   000000001695e000 00000001000117a8
0x000000001a7ac098:   00000000eb867dc8 00000000eb86bc60
0x000000001a7ac0a8:   0000000000000010 000000001695e000
0x000000001a7ac0b8:   000000001a7ac1d8 0000000000000fa3
0x000000001a7ac0c8:   0000000058f8c7d0 000000001695e000
0x000000001a7ac0d8:   000000001a7ac158 0000000000000000
0x000000001a7ac0e8:   000000001a7ac1a0 0000000000000fa2
0x000000001a7ac0f8:   0000000000000010 000000001695e000
0x000000001a7ac108:   000000001b774490 0000000000000fa2
0x000000001a7ac118:   0000000002c400b9 00000000148896b8 

Instructions: (pc=0xffffffffa3b45120)
0xffffffffa3b45100:   
[error occurred during error reporting (printing registers, top of stack, instructions near pc), id 0xc0000005]

Register to memory mapping:

RAX=0x0000000000000001 is an unknown value
RBX=0x000000001b776bf0 is pointing into metadata
RCX=0x00000000eb8035d0 is an oop
java.text.PatternEntry$Parser 
 - klass: 'java/text/PatternEntry$Parser'
RDX=0x00000000eb8035f0 is an oop
java.lang.StringBuffer 
 - klass: 'java/lang/StringBuffer'
RSP=0x000000001a7ac028 is pointing into the stack for thread: 0x000000001695e000
RBP=0x000000001a7ac320 is pointing into the stack for thread: 0x000000001695e000
RSI=0x00000000eb8035f0 is an oop
java.lang.StringBuffer 
 - klass: 'java/lang/StringBuffer'
RDI=0x0000000011900000 is an unknown value
R8 =0x0000000000000000 is an unknown value
R9 =0x00000000eb881ca0 is an oop
java.text.PatternEntry 
 - klass: 'java/text/PatternEntry'
R10=0x000000005960c0c0 is an unknown value
R11=0x0000000002dc37a0 is at entry_point+32 in (nmethod*)0x0000000002dc3010
R12=0x0000000000000000 is an unknown value
R13=0x000000001a7ac2d8 is pointing into the stack for thread: 0x000000001695e000
R14=0x0000000000000000 is an unknown value
R15=0x000000001695e000 is a thread


Stack: [0x000000001a6b0000,0x000000001a7b0000],  sp=0x000000001a7ac028,  free space=1008k
Native frames: (J=compiled Java code, j=interpreted, Vv=VM code, C=native code)
C  0xffffffffa3b45120


---------------  P R O C E S S  ---------------

Java Threads: ( => current thread )
  0x00000000172e1000 JavaThread "D3D Screen Updater" daemon [_thread_blocked, id=7124, stack(0x000000001aac0000,0x000000001abc0000)]
  0x0000000002960800 JavaThread "DestroyJavaVM" [_thread_blocked, id=1012, stack(0x0000000002460000,0x0000000002560000)]
=>0x000000001695e000 JavaThread "AWT-EventQueue-0" [_thread_in_Java, id=6424, stack(0x000000001a6b0000,0x000000001a7b0000)]
  0x000000001694a000 JavaThread "AWT-Windows" daemon [_thread_in_native, id=3668, stack(0x0000000017a60000,0x0000000017b60000)]
  0x0000000016946800 JavaThread "AWT-Shutdown" [_thread_blocked, id=4640, stack(0x0000000017960000,0x0000000017a60000)]
  0x0000000016945800 JavaThread "Java2D Disposer" daemon [_thread_blocked, id=5036, stack(0x0000000017860000,0x0000000017960000)]
  0x00000000165d9000 JavaThread "Service Thread" daemon [_thread_blocked, id=2020, stack(0x0000000016e60000,0x0000000016f60000)]
  0x000000001656b800 JavaThread "C1 CompilerThread2" daemon [_thread_blocked, id=5368, stack(0x0000000016d60000,0x0000000016e60000)]
  0x000000001526e000 JavaThread "C2 CompilerThread1" daemon [_thread_blocked, id=816, stack(0x0000000016c60000,0x0000000016d60000)]
  0x000000001526b800 JavaThread "C2 CompilerThread0" daemon [_thread_blocked, id=5544, stack(0x0000000016b60000,0x0000000016c60000)]
  0x000000001526a800 JavaThread "Attach Listener" daemon [_thread_blocked, id=4132, stack(0x0000000016a60000,0x0000000016b60000)]
  0x000000001521f000 JavaThread "Signal Dispatcher" daemon [_thread_blocked, id=6228, stack(0x0000000016960000,0x0000000016a60000)]
  0x0000000002a5d800 JavaThread "Finalizer" daemon [_thread_blocked, id=6956, stack(0x0000000016460000,0x0000000016560000)]
  0x0000000002a52000 JavaThread "Reference Handler" daemon [_thread_blocked, id=7764, stack(0x0000000016360000,0x0000000016460000)]

Other Threads:
  0x00000000151d8000 VMThread [stack: 0x0000000016260000,0x0000000016360000] [id=3900]
  0x000000001662a000 WatcherThread [stack: 0x0000000016f60000,0x0000000017060000] [id=5092]

VM state:not at safepoint (normal execution)

VM Mutex/Monitor currently owned by a thread: None

Heap:
 PSYoungGen      total 18944K, used 14157K [0x00000000eab00000, 0x00000000ec000000, 0x0000000100000000)
  eden space 16384K, 86% used [0x00000000eab00000,0x00000000eb8d3510,0x00000000ebb00000)
  from space 2560K, 0% used [0x00000000ebd80000,0x00000000ebd80000,0x00000000ec000000)
  to   space 2560K, 0% used [0x00000000ebb00000,0x00000000ebb00000,0x00000000ebd80000)
 ParOldGen       total 44032K, used 0K [0x00000000c0000000, 0x00000000c2b00000, 0x00000000eab00000)
  object space 44032K, 0% used [0x00000000c0000000,0x00000000c0000000,0x00000000c2b00000)
 Metaspace       used 14242K, capacity 14426K, committed 14720K, reserved 1062912K
  class space    used 1823K, capacity 1908K, committed 1920K, reserved 1048576K

Card table byte_map: [0x0000000011f00000,0x0000000012110000] byte_map_base: 0x0000000011900000

Marking Bits: (ParMarkBitMap*) 0x000000005962a6c0
 Begin Bits: [0x0000000012670000, 0x0000000013670000)
 End Bits:   [0x0000000013670000, 0x0000000014670000)

Polling page: 0x00000000007f0000

CodeCache: size=245760Kb used=2642Kb max_used=2642Kb free=243117Kb
 bounds [0x0000000002b40000, 0x0000000002de0000, 0x0000000011b40000]
 total_blobs=1180 nmethods=697 adapters=398
 compilation: enabled

Compilation events (10 events):
Event: 1.774 Thread 0x000000001656b800  691       3       java.text.PatternEntry$Parser::next (655 bytes)
Event: 1.775 Thread 0x000000001526e000  694       4       java.text.PatternEntry::equals (25 bytes)
Event: 1.776 Thread 0x000000001526b800  695       4       java.util.ArrayList::lastIndexOf (69 bytes)
Event: 1.776 Thread 0x000000001526e000 nmethod 694 0x0000000002dbba90 code [0x0000000002dbbbe0, 0x0000000002dbbd18]
Event: 1.779 Thread 0x000000001526b800 nmethod 695 0x0000000002dbe2d0 code [0x0000000002dbe420, 0x0000000002dbe5f8]
Event: 1.779 Thread 0x000000001526e000  696       4       java.lang.AbstractStringBuilder::setLength (45 bytes)
Event: 1.779 Thread 0x000000001526b800  697  s    4       java.lang.StringBuffer::setLength (11 bytes)
Event: 1.780 Thread 0x000000001656b800 nmethod 691 0x0000000002dc3010 code [0x0000000002dc3780, 0x0000000002dca408]
Event: 1.780 Thread 0x000000001656b800  693       3       java.text.MergeCollation::findLastEntry (247 bytes)
Event: 1.783 Thread 0x000000001526e000 nmethod 696 0x0000000002dbdc50 code [0x0000000002dbdda0, 0x0000000002dbe0b8]

GC Heap History (0 events):
No events

Deoptimization events (5 events):
Event: 0.302 Thread 0x0000000002960800 Uncommon trap: reason=null_check action=make_not_entrant pc=0x0000000002caee78 method=java.lang.String.equals(Ljava/lang/Object;)Z @ 8
Event: 1.762 Thread 0x000000001695e000 Uncommon trap: reason=class_check action=maybe_recompile pc=0x0000000002db8fe4 method=java.io.DataInputStream.readChar()C @ 4
Event: 1.762 Thread 0x000000001695e000 Uncommon trap: reason=class_check action=maybe_recompile pc=0x0000000002db8fe4 method=java.io.DataInputStream.readChar()C @ 4
Event: 1.762 Thread 0x000000001695e000 Uncommon trap: reason=class_check action=maybe_recompile pc=0x0000000002db8fe4 method=java.io.DataInputStream.readChar()C @ 4
Event: 1.762 Thread 0x000000001695e000 Uncommon trap: reason=class_check action=maybe_recompile pc=0x0000000002db8fe4 method=java.io.DataInputStream.readChar()C @ 4

Internal exceptions (10 events):
Event: 1.678 Thread 0x000000001695e000 Exception <a 'java/lang/ArrayIndexOutOfBoundsException'> (0x00000000eb533730) thrown at [C:\re\workspace\8-2-build-windows-amd64-cygwin\jdk8u111\7883\hotspot\src\share\vm\runtime\sharedRuntime.cpp, line 605]
Event: 1.679 Thread 0x000000001695e000 Exception <a 'java/lang/ArrayIndexOutOfBoundsException'> (0x00000000eb538900) thrown at [C:\re\workspace\8-2-build-windows-amd64-cygwin\jdk8u111\7883\hotspot\src\share\vm\runtime\sharedRuntime.cpp, line 605]
Event: 1.680 Thread 0x000000001695e000 Exception <a 'java/lang/ArrayIndexOutOfBoundsException'> (0x00000000eb53dc88) thrown at [C:\re\workspace\8-2-build-windows-amd64-cygwin\jdk8u111\7883\hotspot\src\share\vm\runtime\sharedRuntime.cpp, line 605]
Event: 1.680 Thread 0x000000001695e000 Exception <a 'java/lang/ArrayIndexOutOfBoundsException'> (0x00000000eb543418) thrown at [C:\re\workspace\8-2-build-windows-amd64-cygwin\jdk8u111\7883\hotspot\src\share\vm\runtime\sharedRuntime.cpp, line 605]
Event: 1.681 Thread 0x000000001695e000 Exception <a 'java/lang/ArrayIndexOutOfBoundsException'> (0x00000000eb548b18) thrown at [C:\re\workspace\8-2-build-windows-amd64-cygwin\jdk8u111\7883\hotspot\src\share\vm\runtime\sharedRuntime.cpp, line 605]
Event: 1.682 Thread 0x000000001695e000 Exception <a 'java/lang/ArrayIndexOutOfBoundsException'> (0x00000000eb54e188) thrown at [C:\re\workspace\8-2-build-windows-amd64-cygwin\jdk8u111\7883\hotspot\src\share\vm\runtime\sharedRuntime.cpp, line 605]
Event: 1.683 Thread 0x000000001695e000 Exception <a 'java/lang/ArrayIndexOutOfBoundsException'> (0x00000000eb553cf8) thrown at [C:\re\workspace\8-2-build-windows-amd64-cygwin\jdk8u111\7883\hotspot\src\share\vm\runtime\sharedRuntime.cpp, line 605]
Event: 1.684 Thread 0x000000001695e000 Exception <a 'java/lang/ArrayIndexOutOfBoundsException'> (0x00000000eb559610) thrown at [C:\re\workspace\8-2-build-windows-amd64-cygwin\jdk8u111\7883\hotspot\src\share\vm\runtime\sharedRuntime.cpp, line 605]
Event: 1.685 Thread 0x000000001695e000 Exception <a 'java/lang/ArrayIndexOutOfBoundsException'> (0x00000000eb55eea8) thrown at [C:\re\workspace\8-2-build-windows-amd64-cygwin\jdk8u111\7883\hotspot\src\share\vm\runtime\sharedRuntime.cpp, line 605]
Event: 1.687 Thread 0x000000001695e000 Exception <a 'java/lang/ArrayIndexOutOfBoundsException'> (0x00000000eb56b130) thrown at [C:\re\workspace\8-2-build-windows-amd64-cygwin\jdk8u111\7883\hotspot\src\share\vm\runtime\sharedRuntime.cpp, line 605]

Events (10 events):
Event: 1.765 loading class sun/text/normalizer/UnicodeMatcher done
Event: 1.765 loading class sun/text/normalizer/UnicodeSet done
Event: 1.766 loading class sun/text/normalizer/NormalizerImpl$DecomposeArgs
Event: 1.766 loading class sun/text/normalizer/NormalizerImpl$DecomposeArgs done
Event: 1.770 loading class java/text/MergeCollation
Event: 1.770 loading class java/text/MergeCollation done
Event: 1.771 loading class java/text/PatternEntry$Parser
Event: 1.771 loading class java/text/PatternEntry$Parser done
Event: 1.771 loading class java/text/PatternEntry
Event: 1.771 loading class java/text/PatternEntry done


Dynamic libraries:
0x00007ff647f00000 - 0x00007ff647f37000 	C:\Program Files\Java\jdk1.8.0_111\bin\javaw.exe
0x00007ffb6b790000 - 0x00007ffb6b961000 	C:\Windows\SYSTEM32\ntdll.dll
0x00007ffb6aad0000 - 0x00007ffb6ab7b000 	C:\Windows\System32\KERNEL32.DLL
0x00007ffb68460000 - 0x00007ffb6867d000 	C:\Windows\System32\KERNELBASE.dll
0x00007ffb6b3e0000 - 0x00007ffb6b482000 	C:\Windows\System32\ADVAPI32.dll
0x00007ffb6b570000 - 0x00007ffb6b60e000 	C:\Windows\System32\msvcrt.dll
0x00007ffb69420000 - 0x00007ffb69479000 	C:\Windows\System32\sechost.dll
0x00007ffb68d80000 - 0x00007ffb68ea1000 	C:\Windows\System32\RPCRT4.dll
0x00007ffb6ad30000 - 0x00007ffb6ae95000 	C:\Windows\System32\USER32.dll
0x00007ffb68810000 - 0x00007ffb6882e000 	C:\Windows\System32\win32u.dll
0x00007ffb6ace0000 - 0x00007ffb6ad14000 	C:\Windows\System32\GDI32.dll
0x00007ffb68680000 - 0x00007ffb68802000 	C:\Windows\System32\gdi32full.dll
0x00007ffb619b0000 - 0x00007ffb61c2a000 	C:\Windows\WinSxS\amd64_microsoft.windows.common-controls_6595b64144ccf1df_6.0.14393.953_none_42151e83c686086b\COMCTL32.dll
0x00007ffb68eb0000 - 0x00007ffb69178000 	C:\Windows\System32\combase.dll
0x00007ffb68830000 - 0x00007ffb68925000 	C:\Windows\System32\ucrtbase.dll
0x00007ffb68cb0000 - 0x00007ffb68d1a000 	C:\Windows\System32\bcryptPrimitives.dll
0x00007ffb6b6a0000 - 0x00007ffb6b6ce000 	C:\Windows\System32\IMM32.DLL
0x0000000059e50000 - 0x0000000059f22000 	C:\Program Files\Java\jdk1.8.0_111\jre\bin\msvcr100.dll
0x0000000058e10000 - 0x00000000596aa000 	C:\Program Files\Java\jdk1.8.0_111\jre\bin\server\jvm.dll
0x00007ffb6ad20000 - 0x00007ffb6ad28000 	C:\Windows\System32\PSAPI.DLL
0x00007ffb63470000 - 0x00007ffb6347a000 	C:\Windows\SYSTEM32\VERSION.dll
0x00007ffb5bce0000 - 0x00007ffb5bce9000 	C:\Windows\SYSTEM32\WSOCK32.dll
0x00007ffb66070000 - 0x00007ffb66093000 	C:\Windows\SYSTEM32\WINMM.dll
0x00007ffb6b610000 - 0x00007ffb6b67a000 	C:\Windows\System32\WS2_32.dll
0x00007ffb66010000 - 0x00007ffb6603b000 	C:\Windows\SYSTEM32\WINMMBASE.dll
0x00007ffb67c80000 - 0x00007ffb67cc2000 	C:\Windows\System32\cfgmgr32.dll
0x0000000058e00000 - 0x0000000058e0f000 	C:\Program Files\Java\jdk1.8.0_111\jre\bin\verify.dll
0x0000000058dd0000 - 0x0000000058df9000 	C:\Program Files\Java\jdk1.8.0_111\jre\bin\java.dll
0x0000000058db0000 - 0x0000000058dc6000 	C:\Program Files\Java\jdk1.8.0_111\jre\bin\zip.dll
0x00007ffb695c0000 - 0x00007ffb6aac9000 	C:\Windows\System32\SHELL32.dll
0x00007ffb67d80000 - 0x00007ffb6845a000 	C:\Windows\System32\windows.storage.dll
0x00007ffb67c30000 - 0x00007ffb67c7c000 	C:\Windows\System32\powrprof.dll
0x00007ffb68d20000 - 0x00007ffb68d72000 	C:\Windows\System32\shlwapi.dll
0x00007ffb67c00000 - 0x00007ffb67c0f000 	C:\Windows\System32\kernel.appcore.dll
0x00007ffb68b60000 - 0x00007ffb68c09000 	C:\Windows\System32\shcore.dll
0x00007ffb67c10000 - 0x00007ffb67c24000 	C:\Windows\System32\profapi.dll
0x0000000059cb0000 - 0x0000000059e48000 	C:\Program Files\Java\jdk1.8.0_111\jre\bin\awt.dll
0x00007ffb6b6d0000 - 0x00007ffb6b78f000 	C:\Windows\System32\OLEAUT32.dll
0x00007ffb68c10000 - 0x00007ffb68cac000 	C:\Windows\System32\msvcp_win.dll
0x00007ffb661a0000 - 0x00007ffb6621a000 	C:\Windows\SYSTEM32\apphelp.dll
0x00007ffb66370000 - 0x00007ffb66405000 	C:\Windows\system32\uxtheme.dll
0x00007ffb6ab80000 - 0x00007ffb6acda000 	C:\Windows\System32\MSCTF.dll
0x00007ffb65a40000 - 0x00007ffb65a66000 	C:\Windows\system32\dwmapi.dll
0x00007ffb69480000 - 0x00007ffb695b7000 	C:\Windows\System32\ole32.dll
0x00007ffb53db0000 - 0x00007ffb53f3d000 	C:\Windows\system32\d3d9.dll
0x00007ffb31670000 - 0x00007ffb32726000 	C:\Windows\SYSTEM32\nvd3dumx.dll
0x00007ffb62c70000 - 0x00007ffb62ddc000 	C:\Program Files (x86)\NVIDIA Corporation\3D Vision\nvSCPAPI64.dll
0x00007ffb6aea0000 - 0x00007ffb6b2c9000 	C:\Windows\System32\SETUPAPI.dll
0x00007ffb62930000 - 0x00007ffb62c66000 	C:\Windows\system32\nvapi64.dll
0x00007ffb66820000 - 0x00007ffb66848000 	C:\Windows\SYSTEM32\DEVOBJ.dll
0x00007ffb68930000 - 0x00007ffb68985000 	C:\Windows\System32\WINTRUST.dll
0x00007ffb67bf0000 - 0x00007ffb67c00000 	C:\Windows\System32\MSASN1.dll
0x00007ffb68990000 - 0x00007ffb68b59000 	C:\Windows\System32\CRYPT32.dll
0x00007ffb66b70000 - 0x00007ffb66c0f000 	C:\Windows\system32\dxgi.dll
0x0000000059c60000 - 0x0000000059ca7000 	C:\Program Files\Java\jdk1.8.0_111\jre\bin\fontmanager.dll
0x0000000058d90000 - 0x0000000058daa000 	C:\Program Files\Java\jdk1.8.0_111\jre\bin\net.dll
0x00007ffb674c0000 - 0x00007ffb6751c000 	C:\Windows\system32\mswsock.dll
0x0000000058d70000 - 0x0000000058d81000 	C:\Program Files\Java\jdk1.8.0_111\jre\bin\nio.dll
0x0000000059c10000 - 0x0000000059c52000 	C:\Program Files\Java\jdk1.8.0_111\jre\bin\t2k.dll
0x00007ffb6b340000 - 0x00007ffb6b3df000 	C:\Windows\System32\clbcatq.dll
0x00007ffb607a0000 - 0x00007ffb60872000 	C:\Windows\System32\IME\IMEKR\imkrtip.dll
0x00007ffb65680000 - 0x00007ffb65805000 	C:\Windows\SYSTEM32\PROPSYS.dll
0x00007ffb5feb0000 - 0x00007ffb60006000 	C:\Windows\System32\IME\shared\imetip.dll
0x00007ffb65240000 - 0x00007ffb652a5000 	C:\Windows\SYSTEM32\OLEACC.dll
0x00007ffb5fd00000 - 0x00007ffb5fea8000 	C:\Windows\SYSTEM32\DUI70.dll
0x00007ffb60ff0000 - 0x00007ffb61028000 	C:\Windows\System32\IME\IMEKR\imkrapi.dll
0x00007ffb5fcc0000 - 0x00007ffb5fcf5000 	C:\Windows\System32\IME\shared\imjkapi.dll
0x00007ffb66f90000 - 0x00007ffb66fc2000 	C:\Windows\SYSTEM32\ntmarta.dll
0x00007ffb5bf10000 - 0x00007ffb5c0a2000 	C:\Windows\SYSTEM32\dbghelp.dll

VM Arguments:
jvm_args: -Dfile.encoding=UTF-8 
java_command: kr.or.dgit.donghun2.Main.MainFrame
java_class_path (initial): D:\workspace_sql\workspace_mybatis\donghun2\bin;C:\Users\SJW\.gradle\caches\modules-2\files-2.1\org.mybatis\mybatis\3.4.2\2b9a5082fe0bdb3128bab8b4b19b23ca0f3d9b38\mybatis-3.4.2.jar;C:\Users\SJW\.gradle\caches\modules-2\files-2.1\log4j\log4j\1.2.17\5af35056b4d257e4b64b9e8069c0746e8b08629f\log4j-1.2.17.jar;C:\Users\SJW\.gradle\caches\modules-2\files-2.1\mysql\mysql-connector-java\5.1.41\b0878056f15616989144d6114d36d3942321d0d1\mysql-connector-java-5.1.41.jar;C:\Users\SJW\.gradle\caches\modules-2\files-2.1\junit\junit\4.12\2973d150c0dc1fefe998f834810d68f278ea58ec\junit-4.12.jar;C:\Users\SJW\.gradle\caches\modules-2\files-2.1\org.hamcrest\hamcrest-core\1.3\42a25dc3219429f0e5d060061f71acb49bf010a0\hamcrest-core-1.3.jar;D:\workspace_sql\workspace_mybatis\donghun2\src\main\resources\erp_myframework.jar
Launcher Type: SUN_STANDARD

Environment Variables:
JAVA_HOME=C:\Program Files\Java\jdk1.8.0_111
PATH=C:/Program Files/Java/jdk1.8.0_111/bin/../jre/bin/server;C:/Program Files/Java/jdk1.8.0_111/bin/../jre/bin;C:/Program Files/Java/jdk1.8.0_111/bin/../jre/lib/amd64;C:\Program Files\Java\jdk1.8.0_111\bin;C:\ProgramData\Oracle\Java\javapath;C:\Program Files (x86)\NVIDIA Corporation\PhysX\Common;C:\Windows\system32;C:\Windows;C:\Windows\System32\Wbem;C:\Windows\System32\WindowsPowerShell\v1.0\;C:\Program Files\MySQL\MySQL Server 5.6\bin;C:\Program Files\Git\cmd;D:\gradle-3.4.1\bin;C:\Users\SJW\AppData\Local\Microsoft\WindowsApps;C:\Program Files\Bandizip\7z;C:\eclipse_java;
USERNAME=SJW
OS=Windows_NT
PROCESSOR_IDENTIFIER=Intel64 Family 6 Model 23 Stepping 10, GenuineIntel



---------------  S Y S T E M  ---------------

OS: Windows 10.0 , 64 bit Build 14393 (10.0.14393.0)

CPU:total 4 (4 cores per cpu, 1 threads per core) family 6 model 23 stepping 10, cmov, cx8, fxsr, mmx, sse, sse2, sse3, ssse3, sse4.1, tsc

Memory: 4k page, physical 4192492k(1015936k free), swap 6682860k(865676k free)

vm_info: Java HotSpot(TM) 64-Bit Server VM (25.111-b14) for windows-amd64 JRE (1.8.0_111-b14), built on Sep 22 2016 19:24:05 by "java_re" with MS VC++ 10.0 (VS2010)

time: Fri Apr 07 18:46:27 2017
elapsed time: 1 seconds (0d 0h 0m 1s)

