#
# A fatal error has been detected by the Java Runtime Environment:
#
#  EXCEPTION_ACCESS_VIOLATION (0xc0000005) at pc=0xffffffffa45e5120, pid=6084, tid=0x0000000000001e04
#
# JRE version: Java(TM) SE Runtime Environment (8.0_111-b14) (build 1.8.0_111-b14)
# Java VM: Java HotSpot(TM) 64-Bit Server VM (25.111-b14 mixed mode windows-amd64 compressed oops)
# Problematic frame:
# C  0xffffffffa45e5120
#
# Failed to write core dump. Minidumps are not enabled by default on client versions of Windows
#
# If you would like to submit a bug report, please visit:
#   http://bugreport.java.com/bugreport/crash.jsp
#

---------------  T H R E A D  ---------------

Current thread (0x0000000018842800):  JavaThread "AWT-EventQueue-0" [_thread_in_Java, id=7684, stack(0x0000000019fa0000,0x000000001a0a0000)]

siginfo: ExceptionCode=0xc0000005, ExceptionInformation=0x0000000000000008 0xffffffffa45e5120

Registers:
RAX=0x0000000018414950, RBX=0x0000000018414950, RCX=0x00000000eb444428, RDX=0x00000000eb444428
RSP=0x000000001a09c2e8, RBP=0x000000001a09c348, RSI=0x0000000000000460, RDI=0x0000000018418c50
R8 =0x00000000ffffffa7, R9 =0x00000000eab03cd0, R10=0x00000000626dc0c0, R11=0x00000000037c8a20
R12=0x0000000000000000, R13=0x000000001a09c2f8, R14=0x0000000000000000, R15=0x0000000018842800
RIP=0xffffffffa45e5120, EFLAGS=0x0000000000010206

Top of Stack: (sp=0x000000001a09c2e8)
0x000000001a09c2e8:   00000000035e809d 00000000035e809d
0x000000001a09c2f8:   00000000ffffffa7 00000000eb444428
0x000000001a09c308:   000000001a09c308 00000000184170d8
0x000000001a09c318:   000000001a09c368 0000000018418038
0x000000001a09c328:   0000000000000000 00000000184170f8
0x000000001a09c338:   000000001a09c2f8 000000001a09c360
0x000000001a09c348:   000000001a09c3b0 00000000035e809d
0x000000001a09c358:   000000000000005e 00000000eb444570
0x000000001a09c368:   00000000eb444428 000000001a09c370
0x000000001a09c378:   00000000183fc94d 000000001a09c418
0x000000001a09c388:   00000000184118a0 0000000000000000
0x000000001a09c398:   00000000183fcbf8 000000001a09c360
0x000000001a09c3a8:   000000001a09c418 000000001a09c460
0x000000001a09c3b8:   00000000035e809d 00000000eab002e8
0x000000001a09c3c8:   0000000000000003 00000000eb444730
0x000000001a09c3d8:   00000000eab00010 0000000000000003 

Instructions: (pc=0xffffffffa45e5120)
0xffffffffa45e5100:   
[error occurred during error reporting (printing registers, top of stack, instructions near pc), id 0xc0000005]

Register to memory mapping:

RAX={method} {0x0000000018414958} 'emitByte' '(B)V' in 'sun/reflect/ClassFileAssembler'
RBX={method} {0x0000000018414958} 'emitByte' '(B)V' in 'sun/reflect/ClassFileAssembler'
RCX=0x00000000eb444428 is an oop
sun.reflect.ClassFileAssembler 
 - klass: 'sun/reflect/ClassFileAssembler'
RDX=0x00000000eb444428 is an oop
sun.reflect.ClassFileAssembler 
 - klass: 'sun/reflect/ClassFileAssembler'
RSP=0x000000001a09c2e8 is pointing into the stack for thread: 0x0000000018842800
RBP=0x000000001a09c348 is pointing into the stack for thread: 0x0000000018842800
RSI=0x0000000000000460 is an unknown value
RDI=0x0000000018418c50 is pointing into metadata
R8 =0x00000000ffffffa7 is an unallocated location in the heap
R9 =0x00000000eab03cd0 is an oop
java.lang.Class 
 - klass: 'java/lang/Class'
R10=0x00000000626dc0c0 is an unknown value
R11=0x00000000037c8a20 is at entry_point+32 in (nmethod*)0x00000000037c8890
R12=0x0000000000000000 is an unknown value
R13=0x000000001a09c2f8 is pointing into the stack for thread: 0x0000000018842800
R14=0x0000000000000000 is an unknown value
R15=0x0000000018842800 is a thread


Stack: [0x0000000019fa0000,0x000000001a0a0000],  sp=0x000000001a09c2e8,  free space=1008k
Native frames: (J=compiled Java code, j=interpreted, Vv=VM code, C=native code)
C  0xffffffffa45e5120


---------------  P R O C E S S  ---------------

Java Threads: ( => current thread )
  0x0000000018b1c800 JavaThread "Image Fetcher 0" daemon [_thread_blocked, id=5016, stack(0x000000001b780000,0x000000001b880000)]
  0x00000000189ed000 JavaThread "D3D Screen Updater" daemon [_thread_blocked, id=4740, stack(0x000000001a890000,0x000000001a990000)]
  0x00000000034e2800 JavaThread "DestroyJavaVM" [_thread_blocked, id=4752, stack(0x00000000033e0000,0x00000000034e0000)]
=>0x0000000018842800 JavaThread "AWT-EventQueue-0" [_thread_in_Java, id=7684, stack(0x0000000019fa0000,0x000000001a0a0000)]
  0x000000001737a000 JavaThread "AWT-Windows" daemon [_thread_in_native, id=1444, stack(0x0000000017dd0000,0x0000000017ed0000)]
  0x0000000017376000 JavaThread "AWT-Shutdown" [_thread_blocked, id=5988, stack(0x0000000017cd0000,0x0000000017dd0000)]
  0x0000000017375800 JavaThread "Java2D Disposer" daemon [_thread_blocked, id=6784, stack(0x0000000017bd0000,0x0000000017cd0000)]
  0x000000001709d000 JavaThread "Service Thread" daemon [_thread_blocked, id=1824, stack(0x0000000017900000,0x0000000017a00000)]
  0x000000001700f800 JavaThread "C1 CompilerThread2" daemon [_thread_blocked, id=5792, stack(0x0000000017800000,0x0000000017900000)]
  0x000000001700c800 JavaThread "C2 CompilerThread1" daemon [_thread_blocked, id=5992, stack(0x0000000017700000,0x0000000017800000)]
  0x0000000015d0a000 JavaThread "C2 CompilerThread0" daemon [_thread_blocked, id=6728, stack(0x0000000017600000,0x0000000017700000)]
  0x0000000015d08800 JavaThread "Attach Listener" daemon [_thread_blocked, id=5144, stack(0x0000000017500000,0x0000000017600000)]
  0x0000000015cbc800 JavaThread "Signal Dispatcher" daemon [_thread_blocked, id=4280, stack(0x0000000017400000,0x0000000017500000)]
  0x0000000015c99000 JavaThread "Finalizer" daemon [_thread_blocked, id=5748, stack(0x0000000016f00000,0x0000000017000000)]
  0x00000000035d1000 JavaThread "Reference Handler" daemon [_thread_blocked, id=1180, stack(0x0000000016e00000,0x0000000016f00000)]

Other Threads:
  0x0000000015c77800 VMThread [stack: 0x0000000016d00000,0x0000000016e00000] [id=3796]
  0x00000000170c2800 WatcherThread [stack: 0x0000000017a00000,0x0000000017b00000] [id=7012]

VM state:not at safepoint (normal execution)

VM Mutex/Monitor currently owned by a thread: None

Heap:
 PSYoungGen      total 18944K, used 9890K [0x00000000eab00000, 0x00000000ec000000, 0x0000000100000000)
  eden space 16384K, 60% used [0x00000000eab00000,0x00000000eb4a89a8,0x00000000ebb00000)
  from space 2560K, 0% used [0x00000000ebd80000,0x00000000ebd80000,0x00000000ec000000)
  to   space 2560K, 0% used [0x00000000ebb00000,0x00000000ebb00000,0x00000000ebd80000)
 ParOldGen       total 44032K, used 0K [0x00000000c0000000, 0x00000000c2b00000, 0x00000000eab00000)
  object space 44032K, 0% used [0x00000000c0000000,0x00000000c0000000,0x00000000c2b00000)
 Metaspace       used 12779K, capacity 13036K, committed 13184K, reserved 1060864K
  class space    used 1707K, capacity 1802K, committed 1920K, reserved 1048576K

Card table byte_map: [0x00000000129a0000,0x0000000012bb0000] byte_map_base: 0x00000000123a0000

Marking Bits: (ParMarkBitMap*) 0x00000000626fa6c0
 Begin Bits: [0x0000000013110000, 0x0000000014110000)
 End Bits:   [0x0000000014110000, 0x0000000015110000)

Polling page: 0x0000000001760000

CodeCache: size=245760Kb used=2658Kb max_used=2662Kb free=243101Kb
 bounds [0x00000000035e0000, 0x0000000003880000, 0x00000000125e0000]
 total_blobs=1181 nmethods=685 adapters=411
 compilation: enabled

Compilation events (10 events):
Event: 2.356 Thread 0x000000001700c800  684       4       sun.reflect.ByteVectorImpl::add (38 bytes)
Event: 2.356 Thread 0x0000000015d0a000  685       4       sun.reflect.ClassFileAssembler::emitByte (11 bytes)
Event: 2.356 Thread 0x000000001700f800 nmethod 680 0x0000000003875010 code [0x0000000003875200, 0x0000000003875b28]
Event: 2.356 Thread 0x000000001700f800  683   !   3       sun.reflect.UTF8::encode (191 bytes)
Event: 2.357 Thread 0x000000001700f800 nmethod 683 0x0000000003875ed0 code [0x00000000038760c0, 0x0000000003876988]
Event: 2.357 Thread 0x000000001700f800  681       3       sun.java2d.pipe.BufferedPaints::setPaint (125 bytes)
Event: 2.358 Thread 0x000000001700c800 nmethod 684 0x0000000003879c50 code [0x0000000003879da0, 0x0000000003879e88]
Event: 2.358 Thread 0x0000000015d0a000 nmethod 685 0x0000000003878350 code [0x00000000038784a0, 0x00000000038785c8]
Event: 2.358 Thread 0x000000001700f800 nmethod 681 0x000000000387a290 code [0x000000000387a4c0, 0x000000000387b288]
Event: 2.358 Thread 0x000000001700f800  682       3       sun.java2d.SunGraphics2D::validateColor (102 bytes)

GC Heap History (0 events):
No events

Deoptimization events (1 events):
Event: 0.831 Thread 0x00000000034e2800 Uncommon trap: reason=null_check action=make_not_entrant pc=0x000000000376559c method=java.lang.String.equals(Ljava/lang/Object;)Z @ 8

Internal exceptions (10 events):
Event: 0.444 Thread 0x00000000034e2800 Exception <a 'java/security/PrivilegedActionException'> (0x00000000eabe7d50) thrown at [C:\re\workspace\8-2-build-windows-amd64-cygwin\jdk8u111\7883\hotspot\src\share\vm\prims\jvm.cpp, line 1386]
Event: 0.444 Thread 0x00000000034e2800 Exception <a 'java/security/PrivilegedActionException'> (0x00000000eabe7f60) thrown at [C:\re\workspace\8-2-build-windows-amd64-cygwin\jdk8u111\7883\hotspot\src\share\vm\prims\jvm.cpp, line 1386]
Event: 0.466 Thread 0x00000000034e2800 Exception <a 'java/io/FileNotFoundException'> (0x00000000eabeb100) thrown at [C:\re\workspace\8-2-build-windows-amd64-cygwin\jdk8u111\7883\hotspot\src\share\vm\prims\jni.cpp, line 709]
Event: 0.692 Thread 0x00000000034e2800 Exception <a 'java/lang/NoSuchFieldError': method resolution failed> (0x00000000ead0b1b0) thrown at [C:\re\workspace\8-2-build-windows-amd64-cygwin\jdk8u111\7883\hotspot\src\share\vm\prims\methodHandles.cpp, line 1146]
Event: 0.696 Thread 0x00000000034e2800 Exception <a 'java/lang/NoSuchFieldError': method resolution failed> (0x00000000ead18580) thrown at [C:\re\workspace\8-2-build-windows-amd64-cygwin\jdk8u111\7883\hotspot\src\share\vm\prims\methodHandles.cpp, line 1146]
Event: 0.831 Thread 0x00000000034e2800 Implicit null exception at 0x00000000037653db to 0x000000000376558d
Event: 0.899 Thread 0x00000000034e2800 Exception <a 'java/io/FileNotFoundException'> (0x00000000eaea61c0) thrown at [C:\re\workspace\8-2-build-windows-amd64-cygwin\jdk8u111\7883\hotspot\src\share\vm\prims\jni.cpp, line 709]
Event: 1.144 Thread 0x00000000034e2800 Exception <a 'java/io/FileNotFoundException'> (0x00000000eb037b10) thrown at [C:\re\workspace\8-2-build-windows-amd64-cygwin\jdk8u111\7883\hotspot\src\share\vm\prims\jni.cpp, line 709]
Event: 1.504 Thread 0x0000000018842800 Exception <a 'java/io/FileNotFoundException'> (0x00000000eb1574c0) thrown at [C:\re\workspace\8-2-build-windows-amd64-cygwin\jdk8u111\7883\hotspot\src\share\vm\prims\jni.cpp, line 709]
Event: 1.504 Thread 0x0000000018842800 Exception <a 'java/lang/NullPointerException'> (0x00000000eb157b68) thrown at [C:\re\workspace\8-2-build-windows-amd64-cygwin\jdk8u111\7883\hotspot\src\share\vm\interpreter\linkResolver.cpp, line 1178]

Events (10 events):
Event: 2.234 loading class sun/util/locale/InternalLocaleBuilder$CaseInsensitiveChar
Event: 2.234 loading class sun/util/locale/InternalLocaleBuilder$CaseInsensitiveChar done
Event: 2.240 loading class java/util/Collections$EmptyIterator
Event: 2.240 loading class java/util/Collections$EmptyIterator done
Event: 2.240 loading class sun/awt/im/CompositionAreaHandler
Event: 2.241 loading class sun/awt/im/CompositionAreaHandler done
Event: 2.241 loading class java/text/AttributedString
Event: 2.241 loading class java/text/AttributedString done
Event: 2.241 loading class java/text/AttributedString$AttributedStringIterator
Event: 2.241 loading class java/text/AttributedString$AttributedStringIterator done


Dynamic libraries:
0x00007ff702a30000 - 0x00007ff702a67000 	C:\Program Files\Java\jdk1.8.0_111\bin\javaw.exe
0x00007ffed8750000 - 0x00007ffed8921000 	C:\Windows\SYSTEM32\ntdll.dll
0x00007ffed6c90000 - 0x00007ffed6d3b000 	C:\Windows\System32\KERNEL32.DLL
0x00007ffed4c40000 - 0x00007ffed4e5d000 	C:\Windows\System32\KERNELBASE.dll
0x00007ffed5de0000 - 0x00007ffed5e82000 	C:\Windows\System32\ADVAPI32.dll
0x00007ffed84b0000 - 0x00007ffed854e000 	C:\Windows\System32\msvcrt.dll
0x00007ffed6440000 - 0x00007ffed6499000 	C:\Windows\System32\sechost.dll
0x00007ffed8370000 - 0x00007ffed8491000 	C:\Windows\System32\RPCRT4.dll
0x00007ffed6970000 - 0x00007ffed6ad5000 	C:\Windows\System32\USER32.dll
0x00007ffed51a0000 - 0x00007ffed51be000 	C:\Windows\System32\win32u.dll
0x00007ffed6330000 - 0x00007ffed6364000 	C:\Windows\System32\GDI32.dll
0x00007ffed4eb0000 - 0x00007ffed5032000 	C:\Windows\System32\gdi32full.dll
0x00007ffecf040000 - 0x00007ffecf2ba000 	C:\Windows\WinSxS\amd64_microsoft.windows.common-controls_6595b64144ccf1df_6.0.14393.953_none_42151e83c686086b\COMCTL32.dll
0x00007ffed5e90000 - 0x00007ffed6158000 	C:\Windows\System32\combase.dll
0x00007ffed50a0000 - 0x00007ffed5195000 	C:\Windows\System32\ucrtbase.dll
0x00007ffed5c70000 - 0x00007ffed5cda000 	C:\Windows\System32\bcryptPrimitives.dll
0x00007ffed8250000 - 0x00007ffed827e000 	C:\Windows\System32\IMM32.DLL
0x0000000061e00000 - 0x0000000061ed2000 	C:\Program Files\Java\jdk1.8.0_111\jre\bin\msvcr100.dll
0x0000000061ee0000 - 0x000000006277a000 	C:\Program Files\Java\jdk1.8.0_111\jre\bin\server\jvm.dll
0x00007ffed8280000 - 0x00007ffed8288000 	C:\Windows\System32\PSAPI.DLL
0x00007ffec2830000 - 0x00007ffec2839000 	C:\Windows\SYSTEM32\WSOCK32.dll
0x00007ffed3060000 - 0x00007ffed3083000 	C:\Windows\SYSTEM32\WINMM.dll
0x00007ffed6370000 - 0x00007ffed63da000 	C:\Windows\System32\WS2_32.dll
0x00007ffed09e0000 - 0x00007ffed09ea000 	C:\Windows\SYSTEM32\VERSION.dll
0x00007ffed2f20000 - 0x00007ffed2f4b000 	C:\Windows\SYSTEM32\WINMMBASE.dll
0x00007ffed4e60000 - 0x00007ffed4ea2000 	C:\Windows\System32\cfgmgr32.dll
0x0000000061df0000 - 0x0000000061dff000 	C:\Program Files\Java\jdk1.8.0_111\jre\bin\verify.dll
0x0000000061dc0000 - 0x0000000061de9000 	C:\Program Files\Java\jdk1.8.0_111\jre\bin\java.dll
0x0000000061da0000 - 0x0000000061db6000 	C:\Program Files\Java\jdk1.8.0_111\jre\bin\zip.dll
0x00007ffed6d40000 - 0x00007ffed8249000 	C:\Windows\System32\SHELL32.dll
0x00007ffed5590000 - 0x00007ffed5c6a000 	C:\Windows\System32\windows.storage.dll
0x00007ffed4bd0000 - 0x00007ffed4c1c000 	C:\Windows\System32\powrprof.dll
0x00007ffed6ae0000 - 0x00007ffed6b32000 	C:\Windows\System32\shlwapi.dll
0x00007ffed4bb0000 - 0x00007ffed4bbf000 	C:\Windows\System32\kernel.appcore.dll
0x00007ffed5270000 - 0x00007ffed5319000 	C:\Windows\System32\shcore.dll
0x00007ffed4c20000 - 0x00007ffed4c34000 	C:\Windows\System32\profapi.dll
0x0000000061b60000 - 0x0000000061cf8000 	C:\Program Files\Java\jdk1.8.0_111\jre\bin\awt.dll
0x00007ffed8290000 - 0x00007ffed834f000 	C:\Windows\System32\OLEAUT32.dll
0x00007ffed5320000 - 0x00007ffed53bc000 	C:\Windows\System32\msvcp_win.dll
0x00007ffed3150000 - 0x00007ffed31ca000 	C:\Windows\SYSTEM32\apphelp.dll
0x00007ffed3330000 - 0x00007ffed33c5000 	C:\Windows\system32\uxtheme.dll
0x00007ffed6160000 - 0x00007ffed62ba000 	C:\Windows\System32\MSCTF.dll
0x00007ffed2a00000 - 0x00007ffed2a26000 	C:\Windows\system32\dwmapi.dll
0x00007ffed6b50000 - 0x00007ffed6c87000 	C:\Windows\System32\ole32.dll
0x00007ffec3b20000 - 0x00007ffec3cad000 	C:\Windows\system32\d3d9.dll
0x00007ffea5790000 - 0x00007ffea6846000 	C:\Windows\SYSTEM32\nvd3dumx.dll
0x00007ffed03d0000 - 0x00007ffed053c000 	C:\Program Files (x86)\NVIDIA Corporation\3D Vision\nvSCPAPI64.dll
0x00007ffed64a0000 - 0x00007ffed68c9000 	C:\Windows\System32\SETUPAPI.dll
0x0000000061b10000 - 0x0000000061b57000 	C:\Program Files\Java\jdk1.8.0_111\jre\bin\fontmanager.dll
0x0000000061d80000 - 0x0000000061d9a000 	C:\Program Files\Java\jdk1.8.0_111\jre\bin\net.dll
0x00007ffed4480000 - 0x00007ffed44dc000 	C:\Windows\system32\mswsock.dll
0x0000000061d60000 - 0x0000000061d71000 	C:\Program Files\Java\jdk1.8.0_111\jre\bin\nio.dll
0x0000000061ac0000 - 0x0000000061b02000 	C:\Program Files\Java\jdk1.8.0_111\jre\bin\t2k.dll
0x0000000061a90000 - 0x0000000061aba000 	C:\Program Files\Java\jdk1.8.0_111\jre\bin\dcpr.dll
0x00007ffed68d0000 - 0x00007ffed696f000 	C:\Windows\System32\clbcatq.dll
0x00007ffece0a0000 - 0x00007ffece172000 	C:\Windows\System32\IME\IMEKR\imkrtip.dll
0x00007ffed25c0000 - 0x00007ffed2745000 	C:\Windows\SYSTEM32\PROPSYS.dll
0x00007ffecd9c0000 - 0x00007ffecdb16000 	C:\Windows\System32\IME\shared\imetip.dll
0x00007ffec4f60000 - 0x00007ffec5108000 	C:\Windows\SYSTEM32\DUI70.dll
0x00007ffece7e0000 - 0x00007ffece845000 	C:\Windows\SYSTEM32\OLEACC.dll
0x00007ffece060000 - 0x00007ffece098000 	C:\Windows\System32\IME\IMEKR\imkrapi.dll
0x00007ffecde60000 - 0x00007ffecde95000 	C:\Windows\System32\IME\shared\imjkapi.dll
0x00007ffed3f50000 - 0x00007ffed3f82000 	C:\Windows\SYSTEM32\ntmarta.dll
0x00007ffecee90000 - 0x00007ffecf022000 	C:\Windows\SYSTEM32\dbghelp.dll

VM Arguments:
jvm_args: -Dfile.encoding=UTF-8 
java_command: kr.or.dgit.donghun2.Main.MainFrame
java_class_path (initial): D:\workspace_mybatis\donghun2\bin;C:\Users\SDH\.gradle\caches\modules-2\files-2.1\org.mybatis\mybatis\3.4.2\2b9a5082fe0bdb3128bab8b4b19b23ca0f3d9b38\mybatis-3.4.2.jar;C:\Users\SDH\.gradle\caches\modules-2\files-2.1\log4j\log4j\1.2.17\5af35056b4d257e4b64b9e8069c0746e8b08629f\log4j-1.2.17.jar;C:\Users\SDH\.gradle\caches\modules-2\files-2.1\mysql\mysql-connector-java\5.1.41\b0878056f15616989144d6114d36d3942321d0d1\mysql-connector-java-5.1.41.jar;C:\Users\SDH\.gradle\caches\modules-2\files-2.1\junit\junit\4.12\2973d150c0dc1fefe998f834810d68f278ea58ec\junit-4.12.jar;C:\Users\SDH\.gradle\caches\modules-2\files-2.1\org.hamcrest\hamcrest-core\1.3\42a25dc3219429f0e5d060061f71acb49bf010a0\hamcrest-core-1.3.jar;D:\workspace_mybatis\donghun2\src\main\resources\erp_myframework.jar;D:\workspace_mybatis\donghun2\lib\idw-gpl.jar;D:\workspace_mybatis\donghun2\lib\JTattoo.jar;D:\workspace_mybatis\donghun2\lib\liquidlnf.jar;D:\workspace_mybatis\donghun2\lib\quaqua.jar;D:\workspace_mybatis\donghun2\jdatepicker-1.3.4.jar
Launcher Type: SUN_STANDARD

Environment Variables:
JAVA_HOME=C:\Program Files\Java\jdk1.8.0_111
PATH=C:/Program Files/Java/jdk1.8.0_111/bin/../jre/bin/server;C:/Program Files/Java/jdk1.8.0_111/bin/../jre/bin;C:/Program Files/Java/jdk1.8.0_111/bin/../jre/lib/amd64;C:\Program Files\Java\jdk1.8.0_111\bin;C:\ProgramData\Oracle\Java\javapath;C:\Program Files (x86)\NVIDIA Corporation\PhysX\Common;C:\Windows\system32;C:\Windows;C:\Windows\System32\Wbem;C:\Windows\System32\WindowsPowerShell\v1.0\;C:\Program Files\MySQL\MySQL Server 5.6\bin;C:\Program Files\Git\cmd;D:\gradle-3.4.1\bin;C:\Users\SDH\AppData\Local\Microsoft\WindowsApps;C:\Program Files\Bandizip\7z;D:\program\eclipse_java\eclipse;
USERNAME=SDH
OS=Windows_NT
PROCESSOR_IDENTIFIER=Intel64 Family 6 Model 23 Stepping 10, GenuineIntel



---------------  S Y S T E M  ---------------

OS: Windows 10.0 , 64 bit Build 14393 (10.0.14393.0)

CPU:total 4 (4 cores per cpu, 1 threads per core) family 6 model 23 stepping 10, cmov, cx8, fxsr, mmx, sse, sse2, sse3, ssse3, sse4.1, tsc

Memory: 4k page, physical 4192492k(1491316k free), swap 9697516k(4759352k free)

vm_info: Java HotSpot(TM) 64-Bit Server VM (25.111-b14) for windows-amd64 JRE (1.8.0_111-b14), built on Sep 22 2016 19:24:05 by "java_re" with MS VC++ 10.0 (VS2010)

time: Tue Apr 04 09:22:00 2017
elapsed time: 2 seconds (0d 0h 0m 2s)

