#
# A fatal error has been detected by the Java Runtime Environment:
#
#  EXCEPTION_ACCESS_VIOLATION (0xc0000005) at pc=0xffffffffa4355120, pid=5540, tid=0x00000000000002b8
#
# JRE version: Java(TM) SE Runtime Environment (8.0_111-b14) (build 1.8.0_111-b14)
# Java VM: Java HotSpot(TM) 64-Bit Server VM (25.111-b14 mixed mode windows-amd64 compressed oops)
# Problematic frame:
# C  0xffffffffa4355120
#
# Failed to write core dump. Minidumps are not enabled by default on client versions of Windows
#
# If you would like to submit a bug report, please visit:
#   http://bugreport.java.com/bugreport/crash.jsp
#

---------------  T H R E A D  ---------------

Current thread (0x0000000017cfb800):  JavaThread "AWT-EventQueue-0" [_thread_in_Java, id=696, stack(0x000000001a380000,0x000000001a480000)]

siginfo: ExceptionCode=0xc0000005, ExceptionInformation=0x0000000000000008 0xffffffffa4355120

Registers:
RAX=0x000000001514d658, RBX=0x000000001514d658, RCX=0x00000000eacfb418, RDX=0x00000000eacfb418
RSP=0x000000001a47bab8, RBP=0x000000001a47bb18, RSI=0x0000000000000001, RDI=0x00000000eacfb430
R8 =0x00000000ead21d00, R9 =0x0000000000000148, R10=0x0000000052a9c0c0, R11=0x0000000003677340
R12=0x0000000000000000, R13=0x000000001a47bac8, R14=0x000000001beed820, R15=0x0000000017cfb800
RIP=0xffffffffa4355120, EFLAGS=0x0000000000010206

Top of Stack: (sp=0x000000001a47bab8)
0x000000001a47bab8:   0000000003357ae0 0000000003357ae0
0x000000001a47bac8:   00000000ead21d00 00000000eacfb418
0x000000001a47bad8:   000000001a47bad8 000000001bee8fbd
0x000000001a47bae8:   000000001a47bb48 000000001bee9110
0x000000001a47baf8:   000000001beed820 000000001bee90a0
0x000000001a47bb08:   000000001a47bac8 000000001a47bb38
0x000000001a47bb18:   000000001a47bb90 0000000003357ae0
0x000000001a47bb28:   0000000000001654 00000000ffffffff
0x000000001a47bb38:   00000000eacfb430 00000000ead21d00
0x000000001a47bb48:   00000000eacfb3e8 000000001a47bb50
0x000000001a47bb58:   000000001bee8e4c 000000001a47bbd8
0x000000001a47bb68:   000000001bee9110 000000001beed368
0x000000001a47bb78:   000000001bee8ef0 000000001a47bb38
0x000000001a47bb88:   000000001a47bbd0 000000001a47bc20
0x000000001a47bb98:   000000000335809d 0000000000000040
0x000000001a47bba8:   000000000000002b 0000000000001654 

Instructions: (pc=0xffffffffa4355120)
0xffffffffa4355100:   
[error occurred during error reporting (printing registers, top of stack, instructions near pc), id 0xc0000005]

Register to memory mapping:

RAX={method} {0x000000001514d660} 'lastIndexOf' '(Ljava/lang/Object;)I' in 'java/util/ArrayList'
RBX={method} {0x000000001514d660} 'lastIndexOf' '(Ljava/lang/Object;)I' in 'java/util/ArrayList'
RCX=0x00000000eacfb418 is an oop
java.util.ArrayList 
 - klass: 'java/util/ArrayList'
RDX=0x00000000eacfb418 is an oop
java.util.ArrayList 
 - klass: 'java/util/ArrayList'
RSP=0x000000001a47bab8 is pointing into the stack for thread: 0x0000000017cfb800
RBP=0x000000001a47bb18 is pointing into the stack for thread: 0x0000000017cfb800
RSI=0x0000000000000001 is an unknown value
RDI=0x00000000eacfb430 is an oop
java.lang.StringBuffer 
 - klass: 'java/lang/StringBuffer'
R8 =0x00000000ead21d00 is an oop
java.text.PatternEntry 
 - klass: 'java/text/PatternEntry'
R9 =0x0000000000000148 is an unknown value
R10=0x0000000052a9c0c0 is an unknown value
R11=0x0000000003677340 is at entry_point+32 in (nmethod*)0x0000000003677190
R12=0x0000000000000000 is an unknown value
R13=0x000000001a47bac8 is pointing into the stack for thread: 0x0000000017cfb800
R14=0x000000001beed820 is pointing into metadata
R15=0x0000000017cfb800 is a thread


Stack: [0x000000001a380000,0x000000001a480000],  sp=0x000000001a47bab8,  free space=1006k
Native frames: (J=compiled Java code, j=interpreted, Vv=VM code, C=native code)
C  0xffffffffa4355120


---------------  P R O C E S S  ---------------

Java Threads: ( => current thread )
  0x0000000017f36000 JavaThread "Image Fetcher 0" daemon [_thread_blocked, id=7448, stack(0x000000001b960000,0x000000001ba60000)]
  0x0000000017ddb800 JavaThread "D3D Screen Updater" daemon [_thread_blocked, id=8856, stack(0x000000001a920000,0x000000001aa20000)]
  0x0000000003252800 JavaThread "DestroyJavaVM" [_thread_blocked, id=4692, stack(0x00000000030c0000,0x00000000031c0000)]
=>0x0000000017cfb800 JavaThread "AWT-EventQueue-0" [_thread_in_Java, id=696, stack(0x000000001a380000,0x000000001a480000)]
  0x000000001713d000 JavaThread "AWT-Windows" daemon [_thread_in_native, id=3908, stack(0x0000000018610000,0x0000000018710000)]
  0x0000000017120800 JavaThread "AWT-Shutdown" [_thread_blocked, id=7188, stack(0x0000000018510000,0x0000000018610000)]
  0x0000000017120000 JavaThread "Java2D Disposer" daemon [_thread_blocked, id=4112, stack(0x0000000018410000,0x0000000018510000)]
  0x0000000016e04800 JavaThread "Service Thread" daemon [_thread_blocked, id=8572, stack(0x0000000017670000,0x0000000017770000)]
  0x0000000016d7e800 JavaThread "C1 CompilerThread2" daemon [_thread_blocked, id=3816, stack(0x0000000017570000,0x0000000017670000)]
  0x0000000016d7a000 JavaThread "C2 CompilerThread1" daemon [_thread_blocked, id=2612, stack(0x0000000017470000,0x0000000017570000)]
  0x0000000015a7c800 JavaThread "C2 CompilerThread0" daemon [_thread_blocked, id=4792, stack(0x0000000017370000,0x0000000017470000)]
  0x0000000015a7b800 JavaThread "Attach Listener" daemon [_thread_blocked, id=2120, stack(0x0000000017270000,0x0000000017370000)]
  0x0000000015a2d800 JavaThread "Signal Dispatcher" daemon [_thread_blocked, id=3820, stack(0x0000000017170000,0x0000000017270000)]
  0x0000000015a0a800 JavaThread "Finalizer" daemon [_thread_blocked, id=2588, stack(0x0000000016c70000,0x0000000016d70000)]
  0x000000000333f800 JavaThread "Reference Handler" daemon [_thread_blocked, id=4272, stack(0x0000000016b70000,0x0000000016c70000)]

Other Threads:
  0x00000000159e8800 VMThread [stack: 0x0000000016a70000,0x0000000016b70000] [id=356]
  0x0000000016e46800 WatcherThread [stack: 0x0000000017770000,0x0000000017870000] [id=1500]

VM state:not at safepoint (normal execution)

VM Mutex/Monitor currently owned by a thread: None

Heap:
 PSYoungGen      total 18944K, used 4810K [0x00000000eab00000, 0x00000000ec000000, 0x0000000100000000)
  eden space 16384K, 13% used [0x00000000eab00000,0x00000000ead395c0,0x00000000ebb00000)
  from space 2560K, 98% used [0x00000000ebb00000,0x00000000ebd79288,0x00000000ebd80000)
  to   space 2560K, 0% used [0x00000000ebd80000,0x00000000ebd80000,0x00000000ec000000)
 ParOldGen       total 44032K, used 1675K [0x00000000c0000000, 0x00000000c2b00000, 0x00000000eab00000)
  object space 44032K, 3% used [0x00000000c0000000,0x00000000c01a2c70,0x00000000c2b00000)
 Metaspace       used 17920K, capacity 18082K, committed 18176K, reserved 1064960K
  class space    used 2459K, capacity 2522K, committed 2560K, reserved 1048576K

Card table byte_map: [0x0000000012710000,0x0000000012920000] byte_map_base: 0x0000000012110000

Marking Bits: (ParMarkBitMap*) 0x0000000052aba6c0
 Begin Bits: [0x0000000012e80000, 0x0000000013e80000)
 End Bits:   [0x0000000013e80000, 0x0000000014e80000)

Polling page: 0x0000000002d10000

CodeCache: size=245760Kb used=3308Kb max_used=3308Kb free=242451Kb
 bounds [0x0000000003350000, 0x00000000036a0000, 0x0000000012350000]
 total_blobs=1482 nmethods=951 adapters=446
 compilation: enabled

Compilation events (10 events):
Event: 2.094 Thread 0x0000000016d7e800  943       3       java.text.PatternEntry::equals (25 bytes)
Event: 2.094 Thread 0x0000000016d7e800 nmethod 943 0x0000000003676bd0 code [0x0000000003676d40, 0x0000000003677088]
Event: 2.094 Thread 0x0000000016d7e800  945       3       java.text.PatternEntry::isSpecialChar (60 bytes)
Event: 2.094 Thread 0x0000000015a7c800 nmethod 930 0x0000000003679e90 code [0x000000000367a020, 0x000000000367ad98]
Event: 2.094 Thread 0x0000000016d7e800 nmethod 945 0x0000000003676690 code [0x0000000003676800, 0x0000000003676b50]
Event: 2.094 Thread 0x0000000016d7e800  946       3       java.text.PatternEntry$Parser::next (655 bytes)
Event: 2.096 Thread 0x0000000016d7a000  950       4       java.text.PatternEntry::equals (25 bytes)
Event: 2.097 Thread 0x0000000015a7c800  951       4       java.util.ArrayList::lastIndexOf (69 bytes)
Event: 2.097 Thread 0x0000000016d7a000 nmethod 950 0x00000000036725d0 code [0x0000000003672720, 0x0000000003672858]
Event: 2.100 Thread 0x0000000015a7c800 nmethod 951 0x0000000003676210 code [0x0000000003676360, 0x0000000003676538]

GC Heap History (2 events):
Event: 2.039 GC heap before
{Heap before GC invocations=1 (full 0):
 PSYoungGen      total 18944K, used 16384K [0x00000000eab00000, 0x00000000ec000000, 0x0000000100000000)
  eden space 16384K, 100% used [0x00000000eab00000,0x00000000ebb00000,0x00000000ebb00000)
  from space 2560K, 0% used [0x00000000ebd80000,0x00000000ebd80000,0x00000000ec000000)
  to   space 2560K, 0% used [0x00000000ebb00000,0x00000000ebb00000,0x00000000ebd80000)
 ParOldGen       total 44032K, used 0K [0x00000000c0000000, 0x00000000c2b00000, 0x00000000eab00000)
  object space 44032K, 0% used [0x00000000c0000000,0x00000000c0000000,0x00000000c2b00000)
 Metaspace       used 17589K, capacity 17788K, committed 17920K, reserved 1064960K
  class space    used 2422K, capacity 2488K, committed 2560K, reserved 1048576K
Event: 2.052 GC heap after
Heap after GC invocations=1 (full 0):
 PSYoungGen      total 18944K, used 2532K [0x00000000eab00000, 0x00000000ec000000, 0x0000000100000000)
  eden space 16384K, 0% used [0x00000000eab00000,0x00000000eab00000,0x00000000ebb00000)
  from space 2560K, 98% used [0x00000000ebb00000,0x00000000ebd79288,0x00000000ebd80000)
  to   space 2560K, 0% used [0x00000000ebd80000,0x00000000ebd80000,0x00000000ec000000)
 ParOldGen       total 44032K, used 1675K [0x00000000c0000000, 0x00000000c2b00000, 0x00000000eab00000)
  object space 44032K, 3% used [0x00000000c0000000,0x00000000c01a2c70,0x00000000c2b00000)
 Metaspace       used 17589K, capacity 17788K, committed 17920K, reserved 1064960K
  class space    used 2422K, capacity 2488K, committed 2560K, reserved 1048576K
}

Deoptimization events (7 events):
Event: 0.327 Thread 0x0000000003252800 Uncommon trap: reason=null_check action=make_not_entrant pc=0x00000000034bdb9c method=java.lang.String.equals(Ljava/lang/Object;)Z @ 8
Event: 1.702 Thread 0x0000000017cfb800 Uncommon trap: reason=class_check action=maybe_recompile pc=0x00000000035cc580 method=java.util.HashMap.getNode(ILjava/lang/Object;)Ljava/util/HashMap$Node; @ 126
Event: 1.702 Thread 0x0000000017cfb800 Uncommon trap: reason=class_check action=maybe_recompile pc=0x00000000035cc580 method=java.util.HashMap.getNode(ILjava/lang/Object;)Ljava/util/HashMap$Node; @ 126
Event: 2.086 Thread 0x0000000017cfb800 Uncommon trap: reason=class_check action=maybe_recompile pc=0x00000000036716e4 method=java.io.DataInputStream.readChar()C @ 4
Event: 2.086 Thread 0x0000000017cfb800 Uncommon trap: reason=class_check action=maybe_recompile pc=0x00000000036716e4 method=java.io.DataInputStream.readChar()C @ 4
Event: 2.086 Thread 0x0000000017cfb800 Uncommon trap: reason=class_check action=maybe_recompile pc=0x00000000036716e4 method=java.io.DataInputStream.readChar()C @ 4
Event: 2.086 Thread 0x0000000017cfb800 Uncommon trap: reason=class_check action=maybe_recompile pc=0x00000000036716e4 method=java.io.DataInputStream.readChar()C @ 4

Internal exceptions (10 events):
Event: 1.974 Thread 0x0000000017cfb800 Exception <a 'java/lang/ArrayIndexOutOfBoundsException'> (0x00000000eb9368e0) thrown at [C:\re\workspace\8-2-build-windows-amd64-cygwin\jdk8u111\7883\hotspot\src\share\vm\runtime\sharedRuntime.cpp, line 605]
Event: 1.974 Thread 0x0000000017cfb800 Exception <a 'java/lang/ArrayIndexOutOfBoundsException'> (0x00000000eb93b978) thrown at [C:\re\workspace\8-2-build-windows-amd64-cygwin\jdk8u111\7883\hotspot\src\share\vm\runtime\sharedRuntime.cpp, line 605]
Event: 1.976 Thread 0x0000000017cfb800 Exception <a 'java/lang/ArrayIndexOutOfBoundsException'> (0x00000000eb940bd0) thrown at [C:\re\workspace\8-2-build-windows-amd64-cygwin\jdk8u111\7883\hotspot\src\share\vm\runtime\sharedRuntime.cpp, line 605]
Event: 1.977 Thread 0x0000000017cfb800 Exception <a 'java/lang/ArrayIndexOutOfBoundsException'> (0x00000000eb946230) thrown at [C:\re\workspace\8-2-build-windows-amd64-cygwin\jdk8u111\7883\hotspot\src\share\vm\runtime\sharedRuntime.cpp, line 605]
Event: 1.978 Thread 0x0000000017cfb800 Exception <a 'java/lang/ArrayIndexOutOfBoundsException'> (0x00000000eb94b808) thrown at [C:\re\workspace\8-2-build-windows-amd64-cygwin\jdk8u111\7883\hotspot\src\share\vm\runtime\sharedRuntime.cpp, line 605]
Event: 1.979 Thread 0x0000000017cfb800 Exception <a 'java/lang/ArrayIndexOutOfBoundsException'> (0x00000000eb950d00) thrown at [C:\re\workspace\8-2-build-windows-amd64-cygwin\jdk8u111\7883\hotspot\src\share\vm\runtime\sharedRuntime.cpp, line 605]
Event: 1.980 Thread 0x0000000017cfb800 Exception <a 'java/lang/ArrayIndexOutOfBoundsException'> (0x00000000eb956348) thrown at [C:\re\workspace\8-2-build-windows-amd64-cygwin\jdk8u111\7883\hotspot\src\share\vm\runtime\sharedRuntime.cpp, line 605]
Event: 1.982 Thread 0x0000000017cfb800 Exception <a 'java/lang/ArrayIndexOutOfBoundsException'> (0x00000000eb95bba0) thrown at [C:\re\workspace\8-2-build-windows-amd64-cygwin\jdk8u111\7883\hotspot\src\share\vm\runtime\sharedRuntime.cpp, line 605]
Event: 1.983 Thread 0x0000000017cfb800 Exception <a 'java/lang/ArrayIndexOutOfBoundsException'> (0x00000000eb961310) thrown at [C:\re\workspace\8-2-build-windows-amd64-cygwin\jdk8u111\7883\hotspot\src\share\vm\runtime\sharedRuntime.cpp, line 605]
Event: 1.986 Thread 0x0000000017cfb800 Exception <a 'java/lang/ArrayIndexOutOfBoundsException'> (0x00000000eb96f618) thrown at [C:\re\workspace\8-2-build-windows-amd64-cygwin\jdk8u111\7883\hotspot\src\share\vm\runtime\sharedRuntime.cpp, line 605]

Events (10 events):
Event: 2.089 loading class sun/text/normalizer/UnicodeMatcher done
Event: 2.089 loading class sun/text/normalizer/UnicodeSet done
Event: 2.090 loading class sun/text/normalizer/NormalizerImpl$DecomposeArgs
Event: 2.090 loading class sun/text/normalizer/NormalizerImpl$DecomposeArgs done
Event: 2.092 loading class java/text/MergeCollation
Event: 2.092 loading class java/text/MergeCollation done
Event: 2.092 loading class java/text/PatternEntry$Parser
Event: 2.092 loading class java/text/PatternEntry$Parser done
Event: 2.092 loading class java/text/PatternEntry
Event: 2.092 loading class java/text/PatternEntry done


Dynamic libraries:
0x00007ff6e6760000 - 0x00007ff6e6797000 	C:\Program Files\Java\jdk1.8.0_111\bin\javaw.exe
0x00007ffb2ada0000 - 0x00007ffb2af71000 	C:\Windows\SYSTEM32\ntdll.dll
0x00007ffb2a600000 - 0x00007ffb2a6ab000 	C:\Windows\System32\KERNEL32.DLL
0x00007ffb279c0000 - 0x00007ffb27bdd000 	C:\Windows\System32\KERNELBASE.dll
0x00007ffb2a6c0000 - 0x00007ffb2a762000 	C:\Windows\System32\ADVAPI32.dll
0x00007ffb2a850000 - 0x00007ffb2a8ee000 	C:\Windows\System32\msvcrt.dll
0x00007ffb29840000 - 0x00007ffb29899000 	C:\Windows\System32\sechost.dll
0x00007ffb2a990000 - 0x00007ffb2aab1000 	C:\Windows\System32\RPCRT4.dll
0x00007ffb29c10000 - 0x00007ffb29d75000 	C:\Windows\System32\USER32.dll
0x00007ffb276d0000 - 0x00007ffb276ee000 	C:\Windows\System32\win32u.dll
0x00007ffb2ac20000 - 0x00007ffb2ac54000 	C:\Windows\System32\GDI32.dll
0x00007ffb27540000 - 0x00007ffb276c2000 	C:\Windows\System32\gdi32full.dll
0x00007ffb20f30000 - 0x00007ffb211aa000 	C:\Windows\WinSxS\amd64_microsoft.windows.common-controls_6595b64144ccf1df_6.0.14393.953_none_42151e83c686086b\COMCTL32.dll
0x00007ffb2a1b0000 - 0x00007ffb2a478000 	C:\Windows\System32\combase.dll
0x00007ffb278c0000 - 0x00007ffb279b5000 	C:\Windows\System32\ucrtbase.dll
0x00007ffb27be0000 - 0x00007ffb27c4a000 	C:\Windows\System32\bcryptPrimitives.dll
0x00007ffb29970000 - 0x00007ffb2999e000 	C:\Windows\System32\IMM32.DLL
0x00000000521c0000 - 0x0000000052292000 	C:\Program Files\Java\jdk1.8.0_111\jre\bin\msvcr100.dll
0x00000000522a0000 - 0x0000000052b3a000 	C:\Program Files\Java\jdk1.8.0_111\jre\bin\server\jvm.dll
0x00007ffb2a4f0000 - 0x00007ffb2a4f8000 	C:\Windows\System32\PSAPI.DLL
0x00007ffb22c90000 - 0x00007ffb22c9a000 	C:\Windows\SYSTEM32\VERSION.dll
0x00007ffb1d9f0000 - 0x00007ffb1d9f9000 	C:\Windows\SYSTEM32\WSOCK32.dll
0x00007ffb25680000 - 0x00007ffb256a3000 	C:\Windows\SYSTEM32\WINMM.dll
0x00007ffb2a480000 - 0x00007ffb2a4ea000 	C:\Windows\System32\WS2_32.dll
0x0000000002ce0000 - 0x0000000002d0b000 	C:\Windows\SYSTEM32\WINMMBASE.dll
0x00007ffb273a0000 - 0x00007ffb273e2000 	C:\Windows\System32\cfgmgr32.dll
0x0000000052b70000 - 0x0000000052b7f000 	C:\Program Files\Java\jdk1.8.0_111\jre\bin\verify.dll
0x0000000052190000 - 0x00000000521b9000 	C:\Program Files\Java\jdk1.8.0_111\jre\bin\java.dll
0x0000000052170000 - 0x0000000052186000 	C:\Program Files\Java\jdk1.8.0_111\jre\bin\zip.dll
0x00007ffb28330000 - 0x00007ffb29839000 	C:\Windows\System32\SHELL32.dll
0x00007ffb27c50000 - 0x00007ffb2832a000 	C:\Windows\System32\windows.storage.dll
0x00007ffb27200000 - 0x00007ffb2724c000 	C:\Windows\System32\powrprof.dll
0x00007ffb299b0000 - 0x00007ffb29a02000 	C:\Windows\System32\shlwapi.dll
0x00007ffb27270000 - 0x00007ffb2727f000 	C:\Windows\System32\kernel.appcore.dll
0x00007ffb273f0000 - 0x00007ffb27499000 	C:\Windows\System32\shcore.dll
0x00007ffb27250000 - 0x00007ffb27264000 	C:\Windows\System32\profapi.dll
0x00000000533f0000 - 0x0000000053588000 	C:\Program Files\Java\jdk1.8.0_111\jre\bin\awt.dll
0x00007ffb2a770000 - 0x00007ffb2a82f000 	C:\Windows\System32\OLEAUT32.dll
0x00007ffb274a0000 - 0x00007ffb2753c000 	C:\Windows\System32\msvcp_win.dll
0x00007ffb257b0000 - 0x00007ffb2582a000 	C:\Windows\SYSTEM32\apphelp.dll
0x00007ffb25980000 - 0x00007ffb25a15000 	C:\Windows\system32\uxtheme.dll
0x00007ffb2aac0000 - 0x00007ffb2ac1a000 	C:\Windows\System32\MSCTF.dll
0x00007ffb25050000 - 0x00007ffb25076000 	C:\Windows\system32\dwmapi.dll
0x00007ffb2ac60000 - 0x00007ffb2ad97000 	C:\Windows\System32\ole32.dll
0x00007ffb209f0000 - 0x00007ffb20b7d000 	C:\Windows\system32\d3d9.dll
0x00007ffb03640000 - 0x00007ffb046f6000 	C:\Windows\SYSTEM32\nvd3dumx.dll
0x00007ffb22160000 - 0x00007ffb222cc000 	C:\Program Files (x86)\NVIDIA Corporation\3D Vision\nvSCPAPI64.dll
0x00007ffb29d80000 - 0x00007ffb2a1a9000 	C:\Windows\System32\SETUPAPI.dll
0x00000000533a0000 - 0x00000000533e7000 	C:\Program Files\Java\jdk1.8.0_111\jre\bin\fontmanager.dll
0x0000000052150000 - 0x000000005216a000 	C:\Program Files\Java\jdk1.8.0_111\jre\bin\net.dll
0x00007ffb26ad0000 - 0x00007ffb26b2c000 	C:\Windows\system32\mswsock.dll
0x0000000052130000 - 0x0000000052141000 	C:\Program Files\Java\jdk1.8.0_111\jre\bin\nio.dll
0x0000000052e50000 - 0x0000000052e92000 	C:\Program Files\Java\jdk1.8.0_111\jre\bin\t2k.dll
0x0000000052e20000 - 0x0000000052e4a000 	C:\Program Files\Java\jdk1.8.0_111\jre\bin\dcpr.dll
0x00007ffb2a8f0000 - 0x00007ffb2a98f000 	C:\Windows\System32\clbcatq.dll
0x00007ffb1f7d0000 - 0x00007ffb1f8a2000 	C:\Windows\System32\IME\IMEKR\imkrtip.dll
0x00007ffb24ad0000 - 0x00007ffb24c55000 	C:\Windows\SYSTEM32\PROPSYS.dll
0x00007ffb1f670000 - 0x00007ffb1f7c6000 	C:\Windows\System32\IME\shared\imetip.dll
0x00007ffb25700000 - 0x00007ffb25765000 	C:\Windows\SYSTEM32\OLEACC.dll
0x00007ffb1f4c0000 - 0x00007ffb1f668000 	C:\Windows\SYSTEM32\DUI70.dll
0x00007ffb223d0000 - 0x00007ffb22408000 	C:\Windows\System32\IME\IMEKR\imkrapi.dll
0x00007ffb20810000 - 0x00007ffb20845000 	C:\Windows\System32\IME\shared\imjkapi.dll
0x00007ffb265a0000 - 0x00007ffb265d2000 	C:\Windows\SYSTEM32\ntmarta.dll
0x00007ffb1bc00000 - 0x00007ffb1bd92000 	C:\Windows\SYSTEM32\dbghelp.dll

VM Arguments:
jvm_args: -Dfile.encoding=UTF-8 
java_command: kr.or.dgit.donghun2.Main.MainFrame
java_class_path (initial): D:\workspace_mybatis\donghun2\bin;C:\Users\SDH\.gradle\caches\modules-2\files-2.1\org.mybatis\mybatis\3.4.2\2b9a5082fe0bdb3128bab8b4b19b23ca0f3d9b38\mybatis-3.4.2.jar;C:\Users\SDH\.gradle\caches\modules-2\files-2.1\log4j\log4j\1.2.17\5af35056b4d257e4b64b9e8069c0746e8b08629f\log4j-1.2.17.jar;C:\Users\SDH\.gradle\caches\modules-2\files-2.1\mysql\mysql-connector-java\5.1.41\b0878056f15616989144d6114d36d3942321d0d1\mysql-connector-java-5.1.41.jar;C:\Users\SDH\.gradle\caches\modules-2\files-2.1\junit\junit\4.12\2973d150c0dc1fefe998f834810d68f278ea58ec\junit-4.12.jar;C:\Users\SDH\.gradle\caches\modules-2\files-2.1\org.hamcrest\hamcrest-core\1.3\42a25dc3219429f0e5d060061f71acb49bf010a0\hamcrest-core-1.3.jar;D:\workspace_mybatis\donghun2\src\main\resources\erp_myframework.jar;D:\workspace_mybatis\donghun2\lib\idw-gpl.jar;D:\workspace_mybatis\donghun2\lib\JTattoo.jar;D:\workspace_mybatis\donghun2\lib\liquidlnf.jar;D:\workspace_mybatis\donghun2\lib\quaqua.jar
Launcher Type: SUN_STANDARD

Environment Variables:
JAVA_HOME=C:\Program Files\Java\jdk1.8.0_111
PATH=C:/Program Files/Java/jdk1.8.0_111/bin/../jre/bin/server;C:/Program Files/Java/jdk1.8.0_111/bin/../jre/bin;C:/Program Files/Java/jdk1.8.0_111/bin/../jre/lib/amd64;C:\Program Files\Java\jdk1.8.0_111\bin;C:\ProgramData\Oracle\Java\javapath;C:\Program Files (x86)\NVIDIA Corporation\PhysX\Common;C:\Windows\system32;C:\Windows;C:\Windows\System32\Wbem;C:\Windows\System32\WindowsPowerShell\v1.0\;C:\Program Files\MySQL\MySQL Server 5.6\bin;C:\Program Files\Git\cmd;D:\gradle-3.4.1\bin;C:\Users\SDH\AppData\Local\Microsoft\WindowsApps;C:\Program Files\Bandizip\7z;D:\program\eclipse_java\eclipse;
USERNAME=SDH
OS=Windows_NT
PROCESSOR_IDENTIFIER=Intel64 Family 6 Model 23 Stepping 10, GenuineIntel



---------------  S Y S T E M  ---------------

OS: Windows 10.0 , 64 bit Build 14393 (10.0.14393.0)

CPU:total 4 (4 cores per cpu, 1 threads per core) family 6 model 23 stepping 10, cmov, cx8, fxsr, mmx, sse, sse2, sse3, ssse3, sse4.1, tsc

Memory: 4k page, physical 4192492k(1196476k free), swap 9697516k(4625664k free)

vm_info: Java HotSpot(TM) 64-Bit Server VM (25.111-b14) for windows-amd64 JRE (1.8.0_111-b14), built on Sep 22 2016 19:24:05 by "java_re" with MS VC++ 10.0 (VS2010)

time: Thu Apr 06 17:24:51 2017
elapsed time: 2 seconds (0d 0h 0m 2s)

