#
# A fatal error has been detected by the Java Runtime Environment:
#
#  EXCEPTION_ACCESS_VIOLATION (0xc0000005) at pc=0xffffffffa3c25120, pid=2416, tid=0x00000000000020e4
#
# JRE version: Java(TM) SE Runtime Environment (8.0_111-b14) (build 1.8.0_111-b14)
# Java VM: Java HotSpot(TM) 64-Bit Server VM (25.111-b14 mixed mode windows-amd64 compressed oops)
# Problematic frame:
# C  0xffffffffa3c25120
#
# Failed to write core dump. Minidumps are not enabled by default on client versions of Windows
#
# If you would like to submit a bug report, please visit:
#   http://bugreport.java.com/bugreport/crash.jsp
#

---------------  T H R E A D  ---------------

Current thread (0x00000000173d4000):  JavaThread "AWT-EventQueue-0" [_thread_in_Java, id=8420, stack(0x0000000019a90000,0x0000000019b90000)]

siginfo: ExceptionCode=0xc0000005, ExceptionInformation=0x0000000000000008 0xffffffffa3c25120

Registers:
RAX=0x000000010000e6d0, RBX=0x00000000149d0d58, RCX=0x00000000ead2eda0, RDX=0x00000000ead2ec38
RSP=0x0000000019b8aed8, RBP=0x0000000019b8af98, RSI=0x00000000ead2ec38, RDI=0x000000010000e6d0
R8 =0x0000000000000013, R9 =0x0000000016abd660, R10=0x0000000051a2c0c0, R11=0x0000000002f5ccc0
R12=0x0000000000000000, R13=0x0000000019b8af40, R14=0x0000000019b8afc8, R15=0x00000000173d4000
RIP=0xffffffffa3c25120, EFLAGS=0x0000000000010202

Top of Stack: (sp=0x0000000019b8aed8)
0x0000000019b8aed8:   0000000002f5cdac ffffffffffffffff
0x0000000019b8aee8:   0000000019d07050 00000000119e0000
0x0000000019b8aef8:   00000000000000b6 00000000ead2eda0
0x0000000019b8af08:   0000000000000000 0000000000000300
0x0000000019b8af18:   00000000000000b6 0000000019b8af98
0x0000000019b8af28:   0000000002c27940 0000000000000000
0x0000000019b8af38:   0000000002c27940 00000000ead2eda0
0x0000000019b8af48:   000000000000098a 00000000ead2eee8
0x0000000019b8af58:   0000000019b8af58 000000001b7300da
0x0000000019b8af68:   0000000019b8afc8 000000001b7304b0
0x0000000019b8af78:   0000000000000000 000000001b730110
0x0000000019b8af88:   0000000019b8af40 0000000019b8afc0
0x0000000019b8af98:   0000000019b8b010 0000000002c2809d
0x0000000019b8afa8:   000000000000098a 000000000000192c
0x0000000019b8afb8:   00000000ead2eda0 00000000ead2ec38
0x0000000019b8afc8:   00000000ead2ec08 0000000019b8afd0 

Instructions: (pc=0xffffffffa3c25120)
0xffffffffa3c25100:   
[error occurred during error reporting (printing registers, top of stack, instructions near pc), id 0xc0000005]

Register to memory mapping:

RAX=0x000000010000e6d0 is pointing into metadata
RBX={method} {0x00000000149d0d60} 'read' '()I' in 'java/io/ByteArrayInputStream'
RCX=0x00000000ead2eda0 is an oop
java.io.DataInputStream 
 - klass: 'java/io/DataInputStream'
RDX=0x00000000ead2ec38 is an oop
java.io.ByteArrayInputStream 
 - klass: 'java/io/ByteArrayInputStream'
RSP=0x0000000019b8aed8 is pointing into the stack for thread: 0x00000000173d4000
RBP=0x0000000019b8af98 is pointing into the stack for thread: 0x00000000173d4000
RSI=0x00000000ead2ec38 is an oop
java.io.ByteArrayInputStream 
 - klass: 'java/io/ByteArrayInputStream'
RDI=0x000000010000e6d0 is pointing into metadata
R8 =0x0000000000000013 is an unknown value
R9 =0x0000000016abd660 is an unknown value
R10=0x0000000051a2c0c0 is an unknown value
R11=0x0000000002f5ccc0 is at entry_point+32 in (nmethod*)0x0000000002f5cb10
R12=0x0000000000000000 is an unknown value
R13=0x0000000019b8af40 is pointing into the stack for thread: 0x00000000173d4000
R14=0x0000000019b8afc8 is pointing into the stack for thread: 0x00000000173d4000
R15=0x00000000173d4000 is a thread


Stack: [0x0000000019a90000,0x0000000019b90000],  sp=0x0000000019b8aed8,  free space=1003k
Native frames: (J=compiled Java code, j=interpreted, Vv=VM code, C=native code)
C  0xffffffffa3c25120


---------------  P R O C E S S  ---------------

Java Threads: ( => current thread )
  0x0000000000ded800 JavaThread "DestroyJavaVM" [_thread_blocked, id=8292, stack(0x0000000002a20000,0x0000000002b20000)]
  0x00000000174d4000 JavaThread "D3D Screen Updater" daemon [_thread_blocked, id=9620, stack(0x0000000019fa0000,0x000000001a0a0000)]
=>0x00000000173d4000 JavaThread "AWT-EventQueue-0" [_thread_in_Java, id=8420, stack(0x0000000019a90000,0x0000000019b90000)]
  0x0000000016a91800 JavaThread "AWT-Windows" daemon [_thread_in_native, id=4884, stack(0x0000000017c90000,0x0000000017d90000)]
  0x0000000016a6a000 JavaThread "AWT-Shutdown" [_thread_blocked, id=4668, stack(0x0000000017b90000,0x0000000017c90000)]
  0x00000000172d3800 JavaThread "Java2D Disposer" daemon [_thread_blocked, id=7212, stack(0x0000000017a90000,0x0000000017b90000)]
  0x0000000016748800 JavaThread "Service Thread" daemon [_thread_blocked, id=4696, stack(0x0000000016fc0000,0x00000000170c0000)]
  0x00000000166cf000 JavaThread "C1 CompilerThread2" daemon [_thread_blocked, id=4168, stack(0x0000000016ec0000,0x0000000016fc0000)]
  0x000000001534d800 JavaThread "C2 CompilerThread1" daemon [_thread_blocked, id=4844, stack(0x0000000016dc0000,0x0000000016ec0000)]
  0x000000001534b000 JavaThread "C2 CompilerThread0" daemon [_thread_blocked, id=8808, stack(0x0000000016cc0000,0x0000000016dc0000)]
  0x00000000166c8800 JavaThread "Attach Listener" daemon [_thread_blocked, id=10064, stack(0x0000000016bc0000,0x0000000016cc0000)]
  0x00000000152ff000 JavaThread "Signal Dispatcher" daemon [_thread_blocked, id=8656, stack(0x0000000016ac0000,0x0000000016bc0000)]
  0x00000000152da800 JavaThread "Finalizer" daemon [_thread_blocked, id=7852, stack(0x0000000016540000,0x0000000016640000)]
  0x0000000002c0f800 JavaThread "Reference Handler" daemon [_thread_blocked, id=1888, stack(0x0000000016440000,0x0000000016540000)]

Other Threads:
  0x00000000152b8800 VMThread [stack: 0x0000000016340000,0x0000000016440000] [id=9248]
  0x0000000016792000 WatcherThread [stack: 0x00000000170c0000,0x00000000171c0000] [id=10152]

VM state:not at safepoint (normal execution)

VM Mutex/Monitor currently owned by a thread: None

Heap:
 PSYoungGen      total 18944K, used 4842K [0x00000000eab00000, 0x00000000ec000000, 0x0000000100000000)
  eden space 16384K, 14% used [0x00000000eab00000,0x00000000ead415e0,0x00000000ebb00000)
  from space 2560K, 98% used [0x00000000ebb00000,0x00000000ebd79288,0x00000000ebd80000)
  to   space 2560K, 0% used [0x00000000ebd80000,0x00000000ebd80000,0x00000000ec000000)
 ParOldGen       total 44032K, used 1694K [0x00000000c0000000, 0x00000000c2b00000, 0x00000000eab00000)
  object space 44032K, 3% used [0x00000000c0000000,0x00000000c01a79e0,0x00000000c2b00000)
 Metaspace       used 17918K, capacity 18150K, committed 18432K, reserved 1064960K
  class space    used 2456K, capacity 2524K, committed 2560K, reserved 1048576K

Card table byte_map: [0x0000000011fe0000,0x00000000121f0000] byte_map_base: 0x00000000119e0000

Marking Bits: (ParMarkBitMap*) 0x0000000051a4a6c0
 Begin Bits: [0x0000000012750000, 0x0000000013750000)
 End Bits:   [0x0000000013750000, 0x0000000014750000)

Polling page: 0x0000000000df0000

CodeCache: size=245760Kb used=3324Kb max_used=3341Kb free=242435Kb
 bounds [0x0000000002c20000, 0x0000000002f70000, 0x0000000011c20000]
 total_blobs=1505 nmethods=974 adapters=446
 compilation: enabled

Compilation events (10 events):
Event: 10.215 Thread 0x000000001534b000  969       4       java.io.DataInputStream::readChar (40 bytes)
Event: 10.218 Thread 0x000000001534d800 nmethod 968 0x0000000002f601d0 code [0x0000000002f60320, 0x0000000002f60748]
Event: 10.219 Thread 0x00000000166cf000  971  s    3       java.io.ByteArrayInputStream::read (36 bytes)
Event: 10.219 Thread 0x00000000166cf000 nmethod 971 0x0000000002f5f850 code [0x0000000002f5f9c0, 0x0000000002f5fd10]
Event: 10.219 Thread 0x00000000166cf000  972       3       java.io.DataInputStream::readInt (72 bytes)
Event: 10.219 Thread 0x000000001534d800  973  s    4       java.io.ByteArrayInputStream::read (36 bytes)
Event: 10.219 Thread 0x00000000166cf000 nmethod 972 0x0000000002f5eed0 code [0x0000000002f5f080, 0x0000000002f5f628]
Event: 10.221 Thread 0x000000001534d800 nmethod 973 0x0000000002f5d510 code [0x0000000002f5d660, 0x0000000002f5d8d8]
Event: 10.221 Thread 0x000000001534b000 nmethod 969 0x0000000002f64990 code [0x0000000002f64b00, 0x0000000002f653f8]
Event: 10.221 Thread 0x000000001534d800  974       4       java.io.DataInputStream::readInt (72 bytes)

GC Heap History (2 events):
Event: 10.173 GC heap before
{Heap before GC invocations=1 (full 0):
 PSYoungGen      total 18944K, used 16384K [0x00000000eab00000, 0x00000000ec000000, 0x0000000100000000)
  eden space 16384K, 100% used [0x00000000eab00000,0x00000000ebb00000,0x00000000ebb00000)
  from space 2560K, 0% used [0x00000000ebd80000,0x00000000ebd80000,0x00000000ec000000)
  to   space 2560K, 0% used [0x00000000ebb00000,0x00000000ebb00000,0x00000000ebd80000)
 ParOldGen       total 44032K, used 0K [0x00000000c0000000, 0x00000000c2b00000, 0x00000000eab00000)
  object space 44032K, 0% used [0x00000000c0000000,0x00000000c0000000,0x00000000c2b00000)
 Metaspace       used 17613K, capacity 17856K, committed 18176K, reserved 1064960K
  class space    used 2420K, capacity 2490K, committed 2560K, reserved 1048576K
Event: 10.185 GC heap after
Heap after GC invocations=1 (full 0):
 PSYoungGen      total 18944K, used 2532K [0x00000000eab00000, 0x00000000ec000000, 0x0000000100000000)
  eden space 16384K, 0% used [0x00000000eab00000,0x00000000eab00000,0x00000000ebb00000)
  from space 2560K, 98% used [0x00000000ebb00000,0x00000000ebd79288,0x00000000ebd80000)
  to   space 2560K, 0% used [0x00000000ebd80000,0x00000000ebd80000,0x00000000ec000000)
 ParOldGen       total 44032K, used 1694K [0x00000000c0000000, 0x00000000c2b00000, 0x00000000eab00000)
  object space 44032K, 3% used [0x00000000c0000000,0x00000000c01a79e0,0x00000000c2b00000)
 Metaspace       used 17613K, capacity 17856K, committed 18176K, reserved 1064960K
  class space    used 2420K, capacity 2490K, committed 2560K, reserved 1048576K
}

Deoptimization events (10 events):
Event: 0.389 Thread 0x0000000000ded800 Uncommon trap: reason=null_check action=make_not_entrant pc=0x0000000002d8fa1c method=java.lang.String.equals(Ljava/lang/Object;)Z @ 8
Event: 9.850 Thread 0x00000000173d4000 Uncommon trap: reason=class_check action=maybe_recompile pc=0x0000000002ed39cc method=java.util.HashMap.getNode(ILjava/lang/Object;)Ljava/util/HashMap$Node; @ 126
Event: 9.850 Thread 0x00000000173d4000 Uncommon trap: reason=class_check action=maybe_recompile pc=0x0000000002ed39cc method=java.util.HashMap.getNode(ILjava/lang/Object;)Ljava/util/HashMap$Node; @ 126
Event: 9.861 Thread 0x00000000173d4000 Uncommon trap: reason=class_check action=maybe_recompile pc=0x0000000002ed39cc method=java.util.HashMap.getNode(ILjava/lang/Object;)Ljava/util/HashMap$Node; @ 126
Event: 9.861 Thread 0x00000000173d4000 Uncommon trap: reason=class_check action=maybe_recompile pc=0x0000000002ed39cc method=java.util.HashMap.getNode(ILjava/lang/Object;)Ljava/util/HashMap$Node; @ 126
Event: 9.861 Thread 0x00000000173d4000 Uncommon trap: reason=class_check action=maybe_recompile pc=0x0000000002e9a180 method=java.util.HashMap.getNode(ILjava/lang/Object;)Ljava/util/HashMap$Node; @ 126
Event: 9.906 Thread 0x00000000173d4000 Uncommon trap: reason=bimorphic action=maybe_recompile pc=0x0000000002edbcb0 method=java.util.HashMap.getNode(ILjava/lang/Object;)Ljava/util/HashMap$Node; @ 126
Event: 9.907 Thread 0x00000000173d4000 Uncommon trap: reason=bimorphic action=maybe_recompile pc=0x0000000002edbcb0 method=java.util.HashMap.getNode(ILjava/lang/Object;)Ljava/util/HashMap$Node; @ 126
Event: 9.908 Thread 0x00000000173d4000 Uncommon trap: reason=bimorphic action=maybe_recompile pc=0x0000000002edbcb0 method=java.util.HashMap.getNode(ILjava/lang/Object;)Ljava/util/HashMap$Node; @ 126
Event: 9.908 Thread 0x00000000173d4000 Uncommon trap: reason=bimorphic action=maybe_recompile pc=0x0000000002edbcb0 method=java.util.HashMap.getNode(ILjava/lang/Object;)Ljava/util/HashMap$Node; @ 126

Internal exceptions (10 events):
Event: 10.110 Thread 0x00000000173d4000 Exception <a 'java/lang/ArrayIndexOutOfBoundsException'> (0x00000000eb9bc640) thrown at [C:\re\workspace\8-2-build-windows-amd64-cygwin\jdk8u111\7883\hotspot\src\share\vm\runtime\sharedRuntime.cpp, line 605]
Event: 10.112 Thread 0x00000000173d4000 Exception <a 'java/lang/ArrayIndexOutOfBoundsException'> (0x00000000eb9c18c0) thrown at [C:\re\workspace\8-2-build-windows-amd64-cygwin\jdk8u111\7883\hotspot\src\share\vm\runtime\sharedRuntime.cpp, line 605]
Event: 10.113 Thread 0x00000000173d4000 Exception <a 'java/lang/ArrayIndexOutOfBoundsException'> (0x00000000eb9c6d00) thrown at [C:\re\workspace\8-2-build-windows-amd64-cygwin\jdk8u111\7883\hotspot\src\share\vm\runtime\sharedRuntime.cpp, line 605]
Event: 10.114 Thread 0x00000000173d4000 Exception <a 'java/lang/ArrayIndexOutOfBoundsException'> (0x00000000eb9cc548) thrown at [C:\re\workspace\8-2-build-windows-amd64-cygwin\jdk8u111\7883\hotspot\src\share\vm\runtime\sharedRuntime.cpp, line 605]
Event: 10.115 Thread 0x00000000173d4000 Exception <a 'java/lang/ArrayIndexOutOfBoundsException'> (0x00000000eb9d1d08) thrown at [C:\re\workspace\8-2-build-windows-amd64-cygwin\jdk8u111\7883\hotspot\src\share\vm\runtime\sharedRuntime.cpp, line 605]
Event: 10.116 Thread 0x00000000173d4000 Exception <a 'java/lang/ArrayIndexOutOfBoundsException'> (0x00000000eb9d73e8) thrown at [C:\re\workspace\8-2-build-windows-amd64-cygwin\jdk8u111\7883\hotspot\src\share\vm\runtime\sharedRuntime.cpp, line 605]
Event: 10.117 Thread 0x00000000173d4000 Exception <a 'java/lang/ArrayIndexOutOfBoundsException'> (0x00000000eb9dcb88) thrown at [C:\re\workspace\8-2-build-windows-amd64-cygwin\jdk8u111\7883\hotspot\src\share\vm\runtime\sharedRuntime.cpp, line 605]
Event: 10.119 Thread 0x00000000173d4000 Exception <a 'java/lang/ArrayIndexOutOfBoundsException'> (0x00000000eb9e25a8) thrown at [C:\re\workspace\8-2-build-windows-amd64-cygwin\jdk8u111\7883\hotspot\src\share\vm\runtime\sharedRuntime.cpp, line 605]
Event: 10.120 Thread 0x00000000173d4000 Exception <a 'java/lang/ArrayIndexOutOfBoundsException'> (0x00000000eb9e7f00) thrown at [C:\re\workspace\8-2-build-windows-amd64-cygwin\jdk8u111\7883\hotspot\src\share\vm\runtime\sharedRuntime.cpp, line 605]
Event: 10.123 Thread 0x00000000173d4000 Exception <a 'java/lang/ArrayIndexOutOfBoundsException'> (0x00000000eb9f7148) thrown at [C:\re\workspace\8-2-build-windows-amd64-cygwin\jdk8u111\7883\hotspot\src\share\vm\runtime\sharedRuntime.cpp, line 605]

Events (10 events):
Event: 10.214 loading class sun/text/normalizer/NormalizerImpl$NormTrieImpl
Event: 10.214 loading class sun/text/normalizer/NormalizerImpl$NormTrieImpl done
Event: 10.214 loading class sun/text/normalizer/NormalizerImpl$AuxTrieImpl
Event: 10.214 loading class sun/text/normalizer/NormalizerImpl$AuxTrieImpl done
Event: 10.218 loading class sun/text/normalizer/IntTrie
Event: 10.218 loading class sun/text/normalizer/Trie
Event: 10.218 loading class sun/text/normalizer/Trie done
Event: 10.218 loading class sun/text/normalizer/IntTrie done
Event: 10.220 loading class sun/text/normalizer/CharTrie
Event: 10.220 loading class sun/text/normalizer/CharTrie done


Dynamic libraries:
0x00007ff76c550000 - 0x00007ff76c587000 	C:\Program Files\Java\jdk1.8.0_111\bin\javaw.exe
0x00007ffb2ada0000 - 0x00007ffb2af71000 	C:\Windows\SYSTEM32\ntdll.dll
0x00007ffb2a600000 - 0x00007ffb2a6ab000 	C:\Windows\System32\KERNEL32.DLL
0x00007ffb279c0000 - 0x00007ffb27bdd000 	C:\Windows\System32\KERNELBASE.dll
0x00007ffb2a6c0000 - 0x00007ffb2a762000 	C:\Windows\System32\ADVAPI32.dll
0x00007ffb2a850000 - 0x00007ffb2a8ee000 	C:\Windows\System32\msvcrt.dll
0x00007ffb29840000 - 0x00007ffb29899000 	C:\Windows\System32\sechost.dll
0x00007ffb2a990000 - 0x00007ffb2aab1000 	C:\Windows\System32\RPCRT4.dll
0x00007ffb29c10000 - 0x00007ffb29d75000 	C:\Windows\System32\USER32.dll
0x00007ffb276d0000 - 0x00007ffb276ee000 	C:\Windows\System32\win32u.dll
0x00007ffb2ac20000 - 0x00007ffb2ac54000 	C:\Windows\System32\GDI32.dll
0x00007ffb27540000 - 0x00007ffb276c2000 	C:\Windows\System32\gdi32full.dll
0x00007ffb20f30000 - 0x00007ffb211aa000 	C:\Windows\WinSxS\amd64_microsoft.windows.common-controls_6595b64144ccf1df_6.0.14393.953_none_42151e83c686086b\COMCTL32.dll
0x00007ffb2a1b0000 - 0x00007ffb2a478000 	C:\Windows\System32\combase.dll
0x00007ffb278c0000 - 0x00007ffb279b5000 	C:\Windows\System32\ucrtbase.dll
0x00007ffb27be0000 - 0x00007ffb27c4a000 	C:\Windows\System32\bcryptPrimitives.dll
0x00007ffb29970000 - 0x00007ffb2999e000 	C:\Windows\System32\IMM32.DLL
0x0000000052f10000 - 0x0000000052fe2000 	C:\Program Files\Java\jdk1.8.0_111\jre\bin\msvcr100.dll
0x0000000051230000 - 0x0000000051aca000 	C:\Program Files\Java\jdk1.8.0_111\jre\bin\server\jvm.dll
0x00007ffb2a4f0000 - 0x00007ffb2a4f8000 	C:\Windows\System32\PSAPI.DLL
0x00007ffb20880000 - 0x00007ffb20889000 	C:\Windows\SYSTEM32\WSOCK32.dll
0x00007ffb2a480000 - 0x00007ffb2a4ea000 	C:\Windows\System32\WS2_32.dll
0x00007ffb25680000 - 0x00007ffb256a3000 	C:\Windows\SYSTEM32\WINMM.dll
0x00007ffb22c90000 - 0x00007ffb22c9a000 	C:\Windows\SYSTEM32\VERSION.dll
0x00007ffb25540000 - 0x00007ffb2556b000 	C:\Windows\SYSTEM32\WINMMBASE.dll
0x00007ffb273a0000 - 0x00007ffb273e2000 	C:\Windows\System32\cfgmgr32.dll
0x0000000052f00000 - 0x0000000052f0f000 	C:\Program Files\Java\jdk1.8.0_111\jre\bin\verify.dll
0x0000000052ed0000 - 0x0000000052ef9000 	C:\Program Files\Java\jdk1.8.0_111\jre\bin\java.dll
0x0000000052eb0000 - 0x0000000052ec6000 	C:\Program Files\Java\jdk1.8.0_111\jre\bin\zip.dll
0x00007ffb28330000 - 0x00007ffb29839000 	C:\Windows\System32\SHELL32.dll
0x00007ffb27c50000 - 0x00007ffb2832a000 	C:\Windows\System32\windows.storage.dll
0x00007ffb27200000 - 0x00007ffb2724c000 	C:\Windows\System32\powrprof.dll
0x00007ffb299b0000 - 0x00007ffb29a02000 	C:\Windows\System32\shlwapi.dll
0x00007ffb27270000 - 0x00007ffb2727f000 	C:\Windows\System32\kernel.appcore.dll
0x00007ffb273f0000 - 0x00007ffb27499000 	C:\Windows\System32\shcore.dll
0x00007ffb27250000 - 0x00007ffb27264000 	C:\Windows\System32\profapi.dll
0x00000000529a0000 - 0x0000000052b38000 	C:\Program Files\Java\jdk1.8.0_111\jre\bin\awt.dll
0x00007ffb2a770000 - 0x00007ffb2a82f000 	C:\Windows\System32\OLEAUT32.dll
0x00007ffb274a0000 - 0x00007ffb2753c000 	C:\Windows\System32\msvcp_win.dll
0x00007ffb257b0000 - 0x00007ffb2582a000 	C:\Windows\SYSTEM32\apphelp.dll
0x00007ffb25980000 - 0x00007ffb25a15000 	C:\Windows\system32\uxtheme.dll
0x00007ffb2aac0000 - 0x00007ffb2ac1a000 	C:\Windows\System32\MSCTF.dll
0x00007ffb25050000 - 0x00007ffb25076000 	C:\Windows\system32\dwmapi.dll
0x00007ffb2ac60000 - 0x00007ffb2ad97000 	C:\Windows\System32\ole32.dll
0x00007ffb21400000 - 0x00007ffb2158d000 	C:\Windows\system32\d3d9.dll
0x00007ffb017b0000 - 0x00007ffb02866000 	C:\Windows\SYSTEM32\nvd3dumx.dll
0x00007ffb22160000 - 0x00007ffb222cc000 	C:\Program Files (x86)\NVIDIA Corporation\3D Vision\nvSCPAPI64.dll
0x00007ffb29d80000 - 0x00007ffb2a1a9000 	C:\Windows\System32\SETUPAPI.dll
0x0000000052db0000 - 0x0000000052df7000 	C:\Program Files\Java\jdk1.8.0_111\jre\bin\fontmanager.dll
0x0000000052e90000 - 0x0000000052eaa000 	C:\Program Files\Java\jdk1.8.0_111\jre\bin\net.dll
0x00007ffb26ad0000 - 0x00007ffb26b2c000 	C:\Windows\system32\mswsock.dll
0x0000000052e70000 - 0x0000000052e81000 	C:\Program Files\Java\jdk1.8.0_111\jre\bin\nio.dll
0x0000000052d60000 - 0x0000000052da2000 	C:\Program Files\Java\jdk1.8.0_111\jre\bin\t2k.dll
0x0000000052d30000 - 0x0000000052d5a000 	C:\Program Files\Java\jdk1.8.0_111\jre\bin\dcpr.dll
0x00007ffb2a8f0000 - 0x00007ffb2a98f000 	C:\Windows\System32\clbcatq.dll
0x00007ffb1fc40000 - 0x00007ffb1fd12000 	C:\Windows\System32\IME\IMEKR\imkrtip.dll
0x00007ffb24ad0000 - 0x00007ffb24c55000 	C:\Windows\SYSTEM32\PROPSYS.dll
0x00007ffb1f420000 - 0x00007ffb1f576000 	C:\Windows\System32\IME\shared\imetip.dll
0x00007ffb25700000 - 0x00007ffb25765000 	C:\Windows\SYSTEM32\OLEACC.dll
0x00007ffb1f270000 - 0x00007ffb1f418000 	C:\Windows\SYSTEM32\DUI70.dll
0x00007ffb20a40000 - 0x00007ffb20a78000 	C:\Windows\System32\IME\IMEKR\imkrapi.dll
0x00007ffb20930000 - 0x00007ffb20965000 	C:\Windows\System32\IME\shared\imjkapi.dll
0x00007ffb265a0000 - 0x00007ffb265d2000 	C:\Windows\SYSTEM32\ntmarta.dll
0x00007ffb1bc00000 - 0x00007ffb1bd92000 	C:\Windows\SYSTEM32\dbghelp.dll

VM Arguments:
jvm_args: -Dfile.encoding=UTF-8 
java_command: kr.or.dgit.donghun2.Main.MainFrame
java_class_path (initial): D:\workspace_mybatis\donghun2\bin;C:\Users\SDH\.gradle\caches\modules-2\files-2.1\org.mybatis\mybatis\3.4.2\2b9a5082fe0bdb3128bab8b4b19b23ca0f3d9b38\mybatis-3.4.2.jar;C:\Users\SDH\.gradle\caches\modules-2\files-2.1\log4j\log4j\1.2.17\5af35056b4d257e4b64b9e8069c0746e8b08629f\log4j-1.2.17.jar;C:\Users\SDH\.gradle\caches\modules-2\files-2.1\mysql\mysql-connector-java\5.1.41\b0878056f15616989144d6114d36d3942321d0d1\mysql-connector-java-5.1.41.jar;C:\Users\SDH\.gradle\caches\modules-2\files-2.1\junit\junit\4.12\2973d150c0dc1fefe998f834810d68f278ea58ec\junit-4.12.jar;C:\Users\SDH\.gradle\caches\modules-2\files-2.1\org.hamcrest\hamcrest-core\1.3\42a25dc3219429f0e5d060061f71acb49bf010a0\hamcrest-core-1.3.jar;D:\workspace_mybatis\donghun2\src\main\resources\erp_myframework.jar;D:\workspace_mybatis\donghun2\src\main\resources\lib\idw-gpl.jar;D:\workspace_mybatis\donghun2\src\main\resources\lib\JTattoo.jar;D:\workspace_mybatis\donghun2\src\main\resources\lib\liquidlnf.jar;D:\workspace_mybatis\donghun2\src\main\resources\lib\quaqua.jar
Launcher Type: SUN_STANDARD

Environment Variables:
JAVA_HOME=C:\Program Files\Java\jdk1.8.0_111
PATH=C:/Program Files/Java/jdk1.8.0_111/bin/../jre/bin/server;C:/Program Files/Java/jdk1.8.0_111/bin/../jre/bin;C:/Program Files/Java/jdk1.8.0_111/bin/../jre/lib/amd64;C:\Program Files\Java\jdk1.8.0_111\bin;C:\ProgramData\Oracle\Java\javapath;C:\Program Files (x86)\NVIDIA Corporation\PhysX\Common;C:\Windows\system32;C:\Windows;C:\Windows\System32\Wbem;C:\Windows\System32\WindowsPowerShell\v1.0\;C:\Program Files\MySQL\MySQL Server 5.6\bin;C:\Program Files\Git\cmd;D:\gradle-3.4.1\bin;C:\Users\SDH\AppData\Local\Microsoft\WindowsApps;C:\Program Files\Bandizip\7z;D:\program\eclipse_java\eclipse;
USERNAME=SDH
OS=Windows_NT
PROCESSOR_IDENTIFIER=Intel64 Family 6 Model 23 Stepping 10, GenuineIntel



---------------  S Y S T E M  ---------------

OS: Windows 10.0 , 64 bit Build 14393 (10.0.14393.0)

CPU:total 4 (4 cores per cpu, 1 threads per core) family 6 model 23 stepping 10, cmov, cx8, fxsr, mmx, sse, sse2, sse3, ssse3, sse4.1, tsc

Memory: 4k page, physical 4192492k(1186872k free), swap 13771636k(2470656k free)

vm_info: Java HotSpot(TM) 64-Bit Server VM (25.111-b14) for windows-amd64 JRE (1.8.0_111-b14), built on Sep 22 2016 19:24:05 by "java_re" with MS VC++ 10.0 (VS2010)

time: Tue Apr 11 12:40:15 2017
elapsed time: 10 seconds (0d 0h 0m 10s)

