#
# A fatal error has been detected by the Java Runtime Environment:
#
#  EXCEPTION_ACCESS_VIOLATION (0xc0000005) at pc=0xffffffffa3e15120, pid=1264, tid=0x00000000000014a4
#
# JRE version: Java(TM) SE Runtime Environment (8.0_111-b14) (build 1.8.0_111-b14)
# Java VM: Java HotSpot(TM) 64-Bit Server VM (25.111-b14 mixed mode windows-amd64 compressed oops)
# Problematic frame:
# C  0xffffffffa3e15120
#
# Failed to write core dump. Minidumps are not enabled by default on client versions of Windows
#
# If you would like to submit a bug report, please visit:
#   http://bugreport.java.com/bugreport/crash.jsp
#

---------------  T H R E A D  ---------------

Current thread (0x0000000017528800):  JavaThread "AWT-EventQueue-0" [_thread_in_Java, id=5284, stack(0x000000001aa50000,0x000000001ab50000)]

siginfo: ExceptionCode=0xc0000005, ExceptionInformation=0x0000000000000008 0xffffffffa3e15120

Registers:
RAX=0x0000000014dc7178, RBX=0x0000000014dc7178, RCX=0x00000000eb6e2488, RDX=0x00000000eb6e2488
RSP=0x000000001ab4bb88, RBP=0x000000001ab4bbf0, RSI=0x00000000000001e8, RDI=0x0000000000001528
R8 =0x00000000000000e3, R9 =0x00000000eb6c54c8, R10=0x000000005960c0c0, R11=0x00000000032c5a80
R12=0x0000000000000000, R13=0x000000001ab4bba0, R14=0x0000000000000000, R15=0x0000000017528800
RIP=0xffffffffa3e15120, EFLAGS=0x0000000000010206

Top of Stack: (sp=0x000000001ab4bb88)
0x000000001ab4bb88:   0000000002e17e20 0000000002e17870
0x000000001ab4bb98:   0000000002e17e20 00000000000000e3
0x000000001ab4bba8:   00000000eb6e2488 000000001ab4bbb0
0x000000001ab4bbb8:   0000000014dc760a 000000001ab4bc20
0x000000001ab4bbc8:   0000000014dc7818 0000000000000000
0x000000001ab4bbd8:   0000000014dc7660 000000001ab4bba0
0x000000001ab4bbe8:   000000001ab4bc20 000000001ab4bc68
0x000000001ab4bbf8:   0000000002e1809d 00000000eb6c54c8
0x000000001ab4bc08:   00000000000000e3 00000000eb6e5738
0x000000001ab4bc18:   000000000000004a 00000000eb6e2488
0x000000001ab4bc28:   000000001ab4bc28 0000000014b4fcf4
0x000000001ab4bc38:   000000001ab4bcb8 0000000014bf9528
0x000000001ab4bc48:   0000000000000000 0000000014b4fd40
0x000000001ab4bc58:   000000001ab4bc20 000000001ab4bcb8
0x000000001ab4bc68:   000000001ab4bd00 0000000002e17e20
0x000000001ab4bc78:   00000000eb106fc8 0000000000000001 

Instructions: (pc=0xffffffffa3e15120)
0xffffffffa3e15100:   
[error occurred during error reporting (printing registers, top of stack, instructions near pc), id 0xc0000005]

Register to memory mapping:

RAX={method} {0x0000000014dc7180} 'get' '(I)Ljava/lang/reflect/Method;' in 'java/lang/Class$MethodArray'
RBX={method} {0x0000000014dc7180} 'get' '(I)Ljava/lang/reflect/Method;' in 'java/lang/Class$MethodArray'
RCX=0x00000000eb6e2488 is an oop
java.lang.Class$MethodArray 
 - klass: 'java/lang/Class$MethodArray'
RDX=0x00000000eb6e2488 is an oop
java.lang.Class$MethodArray 
 - klass: 'java/lang/Class$MethodArray'
RSP=0x000000001ab4bb88 is pointing into the stack for thread: 0x0000000017528800
RBP=0x000000001ab4bbf0 is pointing into the stack for thread: 0x0000000017528800
RSI=0x00000000000001e8 is an unknown value
RDI=0x0000000000001528 is an unknown value
R8 =0x00000000000000e3 is an unknown value
R9 =0x00000000eb6c54c8 is an oop
java.lang.reflect.Method 
 - klass: 'java/lang/reflect/Method'
R10=0x000000005960c0c0 is an unknown value
R11=0x00000000032c5a80 is at entry_point+32 in (nmethod*)0x00000000032c5910
R12=0x0000000000000000 is an unknown value
R13=0x000000001ab4bba0 is pointing into the stack for thread: 0x0000000017528800
R14=0x0000000000000000 is an unknown value
R15=0x0000000017528800 is a thread


Stack: [0x000000001aa50000,0x000000001ab50000],  sp=0x000000001ab4bb88,  free space=1006k
Native frames: (J=compiled Java code, j=interpreted, Vv=VM code, C=native code)
C  0xffffffffa3e15120


---------------  P R O C E S S  ---------------

Java Threads: ( => current thread )
  0x0000000017b7b800 JavaThread "Abandoned connection cleanup thread" daemon [_thread_blocked, id=4716, stack(0x000000001bd60000,0x000000001be60000)]
  0x00000000176b7800 JavaThread "D3D Screen Updater" daemon [_thread_blocked, id=6196, stack(0x000000001ae70000,0x000000001af70000)]
  0x0000000002d10800 JavaThread "DestroyJavaVM" [_thread_blocked, id=6260, stack(0x0000000002c10000,0x0000000002d10000)]
=>0x0000000017528800 JavaThread "AWT-EventQueue-0" [_thread_in_Java, id=5284, stack(0x000000001aa50000,0x000000001ab50000)]
  0x000000001746d000 JavaThread "AWT-Windows" daemon [_thread_in_native, id=7456, stack(0x0000000017e10000,0x0000000017f10000)]
  0x0000000017469000 JavaThread "AWT-Shutdown" [_thread_blocked, id=6676, stack(0x0000000017d10000,0x0000000017e10000)]
  0x0000000017466800 JavaThread "Java2D Disposer" daemon [_thread_blocked, id=1980, stack(0x0000000017c10000,0x0000000017d10000)]
  0x00000000168c4000 JavaThread "Service Thread" daemon [_thread_blocked, id=9068, stack(0x0000000017140000,0x0000000017240000)]
  0x0000000016869800 JavaThread "C1 CompilerThread2" daemon [_thread_blocked, id=2512, stack(0x0000000017040000,0x0000000017140000)]
  0x000000001684c800 JavaThread "C2 CompilerThread1" daemon [_thread_blocked, id=2368, stack(0x0000000016f40000,0x0000000017040000)]
  0x000000001553c800 JavaThread "C2 CompilerThread0" daemon [_thread_blocked, id=6960, stack(0x0000000016e40000,0x0000000016f40000)]
  0x000000001553b800 JavaThread "Attach Listener" daemon [_thread_blocked, id=4876, stack(0x0000000016d40000,0x0000000016e40000)]
  0x00000000154ec800 JavaThread "Signal Dispatcher" daemon [_thread_blocked, id=8100, stack(0x0000000016c40000,0x0000000016d40000)]
  0x00000000154ca800 JavaThread "Finalizer" daemon [_thread_blocked, id=3412, stack(0x0000000016740000,0x0000000016840000)]
  0x0000000002dff800 JavaThread "Reference Handler" daemon [_thread_blocked, id=1788, stack(0x0000000016640000,0x0000000016740000)]

Other Threads:
  0x00000000154a8800 VMThread [stack: 0x0000000016540000,0x0000000016640000] [id=3348]
  0x00000000168e3000 WatcherThread [stack: 0x0000000017240000,0x0000000017340000] [id=5356]

VM state:not at safepoint (normal execution)

VM Mutex/Monitor currently owned by a thread: None

Heap:
 PSYoungGen      total 18944K, used 15049K [0x00000000eab00000, 0x00000000ed000000, 0x0000000100000000)
  eden space 16384K, 76% used [0x00000000eab00000,0x00000000eb733128,0x00000000ebb00000)
  from space 2560K, 99% used [0x00000000ebb00000,0x00000000ebd7f3b0,0x00000000ebd80000)
  to   space 2560K, 0% used [0x00000000ecd80000,0x00000000ecd80000,0x00000000ed000000)
 ParOldGen       total 44032K, used 2722K [0x00000000c0000000, 0x00000000c2b00000, 0x00000000eab00000)
  object space 44032K, 6% used [0x00000000c0000000,0x00000000c02a8ab0,0x00000000c2b00000)
 Metaspace       used 20146K, capacity 20406K, committed 20608K, reserved 1067008K
  class space    used 2530K, capacity 2616K, committed 2688K, reserved 1048576K

Card table byte_map: [0x00000000121d0000,0x00000000123e0000] byte_map_base: 0x0000000011bd0000

Marking Bits: (ParMarkBitMap*) 0x000000005962a6c0
 Begin Bits: [0x0000000012940000, 0x0000000013940000)
 End Bits:   [0x0000000013940000, 0x0000000014940000)

Polling page: 0x00000000007f0000

CodeCache: size=245760Kb used=4860Kb max_used=4872Kb free=240899Kb
 bounds [0x0000000002e10000, 0x00000000032e0000, 0x0000000011e10000]
 total_blobs=2011 nmethods=1429 adapters=496
 compilation: enabled

Compilation events (10 events):
Event: 3.161 Thread 0x0000000016869800 1421       3       java.lang.reflect.Method::isDefault (28 bytes)
Event: 3.161 Thread 0x0000000016869800 nmethod 1421 0x00000000032ca8d0 code [0x00000000032caa40, 0x00000000032cae08]
Event: 3.161 Thread 0x0000000016869800 1425       3       sun.misc.ProxyGenerator::getFieldType (65 bytes)
Event: 3.161 Thread 0x000000001684c800 1426       4       java.lang.Class$MethodArray::matchesNameAndDescriptor (42 bytes)
Event: 3.162 Thread 0x0000000016869800 nmethod 1425 0x00000000032d0490 code [0x00000000032d0700, 0x00000000032d17e8]
Event: 3.162 Thread 0x000000001553c800 1427       4       java.lang.reflect.Method::equals (69 bytes)
Event: 3.162 Thread 0x0000000016869800 1428       3       java.lang.Class$MethodArray::addIfNotPresent (47 bytes)
Event: 3.162 Thread 0x0000000016869800 nmethod 1428 0x00000000032d1d90 code [0x00000000032d1f20, 0x00000000032d2318]
Event: 3.163 Thread 0x0000000016869800 1429       1       java.lang.Class$MethodArray::get (7 bytes)
Event: 3.163 Thread 0x0000000016869800 nmethod 1429 0x00000000032ca590 code [0x00000000032ca6e0, 0x00000000032ca810]

GC Heap History (6 events):
Event: 2.304 GC heap before
{Heap before GC invocations=1 (full 0):
 PSYoungGen      total 18944K, used 16384K [0x00000000eab00000, 0x00000000ec000000, 0x0000000100000000)
  eden space 16384K, 100% used [0x00000000eab00000,0x00000000ebb00000,0x00000000ebb00000)
  from space 2560K, 0% used [0x00000000ebd80000,0x00000000ebd80000,0x00000000ec000000)
  to   space 2560K, 0% used [0x00000000ebb00000,0x00000000ebb00000,0x00000000ebd80000)
 ParOldGen       total 44032K, used 0K [0x00000000c0000000, 0x00000000c2b00000, 0x00000000eab00000)
  object space 44032K, 0% used [0x00000000c0000000,0x00000000c0000000,0x00000000c2b00000)
 Metaspace       used 15576K, capacity 15760K, committed 16000K, reserved 1062912K
  class space    used 2060K, capacity 2135K, committed 2176K, reserved 1048576K
Event: 2.317 GC heap after
Heap after GC invocations=1 (full 0):
 PSYoungGen      total 18944K, used 2540K [0x00000000eab00000, 0x00000000ec000000, 0x0000000100000000)
  eden space 16384K, 0% used [0x00000000eab00000,0x00000000eab00000,0x00000000ebb00000)
  from space 2560K, 99% used [0x00000000ebb00000,0x00000000ebd7b3f0,0x00000000ebd80000)
  to   space 2560K, 0% used [0x00000000ebd80000,0x00000000ebd80000,0x00000000ec000000)
 ParOldGen       total 44032K, used 1521K [0x00000000c0000000, 0x00000000c2b00000, 0x00000000eab00000)
  object space 44032K, 3% used [0x00000000c0000000,0x00000000c017c490,0x00000000c2b00000)
 Metaspace       used 15576K, capacity 15760K, committed 16000K, reserved 1062912K
  class space    used 2060K, capacity 2135K, committed 2176K, reserved 1048576K
}
Event: 2.559 GC heap before
{Heap before GC invocations=2 (full 0):
 PSYoungGen      total 18944K, used 18910K [0x00000000eab00000, 0x00000000ec000000, 0x0000000100000000)
  eden space 16384K, 99% used [0x00000000eab00000,0x00000000ebafc630,0x00000000ebb00000)
  from space 2560K, 99% used [0x00000000ebb00000,0x00000000ebd7b3f0,0x00000000ebd80000)
  to   space 2560K, 0% used [0x00000000ebd80000,0x00000000ebd80000,0x00000000ec000000)
 ParOldGen       total 44032K, used 1521K [0x00000000c0000000, 0x00000000c2b00000, 0x00000000eab00000)
  object space 44032K, 3% used [0x00000000c0000000,0x00000000c017c490,0x00000000c2b00000)
 Metaspace       used 16802K, capacity 16976K, committed 17152K, reserved 1064960K
  class space    used 2200K, capacity 2263K, committed 2304K, reserved 1048576K
Event: 2.568 GC heap after
Heap after GC invocations=2 (full 0):
 PSYoungGen      total 18944K, used 2559K [0x00000000eab00000, 0x00000000ed000000, 0x0000000100000000)
  eden space 16384K, 0% used [0x00000000eab00000,0x00000000eab00000,0x00000000ebb00000)
  from space 2560K, 99% used [0x00000000ebd80000,0x00000000ebfffca8,0x00000000ec000000)
  to   space 2560K, 0% used [0x00000000ebb00000,0x00000000ebb00000,0x00000000ebd80000)
 ParOldGen       total 44032K, used 2541K [0x00000000c0000000, 0x00000000c2b00000, 0x00000000eab00000)
  object space 44032K, 5% used [0x00000000c0000000,0x00000000c027b770,0x00000000c2b00000)
 Metaspace       used 16802K, capacity 16976K, committed 17152K, reserved 1064960K
  class space    used 2200K, capacity 2263K, committed 2304K, reserved 1048576K
}
Event: 2.662 GC heap before
{Heap before GC invocations=3 (full 0):
 PSYoungGen      total 18944K, used 18943K [0x00000000eab00000, 0x00000000ed000000, 0x0000000100000000)
  eden space 16384K, 100% used [0x00000000eab00000,0x00000000ebb00000,0x00000000ebb00000)
  from space 2560K, 99% used [0x00000000ebd80000,0x00000000ebfffca8,0x00000000ec000000)
  to   space 2560K, 0% used [0x00000000ebb00000,0x00000000ebb00000,0x00000000ebd80000)
 ParOldGen       total 44032K, used 2541K [0x00000000c0000000, 0x00000000c2b00000, 0x00000000eab00000)
  object space 44032K, 5% used [0x00000000c0000000,0x00000000c027b770,0x00000000c2b00000)
 Metaspace       used 16930K, capacity 17110K, committed 17408K, reserved 1064960K
  class space    used 2201K, capacity 2264K, committed 2304K, reserved 1048576K
Event: 2.669 GC heap after
Heap after GC invocations=3 (full 0):
 PSYoungGen      total 18944K, used 2556K [0x00000000eab00000, 0x00000000ed000000, 0x0000000100000000)
  eden space 16384K, 0% used [0x00000000eab00000,0x00000000eab00000,0x00000000ebb00000)
  from space 2560K, 99% used [0x00000000ebb00000,0x00000000ebd7f3b0,0x00000000ebd80000)
  to   space 2560K, 0% used [0x00000000ecd80000,0x00000000ecd80000,0x00000000ed000000)
 ParOldGen       total 44032K, used 2722K [0x00000000c0000000, 0x00000000c2b00000, 0x00000000eab00000)
  object space 44032K, 6% used [0x00000000c0000000,0x00000000c02a8ab0,0x00000000c2b00000)
 Metaspace       used 16930K, capacity 17110K, committed 17408K, reserved 1064960K
  class space    used 2201K, capacity 2264K, committed 2304K, reserved 1048576K
}

Deoptimization events (10 events):
Event: 2.702 Thread 0x0000000017528800 Uncommon trap: reason=unstable_if action=reinterpret pc=0x00000000030442ec method=java.util.HashMap.getNode(ILjava/lang/Object;)Ljava/util/HashMap$Node; @ 62
Event: 2.702 Thread 0x0000000017528800 Uncommon trap: reason=bimorphic action=maybe_recompile pc=0x000000000317c7bc method=java.util.HashMap.putVal(ILjava/lang/Object;Ljava/lang/Object;ZZ)Ljava/lang/Object; @ 91
Event: 2.702 Thread 0x0000000017528800 Uncommon trap: reason=unstable_if action=reinterpret pc=0x00000000030306b8 method=java.util.HashMap.getNode(ILjava/lang/Object;)Ljava/util/HashMap$Node; @ 62
Event: 2.702 Thread 0x0000000017528800 Uncommon trap: reason=bimorphic action=maybe_recompile pc=0x000000000317c7bc method=java.util.HashMap.putVal(ILjava/lang/Object;Ljava/lang/Object;ZZ)Ljava/lang/Object; @ 91
Event: 2.703 Thread 0x0000000017528800 Uncommon trap: reason=bimorphic action=maybe_recompile pc=0x000000000317c7bc method=java.util.HashMap.putVal(ILjava/lang/Object;Ljava/lang/Object;ZZ)Ljava/lang/Object; @ 91
Event: 2.704 Thread 0x0000000017528800 Uncommon trap: reason=bimorphic action=maybe_recompile pc=0x000000000317c7bc method=java.util.HashMap.putVal(ILjava/lang/Object;Ljava/lang/Object;ZZ)Ljava/lang/Object; @ 91
Event: 2.704 Thread 0x0000000017528800 Uncommon trap: reason=bimorphic action=maybe_recompile pc=0x000000000317f19c method=java.util.HashMap.putVal(ILjava/lang/Object;Ljava/lang/Object;ZZ)Ljava/lang/Object; @ 203
Event: 2.704 Thread 0x0000000017528800 Uncommon trap: reason=bimorphic action=maybe_recompile pc=0x000000000317f1e8 method=java.util.HashMap.putVal(ILjava/lang/Object;Ljava/lang/Object;ZZ)Ljava/lang/Object; @ 91
Event: 2.943 Thread 0x0000000017528800 Uncommon trap: reason=predicate action=maybe_recompile pc=0x0000000003282f28 method=sun.net.www.ParseUtil.encodePath(Ljava/lang/String;Z)Ljava/lang/String; @ 36
Event: 3.122 Thread 0x0000000017528800 Uncommon trap: reason=unstable_if action=reinterpret pc=0x000000000312bfd8 method=sun.nio.cs.UTF_8$Decoder.decodeArrayLoop(Ljava/nio/ByteBuffer;Ljava/nio/CharBuffer;)Ljava/nio/charset/CoderResult; @ 220

Internal exceptions (10 events):
Event: 2.361 Thread 0x0000000017528800 Exception <a 'java/lang/ArrayIndexOutOfBoundsException'> (0x00000000eae80738) thrown at [C:\re\workspace\8-2-build-windows-amd64-cygwin\jdk8u111\7883\hotspot\src\share\vm\runtime\sharedRuntime.cpp, line 605]
Event: 2.361 Thread 0x0000000017528800 Exception <a 'java/lang/ArrayIndexOutOfBoundsException'> (0x00000000eae81aa0) thrown at [C:\re\workspace\8-2-build-windows-amd64-cygwin\jdk8u111\7883\hotspot\src\share\vm\runtime\sharedRuntime.cpp, line 605]
Event: 2.361 Thread 0x0000000017528800 Exception <a 'java/lang/ArrayIndexOutOfBoundsException'> (0x00000000eae83120) thrown at [C:\re\workspace\8-2-build-windows-amd64-cygwin\jdk8u111\7883\hotspot\src\share\vm\runtime\sharedRuntime.cpp, line 605]
Event: 2.361 Thread 0x0000000017528800 Exception <a 'java/lang/ArrayIndexOutOfBoundsException'> (0x00000000eae84ba8) thrown at [C:\re\workspace\8-2-build-windows-amd64-cygwin\jdk8u111\7883\hotspot\src\share\vm\runtime\sharedRuntime.cpp, line 605]
Event: 2.361 Thread 0x0000000017528800 Exception <a 'java/lang/ArrayIndexOutOfBoundsException'> (0x00000000eae85650) thrown at [C:\re\workspace\8-2-build-windows-amd64-cygwin\jdk8u111\7883\hotspot\src\share\vm\runtime\sharedRuntime.cpp, line 605]
Event: 2.361 Thread 0x0000000017528800 Exception <a 'java/lang/ArrayIndexOutOfBoundsException'> (0x00000000eae86298) thrown at [C:\re\workspace\8-2-build-windows-amd64-cygwin\jdk8u111\7883\hotspot\src\share\vm\runtime\sharedRuntime.cpp, line 605]
Event: 2.361 Thread 0x0000000017528800 Exception <a 'java/lang/ArrayIndexOutOfBoundsException'> (0x00000000eae87358) thrown at [C:\re\workspace\8-2-build-windows-amd64-cygwin\jdk8u111\7883\hotspot\src\share\vm\runtime\sharedRuntime.cpp, line 605]
Event: 2.362 Thread 0x0000000017528800 Exception <a 'java/lang/ArrayIndexOutOfBoundsException'> (0x00000000eae88088) thrown at [C:\re\workspace\8-2-build-windows-amd64-cygwin\jdk8u111\7883\hotspot\src\share\vm\runtime\sharedRuntime.cpp, line 605]
Event: 2.362 Thread 0x0000000017528800 Exception <a 'java/lang/ArrayIndexOutOfBoundsException'> (0x00000000eae88c48) thrown at [C:\re\workspace\8-2-build-windows-amd64-cygwin\jdk8u111\7883\hotspot\src\share\vm\runtime\sharedRuntime.cpp, line 605]
Event: 2.362 Thread 0x0000000017528800 Exception <a 'java/lang/ArrayIndexOutOfBoundsException'> (0x00000000eae89b60) thrown at [C:\re\workspace\8-2-build-windows-amd64-cygwin\jdk8u111\7883\hotspot\src\share\vm\runtime\sharedRuntime.cpp, line 605]

Events (10 events):
Event: 3.157 loading class java/lang/StringIndexOutOfBoundsException
Event: 3.157 loading class java/lang/StringIndexOutOfBoundsException done
Event: 3.158 loading class org/apache/ibatis/logging/jdbc/PreparedStatementLogger
Event: 3.158 loading class org/apache/ibatis/logging/jdbc/PreparedStatementLogger done
Event: 3.158 loading class java/lang/reflect/Proxy$Key2
Event: 3.159 loading class java/lang/reflect/Proxy$Key2 done
Event: 3.159 loading class java/sql/Ref
Event: 3.159 loading class java/sql/Ref done
Event: 3.159 loading class java/sql/RowId
Event: 3.159 loading class java/sql/RowId done


Dynamic libraries:
0x00007ff647f00000 - 0x00007ff647f37000 	C:\Program Files\Java\jdk1.8.0_111\bin\javaw.exe
0x00007ffb6b790000 - 0x00007ffb6b961000 	C:\Windows\SYSTEM32\ntdll.dll
0x00007ffb6aad0000 - 0x00007ffb6ab7b000 	C:\Windows\System32\KERNEL32.DLL
0x00007ffb68460000 - 0x00007ffb6867d000 	C:\Windows\System32\KERNELBASE.dll
0x00007ffb6b3e0000 - 0x00007ffb6b482000 	C:\Windows\System32\ADVAPI32.dll
0x00007ffb6b570000 - 0x00007ffb6b60e000 	C:\Windows\System32\msvcrt.dll
0x00007ffb69420000 - 0x00007ffb69479000 	C:\Windows\System32\sechost.dll
0x00007ffb68d80000 - 0x00007ffb68ea1000 	C:\Windows\System32\RPCRT4.dll
0x00007ffb6ad30000 - 0x00007ffb6ae95000 	C:\Windows\System32\USER32.dll
0x00007ffb68810000 - 0x00007ffb6882e000 	C:\Windows\System32\win32u.dll
0x00007ffb6ace0000 - 0x00007ffb6ad14000 	C:\Windows\System32\GDI32.dll
0x00007ffb68680000 - 0x00007ffb68802000 	C:\Windows\System32\gdi32full.dll
0x00007ffb619b0000 - 0x00007ffb61c2a000 	C:\Windows\WinSxS\amd64_microsoft.windows.common-controls_6595b64144ccf1df_6.0.14393.953_none_42151e83c686086b\COMCTL32.dll
0x00007ffb68eb0000 - 0x00007ffb69178000 	C:\Windows\System32\combase.dll
0x00007ffb68830000 - 0x00007ffb68925000 	C:\Windows\System32\ucrtbase.dll
0x00007ffb68cb0000 - 0x00007ffb68d1a000 	C:\Windows\System32\bcryptPrimitives.dll
0x00007ffb6b6a0000 - 0x00007ffb6b6ce000 	C:\Windows\System32\IMM32.DLL
0x0000000059e50000 - 0x0000000059f22000 	C:\Program Files\Java\jdk1.8.0_111\jre\bin\msvcr100.dll
0x0000000058e10000 - 0x00000000596aa000 	C:\Program Files\Java\jdk1.8.0_111\jre\bin\server\jvm.dll
0x00007ffb6ad20000 - 0x00007ffb6ad28000 	C:\Windows\System32\PSAPI.DLL
0x00007ffb5bce0000 - 0x00007ffb5bce9000 	C:\Windows\SYSTEM32\WSOCK32.dll
0x00007ffb66070000 - 0x00007ffb66093000 	C:\Windows\SYSTEM32\WINMM.dll
0x00007ffb63470000 - 0x00007ffb6347a000 	C:\Windows\SYSTEM32\VERSION.dll
0x00007ffb66010000 - 0x00007ffb6603b000 	C:\Windows\SYSTEM32\WINMMBASE.dll
0x00007ffb67c80000 - 0x00007ffb67cc2000 	C:\Windows\System32\cfgmgr32.dll
0x00007ffb6b610000 - 0x00007ffb6b67a000 	C:\Windows\System32\WS2_32.dll
0x0000000058e00000 - 0x0000000058e0f000 	C:\Program Files\Java\jdk1.8.0_111\jre\bin\verify.dll
0x0000000058dd0000 - 0x0000000058df9000 	C:\Program Files\Java\jdk1.8.0_111\jre\bin\java.dll
0x0000000058db0000 - 0x0000000058dc6000 	C:\Program Files\Java\jdk1.8.0_111\jre\bin\zip.dll
0x00007ffb695c0000 - 0x00007ffb6aac9000 	C:\Windows\System32\SHELL32.dll
0x00007ffb67d80000 - 0x00007ffb6845a000 	C:\Windows\System32\windows.storage.dll
0x00007ffb67c30000 - 0x00007ffb67c7c000 	C:\Windows\System32\powrprof.dll
0x00007ffb68d20000 - 0x00007ffb68d72000 	C:\Windows\System32\shlwapi.dll
0x00007ffb67c00000 - 0x00007ffb67c0f000 	C:\Windows\System32\kernel.appcore.dll
0x00007ffb68b60000 - 0x00007ffb68c09000 	C:\Windows\System32\shcore.dll
0x00007ffb67c10000 - 0x00007ffb67c24000 	C:\Windows\System32\profapi.dll
0x0000000059cb0000 - 0x0000000059e48000 	C:\Program Files\Java\jdk1.8.0_111\jre\bin\awt.dll
0x00007ffb6b6d0000 - 0x00007ffb6b78f000 	C:\Windows\System32\OLEAUT32.dll
0x00007ffb68c10000 - 0x00007ffb68cac000 	C:\Windows\System32\msvcp_win.dll
0x00007ffb661a0000 - 0x00007ffb6621a000 	C:\Windows\SYSTEM32\apphelp.dll
0x00007ffb66370000 - 0x00007ffb66405000 	C:\Windows\system32\uxtheme.dll
0x00007ffb6ab80000 - 0x00007ffb6acda000 	C:\Windows\System32\MSCTF.dll
0x00007ffb65a40000 - 0x00007ffb65a66000 	C:\Windows\system32\dwmapi.dll
0x00007ffb69480000 - 0x00007ffb695b7000 	C:\Windows\System32\ole32.dll
0x00007ffb53db0000 - 0x00007ffb53f3d000 	C:\Windows\system32\d3d9.dll
0x00007ffb31670000 - 0x00007ffb32726000 	C:\Windows\SYSTEM32\nvd3dumx.dll
0x00007ffb62c70000 - 0x00007ffb62ddc000 	C:\Program Files (x86)\NVIDIA Corporation\3D Vision\nvSCPAPI64.dll
0x00007ffb6aea0000 - 0x00007ffb6b2c9000 	C:\Windows\System32\SETUPAPI.dll
0x00007ffb62930000 - 0x00007ffb62c66000 	C:\Windows\system32\nvapi64.dll
0x00007ffb66820000 - 0x00007ffb66848000 	C:\Windows\SYSTEM32\DEVOBJ.dll
0x00007ffb68930000 - 0x00007ffb68985000 	C:\Windows\System32\WINTRUST.dll
0x00007ffb67bf0000 - 0x00007ffb67c00000 	C:\Windows\System32\MSASN1.dll
0x00007ffb68990000 - 0x00007ffb68b59000 	C:\Windows\System32\CRYPT32.dll
0x00007ffb66b70000 - 0x00007ffb66c0f000 	C:\Windows\system32\dxgi.dll
0x0000000059c60000 - 0x0000000059ca7000 	C:\Program Files\Java\jdk1.8.0_111\jre\bin\fontmanager.dll
0x0000000058d90000 - 0x0000000058daa000 	C:\Program Files\Java\jdk1.8.0_111\jre\bin\net.dll
0x00007ffb674c0000 - 0x00007ffb6751c000 	C:\Windows\system32\mswsock.dll
0x0000000058d70000 - 0x0000000058d81000 	C:\Program Files\Java\jdk1.8.0_111\jre\bin\nio.dll
0x0000000059c10000 - 0x0000000059c52000 	C:\Program Files\Java\jdk1.8.0_111\jre\bin\t2k.dll
0x00007ffb6b340000 - 0x00007ffb6b3df000 	C:\Windows\System32\clbcatq.dll
0x00007ffb607a0000 - 0x00007ffb60872000 	C:\Windows\System32\IME\IMEKR\imkrtip.dll
0x00007ffb65680000 - 0x00007ffb65805000 	C:\Windows\SYSTEM32\PROPSYS.dll
0x00007ffb5feb0000 - 0x00007ffb60006000 	C:\Windows\System32\IME\shared\imetip.dll
0x00007ffb5fd00000 - 0x00007ffb5fea8000 	C:\Windows\SYSTEM32\DUI70.dll
0x00007ffb65240000 - 0x00007ffb652a5000 	C:\Windows\SYSTEM32\OLEACC.dll
0x00007ffb60ff0000 - 0x00007ffb61028000 	C:\Windows\System32\IME\IMEKR\imkrapi.dll
0x00007ffb5fcc0000 - 0x00007ffb5fcf5000 	C:\Windows\System32\IME\shared\imjkapi.dll
0x00007ffb66f90000 - 0x00007ffb66fc2000 	C:\Windows\SYSTEM32\ntmarta.dll
0x00007ffb67280000 - 0x00007ffb67321000 	C:\Windows\SYSTEM32\DNSAPI.dll
0x00007ffb6b330000 - 0x00007ffb6b338000 	C:\Windows\System32\NSI.dll
0x00007ffb67240000 - 0x00007ffb67278000 	C:\Windows\SYSTEM32\IPHLPAPI.DLL
0x000000005a740000 - 0x000000005a766000 	C:\Program Files\Bonjour\mdnsNSP.dll
0x00007ffb5f5b0000 - 0x00007ffb5f5ba000 	C:\Windows\System32\rasadhlp.dll
0x00007ffb62000000 - 0x00007ffb6206a000 	C:\Windows\System32\fwpuclnt.dll
0x00007ffb67b20000 - 0x00007ffb67b4b000 	C:\Windows\SYSTEM32\bcrypt.dll
0x00007ffb5bf10000 - 0x00007ffb5c0a2000 	C:\Windows\SYSTEM32\dbghelp.dll

VM Arguments:
jvm_args: -Dfile.encoding=UTF-8 
java_command: kr.or.dgit.donghun2.Main.MainFrame
java_class_path (initial): D:\workspace_sql\workspace_mybatis\donghun2\bin;C:\Users\SJW\.gradle\caches\modules-2\files-2.1\org.mybatis\mybatis\3.4.2\2b9a5082fe0bdb3128bab8b4b19b23ca0f3d9b38\mybatis-3.4.2.jar;C:\Users\SJW\.gradle\caches\modules-2\files-2.1\log4j\log4j\1.2.17\5af35056b4d257e4b64b9e8069c0746e8b08629f\log4j-1.2.17.jar;C:\Users\SJW\.gradle\caches\modules-2\files-2.1\mysql\mysql-connector-java\5.1.41\b0878056f15616989144d6114d36d3942321d0d1\mysql-connector-java-5.1.41.jar;C:\Users\SJW\.gradle\caches\modules-2\files-2.1\junit\junit\4.12\2973d150c0dc1fefe998f834810d68f278ea58ec\junit-4.12.jar;C:\Users\SJW\.gradle\caches\modules-2\files-2.1\org.hamcrest\hamcrest-core\1.3\42a25dc3219429f0e5d060061f71acb49bf010a0\hamcrest-core-1.3.jar;D:\workspace_sql\workspace_mybatis\donghun2\src\main\resources\erp_myframework.jar
Launcher Type: SUN_STANDARD

Environment Variables:
JAVA_HOME=C:\Program Files\Java\jdk1.8.0_111
PATH=C:/Program Files/Java/jdk1.8.0_111/bin/../jre/bin/server;C:/Program Files/Java/jdk1.8.0_111/bin/../jre/bin;C:/Program Files/Java/jdk1.8.0_111/bin/../jre/lib/amd64;C:\Program Files\Java\jdk1.8.0_111\bin;C:\ProgramData\Oracle\Java\javapath;C:\Program Files (x86)\NVIDIA Corporation\PhysX\Common;C:\Windows\system32;C:\Windows;C:\Windows\System32\Wbem;C:\Windows\System32\WindowsPowerShell\v1.0\;C:\Program Files\MySQL\MySQL Server 5.6\bin;C:\Program Files\Git\cmd;D:\gradle-3.4.1\bin;C:\Users\SJW\AppData\Local\Microsoft\WindowsApps;C:\Program Files\Bandizip\7z;C:\eclipse_java;
USERNAME=SJW
OS=Windows_NT
PROCESSOR_IDENTIFIER=Intel64 Family 6 Model 23 Stepping 10, GenuineIntel



---------------  S Y S T E M  ---------------

OS: Windows 10.0 , 64 bit Build 14393 (10.0.14393.0)

CPU:total 4 (4 cores per cpu, 1 threads per core) family 6 model 23 stepping 10, cmov, cx8, fxsr, mmx, sse, sse2, sse3, ssse3, sse4.1, tsc

Memory: 4k page, physical 4192492k(1137396k free), swap 6682860k(1680336k free)

vm_info: Java HotSpot(TM) 64-Bit Server VM (25.111-b14) for windows-amd64 JRE (1.8.0_111-b14), built on Sep 22 2016 19:24:05 by "java_re" with MS VC++ 10.0 (VS2010)

time: Fri Apr 07 16:08:45 2017
elapsed time: 3 seconds (0d 0h 0m 3s)

