#
# A fatal error has been detected by the Java Runtime Environment:
#
#  EXCEPTION_ACCESS_VIOLATION (0xc0000005) at pc=0xffffffffa3cd5120, pid=5132, tid=0x000000000000156c
#
# JRE version: Java(TM) SE Runtime Environment (8.0_111-b14) (build 1.8.0_111-b14)
# Java VM: Java HotSpot(TM) 64-Bit Server VM (25.111-b14 mixed mode windows-amd64 compressed oops)
# Problematic frame:
# C  0xffffffffa3cd5120
#
# Failed to write core dump. Minidumps are not enabled by default on client versions of Windows
#
# If you would like to submit a bug report, please visit:
#   http://bugreport.java.com/bugreport/crash.jsp
#

---------------  T H R E A D  ---------------

Current thread (0x000000001814d000):  JavaThread "AWT-EventQueue-0" [_thread_in_Java, id=5484, stack(0x0000000019b00000,0x0000000019c00000)]

siginfo: ExceptionCode=0xc0000005, ExceptionInformation=0x0000000000000008 0xffffffffa3cd5120

Registers:
RAX=0x000000001c0a1468, RBX=0x000000001c0a1468, RCX=0x00000000eb006a68, RDX=0x00000000eb006a68
RSP=0x0000000019bfb708, RBP=0x0000000019bfb768, RSI=0x00000000eb013d88, RDI=0x0000000000002113
R8 =0x0000000000000013, R9 =0x00000000c018cbb0, R10=0x0000000052a9c0c0, R11=0x00000000031542e0
R12=0x0000000000000000, R13=0x0000000019bfb718, R14=0x0000000019bfb788, R15=0x000000001814d000
RIP=0xffffffffa3cd5120, EFLAGS=0x0000000000010202

Top of Stack: (sp=0x0000000019bfb708)
0x0000000019bfb708:   0000000002cd809d 0000000002cd809d
0x0000000019bfb718:   0000000000000013 00000000eb006a68
0x0000000019bfb728:   0000000019bfb728 000000001c08912c
0x0000000019bfb738:   0000000019bfb788 000000001c08a528
0x0000000019bfb748:   000000001c32c688 000000001c089148
0x0000000019bfb758:   0000000019bfb718 0000000019bfb778
0x0000000019bfb768:   0000000019bfb7d0 0000000002cd809d
0x0000000019bfb778:   00000000eb006a68 00000000000004c1
0x0000000019bfb788:   00000000eaef4f08 0000000019bfb790
0x0000000019bfb798:   000000001c08a36b 0000000019bfb7f0
0x0000000019bfb7a8:   000000001c08a528 0000000000000000
0x0000000019bfb7b8:   000000001c08a378 0000000019bfb778
0x0000000019bfb7c8:   0000000019bfb7e0 0000000019bfb838
0x0000000019bfb7d8:   0000000002cd809d 00000000eb006a68
0x0000000019bfb7e8:   00000000000004c1 00000000eaef4f08
0x0000000019bfb7f8:   0000000019bfb7f8 000000001c08e387 

Instructions: (pc=0xffffffffa3cd5120)
0xffffffffa3cd5100:   
[error occurred during error reporting (printing registers, top of stack, instructions near pc), id 0xc0000005]

Register to memory mapping:

RAX={method} {0x000000001c0a1470} 'writeByte' '(I)V' in 'java/io/DataOutputStream'
RBX={method} {0x000000001c0a1470} 'writeByte' '(I)V' in 'java/io/DataOutputStream'
RCX=0x00000000eb006a68 is an oop
java.io.DataOutputStream 
 - klass: 'java/io/DataOutputStream'
RDX=0x00000000eb006a68 is an oop
java.io.DataOutputStream 
 - klass: 'java/io/DataOutputStream'
RSP=0x0000000019bfb708 is pointing into the stack for thread: 0x000000001814d000
RBP=0x0000000019bfb768 is pointing into the stack for thread: 0x000000001814d000
RSI=0x00000000eb013d88 is an oop
java.lang.Short 
 - klass: 'java/lang/Short'
RDI=0x0000000000002113 is an unknown value
R8 =0x0000000000000013 is an unknown value
R9 =0x00000000c018cbb0 is an oop
java.lang.Class 
 - klass: 'java/lang/Class'
R10=0x0000000052a9c0c0 is an unknown value
R11=0x00000000031542e0 is at entry_point+32 in (nmethod*)0x0000000003154150
R12=0x0000000000000000 is an unknown value
R13=0x0000000019bfb718 is pointing into the stack for thread: 0x000000001814d000
R14=0x0000000019bfb788 is pointing into the stack for thread: 0x000000001814d000
R15=0x000000001814d000 is a thread


Stack: [0x0000000019b00000,0x0000000019c00000],  sp=0x0000000019bfb708,  free space=1005k
Native frames: (J=compiled Java code, j=interpreted, Vv=VM code, C=native code)
C  0xffffffffa3cd5120


---------------  P R O C E S S  ---------------

Java Threads: ( => current thread )
  0x00000000187fe000 JavaThread "Abandoned connection cleanup thread" daemon [_thread_blocked, id=8408, stack(0x000000001bf00000,0x000000001c000000)]
  0x0000000018381000 JavaThread "Image Fetcher 0" daemon [_thread_blocked, id=1888, stack(0x000000001a930000,0x000000001aa30000)]
  0x000000001823c000 JavaThread "D3D Screen Updater" daemon [_thread_blocked, id=6448, stack(0x000000001a010000,0x000000001a110000)]
  0x0000000002bd2800 JavaThread "DestroyJavaVM" [_thread_blocked, id=4168, stack(0x0000000002ad0000,0x0000000002bd0000)]
=>0x000000001814d000 JavaThread "AWT-EventQueue-0" [_thread_in_Java, id=5484, stack(0x0000000019b00000,0x0000000019c00000)]
  0x0000000016b79000 JavaThread "AWT-Windows" daemon [_thread_in_native, id=3728, stack(0x0000000017550000,0x0000000017650000)]
  0x0000000016b75000 JavaThread "AWT-Shutdown" [_thread_blocked, id=1836, stack(0x0000000017450000,0x0000000017550000)]
  0x0000000016b74800 JavaThread "Java2D Disposer" daemon [_thread_blocked, id=3452, stack(0x0000000017350000,0x0000000017450000)]
  0x000000001680a800 JavaThread "Service Thread" daemon [_thread_blocked, id=5664, stack(0x0000000017080000,0x0000000017180000)]
  0x0000000016790000 JavaThread "C1 CompilerThread2" daemon [_thread_blocked, id=1452, stack(0x0000000016f80000,0x0000000017080000)]
  0x000000001678d800 JavaThread "C2 CompilerThread1" daemon [_thread_blocked, id=3476, stack(0x0000000016e80000,0x0000000016f80000)]
  0x00000000153f9800 JavaThread "C2 CompilerThread0" daemon [_thread_in_native, id=8052, stack(0x0000000016d80000,0x0000000016e80000)]
  0x00000000153f8800 JavaThread "Attach Listener" daemon [_thread_blocked, id=380, stack(0x0000000016c80000,0x0000000016d80000)]
  0x00000000153ac800 JavaThread "Signal Dispatcher" daemon [_thread_blocked, id=5316, stack(0x0000000016b80000,0x0000000016c80000)]
  0x000000001538a800 JavaThread "Finalizer" daemon [_thread_blocked, id=904, stack(0x0000000016600000,0x0000000016700000)]
  0x0000000002cbf800 JavaThread "Reference Handler" daemon [_thread_blocked, id=9180, stack(0x0000000016500000,0x0000000016600000)]

Other Threads:
  0x0000000015368800 VMThread [stack: 0x0000000016400000,0x0000000016500000] [id=3492]
  0x0000000016851800 WatcherThread [stack: 0x0000000017180000,0x0000000017280000] [id=6336]

VM state:not at safepoint (normal execution)

VM Mutex/Monitor currently owned by a thread: None

Heap:
 PSYoungGen      total 35328K, used 5810K [0x00000000eab00000, 0x00000000ed000000, 0x0000000100000000)
  eden space 32768K, 17% used [0x00000000eab00000,0x00000000eb0acae0,0x00000000ecb00000)
  from space 2560K, 0% used [0x00000000ecd80000,0x00000000ecd80000,0x00000000ed000000)
  to   space 2560K, 0% used [0x00000000ecb00000,0x00000000ecb00000,0x00000000ecd80000)
 ParOldGen       total 31232K, used 5942K [0x00000000c0000000, 0x00000000c1e80000, 0x00000000eab00000)
  object space 31232K, 19% used [0x00000000c0000000,0x00000000c05cd8f8,0x00000000c1e80000)
 Metaspace       used 22389K, capacity 22592K, committed 22832K, reserved 1069056K
  class space    used 2916K, capacity 3003K, committed 3120K, reserved 1048576K

Card table byte_map: [0x0000000012090000,0x00000000122a0000] byte_map_base: 0x0000000011a90000

Marking Bits: (ParMarkBitMap*) 0x0000000052aba6c0
 Begin Bits: [0x0000000012800000, 0x0000000013800000)
 End Bits:   [0x0000000013800000, 0x0000000014800000)

Polling page: 0x0000000002700000

CodeCache: size=245760Kb used=5079Kb max_used=5092Kb free=240680Kb
 bounds [0x0000000002cd0000, 0x00000000031d0000, 0x0000000011cd0000]
 total_blobs=2156 nmethods=1537 adapters=533
 compilation: enabled

Compilation events (10 events):
Event: 2.777 Thread 0x0000000016790000 nmethod 1530 0x00000000031bf390 code [0x00000000031bf500, 0x00000000031bf830]
Event: 2.777 Thread 0x0000000016790000 1531       3       sun.misc.ProxyGenerator$MethodInfo::<init> (86 bytes)
Event: 2.778 Thread 0x0000000016790000 nmethod 1531 0x00000000031bf990 code [0x00000000031bfbe0, 0x00000000031c0668]
Event: 2.778 Thread 0x0000000016790000 1532       3       sun.misc.ProxyGenerator::access$600 (5 bytes)
Event: 2.778 Thread 0x0000000016790000 nmethod 1532 0x00000000031c0cd0 code [0x00000000031c0e40, 0x00000000031c1070]
Event: 2.779 Thread 0x0000000016790000 1533       3       sun.misc.ProxyGenerator::getWordsPerType (18 bytes)
Event: 2.779 Thread 0x0000000016790000 nmethod 1533 0x00000000031c1110 code [0x00000000031c1260, 0x00000000031c1430]
Event: 2.779 Thread 0x0000000016790000 1534       3       sun.misc.ProxyGenerator$ProxyMethod::codeWrapArgument (171 bytes)
Event: 2.779 Thread 0x00000000153f9800 nmethod 1522 0x00000000031c4ad0 code [0x00000000031c4c60, 0x00000000031c56b8]
Event: 2.780 Thread 0x00000000153f9800 1535       4       sun.misc.ProxyGenerator$ConstantPool::getIndirect (67 bytes)

GC Heap History (10 events):
Event: 1.745 GC heap before
{Heap before GC invocations=1 (full 0):
 PSYoungGen      total 18944K, used 16384K [0x00000000eab00000, 0x00000000ec000000, 0x0000000100000000)
  eden space 16384K, 100% used [0x00000000eab00000,0x00000000ebb00000,0x00000000ebb00000)
  from space 2560K, 0% used [0x00000000ebd80000,0x00000000ebd80000,0x00000000ec000000)
  to   space 2560K, 0% used [0x00000000ebb00000,0x00000000ebb00000,0x00000000ebd80000)
 ParOldGen       total 44032K, used 0K [0x00000000c0000000, 0x00000000c2b00000, 0x00000000eab00000)
  object space 44032K, 0% used [0x00000000c0000000,0x00000000c0000000,0x00000000c2b00000)
 Metaspace       used 17501K, capacity 17780K, committed 17920K, reserved 1064960K
  class space    used 2399K, capacity 2488K, committed 2560K, reserved 1048576K
Event: 1.758 GC heap after
Heap after GC invocations=1 (full 0):
 PSYoungGen      total 18944K, used 2532K [0x00000000eab00000, 0x00000000ec000000, 0x0000000100000000)
  eden space 16384K, 0% used [0x00000000eab00000,0x00000000eab00000,0x00000000ebb00000)
  from space 2560K, 98% used [0x00000000ebb00000,0x00000000ebd792b8,0x00000000ebd80000)
  to   space 2560K, 0% used [0x00000000ebd80000,0x00000000ebd80000,0x00000000ec000000)
 ParOldGen       total 44032K, used 1691K [0x00000000c0000000, 0x00000000c2b00000, 0x00000000eab00000)
  object space 44032K, 3% used [0x00000000c0000000,0x00000000c01a6c38,0x00000000c2b00000)
 Metaspace       used 17501K, capacity 17780K, committed 17920K, reserved 1064960K
  class space    used 2399K, capacity 2488K, committed 2560K, reserved 1048576K
}
Event: 2.084 GC heap before
{Heap before GC invocations=2 (full 0):
 PSYoungGen      total 18944K, used 18916K [0x00000000eab00000, 0x00000000ec000000, 0x0000000100000000)
  eden space 16384K, 100% used [0x00000000eab00000,0x00000000ebb00000,0x00000000ebb00000)
  from space 2560K, 98% used [0x00000000ebb00000,0x00000000ebd792b8,0x00000000ebd80000)
  to   space 2560K, 0% used [0x00000000ebd80000,0x00000000ebd80000,0x00000000ec000000)
 ParOldGen       total 44032K, used 1691K [0x00000000c0000000, 0x00000000c2b00000, 0x00000000eab00000)
  object space 44032K, 3% used [0x00000000c0000000,0x00000000c01a6c38,0x00000000c2b00000)
 Metaspace       used 19100K, capacity 19322K, committed 19584K, reserved 1067008K
  class space    used 2579K, capacity 2682K, committed 2688K, reserved 1048576K
Event: 2.094 GC heap after
Heap after GC invocations=2 (full 0):
 PSYoungGen      total 18944K, used 2559K [0x00000000eab00000, 0x00000000ed000000, 0x0000000100000000)
  eden space 16384K, 0% used [0x00000000eab00000,0x00000000eab00000,0x00000000ebb00000)
  from space 2560K, 99% used [0x00000000ebd80000,0x00000000ebfffce8,0x00000000ec000000)
  to   space 2560K, 0% used [0x00000000ebb00000,0x00000000ebb00000,0x00000000ebd80000)
 ParOldGen       total 44032K, used 3359K [0x00000000c0000000, 0x00000000c2b00000, 0x00000000eab00000)
  object space 44032K, 7% used [0x00000000c0000000,0x00000000c0347c70,0x00000000c2b00000)
 Metaspace       used 19100K, capacity 19322K, committed 19584K, reserved 1067008K
  class space    used 2579K, capacity 2682K, committed 2688K, reserved 1048576K
}
Event: 2.195 GC heap before
{Heap before GC invocations=3 (full 0):
 PSYoungGen      total 18944K, used 18943K [0x00000000eab00000, 0x00000000ed000000, 0x0000000100000000)
  eden space 16384K, 100% used [0x00000000eab00000,0x00000000ebb00000,0x00000000ebb00000)
  from space 2560K, 99% used [0x00000000ebd80000,0x00000000ebfffce8,0x00000000ec000000)
  to   space 2560K, 0% used [0x00000000ebb00000,0x00000000ebb00000,0x00000000ebd80000)
 ParOldGen       total 44032K, used 3359K [0x00000000c0000000, 0x00000000c2b00000, 0x00000000eab00000)
  object space 44032K, 7% used [0x00000000c0000000,0x00000000c0347c70,0x00000000c2b00000)
 Metaspace       used 19252K, capacity 19520K, committed 19840K, reserved 1067008K
  class space    used 2590K, capacity 2683K, committed 2688K, reserved 1048576K
Event: 2.202 GC heap after
Heap after GC invocations=3 (full 0):
 PSYoungGen      total 18944K, used 2559K [0x00000000eab00000, 0x00000000ed000000, 0x0000000100000000)
  eden space 16384K, 0% used [0x00000000eab00000,0x00000000eab00000,0x00000000ebb00000)
  from space 2560K, 99% used [0x00000000ebb00000,0x00000000ebd7fc78,0x00000000ebd80000)
  to   space 2560K, 0% used [0x00000000ecd80000,0x00000000ecd80000,0x00000000ed000000)
 ParOldGen       total 44032K, used 3475K [0x00000000c0000000, 0x00000000c2b00000, 0x00000000eab00000)
  object space 44032K, 7% used [0x00000000c0000000,0x00000000c0364fb0,0x00000000c2b00000)
 Metaspace       used 19252K, capacity 19520K, committed 19840K, reserved 1067008K
  class space    used 2590K, capacity 2683K, committed 2688K, reserved 1048576K
}
Event: 2.414 GC heap before
{Heap before GC invocations=4 (full 0):
 PSYoungGen      total 18944K, used 15290K [0x00000000eab00000, 0x00000000ed000000, 0x0000000100000000)
  eden space 16384K, 77% used [0x00000000eab00000,0x00000000eb76ee48,0x00000000ebb00000)
  from space 2560K, 99% used [0x00000000ebb00000,0x00000000ebd7fc78,0x00000000ebd80000)
  to   space 2560K, 0% used [0x00000000ecd80000,0x00000000ecd80000,0x00000000ed000000)
 ParOldGen       total 44032K, used 3475K [0x00000000c0000000, 0x00000000c2b00000, 0x00000000eab00000)
  object space 44032K, 7% used [0x00000000c0000000,0x00000000c0364fb0,0x00000000c2b00000)
 Metaspace       used 20975K, capacity 21152K, committed 21296K, reserved 1067008K
  class space    used 2757K, capacity 2843K, committed 2864K, reserved 1048576K
Event: 2.426 GC heap after
Heap after GC invocations=4 (full 0):
 PSYoungGen      total 35328K, used 2559K [0x00000000eab00000, 0x00000000ed000000, 0x0000000100000000)
  eden space 32768K, 0% used [0x00000000eab00000,0x00000000eab00000,0x00000000ecb00000)
  from space 2560K, 99% used [0x00000000ecd80000,0x00000000ecfffc78,0x00000000ed000000)
  to   space 2560K, 0% used [0x00000000ecb00000,0x00000000ecb00000,0x00000000ecd80000)
 ParOldGen       total 44032K, used 5662K [0x00000000c0000000, 0x00000000c2b00000, 0x00000000eab00000)
  object space 44032K, 12% used [0x00000000c0000000,0x00000000c0587a88,0x00000000c2b00000)
 Metaspace       used 20975K, capacity 21152K, committed 21296K, reserved 1067008K
  class space    used 2757K, capacity 2843K, committed 2864K, reserved 1048576K
}
Event: 2.426 GC heap before
{Heap before GC invocations=5 (full 1):
 PSYoungGen      total 35328K, used 2559K [0x00000000eab00000, 0x00000000ed000000, 0x0000000100000000)
  eden space 32768K, 0% used [0x00000000eab00000,0x00000000eab00000,0x00000000ecb00000)
  from space 2560K, 99% used [0x00000000ecd80000,0x00000000ecfffc78,0x00000000ed000000)
  to   space 2560K, 0% used [0x00000000ecb00000,0x00000000ecb00000,0x00000000ecd80000)
 ParOldGen       total 44032K, used 5662K [0x00000000c0000000, 0x00000000c2b00000, 0x00000000eab00000)
  object space 44032K, 12% used [0x00000000c0000000,0x00000000c0587a88,0x00000000c2b00000)
 Metaspace       used 20975K, capacity 21152K, committed 21296K, reserved 1067008K
  class space    used 2757K, capacity 2843K, committed 2864K, reserved 1048576K
Event: 2.469 GC heap after
Heap after GC invocations=5 (full 1):
 PSYoungGen      total 35328K, used 0K [0x00000000eab00000, 0x00000000ed000000, 0x0000000100000000)
  eden space 32768K, 0% used [0x00000000eab00000,0x00000000eab00000,0x00000000ecb00000)
  from space 2560K, 0% used [0x00000000ecd80000,0x00000000ecd80000,0x00000000ed000000)
  to   space 2560K, 0% used [0x00000000ecb00000,0x00000000ecb00000,0x00000000ecd80000)
 ParOldGen       total 31232K, used 5942K [0x00000000c0000000, 0x00000000c1e80000, 0x00000000eab00000)
  object space 31232K, 19% used [0x00000000c0000000,0x00000000c05cd8f8,0x00000000c1e80000)
 Metaspace       used 20975K, capacity 21152K, committed 21296K, reserved 1067008K
  class space    used 2757K, capacity 2843K, committed 2864K, reserved 1048576K
}

Deoptimization events (10 events):
Event: 2.223 Thread 0x000000001814d000 Uncommon trap: reason=class_check action=maybe_recompile pc=0x00000000030662b8 method=java.util.HashMap.putVal(ILjava/lang/Object;Ljava/lang/Object;ZZ)Ljava/lang/Object; @ 253
Event: 2.235 Thread 0x000000001814d000 Uncommon trap: reason=class_check action=maybe_recompile pc=0x00000000030662b8 method=java.util.HashMap.putVal(ILjava/lang/Object;Ljava/lang/Object;ZZ)Ljava/lang/Object; @ 253
Event: 2.257 Thread 0x000000001814d000 Uncommon trap: reason=unstable_if action=reinterpret pc=0x00000000030ceac0 method=java.util.HashMap.getNode(ILjava/lang/Object;)Ljava/util/HashMap$Node; @ 62
Event: 2.257 Thread 0x000000001814d000 Uncommon trap: reason=bimorphic action=maybe_recompile pc=0x00000000030663a0 method=java.util.HashMap.putVal(ILjava/lang/Object;Ljava/lang/Object;ZZ)Ljava/lang/Object; @ 91
Event: 2.258 Thread 0x000000001814d000 Uncommon trap: reason=unstable_if action=reinterpret pc=0x0000000002f51e48 method=java.util.HashMap.getNode(ILjava/lang/Object;)Ljava/util/HashMap$Node; @ 62
Event: 2.258 Thread 0x000000001814d000 Uncommon trap: reason=bimorphic action=maybe_recompile pc=0x00000000030663a0 method=java.util.HashMap.putVal(ILjava/lang/Object;Ljava/lang/Object;ZZ)Ljava/lang/Object; @ 91
Event: 2.258 Thread 0x000000001814d000 Uncommon trap: reason=bimorphic action=maybe_recompile pc=0x00000000030663a0 method=java.util.HashMap.putVal(ILjava/lang/Object;Ljava/lang/Object;ZZ)Ljava/lang/Object; @ 91
Event: 2.258 Thread 0x000000001814d000 Uncommon trap: reason=bimorphic action=maybe_recompile pc=0x00000000030663a0 method=java.util.HashMap.putVal(ILjava/lang/Object;Ljava/lang/Object;ZZ)Ljava/lang/Object; @ 91
Event: 2.546 Thread 0x000000001814d000 Uncommon trap: reason=predicate action=maybe_recompile pc=0x0000000003089410 method=sun.net.www.ParseUtil.encodePath(Ljava/lang/String;Z)Ljava/lang/String; @ 36
Event: 2.729 Thread 0x000000001814d000 Uncommon trap: reason=unstable_if action=reinterpret pc=0x000000000307b73c method=sun.nio.cs.UTF_8$Decoder.decodeArrayLoop(Ljava/nio/ByteBuffer;Ljava/nio/CharBuffer;)Ljava/nio/charset/CoderResult; @ 220

Internal exceptions (10 events):
Event: 1.916 Thread 0x000000001814d000 Exception <a 'java/lang/ArrayIndexOutOfBoundsException'> (0x00000000eb227a30) thrown at [C:\re\workspace\8-2-build-windows-amd64-cygwin\jdk8u111\7883\hotspot\src\share\vm\runtime\sharedRuntime.cpp, line 605]
Event: 1.916 Thread 0x000000001814d000 Exception <a 'java/lang/ArrayIndexOutOfBoundsException'> (0x00000000eb228d98) thrown at [C:\re\workspace\8-2-build-windows-amd64-cygwin\jdk8u111\7883\hotspot\src\share\vm\runtime\sharedRuntime.cpp, line 605]
Event: 1.916 Thread 0x000000001814d000 Exception <a 'java/lang/ArrayIndexOutOfBoundsException'> (0x00000000eb22a438) thrown at [C:\re\workspace\8-2-build-windows-amd64-cygwin\jdk8u111\7883\hotspot\src\share\vm\runtime\sharedRuntime.cpp, line 605]
Event: 1.916 Thread 0x000000001814d000 Exception <a 'java/lang/ArrayIndexOutOfBoundsException'> (0x00000000eb22bec0) thrown at [C:\re\workspace\8-2-build-windows-amd64-cygwin\jdk8u111\7883\hotspot\src\share\vm\runtime\sharedRuntime.cpp, line 605]
Event: 1.916 Thread 0x000000001814d000 Exception <a 'java/lang/ArrayIndexOutOfBoundsException'> (0x00000000eb22c968) thrown at [C:\re\workspace\8-2-build-windows-amd64-cygwin\jdk8u111\7883\hotspot\src\share\vm\runtime\sharedRuntime.cpp, line 605]
Event: 1.916 Thread 0x000000001814d000 Exception <a 'java/lang/ArrayIndexOutOfBoundsException'> (0x00000000eb22d5b0) thrown at [C:\re\workspace\8-2-build-windows-amd64-cygwin\jdk8u111\7883\hotspot\src\share\vm\runtime\sharedRuntime.cpp, line 605]
Event: 1.917 Thread 0x000000001814d000 Exception <a 'java/lang/ArrayIndexOutOfBoundsException'> (0x00000000eb22e670) thrown at [C:\re\workspace\8-2-build-windows-amd64-cygwin\jdk8u111\7883\hotspot\src\share\vm\runtime\sharedRuntime.cpp, line 605]
Event: 1.917 Thread 0x000000001814d000 Exception <a 'java/lang/ArrayIndexOutOfBoundsException'> (0x00000000eb22f3a0) thrown at [C:\re\workspace\8-2-build-windows-amd64-cygwin\jdk8u111\7883\hotspot\src\share\vm\runtime\sharedRuntime.cpp, line 605]
Event: 1.917 Thread 0x000000001814d000 Exception <a 'java/lang/ArrayIndexOutOfBoundsException'> (0x00000000eb22ff60) thrown at [C:\re\workspace\8-2-build-windows-amd64-cygwin\jdk8u111\7883\hotspot\src\share\vm\runtime\sharedRuntime.cpp, line 605]
Event: 1.917 Thread 0x000000001814d000 Exception <a 'java/lang/ArrayIndexOutOfBoundsException'> (0x00000000eb230e78) thrown at [C:\re\workspace\8-2-build-windows-amd64-cygwin\jdk8u111\7883\hotspot\src\share\vm\runtime\sharedRuntime.cpp, line 605]

Events (10 events):
Event: 2.762 loading class java/lang/StringIndexOutOfBoundsException
Event: 2.762 loading class java/lang/StringIndexOutOfBoundsException done
Event: 2.763 loading class org/apache/ibatis/logging/jdbc/PreparedStatementLogger
Event: 2.763 loading class org/apache/ibatis/logging/jdbc/PreparedStatementLogger done
Event: 2.763 loading class java/lang/reflect/Proxy$Key2
Event: 2.763 loading class java/lang/reflect/Proxy$Key2 done
Event: 2.764 loading class java/sql/Ref
Event: 2.764 loading class java/sql/Ref done
Event: 2.764 loading class java/sql/RowId
Event: 2.764 loading class java/sql/RowId done


Dynamic libraries:
0x00007ff7e9cf0000 - 0x00007ff7e9d27000 	C:\Program Files\Java\jdk1.8.0_111\bin\javaw.exe
0x00007ffb2ada0000 - 0x00007ffb2af71000 	C:\Windows\SYSTEM32\ntdll.dll
0x00007ffb2a600000 - 0x00007ffb2a6ab000 	C:\Windows\System32\KERNEL32.DLL
0x00007ffb279c0000 - 0x00007ffb27bdd000 	C:\Windows\System32\KERNELBASE.dll
0x00007ffb2a6c0000 - 0x00007ffb2a762000 	C:\Windows\System32\ADVAPI32.dll
0x00007ffb2a850000 - 0x00007ffb2a8ee000 	C:\Windows\System32\msvcrt.dll
0x00007ffb29840000 - 0x00007ffb29899000 	C:\Windows\System32\sechost.dll
0x00007ffb2a990000 - 0x00007ffb2aab1000 	C:\Windows\System32\RPCRT4.dll
0x00007ffb29c10000 - 0x00007ffb29d75000 	C:\Windows\System32\USER32.dll
0x00007ffb276d0000 - 0x00007ffb276ee000 	C:\Windows\System32\win32u.dll
0x00007ffb2ac20000 - 0x00007ffb2ac54000 	C:\Windows\System32\GDI32.dll
0x00007ffb27540000 - 0x00007ffb276c2000 	C:\Windows\System32\gdi32full.dll
0x00007ffb20f30000 - 0x00007ffb211aa000 	C:\Windows\WinSxS\amd64_microsoft.windows.common-controls_6595b64144ccf1df_6.0.14393.953_none_42151e83c686086b\COMCTL32.dll
0x00007ffb2a1b0000 - 0x00007ffb2a478000 	C:\Windows\System32\combase.dll
0x00007ffb278c0000 - 0x00007ffb279b5000 	C:\Windows\System32\ucrtbase.dll
0x00007ffb27be0000 - 0x00007ffb27c4a000 	C:\Windows\System32\bcryptPrimitives.dll
0x00007ffb29970000 - 0x00007ffb2999e000 	C:\Windows\System32\IMM32.DLL
0x00000000521c0000 - 0x0000000052292000 	C:\Program Files\Java\jdk1.8.0_111\jre\bin\msvcr100.dll
0x00000000522a0000 - 0x0000000052b3a000 	C:\Program Files\Java\jdk1.8.0_111\jre\bin\server\jvm.dll
0x00007ffb2a4f0000 - 0x00007ffb2a4f8000 	C:\Windows\System32\PSAPI.DLL
0x00007ffb25680000 - 0x00007ffb256a3000 	C:\Windows\SYSTEM32\WINMM.dll
0x00007ffb22c90000 - 0x00007ffb22c9a000 	C:\Windows\SYSTEM32\VERSION.dll
0x00007ffb1f270000 - 0x00007ffb1f279000 	C:\Windows\SYSTEM32\WSOCK32.dll
0x00007ffb2a480000 - 0x00007ffb2a4ea000 	C:\Windows\System32\WS2_32.dll
0x00007ffb25540000 - 0x00007ffb2556b000 	C:\Windows\SYSTEM32\WINMMBASE.dll
0x00007ffb273a0000 - 0x00007ffb273e2000 	C:\Windows\System32\cfgmgr32.dll
0x0000000052b70000 - 0x0000000052b7f000 	C:\Program Files\Java\jdk1.8.0_111\jre\bin\verify.dll
0x0000000052190000 - 0x00000000521b9000 	C:\Program Files\Java\jdk1.8.0_111\jre\bin\java.dll
0x0000000052170000 - 0x0000000052186000 	C:\Program Files\Java\jdk1.8.0_111\jre\bin\zip.dll
0x00007ffb28330000 - 0x00007ffb29839000 	C:\Windows\System32\SHELL32.dll
0x00007ffb27c50000 - 0x00007ffb2832a000 	C:\Windows\System32\windows.storage.dll
0x00007ffb27200000 - 0x00007ffb2724c000 	C:\Windows\System32\powrprof.dll
0x00007ffb299b0000 - 0x00007ffb29a02000 	C:\Windows\System32\shlwapi.dll
0x00007ffb27270000 - 0x00007ffb2727f000 	C:\Windows\System32\kernel.appcore.dll
0x00007ffb273f0000 - 0x00007ffb27499000 	C:\Windows\System32\shcore.dll
0x00007ffb27250000 - 0x00007ffb27264000 	C:\Windows\System32\profapi.dll
0x0000000051930000 - 0x0000000051ac8000 	C:\Program Files\Java\jdk1.8.0_111\jre\bin\awt.dll
0x00007ffb2a770000 - 0x00007ffb2a82f000 	C:\Windows\System32\OLEAUT32.dll
0x00007ffb274a0000 - 0x00007ffb2753c000 	C:\Windows\System32\msvcp_win.dll
0x00007ffb257b0000 - 0x00007ffb2582a000 	C:\Windows\SYSTEM32\apphelp.dll
0x00007ffb25980000 - 0x00007ffb25a15000 	C:\Windows\system32\uxtheme.dll
0x00007ffb2aac0000 - 0x00007ffb2ac1a000 	C:\Windows\System32\MSCTF.dll
0x00007ffb25050000 - 0x00007ffb25076000 	C:\Windows\system32\dwmapi.dll
0x00007ffb2ac60000 - 0x00007ffb2ad97000 	C:\Windows\System32\ole32.dll
0x00007ffb209f0000 - 0x00007ffb20b7d000 	C:\Windows\system32\d3d9.dll
0x00007ffafcd30000 - 0x00007ffafdde6000 	C:\Windows\SYSTEM32\nvd3dumx.dll
0x00007ffb22160000 - 0x00007ffb222cc000 	C:\Program Files (x86)\NVIDIA Corporation\3D Vision\nvSCPAPI64.dll
0x00007ffb29d80000 - 0x00007ffb2a1a9000 	C:\Windows\System32\SETUPAPI.dll
0x0000000053320000 - 0x0000000053367000 	C:\Program Files\Java\jdk1.8.0_111\jre\bin\fontmanager.dll
0x0000000052150000 - 0x000000005216a000 	C:\Program Files\Java\jdk1.8.0_111\jre\bin\net.dll
0x00007ffb26ad0000 - 0x00007ffb26b2c000 	C:\Windows\system32\mswsock.dll
0x0000000052130000 - 0x0000000052141000 	C:\Program Files\Java\jdk1.8.0_111\jre\bin\nio.dll
0x00000000532d0000 - 0x0000000053312000 	C:\Program Files\Java\jdk1.8.0_111\jre\bin\t2k.dll
0x00000000532a0000 - 0x00000000532ca000 	C:\Program Files\Java\jdk1.8.0_111\jre\bin\dcpr.dll
0x00007ffb2a8f0000 - 0x00007ffb2a98f000 	C:\Windows\System32\clbcatq.dll
0x00007ffb1f590000 - 0x00007ffb1f662000 	C:\Windows\System32\IME\IMEKR\imkrtip.dll
0x00007ffb24ad0000 - 0x00007ffb24c55000 	C:\Windows\SYSTEM32\PROPSYS.dll
0x00007ffb1f430000 - 0x00007ffb1f586000 	C:\Windows\System32\IME\shared\imetip.dll
0x00007ffb25700000 - 0x00007ffb25765000 	C:\Windows\SYSTEM32\OLEACC.dll
0x00007ffb1f280000 - 0x00007ffb1f428000 	C:\Windows\SYSTEM32\DUI70.dll
0x00007ffb21210000 - 0x00007ffb21248000 	C:\Windows\System32\IME\IMEKR\imkrapi.dll
0x00007ffb211d0000 - 0x00007ffb21205000 	C:\Windows\System32\IME\shared\imjkapi.dll
0x00007ffb265a0000 - 0x00007ffb265d2000 	C:\Windows\SYSTEM32\ntmarta.dll
0x00007ffb26890000 - 0x00007ffb26931000 	C:\Windows\SYSTEM32\DNSAPI.dll
0x00007ffb299a0000 - 0x00007ffb299a8000 	C:\Windows\System32\NSI.dll
0x00007ffb26850000 - 0x00007ffb26888000 	C:\Windows\SYSTEM32\IPHLPAPI.DLL
0x00007ffb1e140000 - 0x00007ffb1e14a000 	C:\Windows\System32\rasadhlp.dll
0x00007ffb1ec50000 - 0x00007ffb1ecba000 	C:\Windows\System32\fwpuclnt.dll
0x00007ffb27140000 - 0x00007ffb2716b000 	C:\Windows\SYSTEM32\bcrypt.dll
0x00007ffb1bc00000 - 0x00007ffb1bd92000 	C:\Windows\SYSTEM32\dbghelp.dll

VM Arguments:
jvm_args: -Dfile.encoding=UTF-8 
java_command: kr.or.dgit.donghun2.Main.MainFrame
java_class_path (initial): D:\workspace_mybatis\donghun2\bin;C:\Users\SDH\.gradle\caches\modules-2\files-2.1\org.mybatis\mybatis\3.4.2\2b9a5082fe0bdb3128bab8b4b19b23ca0f3d9b38\mybatis-3.4.2.jar;C:\Users\SDH\.gradle\caches\modules-2\files-2.1\log4j\log4j\1.2.17\5af35056b4d257e4b64b9e8069c0746e8b08629f\log4j-1.2.17.jar;C:\Users\SDH\.gradle\caches\modules-2\files-2.1\mysql\mysql-connector-java\5.1.41\b0878056f15616989144d6114d36d3942321d0d1\mysql-connector-java-5.1.41.jar;C:\Users\SDH\.gradle\caches\modules-2\files-2.1\junit\junit\4.12\2973d150c0dc1fefe998f834810d68f278ea58ec\junit-4.12.jar;C:\Users\SDH\.gradle\caches\modules-2\files-2.1\org.hamcrest\hamcrest-core\1.3\42a25dc3219429f0e5d060061f71acb49bf010a0\hamcrest-core-1.3.jar;D:\workspace_mybatis\donghun2\src\main\resources\erp_myframework.jar;D:\workspace_mybatis\donghun2\lib\idw-gpl.jar;D:\workspace_mybatis\donghun2\lib\JTattoo.jar;D:\workspace_mybatis\donghun2\lib\liquidlnf.jar;D:\workspace_mybatis\donghun2\lib\quaqua.jar
Launcher Type: SUN_STANDARD

Environment Variables:
JAVA_HOME=C:\Program Files\Java\jdk1.8.0_111
PATH=C:/Program Files/Java/jdk1.8.0_111/bin/../jre/bin/server;C:/Program Files/Java/jdk1.8.0_111/bin/../jre/bin;C:/Program Files/Java/jdk1.8.0_111/bin/../jre/lib/amd64;C:\Program Files\Java\jdk1.8.0_111\bin;C:\ProgramData\Oracle\Java\javapath;C:\Program Files (x86)\NVIDIA Corporation\PhysX\Common;C:\Windows\system32;C:\Windows;C:\Windows\System32\Wbem;C:\Windows\System32\WindowsPowerShell\v1.0\;C:\Program Files\MySQL\MySQL Server 5.6\bin;C:\Program Files\Git\cmd;D:\gradle-3.4.1\bin;C:\Users\SDH\AppData\Local\Microsoft\WindowsApps;C:\Program Files\Bandizip\7z;D:\program\eclipse_java\eclipse;
USERNAME=SDH
OS=Windows_NT
PROCESSOR_IDENTIFIER=Intel64 Family 6 Model 23 Stepping 10, GenuineIntel



---------------  S Y S T E M  ---------------

OS: Windows 10.0 , 64 bit Build 14393 (10.0.14393.0)

CPU:total 4 (4 cores per cpu, 1 threads per core) family 6 model 23 stepping 10, cmov, cx8, fxsr, mmx, sse, sse2, sse3, ssse3, sse4.1, tsc

Memory: 4k page, physical 4192492k(1465420k free), swap 9697516k(4064360k free)

vm_info: Java HotSpot(TM) 64-Bit Server VM (25.111-b14) for windows-amd64 JRE (1.8.0_111-b14), built on Sep 22 2016 19:24:05 by "java_re" with MS VC++ 10.0 (VS2010)

time: Fri Apr 07 13:23:26 2017
elapsed time: 2 seconds (0d 0h 0m 2s)

