#
# A fatal error has been detected by the Java Runtime Environment:
#
#  EXCEPTION_ACCESS_VIOLATION (0xc0000005) at pc=0xffffffffa3f25120, pid=980, tid=0x000000000000279c
#
# JRE version: Java(TM) SE Runtime Environment (8.0_111-b14) (build 1.8.0_111-b14)
# Java VM: Java HotSpot(TM) 64-Bit Server VM (25.111-b14 mixed mode windows-amd64 compressed oops)
# Problematic frame:
# C  0xffffffffa3f25120
#
# Failed to write core dump. Minidumps are not enabled by default on client versions of Windows
#
# If you would like to submit a bug report, please visit:
#   http://bugreport.java.com/bugreport/crash.jsp
#

---------------  T H R E A D  ---------------

Current thread (0x00000000011ce000):  JavaThread "main" [_thread_in_Java, id=10140, stack(0x0000000001200000,0x0000000001300000)]

siginfo: ExceptionCode=0xc0000005, ExceptionInformation=0x0000000000000008 0xffffffffa3f25120

Registers:
RAX=0x0000000014ecd220, RBX=0x0000000014ecd220, RCX=0x00000000eb8a7538, RDX=0x00000000eb8a7538
RSP=0x00000000012fe2d8, RBP=0x00000000012fe338, RSI=0x000000001a689f08, RDI=0x00000000000001e8
R8 =0x000000000000003e, R9 =0x00000000eb8aa058, R10=0x0000000077cac0c0, R11=0x0000000003346c00
R12=0x0000000000000000, R13=0x00000000012fe2e8, R14=0x0000000000000000, R15=0x00000000011ce000
RIP=0xffffffffa3f25120, EFLAGS=0x0000000000010202

Top of Stack: (sp=0x00000000012fe2d8)
0x00000000012fe2d8:   0000000002f27ec0 0000000002f27ec0
0x00000000012fe2e8:   000000000000003e 00000000eb8a7538
0x00000000012fe2f8:   00000000012fe2f8 0000000014ecd682
0x00000000012fe308:   00000000012fe368 0000000014ecd8b0
0x00000000012fe318:   0000000000000000 0000000014ecd6b8
0x00000000012fe328:   00000000012fe2e8 00000000012fe368
0x00000000012fe338:   00000000012fe3b0 0000000002f2813d
0x00000000012fe348:   00000000eb8aa058 000000000000003e
0x00000000012fe358:   00000000eb8abe18 000000000000006f
0x00000000012fe368:   00000000eb8a7538 00000000012fe370
0x00000000012fe378:   0000000014c5f72c 00000000012fe400
0x00000000012fe388:   0000000014d05f78 0000000000000000
0x00000000012fe398:   0000000014c5f748 00000000012fe368
0x00000000012fe3a8:   00000000012fe400 00000000012fe448
0x00000000012fe3b8:   0000000002f27ec0 00000000eb2923f0
0x00000000012fe3c8:   0000000000000001 00000000eb8ac308 

Instructions: (pc=0xffffffffa3f25120)
0xffffffffa3f25100:   
[error occurred during error reporting (printing registers, top of stack, instructions near pc), id 0xc0000005]

Register to memory mapping:

RAX={method} {0x0000000014ecd228} 'get' '(I)Ljava/lang/reflect/Method;' in 'java/lang/Class$MethodArray'
RBX={method} {0x0000000014ecd228} 'get' '(I)Ljava/lang/reflect/Method;' in 'java/lang/Class$MethodArray'
RCX=0x00000000eb8a7538 is an oop
java.lang.Class$MethodArray 
 - klass: 'java/lang/Class$MethodArray'
RDX=0x00000000eb8a7538 is an oop
java.lang.Class$MethodArray 
 - klass: 'java/lang/Class$MethodArray'
RSP=0x00000000012fe2d8 is pointing into the stack for thread: 0x00000000011ce000
RBP=0x00000000012fe338 is pointing into the stack for thread: 0x00000000011ce000
RSI=0x000000001a689f08 is pointing into metadata
RDI=0x00000000000001e8 is an unknown value
R8 =0x000000000000003e is an unknown value
R9 =0x00000000eb8aa058 is an oop
java.lang.reflect.Method 
 - klass: 'java/lang/reflect/Method'
R10=0x0000000077cac0c0 is an unknown value
R11=0x0000000003346c00 is at entry_point+32 in (nmethod*)0x0000000003346a90
R12=0x0000000000000000 is an unknown value
R13=0x00000000012fe2e8 is pointing into the stack for thread: 0x00000000011ce000
R14=0x0000000000000000 is an unknown value
R15=0x00000000011ce000 is a thread


Stack: [0x0000000001200000,0x0000000001300000],  sp=0x00000000012fe2d8,  free space=1016k
Native frames: (J=compiled Java code, j=interpreted, Vv=VM code, C=native code)
C  0xffffffffa3f25120


---------------  P R O C E S S  ---------------

Java Threads: ( => current thread )
  0x0000000018c1d800 JavaThread "Abandoned connection cleanup thread" daemon [_thread_blocked, id=1076, stack(0x000000001a3f0000,0x000000001a4f0000)]
  0x0000000016da6000 JavaThread "AWT-Windows" daemon [_thread_in_native, id=10164, stack(0x0000000017d70000,0x0000000017e70000)]
  0x0000000016d5b000 JavaThread "Java2D Disposer" daemon [_thread_blocked, id=3480, stack(0x0000000017b70000,0x0000000017c70000)]
  0x0000000016a7b800 JavaThread "Service Thread" daemon [_thread_blocked, id=8800, stack(0x00000000175d0000,0x00000000176d0000)]
  0x0000000016a5e800 JavaThread "C1 CompilerThread2" daemon [_thread_blocked, id=5000, stack(0x00000000174d0000,0x00000000175d0000)]
  0x000000001564e000 JavaThread "C2 CompilerThread1" daemon [_thread_blocked, id=5704, stack(0x00000000173d0000,0x00000000174d0000)]
  0x0000000015639000 JavaThread "C2 CompilerThread0" daemon [_thread_blocked, id=8184, stack(0x00000000172d0000,0x00000000173d0000)]
  0x0000000015628000 JavaThread "JDWP Command Reader" daemon [_thread_in_native, id=8, stack(0x00000000171d0000,0x00000000172d0000)]
  0x0000000015626800 JavaThread "JDWP Event Helper Thread" daemon [_thread_blocked, id=2100, stack(0x00000000170d0000,0x00000000171d0000)]
  0x0000000015615000 JavaThread "JDWP Transport Listener: dt_socket" daemon [_thread_blocked, id=244, stack(0x0000000016fd0000,0x00000000170d0000)]
  0x0000000015607000 JavaThread "Attach Listener" daemon [_thread_blocked, id=1888, stack(0x0000000016ed0000,0x0000000016fd0000)]
  0x0000000016a13800 JavaThread "Signal Dispatcher" daemon [_thread_blocked, id=6952, stack(0x0000000016dd0000,0x0000000016ed0000)]
  0x00000000155da000 JavaThread "Finalizer" daemon [_thread_blocked, id=9308, stack(0x0000000016850000,0x0000000016950000)]
  0x00000000155b8800 JavaThread "Reference Handler" daemon [_thread_blocked, id=1236, stack(0x0000000016750000,0x0000000016850000)]
=>0x00000000011ce000 JavaThread "main" [_thread_in_Java, id=10140, stack(0x0000000001200000,0x0000000001300000)]

Other Threads:
  0x00000000155b7000 VMThread [stack: 0x0000000016650000,0x0000000016750000] [id=9796]
  0x0000000016ab5000 WatcherThread [stack: 0x00000000176d0000,0x00000000177d0000] [id=6968]

VM state:not at safepoint (normal execution)

VM Mutex/Monitor currently owned by a thread: None

Heap:
 PSYoungGen      total 18944K, used 16604K [0x00000000eab00000, 0x00000000ed000000, 0x0000000100000000)
  eden space 16384K, 85% used [0x00000000eab00000,0x00000000eb8b7fc8,0x00000000ebb00000)
  from space 2560K, 99% used [0x00000000ebd80000,0x00000000ebfff1a0,0x00000000ec000000)
  to   space 2560K, 0% used [0x00000000ebb00000,0x00000000ebb00000,0x00000000ebd80000)
 ParOldGen       total 44032K, used 2214K [0x00000000c0000000, 0x00000000c2b00000, 0x00000000eab00000)
  object space 44032K, 5% used [0x00000000c0000000,0x00000000c0229920,0x00000000c2b00000)
 Metaspace       used 18333K, capacity 18540K, committed 18816K, reserved 1064960K
  class space    used 2317K, capacity 2387K, committed 2432K, reserved 1048576K

Card table byte_map: [0x00000000122e0000,0x00000000124f0000] byte_map_base: 0x0000000011ce0000

Marking Bits: (ParMarkBitMap*) 0x0000000077cca6c0
 Begin Bits: [0x0000000012a50000, 0x0000000013a50000)
 End Bits:   [0x0000000013a50000, 0x0000000014a50000)

Polling page: 0x0000000000cc0000

CodeCache: size=245760Kb used=4272Kb max_used=4284Kb free=241487Kb
 bounds [0x0000000002f20000, 0x0000000003360000, 0x0000000011f20000]
 total_blobs=1715 nmethods=1203 adapters=434
 compilation: enabled

Compilation events (10 events):
Event: 2.548 Thread 0x0000000016a5e800 1197       3       java.lang.Integer::getChars (131 bytes)
Event: 2.549 Thread 0x000000001564e000 nmethod 1198 0x0000000003349b90 code [0x0000000003349ce0, 0x0000000003349dd8]
Event: 2.549 Thread 0x000000001564e000 1201       4       java.lang.reflect.Method::equals (69 bytes)
Event: 2.549 Thread 0x0000000016a5e800 nmethod 1197 0x000000000334e610 code [0x000000000334e7a0, 0x000000000334ec30]
Event: 2.549 Thread 0x0000000016a5e800 1199       3       java.lang.AbstractStringBuilder::append (62 bytes)
Event: 2.550 Thread 0x0000000016a5e800 nmethod 1199 0x000000000334d5d0 code [0x000000000334d7c0, 0x000000000334e0f8]
Event: 2.550 Thread 0x0000000016a5e800 1202       3       java.lang.Class$MethodArray::addIfNotPresent (47 bytes)
Event: 2.550 Thread 0x0000000016a5e800 nmethod 1202 0x000000000334ce50 code [0x000000000334cfe0, 0x000000000334d3f8]
Event: 2.550 Thread 0x0000000016a5e800 1203       1       java.lang.Class$MethodArray::get (7 bytes)
Event: 2.550 Thread 0x0000000016a5e800 nmethod 1203 0x000000000334cb10 code [0x000000000334cc60, 0x000000000334cd90]

GC Heap History (4 events):
Event: 1.688 GC heap before
{Heap before GC invocations=1 (full 0):
 PSYoungGen      total 18944K, used 16384K [0x00000000eab00000, 0x00000000ec000000, 0x0000000100000000)
  eden space 16384K, 100% used [0x00000000eab00000,0x00000000ebb00000,0x00000000ebb00000)
  from space 2560K, 0% used [0x00000000ebd80000,0x00000000ebd80000,0x00000000ec000000)
  to   space 2560K, 0% used [0x00000000ebb00000,0x00000000ebb00000,0x00000000ebd80000)
 ParOldGen       total 44032K, used 0K [0x00000000c0000000, 0x00000000c2b00000, 0x00000000eab00000)
  object space 44032K, 0% used [0x00000000c0000000,0x00000000c0000000,0x00000000c2b00000)
 Metaspace       used 13980K, capacity 14182K, committed 14592K, reserved 1062912K
  class space    used 1855K, capacity 1938K, committed 2048K, reserved 1048576K
Event: 1.699 GC heap after
Heap after GC invocations=1 (full 0):
 PSYoungGen      total 18944K, used 2551K [0x00000000eab00000, 0x00000000ec000000, 0x0000000100000000)
  eden space 16384K, 0% used [0x00000000eab00000,0x00000000eab00000,0x00000000ebb00000)
  from space 2560K, 99% used [0x00000000ebb00000,0x00000000ebd7df90,0x00000000ebd80000)
  to   space 2560K, 0% used [0x00000000ebd80000,0x00000000ebd80000,0x00000000ec000000)
 ParOldGen       total 44032K, used 1053K [0x00000000c0000000, 0x00000000c2b00000, 0x00000000eab00000)
  object space 44032K, 2% used [0x00000000c0000000,0x00000000c0107508,0x00000000c2b00000)
 Metaspace       used 13980K, capacity 14182K, committed 14592K, reserved 1062912K
  class space    used 1855K, capacity 1938K, committed 2048K, reserved 1048576K
}
Event: 1.990 GC heap before
{Heap before GC invocations=2 (full 0):
 PSYoungGen      total 18944K, used 18935K [0x00000000eab00000, 0x00000000ec000000, 0x0000000100000000)
  eden space 16384K, 100% used [0x00000000eab00000,0x00000000ebb00000,0x00000000ebb00000)
  from space 2560K, 99% used [0x00000000ebb00000,0x00000000ebd7df90,0x00000000ebd80000)
  to   space 2560K, 0% used [0x00000000ebd80000,0x00000000ebd80000,0x00000000ec000000)
 ParOldGen       total 44032K, used 1053K [0x00000000c0000000, 0x00000000c2b00000, 0x00000000eab00000)
  object space 44032K, 2% used [0x00000000c0000000,0x00000000c0107508,0x00000000c2b00000)
 Metaspace       used 15096K, capacity 15276K, committed 15744K, reserved 1062912K
  class space    used 1984K, capacity 2067K, committed 2176K, reserved 1048576K
Event: 2.003 GC heap after
Heap after GC invocations=2 (full 0):
 PSYoungGen      total 18944K, used 2556K [0x00000000eab00000, 0x00000000ed000000, 0x0000000100000000)
  eden space 16384K, 0% used [0x00000000eab00000,0x00000000eab00000,0x00000000ebb00000)
  from space 2560K, 99% used [0x00000000ebd80000,0x00000000ebfff1a0,0x00000000ec000000)
  to   space 2560K, 0% used [0x00000000ebb00000,0x00000000ebb00000,0x00000000ebd80000)
 ParOldGen       total 44032K, used 2214K [0x00000000c0000000, 0x00000000c2b00000, 0x00000000eab00000)
  object space 44032K, 5% used [0x00000000c0000000,0x00000000c0229920,0x00000000c2b00000)
 Metaspace       used 15096K, capacity 15276K, committed 15744K, reserved 1062912K
  class space    used 1984K, capacity 2067K, committed 2176K, reserved 1048576K
}

Deoptimization events (10 events):
Event: 2.066 Thread 0x00000000011ce000 Uncommon trap: reason=bimorphic action=maybe_recompile pc=0x00000000032968a0 method=java.util.HashMap.putVal(ILjava/lang/Object;Ljava/lang/Object;ZZ)Ljava/lang/Object; @ 91
Event: 2.067 Thread 0x00000000011ce000 Uncommon trap: reason=unstable_if action=reinterpret pc=0x000000000313a3e0 method=java.util.HashMap.getNode(ILjava/lang/Object;)Ljava/util/HashMap$Node; @ 62
Event: 2.067 Thread 0x00000000011ce000 Uncommon trap: reason=bimorphic action=maybe_recompile pc=0x00000000032968a0 method=java.util.HashMap.putVal(ILjava/lang/Object;Ljava/lang/Object;ZZ)Ljava/lang/Object; @ 91
Event: 2.067 Thread 0x00000000011ce000 Uncommon trap: reason=class_check action=maybe_recompile pc=0x000000000329685c method=java.util.HashMap.putVal(ILjava/lang/Object;Ljava/lang/Object;ZZ)Ljava/lang/Object; @ 203
Event: 2.068 Thread 0x00000000011ce000 Uncommon trap: reason=bimorphic action=maybe_recompile pc=0x00000000032968a0 method=java.util.HashMap.putVal(ILjava/lang/Object;Ljava/lang/Object;ZZ)Ljava/lang/Object; @ 91
Event: 2.068 Thread 0x00000000011ce000 Uncommon trap: reason=bimorphic action=maybe_recompile pc=0x00000000032968a0 method=java.util.HashMap.putVal(ILjava/lang/Object;Ljava/lang/Object;ZZ)Ljava/lang/Object; @ 91
Event: 2.074 Thread 0x00000000011ce000 Uncommon trap: reason=range_check action=none pc=0x00000000031fd39c method=sun.reflect.generics.parser.SignatureParser.current()C @ 34
Event: 2.074 Thread 0x00000000011ce000 Uncommon trap: reason=range_check action=none pc=0x00000000031fd39c method=sun.reflect.generics.parser.SignatureParser.current()C @ 34
Event: 2.325 Thread 0x00000000011ce000 Uncommon trap: reason=predicate action=maybe_recompile pc=0x000000000332ce14 method=sun.net.www.ParseUtil.encodePath(Ljava/lang/String;Z)Ljava/lang/String; @ 36
Event: 2.513 Thread 0x00000000011ce000 Uncommon trap: reason=bimorphic action=maybe_recompile pc=0x000000000328daf0 method=java.util.HashMap.putVal(ILjava/lang/Object;Ljava/lang/Object;ZZ)Ljava/lang/Object; @ 91

Internal exceptions (10 events):
Event: 1.731 Thread 0x00000000011ce000 Exception <a 'java/lang/ArrayIndexOutOfBoundsException'> (0x00000000eabf7370) thrown at [C:\re\workspace\8-2-build-windows-amd64-cygwin\jdk8u111\7883\hotspot\src\share\vm\runtime\sharedRuntime.cpp, line 605]
Event: 1.731 Thread 0x00000000011ce000 Exception <a 'java/lang/ArrayIndexOutOfBoundsException'> (0x00000000eabf7eb8) thrown at [C:\re\workspace\8-2-build-windows-amd64-cygwin\jdk8u111\7883\hotspot\src\share\vm\runtime\sharedRuntime.cpp, line 605]
Event: 1.732 Thread 0x00000000011ce000 Exception <a 'java/lang/ArrayIndexOutOfBoundsException': 23> (0x00000000eabf8890) thrown at [C:\re\workspace\8-2-build-windows-amd64-cygwin\jdk8u111\7883\hotspot\src\share\vm\interpreter\interpreterRuntime.cpp, line 366]
Event: 1.732 Thread 0x00000000011ce000 Exception <a 'java/lang/ArrayIndexOutOfBoundsException': 22> (0x00000000eabf95c0) thrown at [C:\re\workspace\8-2-build-windows-amd64-cygwin\jdk8u111\7883\hotspot\src\share\vm\interpreter\interpreterRuntime.cpp, line 366]
Event: 1.732 Thread 0x00000000011ce000 Exception <a 'java/lang/ArrayIndexOutOfBoundsException': 105> (0x00000000eabfadb8) thrown at [C:\re\workspace\8-2-build-windows-amd64-cygwin\jdk8u111\7883\hotspot\src\share\vm\interpreter\interpreterRuntime.cpp, line 366]
Event: 1.732 Thread 0x00000000011ce000 Exception <a 'java/lang/ArrayIndexOutOfBoundsException': 60> (0x00000000eabfc0c8) thrown at [C:\re\workspace\8-2-build-windows-amd64-cygwin\jdk8u111\7883\hotspot\src\share\vm\interpreter\interpreterRuntime.cpp, line 366]
Event: 1.735 Thread 0x00000000011ce000 Exception <a 'java/lang/ArrayIndexOutOfBoundsException': 40> (0x00000000eac1e0e0) thrown at [C:\re\workspace\8-2-build-windows-amd64-cygwin\jdk8u111\7883\hotspot\src\share\vm\interpreter\interpreterRuntime.cpp, line 366]
Event: 1.735 Thread 0x00000000011ce000 Exception <a 'java/lang/ArrayIndexOutOfBoundsException': 52> (0x00000000eac1ef88) thrown at [C:\re\workspace\8-2-build-windows-amd64-cygwin\jdk8u111\7883\hotspot\src\share\vm\interpreter\interpreterRuntime.cpp, line 366]
Event: 2.074 Thread 0x00000000011ce000 Exception <a 'java/lang/ArrayIndexOutOfBoundsException': 54> (0x00000000eb095040) thrown at [C:\re\workspace\8-2-build-windows-amd64-cygwin\jdk8u111\7883\hotspot\src\share\vm\interpreter\interpreterRuntime.cpp, line 366]
Event: 2.074 Thread 0x00000000011ce000 Exception <a 'java/lang/ArrayIndexOutOfBoundsException': 67> (0x00000000eb096088) thrown at [C:\re\workspace\8-2-build-windows-amd64-cygwin\jdk8u111\7883\hotspot\src\share\vm\interpreter\interpreterRuntime.cpp, line 366]

Events (10 events):
Event: 2.545 Thread 0x00000000011ce000 DEOPT PACKING pc=0x00000000030c68dc sp=0x00000000012fd370
Event: 2.545 Thread 0x00000000011ce000 DEOPT UNPACKING pc=0x0000000002f671bf sp=0x00000000012fd190 mode 1
Event: 2.545 Thread 0x00000000011ce000 DEOPT PACKING pc=0x00000000030c6674 sp=0x00000000012fd500
Event: 2.545 Thread 0x00000000011ce000 DEOPT UNPACKING pc=0x0000000002f671bf sp=0x00000000012fd320 mode 1
Event: 2.545 loading class java/lang/reflect/Proxy$Key2
Event: 2.545 loading class java/lang/reflect/Proxy$Key2 done
Event: 2.546 loading class java/sql/Ref
Event: 2.546 loading class java/sql/Ref done
Event: 2.546 loading class java/sql/RowId
Event: 2.546 loading class java/sql/RowId done


Dynamic libraries:
0x00007ff64dfa0000 - 0x00007ff64dfd7000 	C:\Program Files\Java\jre1.8.0_111\bin\javaw.exe
0x00007ff92dde0000 - 0x00007ff92dfb1000 	C:\Windows\SYSTEM32\ntdll.dll
0x00007ff92d900000 - 0x00007ff92d9ab000 	C:\Windows\System32\KERNEL32.DLL
0x00007ff92a330000 - 0x00007ff92a54d000 	C:\Windows\System32\KERNELBASE.dll
0x00007ff92bb90000 - 0x00007ff92bc32000 	C:\Windows\System32\ADVAPI32.dll
0x00007ff92b6c0000 - 0x00007ff92b75e000 	C:\Windows\System32\msvcrt.dll
0x00007ff92bc40000 - 0x00007ff92bc99000 	C:\Windows\System32\sechost.dll
0x00007ff92daf0000 - 0x00007ff92dc11000 	C:\Windows\System32\RPCRT4.dll
0x00007ff92b4f0000 - 0x00007ff92b655000 	C:\Windows\System32\USER32.dll
0x00007ff92aa00000 - 0x00007ff92aa1e000 	C:\Windows\System32\win32u.dll
0x00007ff92b680000 - 0x00007ff92b6b4000 	C:\Windows\System32\GDI32.dll
0x00007ff92a5a0000 - 0x00007ff92a722000 	C:\Windows\System32\gdi32full.dll
0x00007ff923f90000 - 0x00007ff92420a000 	C:\Windows\WinSxS\amd64_microsoft.windows.common-controls_6595b64144ccf1df_6.0.14393.953_none_42151e83c686086b\COMCTL32.dll
0x00007ff92d3c0000 - 0x00007ff92d688000 	C:\Windows\System32\combase.dll
0x00007ff92a900000 - 0x00007ff92a9f5000 	C:\Windows\System32\ucrtbase.dll
0x00007ff92b250000 - 0x00007ff92b2ba000 	C:\Windows\System32\bcryptPrimitives.dll
0x00007ff92bda0000 - 0x00007ff92bdce000 	C:\Windows\System32\IMM32.DLL
0x0000000050fb0000 - 0x0000000051082000 	C:\Program Files\Java\jre1.8.0_111\bin\msvcr100.dll
0x00000000774b0000 - 0x0000000077d4a000 	C:\Program Files\Java\jre1.8.0_111\bin\server\jvm.dll
0x00007ff92bde0000 - 0x00007ff92bde8000 	C:\Windows\System32\PSAPI.DLL
0x00007ff9286c0000 - 0x00007ff9286e3000 	C:\Windows\SYSTEM32\WINMM.dll
0x00007ff920d20000 - 0x00007ff920d29000 	C:\Windows\SYSTEM32\WSOCK32.dll
0x00007ff925d30000 - 0x00007ff925d3a000 	C:\Windows\SYSTEM32\VERSION.dll
0x00007ff92d690000 - 0x00007ff92d6fa000 	C:\Windows\System32\WS2_32.dll
0x00000000011d0000 - 0x00000000011fb000 	C:\Windows\SYSTEM32\WINMMBASE.dll
0x00007ff92a550000 - 0x00007ff92a592000 	C:\Windows\System32\cfgmgr32.dll
0x0000000051320000 - 0x000000005132f000 	C:\Program Files\Java\jre1.8.0_111\bin\verify.dll
0x00000000512f0000 - 0x0000000051319000 	C:\Program Files\Java\jre1.8.0_111\bin\java.dll
0x0000000050f70000 - 0x0000000050fa5000 	C:\Program Files\Java\jre1.8.0_111\bin\jdwp.dll
0x0000000050f60000 - 0x0000000050f68000 	C:\Program Files\Java\jre1.8.0_111\bin\npt.dll
0x00000000512d0000 - 0x00000000512e6000 	C:\Program Files\Java\jre1.8.0_111\bin\zip.dll
0x00007ff92bdf0000 - 0x00007ff92d2f9000 	C:\Windows\System32\SHELL32.dll
0x00007ff92ab70000 - 0x00007ff92b24a000 	C:\Windows\System32\windows.storage.dll
0x00007ff92a280000 - 0x00007ff92a2cc000 	C:\Windows\System32\powrprof.dll
0x00007ff92dc20000 - 0x00007ff92dc72000 	C:\Windows\System32\shlwapi.dll
0x00007ff92a240000 - 0x00007ff92a24f000 	C:\Windows\System32\kernel.appcore.dll
0x00007ff92b2c0000 - 0x00007ff92b369000 	C:\Windows\System32\shcore.dll
0x00007ff92a260000 - 0x00007ff92a274000 	C:\Windows\System32\profapi.dll
0x0000000050f50000 - 0x0000000050f59000 	C:\Program Files\Java\jre1.8.0_111\bin\dt_socket.dll
0x00007ff91b2a0000 - 0x00007ff91b2b6000 	C:\Windows\system32\napinsp.dll
0x00007ff91b300000 - 0x00007ff91b31a000 	C:\Windows\system32\pnrpnsp.dll
0x00007ff927cc0000 - 0x00007ff927cd8000 	C:\Windows\system32\NLAapi.dll
0x00007ff929b10000 - 0x00007ff929b6c000 	C:\Windows\System32\mswsock.dll
0x00007ff9298d0000 - 0x00007ff929971000 	C:\Windows\SYSTEM32\DNSAPI.dll
0x00007ff92b370000 - 0x00007ff92b378000 	C:\Windows\System32\NSI.dll
0x00007ff929890000 - 0x00007ff9298c8000 	C:\Windows\SYSTEM32\IPHLPAPI.DLL
0x00007ff91b320000 - 0x00007ff91b32e000 	C:\Windows\System32\winrnr.dll
0x00007ff924360000 - 0x00007ff9243ca000 	C:\Windows\System32\fwpuclnt.dll
0x00007ff92a180000 - 0x00007ff92a1ab000 	C:\Windows\SYSTEM32\bcrypt.dll
0x00007ff921c00000 - 0x00007ff921c0a000 	C:\Windows\System32\rasadhlp.dll
0x0000000050db0000 - 0x0000000050f48000 	C:\Program Files\Java\jre1.8.0_111\bin\awt.dll
0x00007ff92d300000 - 0x00007ff92d3bf000 	C:\Windows\System32\OLEAUT32.dll
0x00007ff92aad0000 - 0x00007ff92ab6c000 	C:\Windows\System32\msvcp_win.dll
0x00007ff9287f0000 - 0x00007ff92886a000 	C:\Windows\SYSTEM32\apphelp.dll
0x00007ff9289c0000 - 0x00007ff928a55000 	C:\Windows\system32\uxtheme.dll
0x00007ff92dc80000 - 0x00007ff92ddda000 	C:\Windows\System32\MSCTF.dll
0x00007ff928090000 - 0x00007ff9280b6000 	C:\Windows\system32\dwmapi.dll
0x00007ff92d9b0000 - 0x00007ff92dae7000 	C:\Windows\System32\ole32.dll
0x00007ff923050000 - 0x00007ff9231dd000 	C:\Windows\system32\d3d9.dll
0x00007ff9048d0000 - 0x00007ff905986000 	C:\Windows\SYSTEM32\nvd3dumx.dll
0x00007ff925350000 - 0x00007ff9254bc000 	C:\Program Files (x86)\NVIDIA Corporation\3D Vision\nvSCPAPI64.dll
0x00007ff92b760000 - 0x00007ff92bb89000 	C:\Windows\System32\SETUPAPI.dll
0x0000000050d60000 - 0x0000000050da7000 	C:\Program Files\Java\jre1.8.0_111\bin\fontmanager.dll
0x00000000512b0000 - 0x00000000512ca000 	C:\Program Files\Java\jre1.8.0_111\bin\net.dll
0x0000000051290000 - 0x00000000512a1000 	C:\Program Files\Java\jre1.8.0_111\bin\nio.dll
0x0000000050d10000 - 0x0000000050d52000 	C:\Program Files\Java\jre1.8.0_111\bin\t2k.dll
0x00007ff91f140000 - 0x00007ff91f2d2000 	C:\Windows\SYSTEM32\dbghelp.dll

VM Arguments:
jvm_args: -agentlib:jdwp=transport=dt_socket,suspend=y,address=localhost:55733 -Dfile.encoding=UTF-8 
java_command: kr.or.dgit.donghun2.view.CustomerView
java_class_path (initial): D:\workspace_mybatis\donghun2\bin;C:\Users\JSE\.gradle\caches\modules-2\files-2.1\org.mybatis\mybatis\3.4.2\2b9a5082fe0bdb3128bab8b4b19b23ca0f3d9b38\mybatis-3.4.2.jar;C:\Users\JSE\.gradle\caches\modules-2\files-2.1\log4j\log4j\1.2.17\5af35056b4d257e4b64b9e8069c0746e8b08629f\log4j-1.2.17.jar;C:\Users\JSE\.gradle\caches\modules-2\files-2.1\mysql\mysql-connector-java\5.1.41\b0878056f15616989144d6114d36d3942321d0d1\mysql-connector-java-5.1.41.jar;C:\Users\JSE\.gradle\caches\modules-2\files-2.1\junit\junit\4.12\2973d150c0dc1fefe998f834810d68f278ea58ec\junit-4.12.jar;C:\Users\JSE\.gradle\caches\modules-2\files-2.1\org.hamcrest\hamcrest-core\1.3\42a25dc3219429f0e5d060061f71acb49bf010a0\hamcrest-core-1.3.jar;D:\workspace_mybatis\donghun2\src\main\resources\erp_myframework.jar
Launcher Type: SUN_STANDARD

Environment Variables:
JAVA_HOME=C:\Program Files\Java\jdk1.8.0_111
PATH=C:/Program Files/Java/jre1.8.0_111/bin/server;C:/Program Files/Java/jre1.8.0_111/bin;C:/Program Files/Java/jre1.8.0_111/lib/amd64;C:\ProgramData\Oracle\Java\javapath;C:\Program Files (x86)\NVIDIA Corporation\PhysX\Common;C:\Windows\system32;C:\Windows;C:\Windows\System32\Wbem;C:\Windows\System32\WindowsPowerShell\v1.0\;C:\Program Files\Java\jdk1.8.0_111\bin;C:\Program Files\MySQL\MySQL Server 5.6\bin;C:\Program Files\Git\cmd;D:\gradle-3.4.1\bin;C:\Users\JSE\AppData\Local\Microsoft\WindowsApps;;C:\Program Files\eclipse_java;
USERNAME=JSE
OS=Windows_NT
PROCESSOR_IDENTIFIER=Intel64 Family 6 Model 23 Stepping 10, GenuineIntel



---------------  S Y S T E M  ---------------

OS: Windows 10.0 , 64 bit Build 14393 (10.0.14393.0)

CPU:total 4 (4 cores per cpu, 1 threads per core) family 6 model 23 stepping 10, cmov, cx8, fxsr, mmx, sse, sse2, sse3, ssse3, sse4.1, tsc

Memory: 4k page, physical 4192492k(1793792k free), swap 6551788k(2315044k free)

vm_info: Java HotSpot(TM) 64-Bit Server VM (25.111-b14) for windows-amd64 JRE (1.8.0_111-b14), built on Sep 22 2016 19:24:05 by "java_re" with MS VC++ 10.0 (VS2010)

time: Fri Mar 31 10:41:00 2017
elapsed time: 2 seconds (0d 0h 0m 2s)

