#
# A fatal error has been detected by the Java Runtime Environment:
#
#  EXCEPTION_ACCESS_VIOLATION (0xc0000005) at pc=0xffffffffa41b5120, pid=1936, tid=0x0000000000001ee4
#
# JRE version: Java(TM) SE Runtime Environment (8.0_111-b14) (build 1.8.0_111-b14)
# Java VM: Java HotSpot(TM) 64-Bit Server VM (25.111-b14 mixed mode windows-amd64 compressed oops)
# Problematic frame:
# C  0xffffffffa41b5120
#
# Failed to write core dump. Minidumps are not enabled by default on client versions of Windows
#
# If you would like to submit a bug report, please visit:
#   http://bugreport.java.com/bugreport/crash.jsp
#

---------------  T H R E A D  ---------------

Current thread (0x00000000030a2800):  JavaThread "main" [_thread_in_Java, id=7908, stack(0x0000000002f90000,0x0000000003090000)]

siginfo: ExceptionCode=0xc0000005, ExceptionInformation=0x0000000000000008 0xffffffffa41b5120

Registers:
RAX=0x0000000015187630, RBX=0x0000000015187630, RCX=0x00000000ebafb4a8, RDX=0x00000000ebafb4a8
RSP=0x000000000308e628, RBP=0x000000000308e688, RSI=0x0000000000000278, RDI=0x00000000000000cf
R8 =0x0000000000000077, R9 =0x0000000011f70000, R10=0x000000006e42c0c0, R11=0x00000000035cce40
R12=0x0000000000000000, R13=0x000000000308e638, R14=0x0000000000000000, R15=0x00000000030a2800
RIP=0xffffffffa41b5120, EFLAGS=0x0000000000010206

Top of Stack: (sp=0x000000000308e628)
0x000000000308e628:   00000000031b7e20 00000000031b7e20
0x000000000308e638:   0000000000000077 00000000ebafb4a8
0x000000000308e648:   000000000308e648 0000000015187ac2
0x000000000308e658:   000000000308e6b8 0000000015187cd0
0x000000000308e668:   0000000000000000 0000000015187b18
0x000000000308e678:   000000000308e638 000000000308e6b8
0x000000000308e688:   000000000308e700 00000000031b809d
0x000000000308e698:   00000000ebb00128 0000000000000077
0x000000000308e6a8:   00000000ebaffba0 000000000000006c
0x000000000308e6b8:   00000000ebafb4a8 000000000308e6c0
0x000000000308e6c8:   0000000014f0fcf4 000000000308e750
0x000000000308e6d8:   0000000014fb9528 0000000000000000
0x000000000308e6e8:   0000000014f0fd40 000000000308e6b8
0x000000000308e6f8:   000000000308e750 000000000308e798
0x000000000308e708:   00000000031b7e20 00000000eb496758
0x000000000308e718:   0000000000000001 00000000ebb00240 

Instructions: (pc=0xffffffffa41b5120)
0xffffffffa41b5100:   
[error occurred during error reporting (printing registers, top of stack, instructions near pc), id 0xc0000005]

Register to memory mapping:

RAX={method} {0x0000000015187638} 'get' '(I)Ljava/lang/reflect/Method;' in 'java/lang/Class$MethodArray'
RBX={method} {0x0000000015187638} 'get' '(I)Ljava/lang/reflect/Method;' in 'java/lang/Class$MethodArray'
RCX=0x00000000ebafb4a8 is an oop
java.lang.Class$MethodArray 
 - klass: 'java/lang/Class$MethodArray'
RDX=0x00000000ebafb4a8 is an oop
java.lang.Class$MethodArray 
 - klass: 'java/lang/Class$MethodArray'
RSP=0x000000000308e628 is pointing into the stack for thread: 0x00000000030a2800
RBP=0x000000000308e688 is pointing into the stack for thread: 0x00000000030a2800
RSI=0x0000000000000278 is an unknown value
RDI=0x00000000000000cf is an unknown value
R8 =0x0000000000000077 is an unknown value
R9 =0x0000000011f70000 is an unknown value
R10=0x000000006e42c0c0 is an unknown value
R11=0x00000000035cce40 is at entry_point+32 in (nmethod*)0x00000000035cccd0
R12=0x0000000000000000 is an unknown value
R13=0x000000000308e638 is pointing into the stack for thread: 0x00000000030a2800
R14=0x0000000000000000 is an unknown value
R15=0x00000000030a2800 is a thread


Stack: [0x0000000002f90000,0x0000000003090000],  sp=0x000000000308e628,  free space=1017k
Native frames: (J=compiled Java code, j=interpreted, Vv=VM code, C=native code)
C  0xffffffffa41b5120


---------------  P R O C E S S  ---------------

Java Threads: ( => current thread )
  0x00000000181f2800 JavaThread "Abandoned connection cleanup thread" daemon [_thread_blocked, id=6872, stack(0x000000001acd0000,0x000000001add0000)]
  0x000000001713f000 JavaThread "AWT-Windows" daemon [_thread_in_native, id=948, stack(0x0000000018620000,0x0000000018720000)]
  0x0000000017c63800 JavaThread "Java2D Disposer" daemon [_thread_blocked, id=5596, stack(0x0000000018420000,0x0000000018520000)]
  0x0000000016e11800 JavaThread "Service Thread" daemon [_thread_blocked, id=7460, stack(0x0000000017680000,0x0000000017780000)]
  0x0000000016d90000 JavaThread "C1 CompilerThread2" daemon [_thread_blocked, id=5688, stack(0x0000000017580000,0x0000000017680000)]
  0x0000000016d8b800 JavaThread "C2 CompilerThread1" daemon [_thread_blocked, id=7124, stack(0x0000000017480000,0x0000000017580000)]
  0x00000000158fa000 JavaThread "C2 CompilerThread0" daemon [_thread_blocked, id=7992, stack(0x0000000017380000,0x0000000017480000)]
  0x00000000158f8800 JavaThread "Attach Listener" daemon [_thread_blocked, id=7824, stack(0x0000000017280000,0x0000000017380000)]
  0x00000000158ac800 JavaThread "Signal Dispatcher" daemon [_thread_blocked, id=7064, stack(0x0000000017180000,0x0000000017280000)]
  0x000000001588a800 JavaThread "Finalizer" daemon [_thread_blocked, id=3580, stack(0x0000000016af0000,0x0000000016bf0000)]
  0x000000000318f800 JavaThread "Reference Handler" daemon [_thread_blocked, id=6804, stack(0x00000000169f0000,0x0000000016af0000)]
=>0x00000000030a2800 JavaThread "main" [_thread_in_Java, id=7908, stack(0x0000000002f90000,0x0000000003090000)]

Other Threads:
  0x0000000015868800 VMThread [stack: 0x00000000168f0000,0x00000000169f0000] [id=6528]
  0x0000000016e4f000 WatcherThread [stack: 0x0000000017780000,0x0000000017880000] [id=2312]

VM state:not at safepoint (normal execution)

VM Mutex/Monitor currently owned by a thread: None

Heap:
 PSYoungGen      total 35328K, used 19365K [0x00000000eab00000, 0x00000000ed000000, 0x0000000100000000)
  eden space 32768K, 51% used [0x00000000eab00000,0x00000000ebb6edc8,0x00000000ecb00000)
  from space 2560K, 99% used [0x00000000ecd80000,0x00000000ecffaa30,0x00000000ed000000)
  to   space 2560K, 0% used [0x00000000ecb00000,0x00000000ecb00000,0x00000000ecd80000)
 ParOldGen       total 44032K, used 2916K [0x00000000c0000000, 0x00000000c2b00000, 0x00000000eab00000)
  object space 44032K, 6% used [0x00000000c0000000,0x00000000c02d9208,0x00000000c2b00000)
 Metaspace       used 20709K, capacity 20920K, committed 21248K, reserved 1067008K
  class space    used 2676K, capacity 2771K, committed 2816K, reserved 1048576K

Card table byte_map: [0x0000000012570000,0x0000000012780000] byte_map_base: 0x0000000011f70000

Marking Bits: (ParMarkBitMap*) 0x000000006e44a6c0
 Begin Bits: [0x0000000012ce0000, 0x0000000013ce0000)
 End Bits:   [0x0000000013ce0000, 0x0000000014ce0000)

Polling page: 0x0000000002f70000

CodeCache: size=245760Kb used=4211Kb max_used=4230Kb free=241549Kb
 bounds [0x00000000031b0000, 0x00000000035e0000, 0x00000000121b0000]
 total_blobs=1716 nmethods=1183 adapters=447
 compilation: enabled

Compilation events (10 events):
Event: 1.830 Thread 0x0000000016d8b800 1176       4       java.lang.StringBuilder::toString (17 bytes)
Event: 1.830 Thread 0x0000000016d90000 1177       3       sun.misc.ProxyGenerator::getFieldType (65 bytes)
Event: 1.830 Thread 0x00000000158fa000 1178       4       java.lang.StringBuilder::append (8 bytes)
Event: 1.831 Thread 0x0000000016d90000 nmethod 1177 0x00000000035cb3d0 code [0x00000000035cb640, 0x00000000035cc728]
Event: 1.831 Thread 0x0000000016d90000 1179       3       java.lang.AbstractStringBuilder::append (62 bytes)
Event: 1.832 Thread 0x0000000016d90000 nmethod 1179 0x00000000035ca390 code [0x00000000035ca580, 0x00000000035caeb8]
Event: 1.832 Thread 0x0000000016d90000 1181       3       java.lang.Class$MethodArray::addIfNotPresent (47 bytes)
Event: 1.832 Thread 0x0000000016d90000 nmethod 1181 0x00000000035c9c50 code [0x00000000035c9de0, 0x00000000035ca1d8]
Event: 1.833 Thread 0x0000000016d90000 1183       1       java.lang.Class$MethodArray::get (7 bytes)
Event: 1.833 Thread 0x0000000016d90000 nmethod 1183 0x00000000035bf650 code [0x00000000035bf7a0, 0x00000000035bf8d0]

GC Heap History (4 events):
Event: 1.116 GC heap before
{Heap before GC invocations=1 (full 0):
 PSYoungGen      total 18944K, used 16384K [0x00000000eab00000, 0x00000000ec000000, 0x0000000100000000)
  eden space 16384K, 100% used [0x00000000eab00000,0x00000000ebb00000,0x00000000ebb00000)
  from space 2560K, 0% used [0x00000000ebd80000,0x00000000ebd80000,0x00000000ec000000)
  to   space 2560K, 0% used [0x00000000ebb00000,0x00000000ebb00000,0x00000000ebd80000)
 ParOldGen       total 44032K, used 0K [0x00000000c0000000, 0x00000000c2b00000, 0x00000000eab00000)
  object space 44032K, 0% used [0x00000000c0000000,0x00000000c0000000,0x00000000c2b00000)
 Metaspace       used 16278K, capacity 16466K, committed 16640K, reserved 1062912K
  class space    used 2211K, capacity 2290K, committed 2304K, reserved 1048576K
Event: 1.128 GC heap after
Heap after GC invocations=1 (full 0):
 PSYoungGen      total 18944K, used 2549K [0x00000000eab00000, 0x00000000ed000000, 0x0000000100000000)
  eden space 16384K, 0% used [0x00000000eab00000,0x00000000eab00000,0x00000000ebb00000)
  from space 2560K, 99% used [0x00000000ebb00000,0x00000000ebd7d750,0x00000000ebd80000)
  to   space 2560K, 0% used [0x00000000ecd80000,0x00000000ecd80000,0x00000000ed000000)
 ParOldGen       total 44032K, used 1672K [0x00000000c0000000, 0x00000000c2b00000, 0x00000000eab00000)
  object space 44032K, 3% used [0x00000000c0000000,0x00000000c01a20c8,0x00000000c2b00000)
 Metaspace       used 16278K, capacity 16466K, committed 16640K, reserved 1062912K
  class space    used 2211K, capacity 2290K, committed 2304K, reserved 1048576K
}
Event: 1.349 GC heap before
{Heap before GC invocations=2 (full 0):
 PSYoungGen      total 18944K, used 18933K [0x00000000eab00000, 0x00000000ed000000, 0x0000000100000000)
  eden space 16384K, 100% used [0x00000000eab00000,0x00000000ebb00000,0x00000000ebb00000)
  from space 2560K, 99% used [0x00000000ebb00000,0x00000000ebd7d750,0x00000000ebd80000)
  to   space 2560K, 0% used [0x00000000ecd80000,0x00000000ecd80000,0x00000000ed000000)
 ParOldGen       total 44032K, used 1672K [0x00000000c0000000, 0x00000000c2b00000, 0x00000000eab00000)
  object space 44032K, 3% used [0x00000000c0000000,0x00000000c01a20c8,0x00000000c2b00000)
 Metaspace       used 17499K, capacity 17720K, committed 18176K, reserved 1064960K
  class space    used 2349K, capacity 2451K, committed 2560K, reserved 1048576K
Event: 1.359 GC heap after
Heap after GC invocations=2 (full 0):
 PSYoungGen      total 35328K, used 2538K [0x00000000eab00000, 0x00000000ed000000, 0x0000000100000000)
  eden space 32768K, 0% used [0x00000000eab00000,0x00000000eab00000,0x00000000ecb00000)
  from space 2560K, 99% used [0x00000000ecd80000,0x00000000ecffaa30,0x00000000ed000000)
  to   space 2560K, 0% used [0x00000000ecb00000,0x00000000ecb00000,0x00000000ecd80000)
 ParOldGen       total 44032K, used 2916K [0x00000000c0000000, 0x00000000c2b00000, 0x00000000eab00000)
  object space 44032K, 6% used [0x00000000c0000000,0x00000000c02d9208,0x00000000c2b00000)
 Metaspace       used 17499K, capacity 17720K, committed 18176K, reserved 1064960K
  class space    used 2349K, capacity 2451K, committed 2560K, reserved 1048576K
}

Deoptimization events (10 events):
Event: 1.362 Thread 0x00000000030a2800 Uncommon trap: reason=class_check action=maybe_recompile pc=0x000000000353eacc method=java.util.HashMap.putVal(ILjava/lang/Object;Ljava/lang/Object;ZZ)Ljava/lang/Object; @ 253
Event: 1.395 Thread 0x00000000030a2800 Uncommon trap: reason=unstable_if action=reinterpret pc=0x00000000033c7d10 method=java.util.HashMap.getNode(ILjava/lang/Object;)Ljava/util/HashMap$Node; @ 62
Event: 1.395 Thread 0x00000000030a2800 Uncommon trap: reason=bimorphic action=maybe_recompile pc=0x000000000353eb6c method=java.util.HashMap.putVal(ILjava/lang/Object;Ljava/lang/Object;ZZ)Ljava/lang/Object; @ 91
Event: 1.396 Thread 0x00000000030a2800 Uncommon trap: reason=unstable_if action=reinterpret pc=0x00000000033c7064 method=java.util.HashMap.getNode(ILjava/lang/Object;)Ljava/util/HashMap$Node; @ 62
Event: 1.396 Thread 0x00000000030a2800 Uncommon trap: reason=bimorphic action=maybe_recompile pc=0x000000000353eb6c method=java.util.HashMap.putVal(ILjava/lang/Object;Ljava/lang/Object;ZZ)Ljava/lang/Object; @ 91
Event: 1.396 Thread 0x00000000030a2800 Uncommon trap: reason=class_check action=maybe_recompile pc=0x000000000353eb34 method=java.util.HashMap.putVal(ILjava/lang/Object;Ljava/lang/Object;ZZ)Ljava/lang/Object; @ 203
Event: 1.396 Thread 0x00000000030a2800 Uncommon trap: reason=bimorphic action=maybe_recompile pc=0x000000000353eb6c method=java.util.HashMap.putVal(ILjava/lang/Object;Ljava/lang/Object;ZZ)Ljava/lang/Object; @ 91
Event: 1.397 Thread 0x00000000030a2800 Uncommon trap: reason=bimorphic action=maybe_recompile pc=0x000000000353eb6c method=java.util.HashMap.putVal(ILjava/lang/Object;Ljava/lang/Object;ZZ)Ljava/lang/Object; @ 91
Event: 1.612 Thread 0x00000000030a2800 Uncommon trap: reason=predicate action=maybe_recompile pc=0x00000000034b6980 method=sun.net.www.ParseUtil.encodePath(Ljava/lang/String;Z)Ljava/lang/String; @ 36
Event: 1.797 Thread 0x00000000030a2800 Uncommon trap: reason=bimorphic action=maybe_recompile pc=0x000000000352fa4c method=java.util.HashMap.putVal(ILjava/lang/Object;Ljava/lang/Object;ZZ)Ljava/lang/Object; @ 91

Internal exceptions (10 events):
Event: 1.176 Thread 0x00000000030a2800 Exception <a 'java/lang/ArrayIndexOutOfBoundsException'> (0x00000000eae2e030) thrown at [C:\re\workspace\8-2-build-windows-amd64-cygwin\jdk8u111\7883\hotspot\src\share\vm\runtime\sharedRuntime.cpp, line 605]
Event: 1.176 Thread 0x00000000030a2800 Exception <a 'java/lang/ArrayIndexOutOfBoundsException'> (0x00000000eae2f1b0) thrown at [C:\re\workspace\8-2-build-windows-amd64-cygwin\jdk8u111\7883\hotspot\src\share\vm\runtime\sharedRuntime.cpp, line 605]
Event: 1.176 Thread 0x00000000030a2800 Exception <a 'java/lang/ArrayIndexOutOfBoundsException'> (0x00000000eae30648) thrown at [C:\re\workspace\8-2-build-windows-amd64-cygwin\jdk8u111\7883\hotspot\src\share\vm\runtime\sharedRuntime.cpp, line 605]
Event: 1.176 Thread 0x00000000030a2800 Exception <a 'java/lang/ArrayIndexOutOfBoundsException'> (0x00000000eae31ee8) thrown at [C:\re\workspace\8-2-build-windows-amd64-cygwin\jdk8u111\7883\hotspot\src\share\vm\runtime\sharedRuntime.cpp, line 605]
Event: 1.177 Thread 0x00000000030a2800 Exception <a 'java/lang/ArrayIndexOutOfBoundsException'> (0x00000000eae327a8) thrown at [C:\re\workspace\8-2-build-windows-amd64-cygwin\jdk8u111\7883\hotspot\src\share\vm\runtime\sharedRuntime.cpp, line 605]
Event: 1.177 Thread 0x00000000030a2800 Exception <a 'java/lang/ArrayIndexOutOfBoundsException'> (0x00000000eae33208) thrown at [C:\re\workspace\8-2-build-windows-amd64-cygwin\jdk8u111\7883\hotspot\src\share\vm\runtime\sharedRuntime.cpp, line 605]
Event: 1.177 Thread 0x00000000030a2800 Exception <a 'java/lang/ArrayIndexOutOfBoundsException'> (0x00000000eae340e0) thrown at [C:\re\workspace\8-2-build-windows-amd64-cygwin\jdk8u111\7883\hotspot\src\share\vm\runtime\sharedRuntime.cpp, line 605]
Event: 1.177 Thread 0x00000000030a2800 Exception <a 'java/lang/ArrayIndexOutOfBoundsException'> (0x00000000eae34c28) thrown at [C:\re\workspace\8-2-build-windows-amd64-cygwin\jdk8u111\7883\hotspot\src\share\vm\runtime\sharedRuntime.cpp, line 605]
Event: 1.177 Thread 0x00000000030a2800 Exception <a 'java/lang/ArrayIndexOutOfBoundsException'> (0x00000000eae35600) thrown at [C:\re\workspace\8-2-build-windows-amd64-cygwin\jdk8u111\7883\hotspot\src\share\vm\runtime\sharedRuntime.cpp, line 605]
Event: 1.177 Thread 0x00000000030a2800 Exception <a 'java/lang/ArrayIndexOutOfBoundsException'> (0x00000000eae36330) thrown at [C:\re\workspace\8-2-build-windows-amd64-cygwin\jdk8u111\7883\hotspot\src\share\vm\runtime\sharedRuntime.cpp, line 605]

Events (10 events):
Event: 1.827 loading class java/lang/StringIndexOutOfBoundsException
Event: 1.827 loading class java/lang/StringIndexOutOfBoundsException done
Event: 1.827 loading class org/apache/ibatis/logging/jdbc/PreparedStatementLogger
Event: 1.827 loading class org/apache/ibatis/logging/jdbc/PreparedStatementLogger done
Event: 1.828 loading class java/lang/reflect/Proxy$Key2
Event: 1.828 loading class java/lang/reflect/Proxy$Key2 done
Event: 1.829 loading class java/sql/Ref
Event: 1.829 loading class java/sql/Ref done
Event: 1.829 loading class java/sql/RowId
Event: 1.829 loading class java/sql/RowId done


Dynamic libraries:
0x00007ff756bd0000 - 0x00007ff756c07000 	C:\Program Files\Java\jdk1.8.0_111\bin\javaw.exe
0x00007ffaf21d0000 - 0x00007ffaf23a1000 	C:\Windows\SYSTEM32\ntdll.dll
0x00007ffaf1e50000 - 0x00007ffaf1efb000 	C:\Windows\System32\KERNEL32.DLL
0x00007ffaef270000 - 0x00007ffaef48d000 	C:\Windows\System32\KERNELBASE.dll
0x00007ffaefc00000 - 0x00007ffaefca2000 	C:\Windows\System32\ADVAPI32.dll
0x00007ffaef890000 - 0x00007ffaef92e000 	C:\Windows\System32\msvcrt.dll
0x00007ffaf1bc0000 - 0x00007ffaf1c19000 	C:\Windows\System32\sechost.dll
0x00007ffaf1f40000 - 0x00007ffaf2061000 	C:\Windows\System32\RPCRT4.dll
0x00007ffaf1a30000 - 0x00007ffaf1b95000 	C:\Windows\System32\USER32.dll
0x00007ffaef490000 - 0x00007ffaef4ae000 	C:\Windows\System32\win32u.dll
0x00007ffaf1f00000 - 0x00007ffaf1f34000 	C:\Windows\System32\GDI32.dll
0x00007ffaeeda0000 - 0x00007ffaeef22000 	C:\Windows\System32\gdi32full.dll
0x00007ffae84a0000 - 0x00007ffae871a000 	C:\Windows\WinSxS\amd64_microsoft.windows.common-controls_6595b64144ccf1df_6.0.14393.953_none_42151e83c686086b\COMCTL32.dll
0x00007ffaef930000 - 0x00007ffaefbf8000 	C:\Windows\System32\combase.dll
0x00007ffaef660000 - 0x00007ffaef755000 	C:\Windows\System32\ucrtbase.dll
0x00007ffaef200000 - 0x00007ffaef26a000 	C:\Windows\System32\bcryptPrimitives.dll
0x00007ffaf1c40000 - 0x00007ffaf1c6e000 	C:\Windows\System32\IMM32.DLL
0x000000006db50000 - 0x000000006dc22000 	C:\Program Files\Java\jdk1.8.0_111\jre\bin\msvcr100.dll
0x000000006dc30000 - 0x000000006e4ca000 	C:\Program Files\Java\jdk1.8.0_111\jre\bin\server\jvm.dll
0x00007ffaf1c20000 - 0x00007ffaf1c28000 	C:\Windows\System32\PSAPI.DLL
0x00007ffadb260000 - 0x00007ffadb269000 	C:\Windows\SYSTEM32\WSOCK32.dll
0x00007ffaeca80000 - 0x00007ffaecaa3000 	C:\Windows\SYSTEM32\WINMM.dll
0x00007ffaf16f0000 - 0x00007ffaf175a000 	C:\Windows\System32\WS2_32.dll
0x00007ffaea010000 - 0x00007ffaea01a000 	C:\Windows\SYSTEM32\VERSION.dll
0x00007ffaec970000 - 0x00007ffaec99b000 	C:\Windows\SYSTEM32\WINMMBASE.dll
0x00007ffaeefe0000 - 0x00007ffaef022000 	C:\Windows\System32\cfgmgr32.dll
0x000000006ef10000 - 0x000000006ef1f000 	C:\Program Files\Java\jdk1.8.0_111\jre\bin\verify.dll
0x000000006db20000 - 0x000000006db49000 	C:\Program Files\Java\jdk1.8.0_111\jre\bin\java.dll
0x000000006db00000 - 0x000000006db16000 	C:\Program Files\Java\jdk1.8.0_111\jre\bin\zip.dll
0x00007ffaf00e0000 - 0x00007ffaf15e9000 	C:\Windows\System32\SHELL32.dll
0x00007ffaee6c0000 - 0x00007ffaeed9a000 	C:\Windows\System32\windows.storage.dll
0x00007ffaee630000 - 0x00007ffaee67c000 	C:\Windows\System32\powrprof.dll
0x00007ffaf1960000 - 0x00007ffaf19b2000 	C:\Windows\System32\shlwapi.dll
0x00007ffaee6b0000 - 0x00007ffaee6bf000 	C:\Windows\System32\kernel.appcore.dll
0x00007ffaef510000 - 0x00007ffaef5b9000 	C:\Windows\System32\shcore.dll
0x00007ffaee690000 - 0x00007ffaee6a4000 	C:\Windows\System32\profapi.dll
0x000000006e840000 - 0x000000006e9d8000 	C:\Program Files\Java\jdk1.8.0_111\jre\bin\awt.dll
0x00007ffaef7d0000 - 0x00007ffaef88f000 	C:\Windows\System32\OLEAUT32.dll
0x00007ffaef5c0000 - 0x00007ffaef65c000 	C:\Windows\System32\msvcp_win.dll
0x00007ffaecbe0000 - 0x00007ffaecc5a000 	C:\Windows\SYSTEM32\apphelp.dll
0x00007ffaecdb0000 - 0x00007ffaece45000 	C:\Windows\system32\uxtheme.dll
0x00007ffaf2070000 - 0x00007ffaf21ca000 	C:\Windows\System32\MSCTF.dll
0x00007ffaec480000 - 0x00007ffaec4a6000 	C:\Windows\system32\dwmapi.dll
0x00007ffaf1c70000 - 0x00007ffaf1da7000 	C:\Windows\System32\ole32.dll
0x00007ffadd420000 - 0x00007ffadd5ad000 	C:\Windows\system32\d3d9.dll
0x00007ffac6400000 - 0x00007ffac74b6000 	C:\Windows\SYSTEM32\nvd3dumx.dll
0x00007ffae9570000 - 0x00007ffae96dc000 	C:\Program Files (x86)\NVIDIA Corporation\3D Vision\nvSCPAPI64.dll
0x00007ffaefcb0000 - 0x00007ffaf00d9000 	C:\Windows\System32\SETUPAPI.dll
0x000000006e7f0000 - 0x000000006e837000 	C:\Program Files\Java\jdk1.8.0_111\jre\bin\fontmanager.dll
0x000000006dae0000 - 0x000000006dafa000 	C:\Program Files\Java\jdk1.8.0_111\jre\bin\net.dll
0x00007ffaedf00000 - 0x00007ffaedf5c000 	C:\Windows\system32\mswsock.dll
0x000000006dac0000 - 0x000000006dad1000 	C:\Program Files\Java\jdk1.8.0_111\jre\bin\nio.dll
0x000000006e7a0000 - 0x000000006e7e2000 	C:\Program Files\Java\jdk1.8.0_111\jre\bin\t2k.dll
0x00007ffaedcc0000 - 0x00007ffaedd61000 	C:\Windows\SYSTEM32\DNSAPI.dll
0x00007ffaf1c30000 - 0x00007ffaf1c38000 	C:\Windows\System32\NSI.dll
0x00007ffaedc80000 - 0x00007ffaedcb8000 	C:\Windows\SYSTEM32\IPHLPAPI.DLL
0x00007ffae5fe0000 - 0x00007ffae5fea000 	C:\Windows\System32\rasadhlp.dll
0x00007ffae7a10000 - 0x00007ffae7a7a000 	C:\Windows\System32\fwpuclnt.dll
0x00007ffaee570000 - 0x00007ffaee59b000 	C:\Windows\SYSTEM32\bcrypt.dll
0x00007ffae2660000 - 0x00007ffae27f2000 	C:\Windows\SYSTEM32\dbghelp.dll

VM Arguments:
jvm_args: -Dfile.encoding=UTF-8 
java_command: kr.or.dgit.donghun2.Main.Main
java_class_path (initial): D:\workspace_mybatis\donghun2\bin;C:\Users\SDH\.gradle\caches\modules-2\files-2.1\org.mybatis\mybatis\3.4.2\2b9a5082fe0bdb3128bab8b4b19b23ca0f3d9b38\mybatis-3.4.2.jar;C:\Users\SDH\.gradle\caches\modules-2\files-2.1\log4j\log4j\1.2.17\5af35056b4d257e4b64b9e8069c0746e8b08629f\log4j-1.2.17.jar;C:\Users\SDH\.gradle\caches\modules-2\files-2.1\mysql\mysql-connector-java\5.1.41\b0878056f15616989144d6114d36d3942321d0d1\mysql-connector-java-5.1.41.jar;C:\Users\SDH\.gradle\caches\modules-2\files-2.1\junit\junit\4.12\2973d150c0dc1fefe998f834810d68f278ea58ec\junit-4.12.jar;C:\Users\SDH\.gradle\caches\modules-2\files-2.1\org.hamcrest\hamcrest-core\1.3\42a25dc3219429f0e5d060061f71acb49bf010a0\hamcrest-core-1.3.jar;D:\workspace_mybatis\donghun2\src\main\resources\erp_myframework.jar;D:\workspace_mybatis\donghun2\lib\idw-gpl.jar;D:\workspace_mybatis\donghun2\lib\JTattoo.jar;D:\workspace_mybatis\donghun2\lib\liquidlnf.jar;D:\workspace_mybatis\donghun2\lib\quaqua.jar
Launcher Type: SUN_STANDARD

Environment Variables:
JAVA_HOME=C:\Program Files\Java\jdk1.8.0_111
PATH=C:/Program Files/Java/jdk1.8.0_111/bin/../jre/bin/server;C:/Program Files/Java/jdk1.8.0_111/bin/../jre/bin;C:/Program Files/Java/jdk1.8.0_111/bin/../jre/lib/amd64;C:\Program Files\Java\jdk1.8.0_111\bin;C:\ProgramData\Oracle\Java\javapath;C:\Program Files (x86)\NVIDIA Corporation\PhysX\Common;C:\Windows\system32;C:\Windows;C:\Windows\System32\Wbem;C:\Windows\System32\WindowsPowerShell\v1.0\;C:\Program Files\MySQL\MySQL Server 5.6\bin;C:\Program Files\Git\cmd;D:\gradle-3.4.1\bin;C:\Users\SDH\AppData\Local\Microsoft\WindowsApps;C:\Program Files\Bandizip\7z;D:\program\eclipse_java\eclipse;
USERNAME=SDH
OS=Windows_NT
PROCESSOR_IDENTIFIER=Intel64 Family 6 Model 23 Stepping 10, GenuineIntel



---------------  S Y S T E M  ---------------

OS: Windows 10.0 , 64 bit Build 14393 (10.0.14393.0)

CPU:total 4 (4 cores per cpu, 1 threads per core) family 6 model 23 stepping 10, cmov, cx8, fxsr, mmx, sse, sse2, sse3, ssse3, sse4.1, tsc

Memory: 4k page, physical 4192492k(1714136k free), swap 9697516k(5326772k free)

vm_info: Java HotSpot(TM) 64-Bit Server VM (25.111-b14) for windows-amd64 JRE (1.8.0_111-b14), built on Sep 22 2016 19:24:05 by "java_re" with MS VC++ 10.0 (VS2010)

time: Wed Mar 29 20:27:07 2017
elapsed time: 1 seconds (0d 0h 0m 1s)

