#
# A fatal error has been detected by the Java Runtime Environment:
#
#  EXCEPTION_ACCESS_VIOLATION (0xc0000005) at pc=0xffffffffa39a5120, pid=8976, tid=0x000000000000200c
#
# JRE version: Java(TM) SE Runtime Environment (8.0_111-b14) (build 1.8.0_111-b14)
# Java VM: Java HotSpot(TM) 64-Bit Server VM (25.111-b14 mixed mode windows-amd64 compressed oops)
# Problematic frame:
# C  0xffffffffa39a5120
#
# Failed to write core dump. Minidumps are not enabled by default on client versions of Windows
#
# If you would like to submit a bug report, please visit:
#   http://bugreport.java.com/bugreport/crash.jsp
#

---------------  T H R E A D  ---------------

Current thread (0x00000000167da000):  JavaThread "AWT-EventQueue-0" [_thread_in_Java, id=8204, stack(0x0000000017370000,0x0000000017470000)]

siginfo: ExceptionCode=0xc0000005, ExceptionInformation=0x0000000000000008 0xffffffffa39a5120

Registers:
RAX=0x0000000014957178, RBX=0x0000000014957178, RCX=0x00000000eb782f10, RDX=0x00000000eb782f10
RSP=0x000000001746d378, RBP=0x000000001746d3e0, RSI=0x0000000000000168, RDI=0x0000000000003431
R8 =0x000000000000003e, R9 =0x00000000eb785a60, R10=0x000000006608c0c0, R11=0x0000000002d8d680
R12=0x0000000000000000, R13=0x000000001746d390, R14=0x0000000000000000, R15=0x00000000167da000
RIP=0xffffffffa39a5120, EFLAGS=0x0000000000010202

Top of Stack: (sp=0x000000001746d378)
0x000000001746d378:   00000000029a7e20 00000000029a7870
0x000000001746d388:   00000000029a7e20 000000000000003e
0x000000001746d398:   00000000eb782f10 000000001746d3a0
0x000000001746d3a8:   000000001495760a 000000001746d410
0x000000001746d3b8:   0000000014957818 0000000000000000
0x000000001746d3c8:   0000000014957660 000000001746d390
0x000000001746d3d8:   000000001746d410 000000001746d458
0x000000001746d3e8:   00000000029a809d 00000000eb785a60
0x000000001746d3f8:   000000000000003e 00000000eb7877e8
0x000000001746d408:   000000000000006f 00000000eb782f10
0x000000001746d418:   000000001746d418 00000000146dfcf4
0x000000001746d428:   000000001746d4a8 0000000014789528
0x000000001746d438:   0000000000000000 00000000146dfd40
0x000000001746d448:   000000001746d410 000000001746d4a8
0x000000001746d458:   000000001746d4f0 00000000029a7e20
0x000000001746d468:   00000000eb1ff6a8 0000000000000001 

Instructions: (pc=0xffffffffa39a5120)
0xffffffffa39a5100:   
[error occurred during error reporting (printing registers, top of stack, instructions near pc), id 0xc0000005]

Register to memory mapping:

RAX={method} {0x0000000014957180} 'get' '(I)Ljava/lang/reflect/Method;' in 'java/lang/Class$MethodArray'
RBX={method} {0x0000000014957180} 'get' '(I)Ljava/lang/reflect/Method;' in 'java/lang/Class$MethodArray'
RCX=0x00000000eb782f10 is an oop
java.lang.Class$MethodArray 
 - klass: 'java/lang/Class$MethodArray'
RDX=0x00000000eb782f10 is an oop
java.lang.Class$MethodArray 
 - klass: 'java/lang/Class$MethodArray'
RSP=0x000000001746d378 is pointing into the stack for thread: 0x00000000167da000
RBP=0x000000001746d3e0 is pointing into the stack for thread: 0x00000000167da000
RSI=0x0000000000000168 is an unknown value
RDI=0x0000000000003431 is an unknown value
R8 =0x000000000000003e is an unknown value
R9 =0x00000000eb785a60 is an oop
java.lang.reflect.Method 
 - klass: 'java/lang/reflect/Method'
R10=0x000000006608c0c0 is an unknown value
R11=0x0000000002d8d680 is at entry_point+32 in (nmethod*)0x0000000002d8d510
R12=0x0000000000000000 is an unknown value
R13=0x000000001746d390 is pointing into the stack for thread: 0x00000000167da000
R14=0x0000000000000000 is an unknown value
R15=0x00000000167da000 is a thread


Stack: [0x0000000017370000,0x0000000017470000],  sp=0x000000001746d378,  free space=1012k
Native frames: (J=compiled Java code, j=interpreted, Vv=VM code, C=native code)
C  0xffffffffa39a5120


---------------  P R O C E S S  ---------------

Java Threads: ( => current thread )
  0x0000000017afe000 JavaThread "Abandoned connection cleanup thread" daemon [_thread_blocked, id=3884, stack(0x000000001ade0000,0x000000001aee0000)]
  0x00000000028a0800 JavaThread "DestroyJavaVM" [_thread_blocked, id=3920, stack(0x00000000027a0000,0x00000000028a0000)]
=>0x00000000167da000 JavaThread "AWT-EventQueue-0" [_thread_in_Java, id=8204, stack(0x0000000017370000,0x0000000017470000)]
  0x00000000167d7800 JavaThread "AWT-Windows" daemon [_thread_in_native, id=4740, stack(0x00000000171b0000,0x00000000172b0000)]
  0x0000000016789800 JavaThread "AWT-Shutdown" [_thread_blocked, id=7696, stack(0x00000000170b0000,0x00000000171b0000)]
  0x0000000016789000 JavaThread "Java2D Disposer" daemon [_thread_blocked, id=5388, stack(0x0000000016fb0000,0x00000000170b0000)]
  0x0000000016474800 JavaThread "Service Thread" daemon [_thread_blocked, id=8460, stack(0x0000000016ce0000,0x0000000016de0000)]
  0x00000000150ce800 JavaThread "C1 CompilerThread2" daemon [_thread_blocked, id=5108, stack(0x0000000016be0000,0x0000000016ce0000)]
  0x00000000150ca800 JavaThread "C2 CompilerThread1" daemon [_thread_blocked, id=5176, stack(0x0000000016ae0000,0x0000000016be0000)]
  0x00000000150c4800 JavaThread "C2 CompilerThread0" daemon [_thread_blocked, id=3924, stack(0x00000000169e0000,0x0000000016ae0000)]
  0x00000000163f0800 JavaThread "Attach Listener" daemon [_thread_blocked, id=4192, stack(0x00000000168e0000,0x00000000169e0000)]
  0x000000001507e800 JavaThread "Signal Dispatcher" daemon [_thread_blocked, id=8924, stack(0x00000000167e0000,0x00000000168e0000)]
  0x000000001505a800 JavaThread "Finalizer" daemon [_thread_blocked, id=8516, stack(0x00000000162e0000,0x00000000163e0000)]
  0x000000000298f800 JavaThread "Reference Handler" daemon [_thread_blocked, id=4784, stack(0x00000000161e0000,0x00000000162e0000)]

Other Threads:
  0x0000000015038000 VMThread [stack: 0x00000000160e0000,0x00000000161e0000] [id=5448]
  0x00000000164b3000 WatcherThread [stack: 0x0000000016de0000,0x0000000016ee0000] [id=3328]

VM state:not at safepoint (normal execution)

VM Mutex/Monitor currently owned by a thread: None

Heap:
 PSYoungGen      total 35328K, used 15615K [0x00000000eab00000, 0x00000000ed000000, 0x0000000100000000)
  eden space 32768K, 39% used [0x00000000eab00000,0x00000000eb7c2618,0x00000000ecb00000)
  from space 2560K, 99% used [0x00000000ecd80000,0x00000000ecffd770,0x00000000ed000000)
  to   space 2560K, 0% used [0x00000000ecb00000,0x00000000ecb00000,0x00000000ecd80000)
 ParOldGen       total 44032K, used 2085K [0x00000000c0000000, 0x00000000c2b00000, 0x00000000eab00000)
  object space 44032K, 4% used [0x00000000c0000000,0x00000000c02097e8,0x00000000c2b00000)
 Metaspace       used 18689K, capacity 18930K, committed 19072K, reserved 1067008K
  class space    used 2308K, capacity 2386K, committed 2432K, reserved 1048576K

Card table byte_map: [0x0000000011d60000,0x0000000011f70000] byte_map_base: 0x0000000011760000

Marking Bits: (ParMarkBitMap*) 0x00000000660aa6c0
 Begin Bits: [0x00000000124d0000, 0x00000000134d0000)
 End Bits:   [0x00000000134d0000, 0x00000000144d0000)

Polling page: 0x00000000007f0000

CodeCache: size=245760Kb used=4037Kb max_used=4049Kb free=241722Kb
 bounds [0x00000000029a0000, 0x0000000002da0000, 0x00000000119a0000]
 total_blobs=1684 nmethods=1165 adapters=433
 compilation: enabled

Compilation events (10 events):
Event: 1.838 Thread 0x00000000150ce800 1160       3       java.lang.AbstractStringBuilder::append (62 bytes)
Event: 1.838 Thread 0x00000000150c4800 1162       4       java.lang.Class$MethodArray::matchesNameAndDescriptor (42 bytes)
Event: 1.838 Thread 0x00000000150ca800 nmethod 1161 0x0000000002d88bd0 code [0x0000000002d88d20, 0x0000000002d88e18]
Event: 1.839 Thread 0x00000000150ca800 1163       4       java.lang.reflect.Method::equals (69 bytes)
Event: 1.839 Thread 0x00000000150ce800 nmethod 1160 0x0000000002d94090 code [0x0000000002d94280, 0x0000000002d94bb8]
Event: 1.839 Thread 0x00000000150ce800 1164       3       java.lang.Class$MethodArray::addIfNotPresent (47 bytes)
Event: 1.839 Thread 0x00000000150ce800 nmethod 1164 0x0000000002d93950 code [0x0000000002d93ae0, 0x0000000002d93ed8]
Event: 1.839 Thread 0x00000000150ce800 1165       1       java.lang.Class$MethodArray::get (7 bytes)
Event: 1.840 Thread 0x00000000150ce800 nmethod 1165 0x0000000002d8f710 code [0x0000000002d8f860, 0x0000000002d8f990]
Event: 1.840 Thread 0x00000000150ca800 nmethod 1163 0x0000000002d8f390 code [0x0000000002d8f4e0, 0x0000000002d8f5e8]

GC Heap History (4 events):
Event: 1.069 GC heap before
{Heap before GC invocations=1 (full 0):
 PSYoungGen      total 18944K, used 16384K [0x00000000eab00000, 0x00000000ec000000, 0x0000000100000000)
  eden space 16384K, 100% used [0x00000000eab00000,0x00000000ebb00000,0x00000000ebb00000)
  from space 2560K, 0% used [0x00000000ebd80000,0x00000000ebd80000,0x00000000ec000000)
  to   space 2560K, 0% used [0x00000000ebb00000,0x00000000ebb00000,0x00000000ebd80000)
 ParOldGen       total 44032K, used 0K [0x00000000c0000000, 0x00000000c2b00000, 0x00000000eab00000)
  object space 44032K, 0% used [0x00000000c0000000,0x00000000c0000000,0x00000000c2b00000)
 Metaspace       used 14314K, capacity 14476K, committed 14720K, reserved 1062912K
  class space    used 1848K, capacity 1905K, committed 1920K, reserved 1048576K
Event: 1.080 GC heap after
Heap after GC invocations=1 (full 0):
 PSYoungGen      total 18944K, used 2535K [0x00000000eab00000, 0x00000000ed000000, 0x0000000100000000)
  eden space 16384K, 0% used [0x00000000eab00000,0x00000000eab00000,0x00000000ebb00000)
  from space 2560K, 99% used [0x00000000ebb00000,0x00000000ebd79f60,0x00000000ebd80000)
  to   space 2560K, 0% used [0x00000000ecd80000,0x00000000ecd80000,0x00000000ed000000)
 ParOldGen       total 44032K, used 1061K [0x00000000c0000000, 0x00000000c2b00000, 0x00000000eab00000)
  object space 44032K, 2% used [0x00000000c0000000,0x00000000c0109508,0x00000000c2b00000)
 Metaspace       used 14314K, capacity 14476K, committed 14720K, reserved 1062912K
  class space    used 1848K, capacity 1905K, committed 1920K, reserved 1048576K
}
Event: 1.337 GC heap before
{Heap before GC invocations=2 (full 0):
 PSYoungGen      total 18944K, used 18919K [0x00000000eab00000, 0x00000000ed000000, 0x0000000100000000)
  eden space 16384K, 100% used [0x00000000eab00000,0x00000000ebb00000,0x00000000ebb00000)
  from space 2560K, 99% used [0x00000000ebb00000,0x00000000ebd79f60,0x00000000ebd80000)
  to   space 2560K, 0% used [0x00000000ecd80000,0x00000000ecd80000,0x00000000ed000000)
 ParOldGen       total 44032K, used 1061K [0x00000000c0000000, 0x00000000c2b00000, 0x00000000eab00000)
  object space 44032K, 2% used [0x00000000c0000000,0x00000000c0109508,0x00000000c2b00000)
 Metaspace       used 15451K, capacity 15666K, committed 16000K, reserved 1062912K
  class space    used 1976K, capacity 2066K, committed 2176K, reserved 1048576K
Event: 1.347 GC heap after
Heap after GC invocations=2 (full 0):
 PSYoungGen      total 35328K, used 2549K [0x00000000eab00000, 0x00000000ed000000, 0x0000000100000000)
  eden space 32768K, 0% used [0x00000000eab00000,0x00000000eab00000,0x00000000ecb00000)
  from space 2560K, 99% used [0x00000000ecd80000,0x00000000ecffd770,0x00000000ed000000)
  to   space 2560K, 0% used [0x00000000ecb00000,0x00000000ecb00000,0x00000000ecd80000)
 ParOldGen       total 44032K, used 2085K [0x00000000c0000000, 0x00000000c2b00000, 0x00000000eab00000)
  object space 44032K, 4% used [0x00000000c0000000,0x00000000c02097e8,0x00000000c2b00000)
 Metaspace       used 15451K, capacity 15666K, committed 16000K, reserved 1062912K
  class space    used 1976K, capacity 2066K, committed 2176K, reserved 1048576K
}

Deoptimization events (10 events):
Event: 1.386 Thread 0x00000000167da000 Uncommon trap: reason=unstable_if action=reinterpret pc=0x0000000002ba8e28 method=java.util.HashMap.getNode(ILjava/lang/Object;)Ljava/util/HashMap$Node; @ 62
Event: 1.386 Thread 0x00000000167da000 Uncommon trap: reason=bimorphic action=maybe_recompile pc=0x0000000002cf0594 method=java.util.HashMap.putVal(ILjava/lang/Object;Ljava/lang/Object;ZZ)Ljava/lang/Object; @ 91
Event: 1.386 Thread 0x00000000167da000 Uncommon trap: reason=bimorphic action=maybe_recompile pc=0x0000000002cf0594 method=java.util.HashMap.putVal(ILjava/lang/Object;Ljava/lang/Object;ZZ)Ljava/lang/Object; @ 91
Event: 1.386 Thread 0x00000000167da000 Uncommon trap: reason=bimorphic action=maybe_recompile pc=0x0000000002cf0594 method=java.util.HashMap.putVal(ILjava/lang/Object;Ljava/lang/Object;ZZ)Ljava/lang/Object; @ 91
Event: 1.390 Thread 0x00000000167da000 Uncommon trap: reason=bimorphic action=maybe_recompile pc=0x0000000002ce8114 method=java.util.HashMap.putVal(ILjava/lang/Object;Ljava/lang/Object;ZZ)Ljava/lang/Object; @ 91
Event: 1.623 Thread 0x00000000167da000 Uncommon trap: reason=predicate action=maybe_recompile pc=0x0000000002cbc608 method=sun.net.www.ParseUtil.encodePath(Ljava/lang/String;Z)Ljava/lang/String; @ 36
Event: 1.801 Thread 0x00000000167da000 Uncommon trap: reason=class_check action=maybe_recompile pc=0x0000000002d2617c method=java.util.HashMap.putVal(ILjava/lang/Object;Ljava/lang/Object;ZZ)Ljava/lang/Object; @ 203
Event: 1.801 Thread 0x00000000167da000 Uncommon trap: reason=class_check action=maybe_recompile pc=0x0000000002d2617c method=java.util.HashMap.putVal(ILjava/lang/Object;Ljava/lang/Object;ZZ)Ljava/lang/Object; @ 203
Event: 1.802 Thread 0x00000000167da000 Uncommon trap: reason=class_check action=maybe_recompile pc=0x0000000002d2617c method=java.util.HashMap.putVal(ILjava/lang/Object;Ljava/lang/Object;ZZ)Ljava/lang/Object; @ 203
Event: 1.802 Thread 0x00000000167da000 Uncommon trap: reason=class_check action=maybe_recompile pc=0x0000000002d2617c method=java.util.HashMap.putVal(ILjava/lang/Object;Ljava/lang/Object;ZZ)Ljava/lang/Object; @ 203

Internal exceptions (10 events):
Event: 1.107 Thread 0x00000000167da000 Exception <a 'java/lang/ArrayIndexOutOfBoundsException'> (0x00000000eabf2d90) thrown at [C:\re\workspace\8-2-build-windows-amd64-cygwin\jdk8u111\7883\hotspot\src\share\vm\runtime\sharedRuntime.cpp, line 605]
Event: 1.107 Thread 0x00000000167da000 Exception <a 'java/lang/ArrayIndexOutOfBoundsException'> (0x00000000eabf3a00) thrown at [C:\re\workspace\8-2-build-windows-amd64-cygwin\jdk8u111\7883\hotspot\src\share\vm\runtime\sharedRuntime.cpp, line 605]
Event: 1.107 Thread 0x00000000167da000 Exception <a 'java/lang/ArrayIndexOutOfBoundsException'> (0x00000000eabf4d58) thrown at [C:\re\workspace\8-2-build-windows-amd64-cygwin\jdk8u111\7883\hotspot\src\share\vm\runtime\sharedRuntime.cpp, line 605]
Event: 1.107 Thread 0x00000000167da000 Exception <a 'java/lang/ArrayIndexOutOfBoundsException'> (0x00000000eabf5ed8) thrown at [C:\re\workspace\8-2-build-windows-amd64-cygwin\jdk8u111\7883\hotspot\src\share\vm\runtime\sharedRuntime.cpp, line 605]
Event: 1.107 Thread 0x00000000167da000 Exception <a 'java/lang/ArrayIndexOutOfBoundsException'> (0x00000000eabf7370) thrown at [C:\re\workspace\8-2-build-windows-amd64-cygwin\jdk8u111\7883\hotspot\src\share\vm\runtime\sharedRuntime.cpp, line 605]
Event: 1.107 Thread 0x00000000167da000 Exception <a 'java/lang/ArrayIndexOutOfBoundsException'> (0x00000000eabf8c10) thrown at [C:\re\workspace\8-2-build-windows-amd64-cygwin\jdk8u111\7883\hotspot\src\share\vm\runtime\sharedRuntime.cpp, line 605]
Event: 1.107 Thread 0x00000000167da000 Exception <a 'java/lang/ArrayIndexOutOfBoundsException'> (0x00000000eabf94d0) thrown at [C:\re\workspace\8-2-build-windows-amd64-cygwin\jdk8u111\7883\hotspot\src\share\vm\runtime\sharedRuntime.cpp, line 605]
Event: 1.107 Thread 0x00000000167da000 Exception <a 'java/lang/ArrayIndexOutOfBoundsException'> (0x00000000eabf9f30) thrown at [C:\re\workspace\8-2-build-windows-amd64-cygwin\jdk8u111\7883\hotspot\src\share\vm\runtime\sharedRuntime.cpp, line 605]
Event: 1.107 Thread 0x00000000167da000 Exception <a 'java/lang/ArrayIndexOutOfBoundsException'> (0x00000000eabfae08) thrown at [C:\re\workspace\8-2-build-windows-amd64-cygwin\jdk8u111\7883\hotspot\src\share\vm\runtime\sharedRuntime.cpp, line 605]
Event: 1.108 Thread 0x00000000167da000 Exception <a 'java/lang/ArrayIndexOutOfBoundsException'> (0x00000000eabfb950) thrown at [C:\re\workspace\8-2-build-windows-amd64-cygwin\jdk8u111\7883\hotspot\src\share\vm\runtime\sharedRuntime.cpp, line 605]

Events (10 events):
Event: 1.833 loading class java/lang/StringIndexOutOfBoundsException
Event: 1.833 loading class java/lang/StringIndexOutOfBoundsException done
Event: 1.834 loading class org/apache/ibatis/logging/jdbc/PreparedStatementLogger
Event: 1.834 loading class org/apache/ibatis/logging/jdbc/PreparedStatementLogger done
Event: 1.834 loading class java/lang/reflect/Proxy$Key2
Event: 1.835 loading class java/lang/reflect/Proxy$Key2 done
Event: 1.835 loading class java/sql/RowId
Event: 1.835 loading class java/sql/RowId done
Event: 1.835 loading class java/sql/Ref
Event: 1.835 loading class java/sql/Ref done


Dynamic libraries:
0x00007ff66c620000 - 0x00007ff66c657000 	C:\Program Files\Java\jdk1.8.0_111\bin\javaw.exe
0x00007ffe8dd40000 - 0x00007ffe8df11000 	C:\Windows\SYSTEM32\ntdll.dll
0x00007ffe8dc90000 - 0x00007ffe8dd3b000 	C:\Windows\System32\KERNEL32.DLL
0x00007ffe8af60000 - 0x00007ffe8b17d000 	C:\Windows\System32\KERNELBASE.dll
0x00007ffe8d9f0000 - 0x00007ffe8da92000 	C:\Windows\System32\ADVAPI32.dll
0x00007ffe8d950000 - 0x00007ffe8d9ee000 	C:\Windows\System32\msvcrt.dll
0x00007ffe8b2e0000 - 0x00007ffe8b339000 	C:\Windows\System32\sechost.dll
0x00007ffe8db60000 - 0x00007ffe8dc81000 	C:\Windows\System32\RPCRT4.dll
0x00007ffe8cde0000 - 0x00007ffe8cf45000 	C:\Windows\System32\USER32.dll
0x00007ffe8acc0000 - 0x00007ffe8acde000 	C:\Windows\System32\win32u.dll
0x00007ffe8ca00000 - 0x00007ffe8ca34000 	C:\Windows\System32\GDI32.dll
0x00007ffe8a330000 - 0x00007ffe8a4b2000 	C:\Windows\System32\gdi32full.dll
0x00007ffe84090000 - 0x00007ffe8430a000 	C:\Windows\WinSxS\amd64_microsoft.windows.common-controls_6595b64144ccf1df_6.0.14393.953_none_42151e83c686086b\COMCTL32.dll
0x00007ffe8cab0000 - 0x00007ffe8cd78000 	C:\Windows\System32\combase.dll
0x00007ffe8a230000 - 0x00007ffe8a325000 	C:\Windows\System32\ucrtbase.dll
0x00007ffe8a4c0000 - 0x00007ffe8a52a000 	C:\Windows\System32\bcryptPrimitives.dll
0x00007ffe8b340000 - 0x00007ffe8b36e000 	C:\Windows\System32\IMM32.DLL
0x0000000065460000 - 0x0000000065532000 	C:\Program Files\Java\jdk1.8.0_111\jre\bin\msvcr100.dll
0x0000000065890000 - 0x000000006612a000 	C:\Program Files\Java\jdk1.8.0_111\jre\bin\server\jvm.dll
0x00007ffe8b2d0000 - 0x00007ffe8b2d8000 	C:\Windows\System32\PSAPI.DLL
0x00007ffe88620000 - 0x00007ffe88643000 	C:\Windows\SYSTEM32\WINMM.dll
0x00007ffe85a80000 - 0x00007ffe85a8a000 	C:\Windows\SYSTEM32\VERSION.dll
0x00007ffe7c370000 - 0x00007ffe7c379000 	C:\Windows\SYSTEM32\WSOCK32.dll
0x00007ffe8d7a0000 - 0x00007ffe8d80a000 	C:\Windows\System32\WS2_32.dll
0x00007ffe88590000 - 0x00007ffe885bb000 	C:\Windows\SYSTEM32\WINMMBASE.dll
0x00007ffe8b220000 - 0x00007ffe8b262000 	C:\Windows\System32\cfgmgr32.dll
0x0000000066b20000 - 0x0000000066b2f000 	C:\Program Files\Java\jdk1.8.0_111\jre\bin\verify.dll
0x0000000066af0000 - 0x0000000066b19000 	C:\Program Files\Java\jdk1.8.0_111\jre\bin\java.dll
0x0000000066ad0000 - 0x0000000066ae6000 	C:\Program Files\Java\jdk1.8.0_111\jre\bin\zip.dll
0x00007ffe8b380000 - 0x00007ffe8c889000 	C:\Windows\System32\SHELL32.dll
0x00007ffe8a530000 - 0x00007ffe8ac0a000 	C:\Windows\System32\windows.storage.dll
0x00007ffe8a1c0000 - 0x00007ffe8a20c000 	C:\Windows\System32\powrprof.dll
0x00007ffe8d0f0000 - 0x00007ffe8d142000 	C:\Windows\System32\shlwapi.dll
0x00007ffe8a210000 - 0x00007ffe8a21f000 	C:\Windows\System32\kernel.appcore.dll
0x00007ffe8aeb0000 - 0x00007ffe8af59000 	C:\Windows\System32\shcore.dll
0x00007ffe8a1a0000 - 0x00007ffe8a1b4000 	C:\Windows\System32\profapi.dll
0x00000000652c0000 - 0x0000000065458000 	C:\Program Files\Java\jdk1.8.0_111\jre\bin\awt.dll
0x00007ffe8d150000 - 0x00007ffe8d20f000 	C:\Windows\System32\OLEAUT32.dll
0x00007ffe8b180000 - 0x00007ffe8b21c000 	C:\Windows\System32\msvcp_win.dll
0x00007ffe88740000 - 0x00007ffe887ba000 	C:\Windows\SYSTEM32\apphelp.dll
0x00007ffe88920000 - 0x00007ffe889b5000 	C:\Windows\system32\uxtheme.dll
0x00007ffe8c890000 - 0x00007ffe8c9ea000 	C:\Windows\System32\MSCTF.dll
0x00007ffe880b0000 - 0x00007ffe880d6000 	C:\Windows\system32\dwmapi.dll
0x00007ffe8d810000 - 0x00007ffe8d947000 	C:\Windows\System32\ole32.dll
0x00007ffe83700000 - 0x00007ffe8388d000 	C:\Windows\system32\d3d9.dll
0x00007ffe545d0000 - 0x00007ffe55686000 	C:\Windows\SYSTEM32\nvd3dumx.dll
0x00007ffe856f0000 - 0x00007ffe8585c000 	C:\Program Files (x86)\NVIDIA Corporation\3D Vision\nvSCPAPI64.dll
0x00007ffe8d210000 - 0x00007ffe8d639000 	C:\Windows\System32\SETUPAPI.dll
0x00007ffe84f90000 - 0x00007ffe852c6000 	C:\Windows\system32\nvapi64.dll
0x00007ffe88db0000 - 0x00007ffe88dd8000 	C:\Windows\SYSTEM32\DEVOBJ.dll
0x00007ffe8b270000 - 0x00007ffe8b2c5000 	C:\Windows\System32\WINTRUST.dll
0x00007ffe8a220000 - 0x00007ffe8a230000 	C:\Windows\System32\MSASN1.dll
0x00007ffe8ace0000 - 0x00007ffe8aea9000 	C:\Windows\System32\CRYPT32.dll
0x00007ffe89120000 - 0x00007ffe891bf000 	C:\Windows\system32\dxgi.dll
0x0000000065270000 - 0x00000000652b7000 	C:\Program Files\Java\jdk1.8.0_111\jre\bin\fontmanager.dll
0x0000000065870000 - 0x000000006588a000 	C:\Program Files\Java\jdk1.8.0_111\jre\bin\net.dll
0x00007ffe89a70000 - 0x00007ffe89acc000 	C:\Windows\system32\mswsock.dll
0x0000000065850000 - 0x0000000065861000 	C:\Program Files\Java\jdk1.8.0_111\jre\bin\nio.dll
0x0000000065220000 - 0x0000000065262000 	C:\Program Files\Java\jdk1.8.0_111\jre\bin\t2k.dll
0x00007ffe89830000 - 0x00007ffe898d1000 	C:\Windows\SYSTEM32\DNSAPI.dll
0x00007ffe8c9f0000 - 0x00007ffe8c9f8000 	C:\Windows\System32\NSI.dll
0x00007ffe897f0000 - 0x00007ffe89828000 	C:\Windows\SYSTEM32\IPHLPAPI.DLL
0x0000000066dd0000 - 0x0000000066df6000 	C:\Program Files\Bonjour\mdnsNSP.dll
0x00007ffe819f0000 - 0x00007ffe819fa000 	C:\Windows\System32\rasadhlp.dll
0x00007ffe83890000 - 0x00007ffe838fa000 	C:\Windows\System32\fwpuclnt.dll
0x00007ffe8a0d0000 - 0x00007ffe8a0fb000 	C:\Windows\SYSTEM32\bcrypt.dll
0x00007ffe7e5d0000 - 0x00007ffe7e762000 	C:\Windows\SYSTEM32\dbghelp.dll

VM Arguments:
jvm_args: -Dfile.encoding=UTF-8 
java_command: kr.or.dgit.donghun2.view.EmployeeView
java_class_path (initial): D:\workspace_sql\workspace_mybatis\donghun2\bin;C:\Users\SJW\.gradle\caches\modules-2\files-2.1\org.mybatis\mybatis\3.4.2\2b9a5082fe0bdb3128bab8b4b19b23ca0f3d9b38\mybatis-3.4.2.jar;C:\Users\SJW\.gradle\caches\modules-2\files-2.1\log4j\log4j\1.2.17\5af35056b4d257e4b64b9e8069c0746e8b08629f\log4j-1.2.17.jar;C:\Users\SJW\.gradle\caches\modules-2\files-2.1\mysql\mysql-connector-java\5.1.41\b0878056f15616989144d6114d36d3942321d0d1\mysql-connector-java-5.1.41.jar;C:\Users\SJW\.gradle\caches\modules-2\files-2.1\junit\junit\4.12\2973d150c0dc1fefe998f834810d68f278ea58ec\junit-4.12.jar;C:\Users\SJW\.gradle\caches\modules-2\files-2.1\org.hamcrest\hamcrest-core\1.3\42a25dc3219429f0e5d060061f71acb49bf010a0\hamcrest-core-1.3.jar;D:\workspace_sql\workspace_mybatis\donghun2\src\main\resources\erp_myframework.jar
Launcher Type: SUN_STANDARD

Environment Variables:
JAVA_HOME=C:\Program Files\Java\jdk1.8.0_111
PATH=C:/Program Files/Java/jdk1.8.0_111/bin/../jre/bin/server;C:/Program Files/Java/jdk1.8.0_111/bin/../jre/bin;C:/Program Files/Java/jdk1.8.0_111/bin/../jre/lib/amd64;C:\Program Files\Java\jdk1.8.0_111\bin;C:\ProgramData\Oracle\Java\javapath;C:\Program Files (x86)\NVIDIA Corporation\PhysX\Common;C:\Windows\system32;C:\Windows;C:\Windows\System32\Wbem;C:\Windows\System32\WindowsPowerShell\v1.0\;C:\Program Files\MySQL\MySQL Server 5.6\bin;C:\Program Files\Git\cmd;D:\gradle-3.4.1\bin;C:\Users\SJW\AppData\Local\Microsoft\WindowsApps;C:\Program Files\Bandizip\7z;C:\eclipse_java;
USERNAME=SJW
OS=Windows_NT
PROCESSOR_IDENTIFIER=Intel64 Family 6 Model 23 Stepping 10, GenuineIntel



---------------  S Y S T E M  ---------------

OS: Windows 10.0 , 64 bit Build 14393 (10.0.14393.0)

CPU:total 4 (4 cores per cpu, 1 threads per core) family 6 model 23 stepping 10, cmov, cx8, fxsr, mmx, sse, sse2, sse3, ssse3, sse4.1, tsc

Memory: 4k page, physical 4192492k(1117776k free), swap 6433400k(966556k free)

vm_info: Java HotSpot(TM) 64-Bit Server VM (25.111-b14) for windows-amd64 JRE (1.8.0_111-b14), built on Sep 22 2016 19:24:05 by "java_re" with MS VC++ 10.0 (VS2010)

time: Tue Mar 28 10:26:07 2017
elapsed time: 1 seconds (0d 0h 0m 1s)

