#
# A fatal error has been detected by the Java Runtime Environment:
#
#  EXCEPTION_ACCESS_VIOLATION (0xc0000005) at pc=0xffffffffa4585120, pid=5088, tid=0x0000000000000544
#
# JRE version: Java(TM) SE Runtime Environment (8.0_111-b14) (build 1.8.0_111-b14)
# Java VM: Java HotSpot(TM) 64-Bit Server VM (25.111-b14 mixed mode windows-amd64 compressed oops)
# Problematic frame:
# C  0xffffffffa4585120
#
# Failed to write core dump. Minidumps are not enabled by default on client versions of Windows
#
# If you would like to submit a bug report, please visit:
#   http://bugreport.java.com/bugreport/crash.jsp
#

---------------  T H R E A D  ---------------

Current thread (0x0000000017cf3800):  JavaThread "AWT-EventQueue-0" [_thread_in_Java, id=1348, stack(0x000000001a340000,0x000000001a440000)]

siginfo: ExceptionCode=0xc0000005, ExceptionInformation=0x0000000000000008 0xffffffffa4585120

Registers:
RAX=0x0000000000000001, RBX=0x000000001531f460, RCX=0x00000000eaca2028, RDX=0x00000000eaca2028
RSP=0x000000001a43c208, RBP=0x000000001a43c2b8, RSI=0x00000000eaca2028, RDI=0x000000001bc780f0
R8 =0x0000000000000000, R9 =0x00000000eacf1b40, R10=0x00000000626dc0c0, R11=0x00000000038942e0
R12=0x0000000000000000, R13=0x000000001a43c268, R14=0x000000001a43c300, R15=0x0000000017cf3800
RIP=0xffffffffa4585120, EFLAGS=0x0000000000010202

Top of Stack: (sp=0x000000001a43c208)
0x000000001a43c208:   000000000389441c 000000001a43c270
0x000000001a43c218:   000000001bc75b28 000000001bc7a0f8
0x000000001a43c228:   000000001bc75ab8 0000000000000001
0x000000001a43c238:   00000000eaca2028 00000000eacf1b28
0x000000001a43c248:   0000000003587ae0 000000001a43c2b8
0x000000001a43c258:   000000000358809d 000000000358809d
0x000000001a43c268:   0000000000000000 00000000eaca2028
0x000000001a43c278:   000000001a43c278 000000001bc75858
0x000000001a43c288:   000000001a43c300 000000001bc75b28
0x000000001a43c298:   000000001bc79b18 000000001bc75908
0x000000001a43c2a8:   000000001a43c268 000000001a43c2f8
0x000000001a43c2b8:   000000001a43c348 000000000358809d
0x000000001a43c2c8:   0000000000000008 0000000000000000
0x000000001a43c2d8:   000000000000105b 00000000000082db
0x000000001a43c2e8:   00000000ffffffff 0000000000000001
0x000000001a43c2f8:   00000000eacf1b70 00000000eaca1fe0 

Instructions: (pc=0xffffffffa4585120)
0xffffffffa4585100:   
[error occurred during error reporting (printing registers, top of stack, instructions near pc), id 0xc0000005]

Register to memory mapping:

RAX=0x0000000000000001 is an unknown value
RBX={method} {0x000000001531f468} 'setLength' '(I)V' in 'java/lang/StringBuffer'
RCX=0x00000000eaca2028 is an oop
java.lang.StringBuffer 
 - klass: 'java/lang/StringBuffer'
RDX=0x00000000eaca2028 is an oop
java.lang.StringBuffer 
 - klass: 'java/lang/StringBuffer'
RSP=0x000000001a43c208 is pointing into the stack for thread: 0x0000000017cf3800
RBP=0x000000001a43c2b8 is pointing into the stack for thread: 0x0000000017cf3800
RSI=0x00000000eaca2028 is an oop
java.lang.StringBuffer 
 - klass: 'java/lang/StringBuffer'
RDI=0x000000001bc780f0 is pointing into metadata
R8 =0x0000000000000000 is an unknown value
R9 =0x00000000eacf1b40 is an oop
[C 
 - klass: {type array char}
 - length: 1
R10=0x00000000626dc0c0 is an unknown value
R11=0x00000000038942e0 is at entry_point+32 in (nmethod*)0x0000000003894150
R12=0x0000000000000000 is an unknown value
R13=0x000000001a43c268 is pointing into the stack for thread: 0x0000000017cf3800
R14=0x000000001a43c300 is pointing into the stack for thread: 0x0000000017cf3800
R15=0x0000000017cf3800 is a thread


Stack: [0x000000001a340000,0x000000001a440000],  sp=0x000000001a43c208,  free space=1008k
Native frames: (J=compiled Java code, j=interpreted, Vv=VM code, C=native code)
C  0xffffffffa4585120


---------------  P R O C E S S  ---------------

Java Threads: ( => current thread )
  0x0000000017f0a800 JavaThread "Image Fetcher 0" daemon [_thread_blocked, id=7500, stack(0x000000001b6e0000,0x000000001b7e0000)]
  0x0000000017dd5000 JavaThread "D3D Screen Updater" daemon [_thread_blocked, id=1068, stack(0x000000001a9f0000,0x000000001aaf0000)]
  0x0000000003482800 JavaThread "DestroyJavaVM" [_thread_blocked, id=7036, stack(0x0000000003380000,0x0000000003480000)]
=>0x0000000017cf3800 JavaThread "AWT-EventQueue-0" [_thread_in_Java, id=1348, stack(0x000000001a340000,0x000000001a440000)]
  0x0000000017391000 JavaThread "AWT-Windows" daemon [_thread_in_native, id=1532, stack(0x0000000018590000,0x0000000018690000)]
  0x0000000017bd3800 JavaThread "AWT-Shutdown" [_thread_blocked, id=1460, stack(0x0000000018490000,0x0000000018590000)]
  0x0000000017bd3000 JavaThread "Java2D Disposer" daemon [_thread_blocked, id=6904, stack(0x0000000018390000,0x0000000018490000)]
  0x0000000017050000 JavaThread "Service Thread" daemon [_thread_blocked, id=1708, stack(0x00000000178c0000,0x00000000179c0000)]
  0x0000000016fcb000 JavaThread "C1 CompilerThread2" daemon [_thread_blocked, id=4056, stack(0x00000000177c0000,0x00000000178c0000)]
  0x0000000015cad800 JavaThread "C2 CompilerThread1" daemon [_thread_blocked, id=5056, stack(0x00000000176c0000,0x00000000177c0000)]
  0x0000000015caa800 JavaThread "C2 CompilerThread0" daemon [_thread_blocked, id=7236, stack(0x00000000175c0000,0x00000000176c0000)]
  0x0000000016fc8800 JavaThread "Attach Listener" daemon [_thread_blocked, id=1384, stack(0x00000000174c0000,0x00000000175c0000)]
  0x0000000015c5f000 JavaThread "Signal Dispatcher" daemon [_thread_blocked, id=5880, stack(0x00000000173c0000,0x00000000174c0000)]
  0x0000000015c39000 JavaThread "Finalizer" daemon [_thread_blocked, id=7972, stack(0x0000000016ec0000,0x0000000016fc0000)]
  0x0000000003571000 JavaThread "Reference Handler" daemon [_thread_blocked, id=1932, stack(0x0000000016dc0000,0x0000000016ec0000)]

Other Threads:
  0x0000000015c17800 VMThread [stack: 0x0000000016cc0000,0x0000000016dc0000] [id=7080]
  0x00000000170a6000 WatcherThread [stack: 0x00000000179c0000,0x0000000017ac0000] [id=5576]

VM state:not at safepoint (normal execution)

VM Mutex/Monitor currently owned by a thread: None

Heap:
 PSYoungGen      total 18944K, used 4882K [0x00000000eab00000, 0x00000000ec000000, 0x0000000100000000)
  eden space 16384K, 14% used [0x00000000eab00000,0x00000000ead4b558,0x00000000ebb00000)
  from space 2560K, 98% used [0x00000000ebb00000,0x00000000ebd792a8,0x00000000ebd80000)
  to   space 2560K, 0% used [0x00000000ebd80000,0x00000000ebd80000,0x00000000ec000000)
 ParOldGen       total 44032K, used 1659K [0x00000000c0000000, 0x00000000c2b00000, 0x00000000eab00000)
  object space 44032K, 3% used [0x00000000c0000000,0x00000000c019ec68,0x00000000c2b00000)
 Metaspace       used 17890K, capacity 18086K, committed 18432K, reserved 1064960K
  class space    used 2452K, capacity 2522K, committed 2560K, reserved 1048576K

Card table byte_map: [0x0000000012940000,0x0000000012b50000] byte_map_base: 0x0000000012340000

Marking Bits: (ParMarkBitMap*) 0x00000000626fa6c0
 Begin Bits: [0x00000000130b0000, 0x00000000140b0000)
 End Bits:   [0x00000000140b0000, 0x00000000150b0000)

Polling page: 0x00000000016d0000

CodeCache: size=245760Kb used=3251Kb max_used=3251Kb free=242508Kb
 bounds [0x0000000003580000, 0x00000000038c0000, 0x0000000012580000]
 total_blobs=1443 nmethods=912 adapters=446
 compilation: enabled

Compilation events (10 events):
Event: 2.147 Thread 0x0000000015caa800  910       4       java.util.ArrayList::lastIndexOf (69 bytes)
Event: 2.148 Thread 0x0000000015cad800 nmethod 909 0x0000000003893d50 code [0x0000000003893ea0, 0x0000000003893fd8]
Event: 2.150 Thread 0x0000000015caa800 nmethod 910 0x00000000038976d0 code [0x0000000003897820, 0x00000000038979f8]
Event: 2.150 Thread 0x0000000015cad800  911       4       java.lang.AbstractStringBuilder::setLength (45 bytes)
Event: 2.151 Thread 0x0000000015caa800  912  s    4       java.lang.StringBuffer::setLength (11 bytes)
Event: 2.152 Thread 0x0000000016fcb000 nmethod 905 0x000000000389c210 code [0x000000000389c980, 0x00000000038a3608]
Event: 2.152 Thread 0x0000000016fcb000  908       3       java.text.MergeCollation::findLastEntry (247 bytes)
Event: 2.154 Thread 0x0000000016fcb000 nmethod 908 0x00000000038a7510 code [0x00000000038a7980, 0x00000000038aa508]
Event: 2.155 Thread 0x0000000015cad800 nmethod 911 0x0000000003898d10 code [0x0000000003898e60, 0x0000000003899198]
Event: 2.155 Thread 0x0000000016fcb000  904       3       java.text.PatternEntry::isSpecialChar (60 bytes)

GC Heap History (2 events):
Event: 2.089 GC heap before
{Heap before GC invocations=1 (full 0):
 PSYoungGen      total 18944K, used 16384K [0x00000000eab00000, 0x00000000ec000000, 0x0000000100000000)
  eden space 16384K, 100% used [0x00000000eab00000,0x00000000ebb00000,0x00000000ebb00000)
  from space 2560K, 0% used [0x00000000ebd80000,0x00000000ebd80000,0x00000000ec000000)
  to   space 2560K, 0% used [0x00000000ebb00000,0x00000000ebb00000,0x00000000ebd80000)
 ParOldGen       total 44032K, used 0K [0x00000000c0000000, 0x00000000c2b00000, 0x00000000eab00000)
  object space 44032K, 0% used [0x00000000c0000000,0x00000000c0000000,0x00000000c2b00000)
 Metaspace       used 17557K, capacity 17792K, committed 18176K, reserved 1064960K
  class space    used 2415K, capacity 2488K, committed 2560K, reserved 1048576K
Event: 2.102 GC heap after
Heap after GC invocations=1 (full 0):
 PSYoungGen      total 18944K, used 2532K [0x00000000eab00000, 0x00000000ec000000, 0x0000000100000000)
  eden space 16384K, 0% used [0x00000000eab00000,0x00000000eab00000,0x00000000ebb00000)
  from space 2560K, 98% used [0x00000000ebb00000,0x00000000ebd792a8,0x00000000ebd80000)
  to   space 2560K, 0% used [0x00000000ebd80000,0x00000000ebd80000,0x00000000ec000000)
 ParOldGen       total 44032K, used 1659K [0x00000000c0000000, 0x00000000c2b00000, 0x00000000eab00000)
  object space 44032K, 3% used [0x00000000c0000000,0x00000000c019ec68,0x00000000c2b00000)
 Metaspace       used 17557K, capacity 17792K, committed 18176K, reserved 1064960K
  class space    used 2415K, capacity 2488K, committed 2560K, reserved 1048576K
}

Deoptimization events (7 events):
Event: 0.314 Thread 0x0000000003482800 Uncommon trap: reason=null_check action=make_not_entrant pc=0x00000000036f0f5c method=java.lang.String.equals(Ljava/lang/Object;)Z @ 8
Event: 1.776 Thread 0x0000000017cf3800 Uncommon trap: reason=class_check action=maybe_recompile pc=0x00000000037fad80 method=java.util.HashMap.getNode(ILjava/lang/Object;)Ljava/util/HashMap$Node; @ 126
Event: 1.777 Thread 0x0000000017cf3800 Uncommon trap: reason=class_check action=maybe_recompile pc=0x00000000037fad80 method=java.util.HashMap.getNode(ILjava/lang/Object;)Ljava/util/HashMap$Node; @ 126
Event: 2.136 Thread 0x0000000017cf3800 Uncommon trap: reason=class_check action=maybe_recompile pc=0x000000000388d524 method=java.io.DataInputStream.readChar()C @ 4
Event: 2.136 Thread 0x0000000017cf3800 Uncommon trap: reason=class_check action=maybe_recompile pc=0x000000000388d524 method=java.io.DataInputStream.readChar()C @ 4
Event: 2.136 Thread 0x0000000017cf3800 Uncommon trap: reason=class_check action=maybe_recompile pc=0x000000000388d524 method=java.io.DataInputStream.readChar()C @ 4
Event: 2.136 Thread 0x0000000017cf3800 Uncommon trap: reason=class_check action=maybe_recompile pc=0x000000000388d524 method=java.io.DataInputStream.readChar()C @ 4

Internal exceptions (10 events):
Event: 2.020 Thread 0x0000000017cf3800 Exception <a 'java/lang/ArrayIndexOutOfBoundsException'> (0x00000000eb92f680) thrown at [C:\re\workspace\8-2-build-windows-amd64-cygwin\jdk8u111\7883\hotspot\src\share\vm\runtime\sharedRuntime.cpp, line 605]
Event: 2.021 Thread 0x0000000017cf3800 Exception <a 'java/lang/ArrayIndexOutOfBoundsException'> (0x00000000eb934718) thrown at [C:\re\workspace\8-2-build-windows-amd64-cygwin\jdk8u111\7883\hotspot\src\share\vm\runtime\sharedRuntime.cpp, line 605]
Event: 2.022 Thread 0x0000000017cf3800 Exception <a 'java/lang/ArrayIndexOutOfBoundsException'> (0x00000000eb939970) thrown at [C:\re\workspace\8-2-build-windows-amd64-cygwin\jdk8u111\7883\hotspot\src\share\vm\runtime\sharedRuntime.cpp, line 605]
Event: 2.023 Thread 0x0000000017cf3800 Exception <a 'java/lang/ArrayIndexOutOfBoundsException'> (0x00000000eb93efd0) thrown at [C:\re\workspace\8-2-build-windows-amd64-cygwin\jdk8u111\7883\hotspot\src\share\vm\runtime\sharedRuntime.cpp, line 605]
Event: 2.024 Thread 0x0000000017cf3800 Exception <a 'java/lang/ArrayIndexOutOfBoundsException'> (0x00000000eb9445a8) thrown at [C:\re\workspace\8-2-build-windows-amd64-cygwin\jdk8u111\7883\hotspot\src\share\vm\runtime\sharedRuntime.cpp, line 605]
Event: 2.025 Thread 0x0000000017cf3800 Exception <a 'java/lang/ArrayIndexOutOfBoundsException'> (0x00000000eb949aa0) thrown at [C:\re\workspace\8-2-build-windows-amd64-cygwin\jdk8u111\7883\hotspot\src\share\vm\runtime\sharedRuntime.cpp, line 605]
Event: 2.026 Thread 0x0000000017cf3800 Exception <a 'java/lang/ArrayIndexOutOfBoundsException'> (0x00000000eb94efe0) thrown at [C:\re\workspace\8-2-build-windows-amd64-cygwin\jdk8u111\7883\hotspot\src\share\vm\runtime\sharedRuntime.cpp, line 605]
Event: 2.027 Thread 0x0000000017cf3800 Exception <a 'java/lang/ArrayIndexOutOfBoundsException'> (0x00000000eb9547f8) thrown at [C:\re\workspace\8-2-build-windows-amd64-cygwin\jdk8u111\7883\hotspot\src\share\vm\runtime\sharedRuntime.cpp, line 605]
Event: 2.028 Thread 0x0000000017cf3800 Exception <a 'java/lang/ArrayIndexOutOfBoundsException'> (0x00000000eb959f68) thrown at [C:\re\workspace\8-2-build-windows-amd64-cygwin\jdk8u111\7883\hotspot\src\share\vm\runtime\sharedRuntime.cpp, line 605]
Event: 2.031 Thread 0x0000000017cf3800 Exception <a 'java/lang/ArrayIndexOutOfBoundsException'> (0x00000000eb968660) thrown at [C:\re\workspace\8-2-build-windows-amd64-cygwin\jdk8u111\7883\hotspot\src\share\vm\runtime\sharedRuntime.cpp, line 605]

Events (10 events):
Event: 2.140 loading class sun/text/normalizer/UnicodeMatcher done
Event: 2.140 loading class sun/text/normalizer/UnicodeSet done
Event: 2.140 loading class sun/text/normalizer/NormalizerImpl$DecomposeArgs
Event: 2.140 loading class sun/text/normalizer/NormalizerImpl$DecomposeArgs done
Event: 2.142 loading class java/text/MergeCollation
Event: 2.142 loading class java/text/MergeCollation done
Event: 2.142 loading class java/text/PatternEntry$Parser
Event: 2.143 loading class java/text/PatternEntry$Parser done
Event: 2.143 loading class java/text/PatternEntry
Event: 2.143 loading class java/text/PatternEntry done


Dynamic libraries:
0x00007ff702a30000 - 0x00007ff702a67000 	C:\Program Files\Java\jdk1.8.0_111\bin\javaw.exe
0x00007ffed8750000 - 0x00007ffed8921000 	C:\Windows\SYSTEM32\ntdll.dll
0x00007ffed6c90000 - 0x00007ffed6d3b000 	C:\Windows\System32\KERNEL32.DLL
0x00007ffed4c40000 - 0x00007ffed4e5d000 	C:\Windows\System32\KERNELBASE.dll
0x00007ffed5de0000 - 0x00007ffed5e82000 	C:\Windows\System32\ADVAPI32.dll
0x00007ffed84b0000 - 0x00007ffed854e000 	C:\Windows\System32\msvcrt.dll
0x00007ffed6440000 - 0x00007ffed6499000 	C:\Windows\System32\sechost.dll
0x00007ffed8370000 - 0x00007ffed8491000 	C:\Windows\System32\RPCRT4.dll
0x00007ffed6970000 - 0x00007ffed6ad5000 	C:\Windows\System32\USER32.dll
0x00007ffed51a0000 - 0x00007ffed51be000 	C:\Windows\System32\win32u.dll
0x00007ffed6330000 - 0x00007ffed6364000 	C:\Windows\System32\GDI32.dll
0x00007ffed4eb0000 - 0x00007ffed5032000 	C:\Windows\System32\gdi32full.dll
0x00007ffecf040000 - 0x00007ffecf2ba000 	C:\Windows\WinSxS\amd64_microsoft.windows.common-controls_6595b64144ccf1df_6.0.14393.953_none_42151e83c686086b\COMCTL32.dll
0x00007ffed5e90000 - 0x00007ffed6158000 	C:\Windows\System32\combase.dll
0x00007ffed50a0000 - 0x00007ffed5195000 	C:\Windows\System32\ucrtbase.dll
0x00007ffed5c70000 - 0x00007ffed5cda000 	C:\Windows\System32\bcryptPrimitives.dll
0x00007ffed8250000 - 0x00007ffed827e000 	C:\Windows\System32\IMM32.DLL
0x0000000061e00000 - 0x0000000061ed2000 	C:\Program Files\Java\jdk1.8.0_111\jre\bin\msvcr100.dll
0x0000000061ee0000 - 0x000000006277a000 	C:\Program Files\Java\jdk1.8.0_111\jre\bin\server\jvm.dll
0x00007ffed8280000 - 0x00007ffed8288000 	C:\Windows\System32\PSAPI.DLL
0x00007ffed3060000 - 0x00007ffed3083000 	C:\Windows\SYSTEM32\WINMM.dll
0x00007ffec2830000 - 0x00007ffec2839000 	C:\Windows\SYSTEM32\WSOCK32.dll
0x00007ffed09e0000 - 0x00007ffed09ea000 	C:\Windows\SYSTEM32\VERSION.dll
0x00007ffed6370000 - 0x00007ffed63da000 	C:\Windows\System32\WS2_32.dll
0x00007ffed2f20000 - 0x00007ffed2f4b000 	C:\Windows\SYSTEM32\WINMMBASE.dll
0x00007ffed4e60000 - 0x00007ffed4ea2000 	C:\Windows\System32\cfgmgr32.dll
0x0000000061df0000 - 0x0000000061dff000 	C:\Program Files\Java\jdk1.8.0_111\jre\bin\verify.dll
0x0000000061dc0000 - 0x0000000061de9000 	C:\Program Files\Java\jdk1.8.0_111\jre\bin\java.dll
0x0000000061da0000 - 0x0000000061db6000 	C:\Program Files\Java\jdk1.8.0_111\jre\bin\zip.dll
0x00007ffed6d40000 - 0x00007ffed8249000 	C:\Windows\System32\SHELL32.dll
0x00007ffed5590000 - 0x00007ffed5c6a000 	C:\Windows\System32\windows.storage.dll
0x00007ffed4bd0000 - 0x00007ffed4c1c000 	C:\Windows\System32\powrprof.dll
0x00007ffed6ae0000 - 0x00007ffed6b32000 	C:\Windows\System32\shlwapi.dll
0x00007ffed4bb0000 - 0x00007ffed4bbf000 	C:\Windows\System32\kernel.appcore.dll
0x00007ffed5270000 - 0x00007ffed5319000 	C:\Windows\System32\shcore.dll
0x00007ffed4c20000 - 0x00007ffed4c34000 	C:\Windows\System32\profapi.dll
0x0000000061b60000 - 0x0000000061cf8000 	C:\Program Files\Java\jdk1.8.0_111\jre\bin\awt.dll
0x00007ffed8290000 - 0x00007ffed834f000 	C:\Windows\System32\OLEAUT32.dll
0x00007ffed5320000 - 0x00007ffed53bc000 	C:\Windows\System32\msvcp_win.dll
0x00007ffed3150000 - 0x00007ffed31ca000 	C:\Windows\SYSTEM32\apphelp.dll
0x00007ffed3330000 - 0x00007ffed33c5000 	C:\Windows\system32\uxtheme.dll
0x00007ffed6160000 - 0x00007ffed62ba000 	C:\Windows\System32\MSCTF.dll
0x00007ffed2a00000 - 0x00007ffed2a26000 	C:\Windows\system32\dwmapi.dll
0x00007ffed6b50000 - 0x00007ffed6c87000 	C:\Windows\System32\ole32.dll
0x00007ffec3b20000 - 0x00007ffec3cad000 	C:\Windows\system32\d3d9.dll
0x00007ffea5790000 - 0x00007ffea6846000 	C:\Windows\SYSTEM32\nvd3dumx.dll
0x00007ffed03d0000 - 0x00007ffed053c000 	C:\Program Files (x86)\NVIDIA Corporation\3D Vision\nvSCPAPI64.dll
0x00007ffed64a0000 - 0x00007ffed68c9000 	C:\Windows\System32\SETUPAPI.dll
0x0000000061b10000 - 0x0000000061b57000 	C:\Program Files\Java\jdk1.8.0_111\jre\bin\fontmanager.dll
0x0000000061d80000 - 0x0000000061d9a000 	C:\Program Files\Java\jdk1.8.0_111\jre\bin\net.dll
0x00007ffed4480000 - 0x00007ffed44dc000 	C:\Windows\system32\mswsock.dll
0x0000000061d60000 - 0x0000000061d71000 	C:\Program Files\Java\jdk1.8.0_111\jre\bin\nio.dll
0x0000000061ac0000 - 0x0000000061b02000 	C:\Program Files\Java\jdk1.8.0_111\jre\bin\t2k.dll
0x0000000061a80000 - 0x0000000061aaa000 	C:\Program Files\Java\jdk1.8.0_111\jre\bin\dcpr.dll
0x00007ffed68d0000 - 0x00007ffed696f000 	C:\Windows\System32\clbcatq.dll
0x00007ffece0a0000 - 0x00007ffece172000 	C:\Windows\System32\IME\IMEKR\imkrtip.dll
0x00007ffed25c0000 - 0x00007ffed2745000 	C:\Windows\SYSTEM32\PROPSYS.dll
0x00007ffecd9c0000 - 0x00007ffecdb16000 	C:\Windows\System32\IME\shared\imetip.dll
0x00007ffece7e0000 - 0x00007ffece845000 	C:\Windows\SYSTEM32\OLEACC.dll
0x00007ffec4f60000 - 0x00007ffec5108000 	C:\Windows\SYSTEM32\DUI70.dll
0x00007ffece060000 - 0x00007ffece098000 	C:\Windows\System32\IME\IMEKR\imkrapi.dll
0x00007ffecde60000 - 0x00007ffecde95000 	C:\Windows\System32\IME\shared\imjkapi.dll
0x00007ffed3f50000 - 0x00007ffed3f82000 	C:\Windows\SYSTEM32\ntmarta.dll
0x00007ffecee90000 - 0x00007ffecf022000 	C:\Windows\SYSTEM32\dbghelp.dll

VM Arguments:
jvm_args: -Dfile.encoding=UTF-8 
java_command: kr.or.dgit.donghun2.Main.MainFrame
java_class_path (initial): D:\workspace_mybatis\donghun2\bin;C:\Users\SDH\.gradle\caches\modules-2\files-2.1\org.mybatis\mybatis\3.4.2\2b9a5082fe0bdb3128bab8b4b19b23ca0f3d9b38\mybatis-3.4.2.jar;C:\Users\SDH\.gradle\caches\modules-2\files-2.1\log4j\log4j\1.2.17\5af35056b4d257e4b64b9e8069c0746e8b08629f\log4j-1.2.17.jar;C:\Users\SDH\.gradle\caches\modules-2\files-2.1\mysql\mysql-connector-java\5.1.41\b0878056f15616989144d6114d36d3942321d0d1\mysql-connector-java-5.1.41.jar;C:\Users\SDH\.gradle\caches\modules-2\files-2.1\junit\junit\4.12\2973d150c0dc1fefe998f834810d68f278ea58ec\junit-4.12.jar;C:\Users\SDH\.gradle\caches\modules-2\files-2.1\org.hamcrest\hamcrest-core\1.3\42a25dc3219429f0e5d060061f71acb49bf010a0\hamcrest-core-1.3.jar;D:\workspace_mybatis\donghun2\src\main\resources\erp_myframework.jar;D:\workspace_mybatis\donghun2\lib\idw-gpl.jar;D:\workspace_mybatis\donghun2\lib\JTattoo.jar;D:\workspace_mybatis\donghun2\lib\liquidlnf.jar;D:\workspace_mybatis\donghun2\lib\quaqua.jar;D:\workspace_mybatis\donghun2\jdatepicker-1.3.4.jar
Launcher Type: SUN_STANDARD

Environment Variables:
JAVA_HOME=C:\Program Files\Java\jdk1.8.0_111
PATH=C:/Program Files/Java/jdk1.8.0_111/bin/../jre/bin/server;C:/Program Files/Java/jdk1.8.0_111/bin/../jre/bin;C:/Program Files/Java/jdk1.8.0_111/bin/../jre/lib/amd64;C:\Program Files\Java\jdk1.8.0_111\bin;C:\ProgramData\Oracle\Java\javapath;C:\Program Files (x86)\NVIDIA Corporation\PhysX\Common;C:\Windows\system32;C:\Windows;C:\Windows\System32\Wbem;C:\Windows\System32\WindowsPowerShell\v1.0\;C:\Program Files\MySQL\MySQL Server 5.6\bin;C:\Program Files\Git\cmd;D:\gradle-3.4.1\bin;C:\Users\SDH\AppData\Local\Microsoft\WindowsApps;C:\Program Files\Bandizip\7z;D:\program\eclipse_java\eclipse;
USERNAME=SDH
OS=Windows_NT
PROCESSOR_IDENTIFIER=Intel64 Family 6 Model 23 Stepping 10, GenuineIntel



---------------  S Y S T E M  ---------------

OS: Windows 10.0 , 64 bit Build 14393 (10.0.14393.0)

CPU:total 4 (4 cores per cpu, 1 threads per core) family 6 model 23 stepping 10, cmov, cx8, fxsr, mmx, sse, sse2, sse3, ssse3, sse4.1, tsc

Memory: 4k page, physical 4192492k(1187032k free), swap 9697516k(4436544k free)

vm_info: Java HotSpot(TM) 64-Bit Server VM (25.111-b14) for windows-amd64 JRE (1.8.0_111-b14), built on Sep 22 2016 19:24:05 by "java_re" with MS VC++ 10.0 (VS2010)

time: Tue Apr 04 09:26:44 2017
elapsed time: 2 seconds (0d 0h 0m 2s)

