#
# A fatal error has been detected by the Java Runtime Environment:
#
#  EXCEPTION_ACCESS_VIOLATION (0xc0000005) at pc=0xffffffffa4525120, pid=7952, tid=0x000000000000067c
#
# JRE version: Java(TM) SE Runtime Environment (8.0_111-b14) (build 1.8.0_111-b14)
# Java VM: Java HotSpot(TM) 64-Bit Server VM (25.111-b14 mixed mode windows-amd64 compressed oops)
# Problematic frame:
# C  0xffffffffa4525120
#
# Failed to write core dump. Minidumps are not enabled by default on client versions of Windows
#
# If you would like to submit a bug report, please visit:
#   http://bugreport.java.com/bugreport/crash.jsp
#

---------------  T H R E A D  ---------------

Current thread (0x00000000180dc800):  JavaThread "AWT-EventQueue-0" [_thread_in_Java, id=1660, stack(0x000000001b1e0000,0x000000001b2e0000)]

siginfo: ExceptionCode=0xc0000005, ExceptionInformation=0x0000000000000008 0xffffffffa4525120

Registers:
RAX=0x000000001d911878, RBX=0x000000001d911878, RCX=0x00000000eaf1c230, RDX=0x00000000eaf1c230
RSP=0x000000001b2dc218, RBP=0x000000001b2dc278, RSI=0x000000001d913ed8, RDI=0x00000001002b6ee0
R8 =0x00000000000000b2, R9 =0x00000000ead5d210, R10=0x000000005960c0c0, R11=0x0000000003a18ce0
R12=0x0000000000000000, R13=0x000000001b2dc228, R14=0x000000001b2dc2a0, R15=0x00000000180dc800
RIP=0xffffffffa4525120, EFLAGS=0x0000000000010202

Top of Stack: (sp=0x000000001b2dc218)
0x000000001b2dc218:   000000000352809d 000000000352809d
0x000000001b2dc228:   00000000000000b2 00000000eaf1c230
0x000000001b2dc238:   000000001b2dc238 000000001d8dc742
0x000000001b2dc248:   000000001b2dc2a0 000000001d8dca48
0x000000001b2dc258:   0000000000000000 000000001d8dc7e0
0x000000001b2dc268:   000000001b2dc228 000000001b2dc298
0x000000001b2dc278:   000000001b2dc2e8 000000000352809d
0x000000001b2dc288:   00000000ead5cf40 0000000000000001
0x000000001b2dc298:   00000000eaf1c230 00000000eae4e910
0x000000001b2dc2a8:   000000001b2dc2a8 000000001d8dc9a2
0x000000001b2dc2b8:   000000001b2dc300 000000001d8dca48
0x000000001b2dc2c8:   0000000000000000 000000001d8dc9b0
0x000000001b2dc2d8:   000000001b2dc298 000000001b2dc2f8
0x000000001b2dc2e8:   000000001b2dc348 000000000352809d
0x000000001b2dc2f8:   00000000eaf1c230 00000000eae4e910
0x000000001b2dc308:   000000001b2dc308 000000001d8d6d7a 

Instructions: (pc=0xffffffffa4525120)
0xffffffffa4525100:   
[error occurred during error reporting (printing registers, top of stack, instructions near pc), id 0xc0000005]

Register to memory mapping:

RAX={method} {0x000000001d911880} 'writeByte' '(I)V' in 'java/io/DataOutputStream'
RBX={method} {0x000000001d911880} 'writeByte' '(I)V' in 'java/io/DataOutputStream'
RCX=0x00000000eaf1c230 is an oop
java.io.DataOutputStream 
 - klass: 'java/io/DataOutputStream'
RDX=0x00000000eaf1c230 is an oop
java.io.DataOutputStream 
 - klass: 'java/io/DataOutputStream'
RSP=0x000000001b2dc218 is pointing into the stack for thread: 0x00000000180dc800
RBP=0x000000001b2dc278 is pointing into the stack for thread: 0x00000000180dc800
RSI=0x000000001d913ed8 is pointing into metadata
RDI=0x00000001002b6ee0 is pointing into metadata
R8 =0x00000000000000b2 is an unknown value
R9 =0x00000000ead5d210 is an oop
java.util.HashMap$Node 
 - klass: 'java/util/HashMap$Node'
R10=0x000000005960c0c0 is an unknown value
R11=0x0000000003a18ce0 is at entry_point+32 in (nmethod*)0x0000000003a18b50
R12=0x0000000000000000 is an unknown value
R13=0x000000001b2dc228 is pointing into the stack for thread: 0x00000000180dc800
R14=0x000000001b2dc2a0 is pointing into the stack for thread: 0x00000000180dc800
R15=0x00000000180dc800 is a thread


Stack: [0x000000001b1e0000,0x000000001b2e0000],  sp=0x000000001b2dc218,  free space=1008k
Native frames: (J=compiled Java code, j=interpreted, Vv=VM code, C=native code)
C  0xffffffffa4525120


---------------  P R O C E S S  ---------------

Java Threads: ( => current thread )
  0x0000000018565000 JavaThread "Abandoned connection cleanup thread" daemon [_thread_blocked, id=8168, stack(0x000000001d550000,0x000000001d650000)]
  0x000000001819d800 JavaThread "TimerQueue" daemon [_thread_blocked, id=1488, stack(0x000000001bef0000,0x000000001bff0000)]
  0x0000000018147000 JavaThread "D3D Screen Updater" daemon [_thread_blocked, id=7548, stack(0x000000001bad0000,0x000000001bbd0000)]
  0x00000000018bd800 JavaThread "DestroyJavaVM" [_thread_blocked, id=7860, stack(0x00000000017a0000,0x00000000018a0000)]
=>0x00000000180dc800 JavaThread "AWT-EventQueue-0" [_thread_in_Java, id=1660, stack(0x000000001b1e0000,0x000000001b2e0000)]
  0x000000001734a800 JavaThread "AWT-Windows" daemon [_thread_in_native, id=6412, stack(0x0000000017d20000,0x0000000017e20000)]
  0x00000000172fa800 JavaThread "AWT-Shutdown" [_thread_blocked, id=6324, stack(0x0000000017c20000,0x0000000017d20000)]
  0x00000000172fa000 JavaThread "Java2D Disposer" daemon [_thread_blocked, id=5864, stack(0x0000000017b20000,0x0000000017c20000)]
  0x0000000016fe3800 JavaThread "Service Thread" daemon [_thread_blocked, id=1920, stack(0x0000000017850000,0x0000000017950000)]
  0x0000000016f5c000 JavaThread "C1 CompilerThread2" daemon [_thread_blocked, id=6104, stack(0x0000000017750000,0x0000000017850000)]
  0x0000000016f59000 JavaThread "C2 CompilerThread1" daemon [_thread_blocked, id=7288, stack(0x0000000017650000,0x0000000017750000)]
  0x0000000015c4d000 JavaThread "C2 CompilerThread0" daemon [_thread_in_native, id=5116, stack(0x0000000017550000,0x0000000017650000)]
  0x0000000016f58800 JavaThread "Attach Listener" daemon [_thread_blocked, id=6380, stack(0x0000000017450000,0x0000000017550000)]
  0x0000000015bfe800 JavaThread "Signal Dispatcher" daemon [_thread_blocked, id=4196, stack(0x0000000017350000,0x0000000017450000)]
  0x0000000015bda800 JavaThread "Finalizer" daemon [_thread_blocked, id=6968, stack(0x0000000016e50000,0x0000000016f50000)]
  0x0000000015bb9000 JavaThread "Reference Handler" daemon [_thread_blocked, id=6372, stack(0x0000000016d50000,0x0000000016e50000)]

Other Threads:
  0x0000000015bb8000 VMThread [stack: 0x0000000016c50000,0x0000000016d50000] [id=9164]
  0x000000001702d800 WatcherThread [stack: 0x0000000017950000,0x0000000017a50000] [id=4980]

VM state:not at safepoint (normal execution)

VM Mutex/Monitor currently owned by a thread: None

Heap:
 PSYoungGen      total 35328K, used 4646K [0x00000000eab00000, 0x00000000ef600000, 0x0000000100000000)
  eden space 32768K, 14% used [0x00000000eab00000,0x00000000eaf89970,0x00000000ecb00000)
  from space 2560K, 0% used [0x00000000ecb00000,0x00000000ecb00000,0x00000000ecd80000)
  to   space 5632K, 0% used [0x00000000ef080000,0x00000000ef080000,0x00000000ef600000)
 ParOldGen       total 26112K, used 5465K [0x00000000c0000000, 0x00000000c1980000, 0x00000000eab00000)
  object space 26112K, 20% used [0x00000000c0000000,0x00000000c0556478,0x00000000c1980000)
 Metaspace       used 21951K, capacity 22146K, committed 22400K, reserved 1069056K
  class space    used 2772K, capacity 2830K, committed 2944K, reserved 1048576K

Card table byte_map: [0x00000000128e0000,0x0000000012af0000] byte_map_base: 0x00000000122e0000

Marking Bits: (ParMarkBitMap*) 0x000000005962a6c0
 Begin Bits: [0x0000000013050000, 0x0000000014050000)
 End Bits:   [0x0000000014050000, 0x0000000015050000)

Polling page: 0x0000000001290000

CodeCache: size=245760Kb used=5251Kb max_used=5263Kb free=240508Kb
 bounds [0x0000000003520000, 0x0000000003a50000, 0x0000000012520000]
 total_blobs=2238 nmethods=1623 adapters=529
 compilation: enabled

Compilation events (10 events):
Event: 5.831 Thread 0x0000000016f5c000 1604       1       sun.misc.ProxyGenerator::access$800 (5 bytes)
Event: 5.831 Thread 0x0000000016f5c000 nmethod 1604 0x0000000003a35e50 code [0x0000000003a35fa0, 0x0000000003a36090]
Event: 5.831 Thread 0x0000000016f5c000 1618       3       sun.misc.ProxyGenerator::access$600 (5 bytes)
Event: 5.831 Thread 0x0000000016f5c000 nmethod 1618 0x0000000003a30e50 code [0x0000000003a30fc0, 0x0000000003a311f0]
Event: 5.831 Thread 0x0000000016f5c000 1619       3       sun.misc.ProxyGenerator::getWordsPerType (18 bytes)
Event: 5.831 Thread 0x0000000016f5c000 nmethod 1619 0x0000000003a35a90 code [0x0000000003a35be0, 0x0000000003a35db0]
Event: 5.831 Thread 0x0000000016f5c000 1621       3       sun.misc.ProxyGenerator$ConstantPool::getString (21 bytes)
Event: 5.832 Thread 0x0000000016f5c000 nmethod 1621 0x0000000003a304d0 code [0x0000000003a30680, 0x0000000003a30b88]
Event: 5.832 Thread 0x0000000016f5c000 1622       3       sun.misc.ProxyGenerator::code_ldc (64 bytes)
Event: 5.832 Thread 0x0000000015c4d000 nmethod 1613 0x0000000003a44210 code [0x0000000003a44380, 0x0000000003a44a48]

GC Heap History (10 events):
Event: 5.150 GC heap before
{Heap before GC invocations=2 (full 0):
 PSYoungGen      total 18944K, used 18916K [0x00000000eab00000, 0x00000000ec000000, 0x0000000100000000)
  eden space 16384K, 100% used [0x00000000eab00000,0x00000000ebb00000,0x00000000ebb00000)
  from space 2560K, 98% used [0x00000000ebb00000,0x00000000ebd793c0,0x00000000ebd80000)
  to   space 2560K, 0% used [0x00000000ebd80000,0x00000000ebd80000,0x00000000ec000000)
 ParOldGen       total 44032K, used 1524K [0x00000000c0000000, 0x00000000c2b00000, 0x00000000eab00000)
  object space 44032K, 3% used [0x00000000c0000000,0x00000000c017d268,0x00000000c2b00000)
 Metaspace       used 18744K, capacity 18972K, committed 19200K, reserved 1067008K
  class space    used 2457K, capacity 2541K, committed 2560K, reserved 1048576K
Event: 5.160 GC heap after
Heap after GC invocations=2 (full 0):
 PSYoungGen      total 18944K, used 2556K [0x00000000eab00000, 0x00000000ed000000, 0x0000000100000000)
  eden space 16384K, 0% used [0x00000000eab00000,0x00000000eab00000,0x00000000ebb00000)
  from space 2560K, 99% used [0x00000000ebd80000,0x00000000ebfff280,0x00000000ec000000)
  to   space 2560K, 0% used [0x00000000ebb00000,0x00000000ebb00000,0x00000000ebd80000)
 ParOldGen       total 44032K, used 3009K [0x00000000c0000000, 0x00000000c2b00000, 0x00000000eab00000)
  object space 44032K, 6% used [0x00000000c0000000,0x00000000c02f0568,0x00000000c2b00000)
 Metaspace       used 18744K, capacity 18972K, committed 19200K, reserved 1067008K
  class space    used 2457K, capacity 2541K, committed 2560K, reserved 1048576K
}
Event: 5.239 GC heap before
{Heap before GC invocations=3 (full 0):
 PSYoungGen      total 18944K, used 18928K [0x00000000eab00000, 0x00000000ed000000, 0x0000000100000000)
  eden space 16384K, 99% used [0x00000000eab00000,0x00000000ebafcf90,0x00000000ebb00000)
  from space 2560K, 99% used [0x00000000ebd80000,0x00000000ebfff280,0x00000000ec000000)
  to   space 2560K, 0% used [0x00000000ebb00000,0x00000000ebb00000,0x00000000ebd80000)
 ParOldGen       total 44032K, used 3009K [0x00000000c0000000, 0x00000000c2b00000, 0x00000000eab00000)
  object space 44032K, 6% used [0x00000000c0000000,0x00000000c02f0568,0x00000000c2b00000)
 Metaspace       used 18861K, capacity 19042K, committed 19200K, reserved 1067008K
  class space    used 2460K, capacity 2542K, committed 2560K, reserved 1048576K
Event: 5.246 GC heap after
Heap after GC invocations=3 (full 0):
 PSYoungGen      total 18944K, used 2556K [0x00000000eab00000, 0x00000000ed000000, 0x0000000100000000)
  eden space 16384K, 0% used [0x00000000eab00000,0x00000000eab00000,0x00000000ebb00000)
  from space 2560K, 99% used [0x00000000ebb00000,0x00000000ebd7f2d0,0x00000000ebd80000)
  to   space 2560K, 0% used [0x00000000ecd80000,0x00000000ecd80000,0x00000000ed000000)
 ParOldGen       total 44032K, used 3310K [0x00000000c0000000, 0x00000000c2b00000, 0x00000000eab00000)
  object space 44032K, 7% used [0x00000000c0000000,0x00000000c033b8f8,0x00000000c2b00000)
 Metaspace       used 18861K, capacity 19042K, committed 19200K, reserved 1067008K
  class space    used 2460K, capacity 2542K, committed 2560K, reserved 1048576K
}
Event: 5.502 GC heap before
{Heap before GC invocations=4 (full 0):
 PSYoungGen      total 18944K, used 18940K [0x00000000eab00000, 0x00000000ed000000, 0x0000000100000000)
  eden space 16384K, 100% used [0x00000000eab00000,0x00000000ebb00000,0x00000000ebb00000)
  from space 2560K, 99% used [0x00000000ebb00000,0x00000000ebd7f2d0,0x00000000ebd80000)
  to   space 2560K, 0% used [0x00000000ecd80000,0x00000000ecd80000,0x00000000ed000000)
 ParOldGen       total 44032K, used 3310K [0x00000000c0000000, 0x00000000c2b00000, 0x00000000eab00000)
  object space 44032K, 7% used [0x00000000c0000000,0x00000000c033b8f8,0x00000000c2b00000)
 Metaspace       used 20804K, capacity 20994K, committed 21248K, reserved 1067008K
  class space    used 2626K, capacity 2702K, committed 2816K, reserved 1048576K
Event: 5.514 GC heap after
Heap after GC invocations=4 (full 0):
 PSYoungGen      total 35328K, used 2530K [0x00000000eab00000, 0x00000000ed000000, 0x0000000100000000)
  eden space 32768K, 0% used [0x00000000eab00000,0x00000000eab00000,0x00000000ecb00000)
  from space 2560K, 98% used [0x00000000ecd80000,0x00000000ecff8890,0x00000000ed000000)
  to   space 2560K, 0% used [0x00000000ecb00000,0x00000000ecb00000,0x00000000ecd80000)
 ParOldGen       total 44032K, used 5607K [0x00000000c0000000, 0x00000000c2b00000, 0x00000000eab00000)
  object space 44032K, 12% used [0x00000000c0000000,0x00000000c0579f30,0x00000000c2b00000)
 Metaspace       used 20804K, capacity 20994K, committed 21248K, reserved 1067008K
  class space    used 2626K, capacity 2702K, committed 2816K, reserved 1048576K
}
Event: 5.516 GC heap before
{Heap before GC invocations=5 (full 0):
 PSYoungGen      total 35328K, used 3218K [0x00000000eab00000, 0x00000000ed000000, 0x0000000100000000)
  eden space 32768K, 2% used [0x00000000eab00000,0x00000000eabac0f8,0x00000000ecb00000)
  from space 2560K, 98% used [0x00000000ecd80000,0x00000000ecff8890,0x00000000ed000000)
  to   space 2560K, 0% used [0x00000000ecb00000,0x00000000ecb00000,0x00000000ecd80000)
 ParOldGen       total 44032K, used 5607K [0x00000000c0000000, 0x00000000c2b00000, 0x00000000eab00000)
  object space 44032K, 12% used [0x00000000c0000000,0x00000000c0579f30,0x00000000c2b00000)
 Metaspace       used 20890K, capacity 21058K, committed 21248K, reserved 1067008K
  class space    used 2626K, capacity 2702K, committed 2816K, reserved 1048576K
Event: 5.524 GC heap after
Heap after GC invocations=5 (full 0):
 PSYoungGen      total 35328K, used 2556K [0x00000000eab00000, 0x00000000ef600000, 0x0000000100000000)
  eden space 32768K, 0% used [0x00000000eab00000,0x00000000eab00000,0x00000000ecb00000)
  from space 2560K, 99% used [0x00000000ecb00000,0x00000000ecd7f0f0,0x00000000ecd80000)
  to   space 5632K, 0% used [0x00000000ef080000,0x00000000ef080000,0x00000000ef600000)
 ParOldGen       total 44032K, used 5631K [0x00000000c0000000, 0x00000000c2b00000, 0x00000000eab00000)
  object space 44032K, 12% used [0x00000000c0000000,0x00000000c057ff40,0x00000000c2b00000)
 Metaspace       used 20890K, capacity 21058K, committed 21248K, reserved 1067008K
  class space    used 2626K, capacity 2702K, committed 2816K, reserved 1048576K
}
Event: 5.524 GC heap before
{Heap before GC invocations=6 (full 1):
 PSYoungGen      total 35328K, used 2556K [0x00000000eab00000, 0x00000000ef600000, 0x0000000100000000)
  eden space 32768K, 0% used [0x00000000eab00000,0x00000000eab00000,0x00000000ecb00000)
  from space 2560K, 99% used [0x00000000ecb00000,0x00000000ecd7f0f0,0x00000000ecd80000)
  to   space 5632K, 0% used [0x00000000ef080000,0x00000000ef080000,0x00000000ef600000)
 ParOldGen       total 44032K, used 5631K [0x00000000c0000000, 0x00000000c2b00000, 0x00000000eab00000)
  object space 44032K, 12% used [0x00000000c0000000,0x00000000c057ff40,0x00000000c2b00000)
 Metaspace       used 20890K, capacity 21058K, committed 21248K, reserved 1067008K
  class space    used 2626K, capacity 2702K, committed 2816K, reserved 1048576K
Event: 5.570 GC heap after
Heap after GC invocations=6 (full 1):
 PSYoungGen      total 35328K, used 0K [0x00000000eab00000, 0x00000000ef600000, 0x0000000100000000)
  eden space 32768K, 0% used [0x00000000eab00000,0x00000000eab00000,0x00000000ecb00000)
  from space 2560K, 0% used [0x00000000ecb00000,0x00000000ecb00000,0x00000000ecd80000)
  to   space 5632K, 0% used [0x00000000ef080000,0x00000000ef080000,0x00000000ef600000)
 ParOldGen       total 26112K, used 5465K [0x00000000c0000000, 0x00000000c1980000, 0x00000000eab00000)
  object space 26112K, 20% used [0x00000000c0000000,0x00000000c0556478,0x00000000c1980000)
 Metaspace       used 20890K, capacity 21058K, committed 21248K, reserved 1067008K
  class space    used 2626K, capacity 2702K, committed 2816K, reserved 1048576K
}

Deoptimization events (10 events):
Event: 5.304 Thread 0x00000000180dc800 Uncommon trap: reason=class_check action=maybe_recompile pc=0x00000000038c5a94 method=java.util.HashMap.putVal(ILjava/lang/Object;Ljava/lang/Object;ZZ)Ljava/lang/Object; @ 253
Event: 5.606 Thread 0x00000000180dc800 Uncommon trap: reason=predicate action=maybe_recompile pc=0x00000000038ddb28 method=sun.net.www.ParseUtil.encodePath(Ljava/lang/String;Z)Ljava/lang/String; @ 36
Event: 5.774 Thread 0x00000000180dc800 Uncommon trap: reason=unstable_if action=reinterpret pc=0x00000000038ae654 method=sun.nio.cs.UTF_8$Decoder.decodeArrayLoop(Ljava/nio/ByteBuffer;Ljava/nio/CharBuffer;)Ljava/nio/charset/CoderResult; @ 220
Event: 5.781 Thread 0x00000000180dc800 Uncommon trap: reason=unstable_if action=reinterpret pc=0x00000000037c2b80 method=java.util.HashMap.getNode(ILjava/lang/Object;)Ljava/util/HashMap$Node; @ 62
Event: 5.781 Thread 0x00000000180dc800 Uncommon trap: reason=bimorphic action=maybe_recompile pc=0x00000000038c5b0c method=java.util.HashMap.putVal(ILjava/lang/Object;Ljava/lang/Object;ZZ)Ljava/lang/Object; @ 91
Event: 5.781 Thread 0x00000000180dc800 Uncommon trap: reason=unstable_if action=reinterpret pc=0x00000000037f28c0 method=java.util.HashMap.getNode(ILjava/lang/Object;)Ljava/util/HashMap$Node; @ 62
Event: 5.781 Thread 0x00000000180dc800 Uncommon trap: reason=bimorphic action=maybe_recompile pc=0x00000000038c5b0c method=java.util.HashMap.putVal(ILjava/lang/Object;Ljava/lang/Object;ZZ)Ljava/lang/Object; @ 91
Event: 5.781 Thread 0x00000000180dc800 Uncommon trap: reason=bimorphic action=maybe_recompile pc=0x00000000038c5b0c method=java.util.HashMap.putVal(ILjava/lang/Object;Ljava/lang/Object;ZZ)Ljava/lang/Object; @ 91
Event: 5.782 Thread 0x00000000180dc800 Uncommon trap: reason=bimorphic action=maybe_recompile pc=0x00000000038c5b0c method=java.util.HashMap.putVal(ILjava/lang/Object;Ljava/lang/Object;ZZ)Ljava/lang/Object; @ 91
Event: 5.782 Thread 0x00000000180dc800 Uncommon trap: reason=bimorphic action=maybe_recompile pc=0x00000000038ca5a8 method=java.util.HashMap.putVal(ILjava/lang/Object;Ljava/lang/Object;ZZ)Ljava/lang/Object; @ 91

Internal exceptions (10 events):
Event: 4.978 Thread 0x00000000180dc800 Exception <a 'java/lang/ArrayIndexOutOfBoundsException'> (0x00000000eb136dd8) thrown at [C:\re\workspace\8-2-build-windows-amd64-cygwin\jdk8u111\7883\hotspot\src\share\vm\runtime\sharedRuntime.cpp, line 605]
Event: 4.978 Thread 0x00000000180dc800 Exception <a 'java/lang/ArrayIndexOutOfBoundsException'> (0x00000000eb138458) thrown at [C:\re\workspace\8-2-build-windows-amd64-cygwin\jdk8u111\7883\hotspot\src\share\vm\runtime\sharedRuntime.cpp, line 605]
Event: 4.978 Thread 0x00000000180dc800 Exception <a 'java/lang/ArrayIndexOutOfBoundsException'> (0x00000000eb139ee0) thrown at [C:\re\workspace\8-2-build-windows-amd64-cygwin\jdk8u111\7883\hotspot\src\share\vm\runtime\sharedRuntime.cpp, line 605]
Event: 4.978 Thread 0x00000000180dc800 Exception <a 'java/lang/ArrayIndexOutOfBoundsException'> (0x00000000eb13a988) thrown at [C:\re\workspace\8-2-build-windows-amd64-cygwin\jdk8u111\7883\hotspot\src\share\vm\runtime\sharedRuntime.cpp, line 605]
Event: 4.978 Thread 0x00000000180dc800 Exception <a 'java/lang/ArrayIndexOutOfBoundsException'> (0x00000000eb13b5d0) thrown at [C:\re\workspace\8-2-build-windows-amd64-cygwin\jdk8u111\7883\hotspot\src\share\vm\runtime\sharedRuntime.cpp, line 605]
Event: 4.978 Thread 0x00000000180dc800 Exception <a 'java/lang/ArrayIndexOutOfBoundsException'> (0x00000000eb13c690) thrown at [C:\re\workspace\8-2-build-windows-amd64-cygwin\jdk8u111\7883\hotspot\src\share\vm\runtime\sharedRuntime.cpp, line 605]
Event: 4.978 Thread 0x00000000180dc800 Exception <a 'java/lang/ArrayIndexOutOfBoundsException'> (0x00000000eb13d3c0) thrown at [C:\re\workspace\8-2-build-windows-amd64-cygwin\jdk8u111\7883\hotspot\src\share\vm\runtime\sharedRuntime.cpp, line 605]
Event: 4.978 Thread 0x00000000180dc800 Exception <a 'java/lang/ArrayIndexOutOfBoundsException'> (0x00000000eb13df80) thrown at [C:\re\workspace\8-2-build-windows-amd64-cygwin\jdk8u111\7883\hotspot\src\share\vm\runtime\sharedRuntime.cpp, line 605]
Event: 4.979 Thread 0x00000000180dc800 Exception <a 'java/lang/ArrayIndexOutOfBoundsException'> (0x00000000eb13ee98) thrown at [C:\re\workspace\8-2-build-windows-amd64-cygwin\jdk8u111\7883\hotspot\src\share\vm\runtime\sharedRuntime.cpp, line 605]
Event: 4.979 Thread 0x00000000180dc800 Exception <a 'java/lang/ArrayIndexOutOfBoundsException'> (0x00000000eb140878) thrown at [C:\re\workspace\8-2-build-windows-amd64-cygwin\jdk8u111\7883\hotspot\src\share\vm\runtime\sharedRuntime.cpp, line 605]

Events (10 events):
Event: 5.812 loading class java/lang/StringIndexOutOfBoundsException
Event: 5.813 loading class java/lang/StringIndexOutOfBoundsException done
Event: 5.813 loading class org/apache/ibatis/logging/jdbc/PreparedStatementLogger
Event: 5.813 loading class org/apache/ibatis/logging/jdbc/PreparedStatementLogger done
Event: 5.814 loading class java/lang/reflect/Proxy$Key2
Event: 5.814 loading class java/lang/reflect/Proxy$Key2 done
Event: 5.814 loading class java/sql/Ref
Event: 5.814 loading class java/sql/Ref done
Event: 5.814 loading class java/sql/RowId
Event: 5.814 loading class java/sql/RowId done


Dynamic libraries:
0x00007ff7ea820000 - 0x00007ff7ea857000 	C:\Program Files\Java\jdk1.8.0_111\bin\javaw.exe
0x00007ffb6b790000 - 0x00007ffb6b961000 	C:\Windows\SYSTEM32\ntdll.dll
0x00007ffb6aad0000 - 0x00007ffb6ab7b000 	C:\Windows\System32\KERNEL32.DLL
0x00007ffb68460000 - 0x00007ffb6867d000 	C:\Windows\System32\KERNELBASE.dll
0x00007ffb6b3e0000 - 0x00007ffb6b482000 	C:\Windows\System32\ADVAPI32.dll
0x00007ffb6b570000 - 0x00007ffb6b60e000 	C:\Windows\System32\msvcrt.dll
0x00007ffb69420000 - 0x00007ffb69479000 	C:\Windows\System32\sechost.dll
0x00007ffb68d80000 - 0x00007ffb68ea1000 	C:\Windows\System32\RPCRT4.dll
0x00007ffb6ad30000 - 0x00007ffb6ae95000 	C:\Windows\System32\USER32.dll
0x00007ffb68810000 - 0x00007ffb6882e000 	C:\Windows\System32\win32u.dll
0x00007ffb6ace0000 - 0x00007ffb6ad14000 	C:\Windows\System32\GDI32.dll
0x00007ffb68680000 - 0x00007ffb68802000 	C:\Windows\System32\gdi32full.dll
0x00007ffb619b0000 - 0x00007ffb61c2a000 	C:\Windows\WinSxS\amd64_microsoft.windows.common-controls_6595b64144ccf1df_6.0.14393.953_none_42151e83c686086b\COMCTL32.dll
0x00007ffb68eb0000 - 0x00007ffb69178000 	C:\Windows\System32\combase.dll
0x00007ffb68830000 - 0x00007ffb68925000 	C:\Windows\System32\ucrtbase.dll
0x00007ffb68cb0000 - 0x00007ffb68d1a000 	C:\Windows\System32\bcryptPrimitives.dll
0x00007ffb6b6a0000 - 0x00007ffb6b6ce000 	C:\Windows\System32\IMM32.DLL
0x0000000059e50000 - 0x0000000059f22000 	C:\Program Files\Java\jdk1.8.0_111\jre\bin\msvcr100.dll
0x0000000058e10000 - 0x00000000596aa000 	C:\Program Files\Java\jdk1.8.0_111\jre\bin\server\jvm.dll
0x00007ffb6ad20000 - 0x00007ffb6ad28000 	C:\Windows\System32\PSAPI.DLL
0x00007ffb66070000 - 0x00007ffb66093000 	C:\Windows\SYSTEM32\WINMM.dll
0x00007ffb63470000 - 0x00007ffb6347a000 	C:\Windows\SYSTEM32\VERSION.dll
0x00007ffb5bce0000 - 0x00007ffb5bce9000 	C:\Windows\SYSTEM32\WSOCK32.dll
0x0000000001770000 - 0x000000000179b000 	C:\Windows\SYSTEM32\WINMMBASE.dll
0x00007ffb67c80000 - 0x00007ffb67cc2000 	C:\Windows\System32\cfgmgr32.dll
0x00007ffb6b610000 - 0x00007ffb6b67a000 	C:\Windows\System32\WS2_32.dll
0x0000000058e00000 - 0x0000000058e0f000 	C:\Program Files\Java\jdk1.8.0_111\jre\bin\verify.dll
0x0000000058dd0000 - 0x0000000058df9000 	C:\Program Files\Java\jdk1.8.0_111\jre\bin\java.dll
0x0000000058db0000 - 0x0000000058dc6000 	C:\Program Files\Java\jdk1.8.0_111\jre\bin\zip.dll
0x00007ffb695c0000 - 0x00007ffb6aac9000 	C:\Windows\System32\SHELL32.dll
0x00007ffb67d80000 - 0x00007ffb6845a000 	C:\Windows\System32\windows.storage.dll
0x00007ffb67c30000 - 0x00007ffb67c7c000 	C:\Windows\System32\powrprof.dll
0x00007ffb68d20000 - 0x00007ffb68d72000 	C:\Windows\System32\shlwapi.dll
0x00007ffb67c00000 - 0x00007ffb67c0f000 	C:\Windows\System32\kernel.appcore.dll
0x00007ffb68b60000 - 0x00007ffb68c09000 	C:\Windows\System32\shcore.dll
0x00007ffb67c10000 - 0x00007ffb67c24000 	C:\Windows\System32\profapi.dll
0x0000000059cb0000 - 0x0000000059e48000 	C:\Program Files\Java\jdk1.8.0_111\jre\bin\awt.dll
0x00007ffb6b6d0000 - 0x00007ffb6b78f000 	C:\Windows\System32\OLEAUT32.dll
0x00007ffb68c10000 - 0x00007ffb68cac000 	C:\Windows\System32\msvcp_win.dll
0x00007ffb661a0000 - 0x00007ffb6621a000 	C:\Windows\SYSTEM32\apphelp.dll
0x00007ffb66370000 - 0x00007ffb66405000 	C:\Windows\system32\uxtheme.dll
0x00007ffb6ab80000 - 0x00007ffb6acda000 	C:\Windows\System32\MSCTF.dll
0x00007ffb65a40000 - 0x00007ffb65a66000 	C:\Windows\system32\dwmapi.dll
0x00007ffb69480000 - 0x00007ffb695b7000 	C:\Windows\System32\ole32.dll
0x00007ffb61c50000 - 0x00007ffb61ddd000 	C:\Windows\system32\d3d9.dll
0x00007ffb335d0000 - 0x00007ffb34686000 	C:\Windows\SYSTEM32\nvd3dumx.dll
0x00007ffb62c70000 - 0x00007ffb62ddc000 	C:\Program Files (x86)\NVIDIA Corporation\3D Vision\nvSCPAPI64.dll
0x00007ffb6aea0000 - 0x00007ffb6b2c9000 	C:\Windows\System32\SETUPAPI.dll
0x00007ffb62930000 - 0x00007ffb62c66000 	C:\Windows\system32\nvapi64.dll
0x00007ffb66820000 - 0x00007ffb66848000 	C:\Windows\SYSTEM32\DEVOBJ.dll
0x00007ffb68930000 - 0x00007ffb68985000 	C:\Windows\System32\WINTRUST.dll
0x00007ffb67bf0000 - 0x00007ffb67c00000 	C:\Windows\System32\MSASN1.dll
0x00007ffb68990000 - 0x00007ffb68b59000 	C:\Windows\System32\CRYPT32.dll
0x00007ffb66b70000 - 0x00007ffb66c0f000 	C:\Windows\system32\dxgi.dll
0x0000000059c60000 - 0x0000000059ca7000 	C:\Program Files\Java\jdk1.8.0_111\jre\bin\fontmanager.dll
0x00007ffb6b340000 - 0x00007ffb6b3df000 	C:\Windows\System32\clbcatq.dll
0x00007ffb654d0000 - 0x00007ffb65678000 	C:\Windows\SYSTEM32\WindowsCodecs.dll
0x00007ffb578c0000 - 0x00007ffb57909000 	C:\Windows\system32\dataexchange.dll
0x00007ffb64870000 - 0x00007ffb64b26000 	C:\Windows\system32\d3d11.dll
0x00007ffb65b30000 - 0x00007ffb65c81000 	C:\Windows\system32\dcomp.dll
0x00007ffb66610000 - 0x00007ffb6672c000 	C:\Windows\system32\twinapi.appcore.dll
0x00007ffb67b20000 - 0x00007ffb67b4b000 	C:\Windows\system32\bcrypt.dll
0x0000000058d90000 - 0x0000000058daa000 	C:\Program Files\Java\jdk1.8.0_111\jre\bin\net.dll
0x00007ffb674c0000 - 0x00007ffb6751c000 	C:\Windows\system32\mswsock.dll
0x0000000058d70000 - 0x0000000058d81000 	C:\Program Files\Java\jdk1.8.0_111\jre\bin\nio.dll
0x0000000059c10000 - 0x0000000059c52000 	C:\Program Files\Java\jdk1.8.0_111\jre\bin\t2k.dll
0x0000000059be0000 - 0x0000000059c0a000 	C:\Program Files\Java\jdk1.8.0_111\jre\bin\dcpr.dll
0x00007ffb5ff10000 - 0x00007ffb5ffe2000 	C:\Windows\System32\IME\IMEKR\imkrtip.dll
0x00007ffb65680000 - 0x00007ffb65805000 	C:\Windows\SYSTEM32\PROPSYS.dll
0x00007ffb5fdb0000 - 0x00007ffb5ff06000 	C:\Windows\System32\IME\shared\imetip.dll
0x00007ffb65240000 - 0x00007ffb652a5000 	C:\Windows\SYSTEM32\OLEACC.dll
0x00007ffb5f5c0000 - 0x00007ffb5f768000 	C:\Windows\SYSTEM32\DUI70.dll
0x00007ffb615f0000 - 0x00007ffb61628000 	C:\Windows\System32\IME\IMEKR\imkrapi.dll
0x00007ffb61240000 - 0x00007ffb61275000 	C:\Windows\System32\IME\shared\imjkapi.dll
0x00007ffb66f90000 - 0x00007ffb66fc2000 	C:\Windows\SYSTEM32\ntmarta.dll
0x00007ffb67280000 - 0x00007ffb67321000 	C:\Windows\SYSTEM32\DNSAPI.dll
0x00007ffb6b330000 - 0x00007ffb6b338000 	C:\Windows\System32\NSI.dll
0x00007ffb67240000 - 0x00007ffb67278000 	C:\Windows\SYSTEM32\IPHLPAPI.DLL
0x000000005a740000 - 0x000000005a766000 	C:\Program Files\Bonjour\mdnsNSP.dll
0x00007ffb5f5b0000 - 0x00007ffb5f5ba000 	C:\Windows\System32\rasadhlp.dll
0x00007ffb62000000 - 0x00007ffb6206a000 	C:\Windows\System32\fwpuclnt.dll
0x00007ffb5bf10000 - 0x00007ffb5c0a2000 	C:\Windows\SYSTEM32\dbghelp.dll

VM Arguments:
jvm_args: -Dfile.encoding=UTF-8 
java_command: kr.or.dgit.donghun2.Main.MainProcess
java_class_path (initial): D:\workspace_sql\workspace_mybatis\donghun2\bin;C:\Users\SJW\.gradle\caches\modules-2\files-2.1\org.mybatis\mybatis\3.4.2\2b9a5082fe0bdb3128bab8b4b19b23ca0f3d9b38\mybatis-3.4.2.jar;C:\Users\SJW\.gradle\caches\modules-2\files-2.1\log4j\log4j\1.2.17\5af35056b4d257e4b64b9e8069c0746e8b08629f\log4j-1.2.17.jar;C:\Users\SJW\.gradle\caches\modules-2\files-2.1\mysql\mysql-connector-java\5.1.41\b0878056f15616989144d6114d36d3942321d0d1\mysql-connector-java-5.1.41.jar;C:\Users\SJW\.gradle\caches\modules-2\files-2.1\junit\junit\4.12\2973d150c0dc1fefe998f834810d68f278ea58ec\junit-4.12.jar;C:\Users\SJW\.gradle\caches\modules-2\files-2.1\org.hamcrest\hamcrest-core\1.3\42a25dc3219429f0e5d060061f71acb49bf010a0\hamcrest-core-1.3.jar;D:\workspace_sql\workspace_mybatis\donghun2\src\main\resources\erp_myframework.jar;D:\workspace_sql\workspace_mybatis\donghun2\src\main\resources\lib\idw-gpl.jar;D:\workspace_sql\workspace_mybatis\donghun2\src\main\resources\lib\JTattoo.jar;D:\workspace_sql\workspace_mybatis\donghun2\src\main\resources\lib\liquidlnf.jar;D:\workspace_sql\workspace_mybatis\donghun2\src\main\resources\lib\quaqua.jar
Launcher Type: SUN_STANDARD

Environment Variables:
JAVA_HOME=C:\Program Files\Java\jdk1.8.0_111
PATH=C:/Program Files/Java/jdk1.8.0_111/bin/../jre/bin/server;C:/Program Files/Java/jdk1.8.0_111/bin/../jre/bin;C:/Program Files/Java/jdk1.8.0_111/bin/../jre/lib/amd64;C:\Program Files\Java\jdk1.8.0_111\bin;C:\ProgramData\Oracle\Java\javapath;C:\Program Files (x86)\NVIDIA Corporation\PhysX\Common;C:\Windows\system32;C:\Windows;C:\Windows\System32\Wbem;C:\Windows\System32\WindowsPowerShell\v1.0\;C:\Program Files\MySQL\MySQL Server 5.6\bin;C:\Program Files\Git\cmd;D:\gradle-3.4.1\bin;C:\Users\SJW\AppData\Local\Microsoft\WindowsApps;C:\Program Files\Bandizip\7z;C:\eclipse_java;
USERNAME=SJW
OS=Windows_NT
PROCESSOR_IDENTIFIER=Intel64 Family 6 Model 23 Stepping 10, GenuineIntel



---------------  S Y S T E M  ---------------

OS: Windows 10.0 , 64 bit Build 14393 (10.0.14393.0)

CPU:total 4 (4 cores per cpu, 1 threads per core) family 6 model 23 stepping 10, cmov, cx8, fxsr, mmx, sse, sse2, sse3, ssse3, sse4.1, tsc

Memory: 4k page, physical 4192492k(1249680k free), swap 6682860k(1406092k free)

vm_info: Java HotSpot(TM) 64-Bit Server VM (25.111-b14) for windows-amd64 JRE (1.8.0_111-b14), built on Sep 22 2016 19:24:05 by "java_re" with MS VC++ 10.0 (VS2010)

time: Tue Apr 11 16:07:54 2017
elapsed time: 5 seconds (0d 0h 0m 5s)

