#
# A fatal error has been detected by the Java Runtime Environment:
#
#  EXCEPTION_ACCESS_VIOLATION (0xc0000005) at pc=0xffffffffa43f5120, pid=6868, tid=0x0000000000000b00
#
# JRE version: Java(TM) SE Runtime Environment (8.0_111-b14) (build 1.8.0_111-b14)
# Java VM: Java HotSpot(TM) 64-Bit Server VM (25.111-b14 mixed mode windows-amd64 compressed oops)
# Problematic frame:
# C  0xffffffffa43f5120
#
# Failed to write core dump. Minidumps are not enabled by default on client versions of Windows
#
# If you would like to submit a bug report, please visit:
#   http://bugreport.java.com/bugreport/crash.jsp
#

---------------  T H R E A D  ---------------

Current thread (0x00000000032f0800):  JavaThread "main" [_thread_in_Java, id=2816, stack(0x0000000002e10000,0x0000000002f10000)]

siginfo: ExceptionCode=0xc0000005, ExceptionInformation=0x0000000000000008 0xffffffffa43f5120

Registers:
RAX=0x00000001001f04c8, RBX=0x000000001b6c62e8, RCX=0x00000000eb32fa70, RDX=0x00000000eb3674c8
RSP=0x0000000002f0e208, RBP=0x0000000002f0e380, RSI=0x00000001001f04c8, RDI=0x00000000153cd708
R8 =0x00000000eb3674c8, R9 =0x0000000000000025, R10=0x000000010001bd10, R11=0x000000000384f580
R12=0x0000000000000000, R13=0x0000000002f0e330, R14=0x0000000002f0e3a0, R15=0x00000000032f0800
RIP=0xffffffffa43f5120, EFLAGS=0x0000000000010202

Top of Stack: (sp=0x0000000002f0e208)
0x0000000002f0e208:   00000000037e5914 0000000002f0e380
0x0000000002f0e218:   000000000384da7c 0000000002f0e378
0x0000000002f0e228:   0000000058f2d279 000000001b6a9ee8
0x0000000002f0e238:   00000000032f0800 000000001b6a9ee8
0x0000000002f0e248:   0000000058eab523 00000000eb32fb30
0x0000000002f0e258:   00000000eb3674c8 000000001512c338
0x0000000002f0e268:   00000000121b0000 0000000002f0e380
0x0000000002f0e278:   000000000384f67c 00000000ebc0b450
0x0000000002f0e288:   00000000c01302e0 00000000eb32fa70
0x0000000002f0e298:   00000000eb3674b0 00000000eb367468
0x0000000002f0e2a8:   00000000ebc0b450 00000000eb367348
0x0000000002f0e2b8:   000000000340747f 0000000002f0e330
0x0000000002f0e2c8:   00000000033f7e20 0000000002f0e380
0x0000000002f0e2d8:   000000000384ce34 00000000eb32fa70
0x0000000002f0e2e8:   00000000eb3674c8 0000000002f0e2f0
0x0000000002f0e2f8:   000000001b6ace5d 0000000002f0e380 

Instructions: (pc=0xffffffffa43f5120)
0xffffffffa43f5100:   
[error occurred during error reporting (printing registers, top of stack, instructions near pc), id 0xc0000005]

Register to memory mapping:

RAX=0x00000001001f04c8 is pointing into metadata
RBX={method} {0x000000001b6c62f0} 'hashCode' '()I' in 'sun/misc/ProxyGenerator$ConstantPool$IndirectEntry'
RCX=0x00000000eb32fa70 is an oop
sun.misc.ProxyGenerator$ConstantPool 
 - klass: 'sun/misc/ProxyGenerator$ConstantPool'
RDX=0x00000000eb3674c8 is an oop
sun.misc.ProxyGenerator$ConstantPool$IndirectEntry 
 - klass: 'sun/misc/ProxyGenerator$ConstantPool$IndirectEntry'
RSP=0x0000000002f0e208 is pointing into the stack for thread: 0x00000000032f0800
RBP=0x0000000002f0e380 is pointing into the stack for thread: 0x00000000032f0800
RSI=0x00000001001f04c8 is pointing into metadata
RDI=0x00000000153cd708 is pointing into metadata
R8 =0x00000000eb3674c8 is an oop
sun.misc.ProxyGenerator$ConstantPool$IndirectEntry 
 - klass: 'sun/misc/ProxyGenerator$ConstantPool$IndirectEntry'
R9 =0x0000000000000025 is an unknown value
R10=0x000000010001bd10 is pointing into metadata
R11=0x000000000384f580 is at entry_point+32 in (nmethod*)0x000000000384f390
R12=0x0000000000000000 is an unknown value
R13=0x0000000002f0e330 is pointing into the stack for thread: 0x00000000032f0800
R14=0x0000000002f0e3a0 is pointing into the stack for thread: 0x00000000032f0800
R15=0x00000000032f0800 is a thread


Stack: [0x0000000002e10000,0x0000000002f10000],  sp=0x0000000002f0e208,  free space=1016k
Native frames: (J=compiled Java code, j=interpreted, Vv=VM code, C=native code)
C  0xffffffffa43f5120


---------------  P R O C E S S  ---------------

Java Threads: ( => current thread )
  0x0000000019547800 JavaThread "Abandoned connection cleanup thread" daemon [_thread_blocked, id=7512, stack(0x000000001b720000,0x000000001b820000)]
  0x00000000171fa000 JavaThread "AWT-Windows" daemon [_thread_in_native, id=7952, stack(0x0000000017be0000,0x0000000017ce0000)]
  0x00000000171f3800 JavaThread "Java2D Disposer" daemon [_thread_blocked, id=7412, stack(0x00000000179e0000,0x0000000017ae0000)]
  0x0000000016ea6000 JavaThread "Service Thread" daemon [_thread_blocked, id=4620, stack(0x0000000017710000,0x0000000017810000)]
  0x0000000016e2d000 JavaThread "C1 CompilerThread2" daemon [_thread_blocked, id=4008, stack(0x0000000017610000,0x0000000017710000)]
  0x0000000016e19000 JavaThread "C2 CompilerThread1" daemon [_thread_blocked, id=3368, stack(0x0000000017510000,0x0000000017610000)]
  0x0000000015b1c000 JavaThread "C2 CompilerThread0" daemon [_thread_blocked, id=4952, stack(0x0000000017410000,0x0000000017510000)]
  0x0000000015b1a800 JavaThread "Attach Listener" daemon [_thread_blocked, id=532, stack(0x0000000017310000,0x0000000017410000)]
  0x0000000015acd800 JavaThread "Signal Dispatcher" daemon [_thread_blocked, id=6260, stack(0x0000000017210000,0x0000000017310000)]
  0x00000000033eb000 JavaThread "Finalizer" daemon [_thread_blocked, id=2584, stack(0x0000000016d10000,0x0000000016e10000)]
  0x00000000033df800 JavaThread "Reference Handler" daemon [_thread_blocked, id=3852, stack(0x0000000016c10000,0x0000000016d10000)]
=>0x00000000032f0800 JavaThread "main" [_thread_in_Java, id=2816, stack(0x0000000002e10000,0x0000000002f10000)]

Other Threads:
  0x0000000015a88800 VMThread [stack: 0x0000000016b10000,0x0000000016c10000] [id=5628]
  0x0000000016ee2800 WatcherThread [stack: 0x0000000017810000,0x0000000017910000] [id=3208]

VM state:not at safepoint (normal execution)

VM Mutex/Monitor currently owned by a thread: None

Heap:
 PSYoungGen      total 18944K, used 11353K [0x00000000eab00000, 0x00000000ed000000, 0x0000000100000000)
  eden space 16384K, 53% used [0x00000000eab00000,0x00000000eb39b690,0x00000000ebb00000)
  from space 2560K, 99% used [0x00000000ebb00000,0x00000000ebd7b160,0x00000000ebd80000)
  to   space 2560K, 0% used [0x00000000ecd80000,0x00000000ecd80000,0x00000000ed000000)
 ParOldGen       total 44032K, used 2315K [0x00000000c0000000, 0x00000000c2b00000, 0x00000000eab00000)
  object space 44032K, 5% used [0x00000000c0000000,0x00000000c0242cd8,0x00000000c2b00000)
 Metaspace       used 18693K, capacity 18920K, committed 19328K, reserved 1067008K
  class space    used 2297K, capacity 2387K, committed 2432K, reserved 1048576K

Card table byte_map: [0x00000000127b0000,0x00000000129c0000] byte_map_base: 0x00000000121b0000

Marking Bits: (ParMarkBitMap*) 0x000000005960a6c0
 Begin Bits: [0x0000000012f20000, 0x0000000013f20000)
 End Bits:   [0x0000000013f20000, 0x0000000014f20000)

Polling page: 0x0000000001190000

CodeCache: size=245760Kb used=4478Kb max_used=4490Kb free=241281Kb
 bounds [0x00000000033f0000, 0x0000000003860000, 0x00000000123f0000]
 total_blobs=1840 nmethods=1318 adapters=436
 compilation: enabled

Compilation events (10 events):
Event: 2.210 Thread 0x0000000016e19000 1316       4       sun.misc.ProxyGenerator$ConstantPool$IndirectEntry::hashCode (15 bytes)
Event: 2.210 Thread 0x0000000016e2d000 nmethod 1310 0x000000000384f390 code [0x000000000384f560, 0x000000000384fcd8]
Event: 2.210 Thread 0x0000000016e2d000 1311       3       sun.misc.ProxyGenerator$ConstantPool$IndirectEntry::equals (49 bytes)
Event: 2.210 Thread 0x0000000016e2d000 nmethod 1311 0x000000000384ffd0 code [0x0000000003850140, 0x0000000003850590]
Event: 2.210 Thread 0x0000000016e2d000 1312       3       sun.misc.ProxyGenerator$ConstantPool$IndirectEntry::<init> (21 bytes)
Event: 2.210 Thread 0x0000000015b1c000 1317       4       java.util.HashMap::getNode (148 bytes)
Event: 2.211 Thread 0x0000000016e2d000 nmethod 1312 0x0000000003851b50 code [0x0000000003851cc0, 0x0000000003851f30]
Event: 2.211 Thread 0x0000000016e2d000 1313       3       sun.misc.ProxyGenerator$ConstantPool::getClass (21 bytes)
Event: 2.211 Thread 0x0000000016e19000 nmethod 1316 0x00000000038537d0 code [0x0000000003853900, 0x0000000003853978]
Event: 2.211 Thread 0x0000000016e19000 1318       4       java.util.HashMap::get (23 bytes)

GC Heap History (6 events):
Event: 1.268 GC heap before
{Heap before GC invocations=1 (full 0):
 PSYoungGen      total 18944K, used 16384K [0x00000000eab00000, 0x00000000ec000000, 0x0000000100000000)
  eden space 16384K, 100% used [0x00000000eab00000,0x00000000ebb00000,0x00000000ebb00000)
  from space 2560K, 0% used [0x00000000ebd80000,0x00000000ebd80000,0x00000000ec000000)
  to   space 2560K, 0% used [0x00000000ebb00000,0x00000000ebb00000,0x00000000ebd80000)
 ParOldGen       total 44032K, used 0K [0x00000000c0000000, 0x00000000c2b00000, 0x00000000eab00000)
  object space 44032K, 0% used [0x00000000c0000000,0x00000000c0000000,0x00000000c2b00000)
 Metaspace       used 14465K, capacity 14690K, committed 15104K, reserved 1062912K
  class space    used 1867K, capacity 1938K, committed 2048K, reserved 1048576K
Event: 1.279 GC heap after
Heap after GC invocations=1 (full 0):
 PSYoungGen      total 18944K, used 2535K [0x00000000eab00000, 0x00000000ec000000, 0x0000000100000000)
  eden space 16384K, 0% used [0x00000000eab00000,0x00000000eab00000,0x00000000ebb00000)
  from space 2560K, 99% used [0x00000000ebb00000,0x00000000ebd79f80,0x00000000ebd80000)
  to   space 2560K, 0% used [0x00000000ebd80000,0x00000000ebd80000,0x00000000ec000000)
 ParOldGen       total 44032K, used 1093K [0x00000000c0000000, 0x00000000c2b00000, 0x00000000eab00000)
  object space 44032K, 2% used [0x00000000c0000000,0x00000000c01115c0,0x00000000c2b00000)
 Metaspace       used 14465K, capacity 14690K, committed 15104K, reserved 1062912K
  class space    used 1867K, capacity 1938K, committed 2048K, reserved 1048576K
}
Event: 1.555 GC heap before
{Heap before GC invocations=2 (full 0):
 PSYoungGen      total 18944K, used 18919K [0x00000000eab00000, 0x00000000ec000000, 0x0000000100000000)
  eden space 16384K, 100% used [0x00000000eab00000,0x00000000ebb00000,0x00000000ebb00000)
  from space 2560K, 99% used [0x00000000ebb00000,0x00000000ebd79f80,0x00000000ebd80000)
  to   space 2560K, 0% used [0x00000000ebd80000,0x00000000ebd80000,0x00000000ec000000)
 ParOldGen       total 44032K, used 1093K [0x00000000c0000000, 0x00000000c2b00000, 0x00000000eab00000)
  object space 44032K, 2% used [0x00000000c0000000,0x00000000c01115c0,0x00000000c2b00000)
 Metaspace       used 15510K, capacity 15720K, committed 16000K, reserved 1062912K
  class space    used 1983K, capacity 2067K, committed 2176K, reserved 1048576K
Event: 1.567 GC heap after
Heap after GC invocations=2 (full 0):
 PSYoungGen      total 18944K, used 2558K [0x00000000eab00000, 0x00000000ed000000, 0x0000000100000000)
  eden space 16384K, 0% used [0x00000000eab00000,0x00000000eab00000,0x00000000ebb00000)
  from space 2560K, 99% used [0x00000000ebd80000,0x00000000ebfff970,0x00000000ec000000)
  to   space 2560K, 0% used [0x00000000ebb00000,0x00000000ebb00000,0x00000000ebd80000)
 ParOldGen       total 44032K, used 2115K [0x00000000c0000000, 0x00000000c2b00000, 0x00000000eab00000)
  object space 44032K, 4% used [0x00000000c0000000,0x00000000c0210e58,0x00000000c2b00000)
 Metaspace       used 15510K, capacity 15720K, committed 16000K, reserved 1062912K
  class space    used 1983K, capacity 2067K, committed 2176K, reserved 1048576K
}
Event: 1.749 GC heap before
{Heap before GC invocations=3 (full 0):
 PSYoungGen      total 18944K, used 18942K [0x00000000eab00000, 0x00000000ed000000, 0x0000000100000000)
  eden space 16384K, 100% used [0x00000000eab00000,0x00000000ebb00000,0x00000000ebb00000)
  from space 2560K, 99% used [0x00000000ebd80000,0x00000000ebfff970,0x00000000ec000000)
  to   space 2560K, 0% used [0x00000000ebb00000,0x00000000ebb00000,0x00000000ebd80000)
 ParOldGen       total 44032K, used 2115K [0x00000000c0000000, 0x00000000c2b00000, 0x00000000eab00000)
  object space 44032K, 4% used [0x00000000c0000000,0x00000000c0210e58,0x00000000c2b00000)
 Metaspace       used 15637K, capacity 15848K, committed 16256K, reserved 1062912K
  class space    used 1984K, capacity 2067K, committed 2176K, reserved 1048576K
Event: 1.756 GC heap after
Heap after GC invocations=3 (full 0):
 PSYoungGen      total 18944K, used 2540K [0x00000000eab00000, 0x00000000ed000000, 0x0000000100000000)
  eden space 16384K, 0% used [0x00000000eab00000,0x00000000eab00000,0x00000000ebb00000)
  from space 2560K, 99% used [0x00000000ebb00000,0x00000000ebd7b160,0x00000000ebd80000)
  to   space 2560K, 0% used [0x00000000ecd80000,0x00000000ecd80000,0x00000000ed000000)
 ParOldGen       total 44032K, used 2315K [0x00000000c0000000, 0x00000000c2b00000, 0x00000000eab00000)
  object space 44032K, 5% used [0x00000000c0000000,0x00000000c0242cd8,0x00000000c2b00000)
 Metaspace       used 15637K, capacity 15848K, committed 16256K, reserved 1062912K
  class space    used 1984K, capacity 2067K, committed 2176K, reserved 1048576K
}

Deoptimization events (10 events):
Event: 1.776 Thread 0x00000000032f0800 Uncommon trap: reason=bimorphic action=maybe_recompile pc=0x000000000374f27c method=java.util.HashMap.putVal(ILjava/lang/Object;Ljava/lang/Object;ZZ)Ljava/lang/Object; @ 91
Event: 1.776 Thread 0x00000000032f0800 Uncommon trap: reason=unstable_if action=reinterpret pc=0x00000000035f7288 method=java.util.HashMap.getNode(ILjava/lang/Object;)Ljava/util/HashMap$Node; @ 62
Event: 1.776 Thread 0x00000000032f0800 Uncommon trap: reason=bimorphic action=maybe_recompile pc=0x000000000374f27c method=java.util.HashMap.putVal(ILjava/lang/Object;Ljava/lang/Object;ZZ)Ljava/lang/Object; @ 91
Event: 1.777 Thread 0x00000000032f0800 Uncommon trap: reason=class_check action=maybe_recompile pc=0x000000000374f248 method=java.util.HashMap.putVal(ILjava/lang/Object;Ljava/lang/Object;ZZ)Ljava/lang/Object; @ 203
Event: 1.777 Thread 0x00000000032f0800 Uncommon trap: reason=bimorphic action=maybe_recompile pc=0x000000000374f27c method=java.util.HashMap.putVal(ILjava/lang/Object;Ljava/lang/Object;ZZ)Ljava/lang/Object; @ 91
Event: 1.777 Thread 0x00000000032f0800 Uncommon trap: reason=class_check action=maybe_recompile pc=0x000000000374f248 method=java.util.HashMap.putVal(ILjava/lang/Object;Ljava/lang/Object;ZZ)Ljava/lang/Object; @ 203
Event: 1.777 Thread 0x00000000032f0800 Uncommon trap: reason=bimorphic action=maybe_recompile pc=0x000000000374f27c method=java.util.HashMap.putVal(ILjava/lang/Object;Ljava/lang/Object;ZZ)Ljava/lang/Object; @ 91
Event: 1.778 Thread 0x00000000032f0800 Uncommon trap: reason=bimorphic action=maybe_recompile pc=0x0000000003751abc method=java.util.HashMap.putVal(ILjava/lang/Object;Ljava/lang/Object;ZZ)Ljava/lang/Object; @ 91
Event: 2.024 Thread 0x00000000032f0800 Uncommon trap: reason=predicate action=maybe_recompile pc=0x0000000003816ae8 method=sun.net.www.ParseUtil.encodePath(Ljava/lang/String;Z)Ljava/lang/String; @ 36
Event: 2.203 Thread 0x00000000032f0800 Uncommon trap: reason=unstable_if action=reinterpret pc=0x00000000036aa0e0 method=sun.nio.cs.UTF_8$Decoder.decodeArrayLoop(Ljava/nio/ByteBuffer;Ljava/nio/CharBuffer;)Ljava/nio/charset/CoderResult; @ 220

Internal exceptions (10 events):
Event: 1.298 Thread 0x00000000032f0800 Exception <a 'java/lang/ArrayIndexOutOfBoundsException'> (0x00000000eabc9f18) thrown at [C:\re\workspace\8-2-build-windows-amd64-cygwin\jdk8u111\7883\hotspot\src\share\vm\runtime\sharedRuntime.cpp, line 605]
Event: 1.298 Thread 0x00000000032f0800 Exception <a 'java/lang/ArrayIndexOutOfBoundsException'> (0x00000000eabcb3b0) thrown at [C:\re\workspace\8-2-build-windows-amd64-cygwin\jdk8u111\7883\hotspot\src\share\vm\runtime\sharedRuntime.cpp, line 605]
Event: 1.298 Thread 0x00000000032f0800 Exception <a 'java/lang/ArrayIndexOutOfBoundsException'> (0x00000000eabccce8) thrown at [C:\re\workspace\8-2-build-windows-amd64-cygwin\jdk8u111\7883\hotspot\src\share\vm\runtime\sharedRuntime.cpp, line 605]
Event: 1.298 Thread 0x00000000032f0800 Exception <a 'java/lang/ArrayIndexOutOfBoundsException'> (0x00000000eabcd5a8) thrown at [C:\re\workspace\8-2-build-windows-amd64-cygwin\jdk8u111\7883\hotspot\src\share\vm\runtime\sharedRuntime.cpp, line 605]
Event: 1.299 Thread 0x00000000032f0800 Exception <a 'java/lang/ArrayIndexOutOfBoundsException'> (0x00000000eabce008) thrown at [C:\re\workspace\8-2-build-windows-amd64-cygwin\jdk8u111\7883\hotspot\src\share\vm\runtime\sharedRuntime.cpp, line 605]
Event: 1.299 Thread 0x00000000032f0800 Exception <a 'java/lang/ArrayIndexOutOfBoundsException'> (0x00000000eabceee0) thrown at [C:\re\workspace\8-2-build-windows-amd64-cygwin\jdk8u111\7883\hotspot\src\share\vm\runtime\sharedRuntime.cpp, line 605]
Event: 1.299 Thread 0x00000000032f0800 Exception <a 'java/lang/ArrayIndexOutOfBoundsException'> (0x00000000eabcfa28) thrown at [C:\re\workspace\8-2-build-windows-amd64-cygwin\jdk8u111\7883\hotspot\src\share\vm\runtime\sharedRuntime.cpp, line 605]
Event: 1.299 Thread 0x00000000032f0800 Exception <a 'java/lang/ArrayIndexOutOfBoundsException'> (0x00000000eabd0400) thrown at [C:\re\workspace\8-2-build-windows-amd64-cygwin\jdk8u111\7883\hotspot\src\share\vm\runtime\sharedRuntime.cpp, line 605]
Event: 1.299 Thread 0x00000000032f0800 Exception <a 'java/lang/ArrayIndexOutOfBoundsException'> (0x00000000eabd1130) thrown at [C:\re\workspace\8-2-build-windows-amd64-cygwin\jdk8u111\7883\hotspot\src\share\vm\runtime\sharedRuntime.cpp, line 605]
Event: 1.299 Thread 0x00000000032f0800 Exception <a 'java/lang/ArrayIndexOutOfBoundsException'> (0x00000000eabd2928) thrown at [C:\re\workspace\8-2-build-windows-amd64-cygwin\jdk8u111\7883\hotspot\src\share\vm\runtime\sharedRuntime.cpp, line 605]

Events (10 events):
Event: 2.204 loading class com/mysql/jdbc/LicenseConfiguration
Event: 2.204 loading class com/mysql/jdbc/LicenseConfiguration done
Event: 2.206 loading class com/mysql/jdbc/NonRegisteringDriver$ConnectionPhantomReference
Event: 2.206 loading class com/mysql/jdbc/NonRegisteringDriver$ConnectionPhantomReference done
Event: 2.207 loading class com/mysql/jdbc/NetworkResources
Event: 2.207 loading class com/mysql/jdbc/NetworkResources done
Event: 2.207 loading class java/sql/Array
Event: 2.207 loading class java/sql/Array done
Event: 2.207 loading class java/sql/Struct
Event: 2.207 loading class java/sql/Struct done


Dynamic libraries:
0x00007ff706ca0000 - 0x00007ff706cd7000 	C:\Program Files\Java\jdk1.8.0_111\bin\javaw.exe
0x00007ffb6b790000 - 0x00007ffb6b961000 	C:\Windows\SYSTEM32\ntdll.dll
0x00007ffb6aad0000 - 0x00007ffb6ab7b000 	C:\Windows\System32\KERNEL32.DLL
0x00007ffb68460000 - 0x00007ffb6867d000 	C:\Windows\System32\KERNELBASE.dll
0x00007ffb6b3e0000 - 0x00007ffb6b482000 	C:\Windows\System32\ADVAPI32.dll
0x00007ffb6b570000 - 0x00007ffb6b60e000 	C:\Windows\System32\msvcrt.dll
0x00007ffb69420000 - 0x00007ffb69479000 	C:\Windows\System32\sechost.dll
0x00007ffb68d80000 - 0x00007ffb68ea1000 	C:\Windows\System32\RPCRT4.dll
0x00007ffb6ad30000 - 0x00007ffb6ae95000 	C:\Windows\System32\USER32.dll
0x00007ffb68810000 - 0x00007ffb6882e000 	C:\Windows\System32\win32u.dll
0x00007ffb6ace0000 - 0x00007ffb6ad14000 	C:\Windows\System32\GDI32.dll
0x00007ffb68680000 - 0x00007ffb68802000 	C:\Windows\System32\gdi32full.dll
0x00007ffb619b0000 - 0x00007ffb61c2a000 	C:\Windows\WinSxS\amd64_microsoft.windows.common-controls_6595b64144ccf1df_6.0.14393.953_none_42151e83c686086b\COMCTL32.dll
0x00007ffb68eb0000 - 0x00007ffb69178000 	C:\Windows\System32\combase.dll
0x00007ffb68830000 - 0x00007ffb68925000 	C:\Windows\System32\ucrtbase.dll
0x00007ffb68cb0000 - 0x00007ffb68d1a000 	C:\Windows\System32\bcryptPrimitives.dll
0x00007ffb6b6a0000 - 0x00007ffb6b6ce000 	C:\Windows\System32\IMM32.DLL
0x000000005a1b0000 - 0x000000005a282000 	C:\Program Files\Java\jdk1.8.0_111\jre\bin\msvcr100.dll
0x0000000058df0000 - 0x000000005968a000 	C:\Program Files\Java\jdk1.8.0_111\jre\bin\server\jvm.dll
0x00007ffb6ad20000 - 0x00007ffb6ad28000 	C:\Windows\System32\PSAPI.DLL
0x00007ffb66070000 - 0x00007ffb66093000 	C:\Windows\SYSTEM32\WINMM.dll
0x00007ffb63470000 - 0x00007ffb6347a000 	C:\Windows\SYSTEM32\VERSION.dll
0x00007ffb5bce0000 - 0x00007ffb5bce9000 	C:\Windows\SYSTEM32\WSOCK32.dll
0x00007ffb66010000 - 0x00007ffb6603b000 	C:\Windows\SYSTEM32\WINMMBASE.dll
0x00007ffb6b610000 - 0x00007ffb6b67a000 	C:\Windows\System32\WS2_32.dll
0x00007ffb67c80000 - 0x00007ffb67cc2000 	C:\Windows\System32\cfgmgr32.dll
0x000000005a3e0000 - 0x000000005a3ef000 	C:\Program Files\Java\jdk1.8.0_111\jre\bin\verify.dll
0x000000005a360000 - 0x000000005a389000 	C:\Program Files\Java\jdk1.8.0_111\jre\bin\java.dll
0x000000005a340000 - 0x000000005a356000 	C:\Program Files\Java\jdk1.8.0_111\jre\bin\zip.dll
0x00007ffb695c0000 - 0x00007ffb6aac9000 	C:\Windows\System32\SHELL32.dll
0x00007ffb67d80000 - 0x00007ffb6845a000 	C:\Windows\System32\windows.storage.dll
0x00007ffb67c30000 - 0x00007ffb67c7c000 	C:\Windows\System32\powrprof.dll
0x00007ffb68d20000 - 0x00007ffb68d72000 	C:\Windows\System32\shlwapi.dll
0x00007ffb67c00000 - 0x00007ffb67c0f000 	C:\Windows\System32\kernel.appcore.dll
0x00007ffb68b60000 - 0x00007ffb68c09000 	C:\Windows\System32\shcore.dll
0x00007ffb67c10000 - 0x00007ffb67c24000 	C:\Windows\System32\profapi.dll
0x0000000058c50000 - 0x0000000058de8000 	C:\Program Files\Java\jdk1.8.0_111\jre\bin\awt.dll
0x00007ffb6b6d0000 - 0x00007ffb6b78f000 	C:\Windows\System32\OLEAUT32.dll
0x00007ffb68c10000 - 0x00007ffb68cac000 	C:\Windows\System32\msvcp_win.dll
0x00007ffb661a0000 - 0x00007ffb6621a000 	C:\Windows\SYSTEM32\apphelp.dll
0x00007ffb66370000 - 0x00007ffb66405000 	C:\Windows\system32\uxtheme.dll
0x00007ffb6ab80000 - 0x00007ffb6acda000 	C:\Windows\System32\MSCTF.dll
0x00007ffb65a40000 - 0x00007ffb65a66000 	C:\Windows\system32\dwmapi.dll
0x00007ffb69480000 - 0x00007ffb695b7000 	C:\Windows\System32\ole32.dll
0x00007ffb556e0000 - 0x00007ffb5586d000 	C:\Windows\system32\d3d9.dll
0x00007ffb31380000 - 0x00007ffb32436000 	C:\Windows\SYSTEM32\nvd3dumx.dll
0x00007ffb62c70000 - 0x00007ffb62ddc000 	C:\Program Files (x86)\NVIDIA Corporation\3D Vision\nvSCPAPI64.dll
0x00007ffb6aea0000 - 0x00007ffb6b2c9000 	C:\Windows\System32\SETUPAPI.dll
0x00007ffb62930000 - 0x00007ffb62c66000 	C:\Windows\system32\nvapi64.dll
0x00007ffb66820000 - 0x00007ffb66848000 	C:\Windows\SYSTEM32\DEVOBJ.dll
0x00007ffb68930000 - 0x00007ffb68985000 	C:\Windows\System32\WINTRUST.dll
0x00007ffb67bf0000 - 0x00007ffb67c00000 	C:\Windows\System32\MSASN1.dll
0x00007ffb68990000 - 0x00007ffb68b59000 	C:\Windows\System32\CRYPT32.dll
0x00007ffb66b70000 - 0x00007ffb66c0f000 	C:\Windows\system32\dxgi.dll
0x000000005a160000 - 0x000000005a1a7000 	C:\Program Files\Java\jdk1.8.0_111\jre\bin\fontmanager.dll
0x000000005a320000 - 0x000000005a33a000 	C:\Program Files\Java\jdk1.8.0_111\jre\bin\net.dll
0x00007ffb674c0000 - 0x00007ffb6751c000 	C:\Windows\system32\mswsock.dll
0x000000005a300000 - 0x000000005a311000 	C:\Program Files\Java\jdk1.8.0_111\jre\bin\nio.dll
0x000000005a110000 - 0x000000005a152000 	C:\Program Files\Java\jdk1.8.0_111\jre\bin\t2k.dll
0x00007ffb67280000 - 0x00007ffb67321000 	C:\Windows\SYSTEM32\DNSAPI.dll
0x00007ffb6b330000 - 0x00007ffb6b338000 	C:\Windows\System32\NSI.dll
0x00007ffb67240000 - 0x00007ffb67278000 	C:\Windows\SYSTEM32\IPHLPAPI.DLL
0x000000005a740000 - 0x000000005a766000 	C:\Program Files\Bonjour\mdnsNSP.dll
0x00007ffb5f5b0000 - 0x00007ffb5f5ba000 	C:\Windows\System32\rasadhlp.dll
0x00007ffb62000000 - 0x00007ffb6206a000 	C:\Windows\System32\fwpuclnt.dll
0x00007ffb67b20000 - 0x00007ffb67b4b000 	C:\Windows\SYSTEM32\bcrypt.dll
0x00007ffb5bf10000 - 0x00007ffb5c0a2000 	C:\Windows\SYSTEM32\dbghelp.dll

VM Arguments:
jvm_args: -Dfile.encoding=UTF-8 
java_command: kr.or.dgit.donghun2.view.CustomerView
java_class_path (initial): D:\workspace_sql\workspace_mybatis\donghun2\bin;C:\Users\SJW\.gradle\caches\modules-2\files-2.1\org.mybatis\mybatis\3.4.2\2b9a5082fe0bdb3128bab8b4b19b23ca0f3d9b38\mybatis-3.4.2.jar;C:\Users\SJW\.gradle\caches\modules-2\files-2.1\log4j\log4j\1.2.17\5af35056b4d257e4b64b9e8069c0746e8b08629f\log4j-1.2.17.jar;C:\Users\SJW\.gradle\caches\modules-2\files-2.1\mysql\mysql-connector-java\5.1.41\b0878056f15616989144d6114d36d3942321d0d1\mysql-connector-java-5.1.41.jar;C:\Users\SJW\.gradle\caches\modules-2\files-2.1\junit\junit\4.12\2973d150c0dc1fefe998f834810d68f278ea58ec\junit-4.12.jar;C:\Users\SJW\.gradle\caches\modules-2\files-2.1\org.hamcrest\hamcrest-core\1.3\42a25dc3219429f0e5d060061f71acb49bf010a0\hamcrest-core-1.3.jar;D:\workspace_sql\workspace_mybatis\donghun2\src\main\resources\erp_myframework.jar
Launcher Type: SUN_STANDARD

Environment Variables:
JAVA_HOME=C:\Program Files\Java\jdk1.8.0_111
PATH=C:/Program Files/Java/jdk1.8.0_111/bin/../jre/bin/server;C:/Program Files/Java/jdk1.8.0_111/bin/../jre/bin;C:/Program Files/Java/jdk1.8.0_111/bin/../jre/lib/amd64;C:\Program Files\Java\jdk1.8.0_111\bin;C:\ProgramData\Oracle\Java\javapath;C:\Program Files (x86)\NVIDIA Corporation\PhysX\Common;C:\Windows\system32;C:\Windows;C:\Windows\System32\Wbem;C:\Windows\System32\WindowsPowerShell\v1.0\;C:\Program Files\MySQL\MySQL Server 5.6\bin;C:\Program Files\Git\cmd;D:\gradle-3.4.1\bin;C:\Users\SJW\AppData\Local\Microsoft\WindowsApps;C:\Program Files\Bandizip\7z;C:\eclipse_java;
USERNAME=SJW
OS=Windows_NT
PROCESSOR_IDENTIFIER=Intel64 Family 6 Model 23 Stepping 10, GenuineIntel



---------------  S Y S T E M  ---------------

OS: Windows 10.0 , 64 bit Build 14393 (10.0.14393.0)

CPU:total 4 (4 cores per cpu, 1 threads per core) family 6 model 23 stepping 10, cmov, cx8, fxsr, mmx, sse, sse2, sse3, ssse3, sse4.1, tsc

Memory: 4k page, physical 4192492k(1536948k free), swap 6682860k(1374188k free)

vm_info: Java HotSpot(TM) 64-Bit Server VM (25.111-b14) for windows-amd64 JRE (1.8.0_111-b14), built on Sep 22 2016 19:24:05 by "java_re" with MS VC++ 10.0 (VS2010)

time: Thu Apr 06 20:31:19 2017
elapsed time: 2 seconds (0d 0h 0m 2s)

