#
# A fatal error has been detected by the Java Runtime Environment:
#
#  EXCEPTION_ACCESS_VIOLATION (0xc0000005) at pc=0xffffffffa3cb5120, pid=9672, tid=0x000000000000139c
#
# JRE version: Java(TM) SE Runtime Environment (8.0_111-b14) (build 1.8.0_111-b14)
# Java VM: Java HotSpot(TM) 64-Bit Server VM (25.111-b14 mixed mode windows-amd64 compressed oops)
# Problematic frame:
# C  0xffffffffa3cb5120
#
# Failed to write core dump. Minidumps are not enabled by default on client versions of Windows
#
# If you would like to submit a bug report, please visit:
#   http://bugreport.java.com/bugreport/crash.jsp
#

---------------  T H R E A D  ---------------

Current thread (0x000000001789f000):  JavaThread "AWT-EventQueue-0" [_thread_in_Java, id=5020, stack(0x0000000018480000,0x0000000018580000)]

siginfo: ExceptionCode=0xc0000005, ExceptionInformation=0x0000000000000008 0xffffffffa3cb5120

Registers:
RAX=0x0000000014c5d018, RBX=0x0000000014c5d018, RCX=0x00000000ec234a98, RDX=0x00000000ec234a98
RSP=0x000000001857d3a8, RBP=0x000000001857d408, RSI=0x000000001b0670a8, RDI=0x00000000000001e8
R8 =0x0000000000000093, R9 =0x00000000ec214208, R10=0x0000000077cac0c0, R11=0x0000000003103380
R12=0x0000000000000000, R13=0x000000001857d3b8, R14=0x0000000000000000, R15=0x000000001789f000
RIP=0xffffffffa3cb5120, EFLAGS=0x0000000000010202

Top of Stack: (sp=0x000000001857d3a8)
0x000000001857d3a8:   0000000002cb7ec0 0000000002cb7ec0
0x000000001857d3b8:   0000000000000093 00000000ec234a98
0x000000001857d3c8:   000000001857d3c8 0000000014c5d47a
0x000000001857d3d8:   000000001857d438 0000000014c5d6a8
0x000000001857d3e8:   0000000000000000 0000000014c5d4b0
0x000000001857d3f8:   000000001857d3b8 000000001857d438
0x000000001857d408:   000000001857d480 0000000002cb813d
0x000000001857d418:   00000000ec214208 0000000000000093
0x000000001857d428:   00000000ec2393a8 000000000000006f
0x000000001857d438:   00000000ec234a98 000000001857d440
0x000000001857d448:   00000000149ef72c 000000001857d4d0
0x000000001857d458:   0000000014a95f78 0000000000000000
0x000000001857d468:   00000000149ef748 000000001857d438
0x000000001857d478:   000000001857d4d0 000000001857d518
0x000000001857d488:   0000000002cb7ec0 00000000ebc8d9b0
0x000000001857d498:   0000000000000001 00000000ec2398a8 

Instructions: (pc=0xffffffffa3cb5120)
0xffffffffa3cb5100:   
[error occurred during error reporting (printing registers, top of stack, instructions near pc), id 0xc0000005]

Register to memory mapping:

RAX={method} {0x0000000014c5d020} 'get' '(I)Ljava/lang/reflect/Method;' in 'java/lang/Class$MethodArray'
RBX={method} {0x0000000014c5d020} 'get' '(I)Ljava/lang/reflect/Method;' in 'java/lang/Class$MethodArray'
RCX=0x00000000ec234a98 is an oop
java.lang.Class$MethodArray 
 - klass: 'java/lang/Class$MethodArray'
RDX=0x00000000ec234a98 is an oop
java.lang.Class$MethodArray 
 - klass: 'java/lang/Class$MethodArray'
RSP=0x000000001857d3a8 is pointing into the stack for thread: 0x000000001789f000
RBP=0x000000001857d408 is pointing into the stack for thread: 0x000000001789f000
RSI=0x000000001b0670a8 is pointing into metadata
RDI=0x00000000000001e8 is an unknown value
R8 =0x0000000000000093 is an unknown value
R9 =0x00000000ec214208 is an oop
java.lang.reflect.Method 
 - klass: 'java/lang/reflect/Method'
R10=0x0000000077cac0c0 is an unknown value
R11=0x0000000003103380 is at entry_point+32 in (nmethod*)0x0000000003103210
R12=0x0000000000000000 is an unknown value
R13=0x000000001857d3b8 is pointing into the stack for thread: 0x000000001789f000
R14=0x0000000000000000 is an unknown value
R15=0x000000001789f000 is a thread


Stack: [0x0000000018480000,0x0000000018580000],  sp=0x000000001857d3a8,  free space=1012k
Native frames: (J=compiled Java code, j=interpreted, Vv=VM code, C=native code)
C  0xffffffffa3cb5120


---------------  P R O C E S S  ---------------

Java Threads: ( => current thread )
  0x0000000017cd6000 JavaThread "Abandoned connection cleanup thread" daemon [_thread_blocked, id=6036, stack(0x000000001aca0000,0x000000001ada0000)]
  0x00000000025be000 JavaThread "DestroyJavaVM" [_thread_blocked, id=10072, stack(0x0000000002ab0000,0x0000000002bb0000)]
=>0x000000001789f000 JavaThread "AWT-EventQueue-0" [_thread_in_Java, id=5020, stack(0x0000000018480000,0x0000000018580000)]
  0x0000000017898000 JavaThread "AWT-Windows" daemon [_thread_in_native, id=10724, stack(0x0000000018280000,0x0000000018380000)]
  0x0000000017897000 JavaThread "AWT-Shutdown" [_thread_blocked, id=10396, stack(0x0000000018180000,0x0000000018280000)]
  0x0000000017893000 JavaThread "Java2D Disposer" daemon [_thread_blocked, id=2540, stack(0x0000000018080000,0x0000000018180000)]
  0x000000001699a800 JavaThread "Service Thread" daemon [_thread_blocked, id=2676, stack(0x00000000172e0000,0x00000000173e0000)]
  0x0000000016910000 JavaThread "C1 CompilerThread2" daemon [_thread_blocked, id=6444, stack(0x00000000171e0000,0x00000000172e0000)]
  0x000000001690f000 JavaThread "C2 CompilerThread1" daemon [_thread_blocked, id=9836, stack(0x00000000170e0000,0x00000000171e0000)]
  0x0000000016903000 JavaThread "C2 CompilerThread0" daemon [_thread_blocked, id=8860, stack(0x0000000016fe0000,0x00000000170e0000)]
  0x00000000168f5000 JavaThread "JDWP Command Reader" daemon [_thread_in_native, id=1824, stack(0x0000000016ee0000,0x0000000016fe0000)]
  0x00000000168f2800 JavaThread "JDWP Event Helper Thread" daemon [_thread_blocked, id=7048, stack(0x0000000016de0000,0x0000000016ee0000)]
  0x00000000168e3000 JavaThread "JDWP Transport Listener: dt_socket" daemon [_thread_blocked, id=620, stack(0x0000000016ce0000,0x0000000016de0000)]
  0x00000000153da000 JavaThread "Attach Listener" daemon [_thread_blocked, id=10416, stack(0x00000000167e0000,0x00000000168e0000)]
  0x00000000153d9800 JavaThread "Signal Dispatcher" daemon [_thread_blocked, id=7600, stack(0x00000000166e0000,0x00000000167e0000)]
  0x000000001536a800 JavaThread "Finalizer" daemon [_thread_blocked, id=6712, stack(0x00000000165e0000,0x00000000166e0000)]
  0x0000000002ca0000 JavaThread "Reference Handler" daemon [_thread_blocked, id=3372, stack(0x00000000164e0000,0x00000000165e0000)]

Other Threads:
  0x0000000015347800 VMThread [stack: 0x00000000163e0000,0x00000000164e0000] [id=8792]
  0x00000000169e4000 WatcherThread [stack: 0x00000000173e0000,0x00000000174e0000] [id=4932]

VM state:not at safepoint (normal execution)

VM Mutex/Monitor currently owned by a thread: None

Heap:
 PSYoungGen      total 35328K, used 26559K [0x00000000eab00000, 0x00000000ed000000, 0x0000000100000000)
  eden space 32768K, 73% used [0x00000000eab00000,0x00000000ec272c28,0x00000000ecb00000)
  from space 2560K, 99% used [0x00000000ecd80000,0x00000000ecffd030,0x00000000ed000000)
  to   space 2560K, 0% used [0x00000000ecb00000,0x00000000ecb00000,0x00000000ecd80000)
 ParOldGen       total 44032K, used 1965K [0x00000000c0000000, 0x00000000c2b00000, 0x00000000eab00000)
  object space 44032K, 4% used [0x00000000c0000000,0x00000000c01eb410,0x00000000c2b00000)
 Metaspace       used 17486K, capacity 17728K, committed 17920K, reserved 1064960K
  class space    used 2192K, capacity 2279K, committed 2304K, reserved 1048576K

Card table byte_map: [0x0000000012070000,0x0000000012280000] byte_map_base: 0x0000000011a70000

Marking Bits: (ParMarkBitMap*) 0x0000000077cca6c0
 Begin Bits: [0x00000000127e0000, 0x00000000137e0000)
 End Bits:   [0x00000000137e0000, 0x00000000147e0000)

Polling page: 0x0000000000dc0000

CodeCache: size=245760Kb used=4466Kb max_used=4478Kb free=241293Kb
 bounds [0x0000000002cb0000, 0x0000000003120000, 0x0000000011cb0000]
 total_blobs=1733 nmethods=1249 adapters=406
 compilation: enabled

Compilation events (10 events):
Event: 2.246 Thread 0x0000000016910000 1244       3       java.lang.Integer::stringSize (21 bytes)
Event: 2.246 Thread 0x0000000016910000 nmethod 1244 0x000000000310cc50 code [0x000000000310cdc0, 0x000000000310cfd0]
Event: 2.246 Thread 0x0000000016910000 1245       3       java.lang.Integer::getChars (131 bytes)
Event: 2.247 Thread 0x0000000016910000 nmethod 1245 0x000000000310d0d0 code [0x000000000310d260, 0x000000000310d6f0]
Event: 2.247 Thread 0x0000000016903000 1246       4       java.lang.Class$MethodArray::matchesNameAndDescriptor (42 bytes)
Event: 2.248 Thread 0x000000001690f000 1247       4       java.lang.reflect.Method::equals (69 bytes)
Event: 2.248 Thread 0x0000000016910000 1248       3       java.lang.Class$MethodArray::addIfNotPresent (47 bytes)
Event: 2.248 Thread 0x0000000016910000 nmethod 1248 0x000000000310db90 code [0x000000000310dd20, 0x000000000310e138]
Event: 2.249 Thread 0x0000000016910000 1249       1       java.lang.Class$MethodArray::get (7 bytes)
Event: 2.249 Thread 0x0000000016910000 nmethod 1249 0x000000000310e310 code [0x000000000310e460, 0x000000000310e590]

GC Heap History (4 events):
Event: 1.266 GC heap before
{Heap before GC invocations=1 (full 0):
 PSYoungGen      total 18944K, used 16384K [0x00000000eab00000, 0x00000000ec000000, 0x0000000100000000)
  eden space 16384K, 100% used [0x00000000eab00000,0x00000000ebb00000,0x00000000ebb00000)
  from space 2560K, 0% used [0x00000000ebd80000,0x00000000ebd80000,0x00000000ec000000)
  to   space 2560K, 0% used [0x00000000ebb00000,0x00000000ebb00000,0x00000000ebd80000)
 ParOldGen       total 44032K, used 0K [0x00000000c0000000, 0x00000000c2b00000, 0x00000000eab00000)
  object space 44032K, 0% used [0x00000000c0000000,0x00000000c0000000,0x00000000c2b00000)
 Metaspace       used 13178K, capacity 13370K, committed 13696K, reserved 1060864K
  class space    used 1747K, capacity 1830K, committed 1920K, reserved 1048576K
Event: 1.280 GC heap after
Heap after GC invocations=1 (full 0):
 PSYoungGen      total 18944K, used 2535K [0x00000000eab00000, 0x00000000ed000000, 0x0000000100000000)
  eden space 16384K, 0% used [0x00000000eab00000,0x00000000eab00000,0x00000000ebb00000)
  from space 2560K, 99% used [0x00000000ebb00000,0x00000000ebd79f80,0x00000000ebd80000)
  to   space 2560K, 0% used [0x00000000ecd80000,0x00000000ecd80000,0x00000000ed000000)
 ParOldGen       total 44032K, used 922K [0x00000000c0000000, 0x00000000c2b00000, 0x00000000eab00000)
  object space 44032K, 2% used [0x00000000c0000000,0x00000000c00e6ad8,0x00000000c2b00000)
 Metaspace       used 13178K, capacity 13370K, committed 13696K, reserved 1060864K
  class space    used 1747K, capacity 1830K, committed 1920K, reserved 1048576K
}
Event: 1.583 GC heap before
{Heap before GC invocations=2 (full 0):
 PSYoungGen      total 18944K, used 18919K [0x00000000eab00000, 0x00000000ed000000, 0x0000000100000000)
  eden space 16384K, 100% used [0x00000000eab00000,0x00000000ebb00000,0x00000000ebb00000)
  from space 2560K, 99% used [0x00000000ebb00000,0x00000000ebd79f80,0x00000000ebd80000)
  to   space 2560K, 0% used [0x00000000ecd80000,0x00000000ecd80000,0x00000000ed000000)
 ParOldGen       total 44032K, used 922K [0x00000000c0000000, 0x00000000c2b00000, 0x00000000eab00000)
  object space 44032K, 2% used [0x00000000c0000000,0x00000000c00e6ad8,0x00000000c2b00000)
 Metaspace       used 14208K, capacity 14368K, committed 14592K, reserved 1062912K
  class space    used 1862K, capacity 1927K, committed 2048K, reserved 1048576K
Event: 1.595 GC heap after
Heap after GC invocations=2 (full 0):
 PSYoungGen      total 35328K, used 2548K [0x00000000eab00000, 0x00000000ed000000, 0x0000000100000000)
  eden space 32768K, 0% used [0x00000000eab00000,0x00000000eab00000,0x00000000ecb00000)
  from space 2560K, 99% used [0x00000000ecd80000,0x00000000ecffd030,0x00000000ed000000)
  to   space 2560K, 0% used [0x00000000ecb00000,0x00000000ecb00000,0x00000000ecd80000)
 ParOldGen       total 44032K, used 1965K [0x00000000c0000000, 0x00000000c2b00000, 0x00000000eab00000)
  object space 44032K, 4% used [0x00000000c0000000,0x00000000c01eb410,0x00000000c2b00000)
 Metaspace       used 14208K, capacity 14368K, committed 14592K, reserved 1062912K
  class space    used 1862K, capacity 1927K, committed 2048K, reserved 1048576K
}

Deoptimization events (10 events):
Event: 1.729 Thread 0x000000001789f000 Uncommon trap: reason=unstable_if action=reinterpret pc=0x0000000002f52e48 method=java.util.HashMap.getNode(ILjava/lang/Object;)Ljava/util/HashMap$Node; @ 62
Event: 1.729 Thread 0x000000001789f000 Uncommon trap: reason=bimorphic action=maybe_recompile pc=0x000000000303c8f4 method=java.util.HashMap.putVal(ILjava/lang/Object;Ljava/lang/Object;ZZ)Ljava/lang/Object; @ 91
Event: 1.730 Thread 0x000000001789f000 Uncommon trap: reason=unstable_if action=reinterpret pc=0x0000000002f7f844 method=java.util.HashMap.getNode(ILjava/lang/Object;)Ljava/util/HashMap$Node; @ 62
Event: 1.730 Thread 0x000000001789f000 Uncommon trap: reason=bimorphic action=maybe_recompile pc=0x000000000303c8f4 method=java.util.HashMap.putVal(ILjava/lang/Object;Ljava/lang/Object;ZZ)Ljava/lang/Object; @ 91
Event: 1.730 Thread 0x000000001789f000 Uncommon trap: reason=bimorphic action=maybe_recompile pc=0x000000000303c8f4 method=java.util.HashMap.putVal(ILjava/lang/Object;Ljava/lang/Object;ZZ)Ljava/lang/Object; @ 91
Event: 1.730 Thread 0x000000001789f000 Uncommon trap: reason=bimorphic action=maybe_recompile pc=0x000000000303c8f4 method=java.util.HashMap.putVal(ILjava/lang/Object;Ljava/lang/Object;ZZ)Ljava/lang/Object; @ 91
Event: 1.737 Thread 0x000000001789f000 Uncommon trap: reason=range_check action=none pc=0x0000000002f70adc method=sun.reflect.generics.parser.SignatureParser.current()C @ 34
Event: 1.737 Thread 0x000000001789f000 Uncommon trap: reason=range_check action=none pc=0x0000000002f70adc method=sun.reflect.generics.parser.SignatureParser.current()C @ 34
Event: 2.005 Thread 0x000000001789f000 Uncommon trap: reason=predicate action=maybe_recompile pc=0x00000000030c8e88 method=sun.net.www.ParseUtil.encodePath(Ljava/lang/String;Z)Ljava/lang/String; @ 36
Event: 2.197 Thread 0x000000001789f000 Uncommon trap: reason=unstable_if action=reinterpret pc=0x0000000002fa0090 method=sun.nio.cs.UTF_8$Decoder.decodeArrayLoop(Ljava/nio/ByteBuffer;Ljava/nio/CharBuffer;)Ljava/nio/charset/CoderResult; @ 220

Internal exceptions (10 events):
Event: 1.308 Thread 0x000000001789f000 Exception <a 'java/lang/ArrayIndexOutOfBoundsException': 22> (0x00000000eabce908) thrown at [C:\re\workspace\8-2-build-windows-amd64-cygwin\jdk8u111\7883\hotspot\src\share\vm\interpreter\interpreterRuntime.cpp, line 366]
Event: 1.308 Thread 0x000000001789f000 Exception <a 'java/lang/ArrayIndexOutOfBoundsException': 6> (0x00000000eabcf450) thrown at [C:\re\workspace\8-2-build-windows-amd64-cygwin\jdk8u111\7883\hotspot\src\share\vm\interpreter\interpreterRuntime.cpp, line 366]
Event: 1.308 Thread 0x000000001789f000 Exception <a 'java/lang/ArrayIndexOutOfBoundsException': 23> (0x00000000eabcfe28) thrown at [C:\re\workspace\8-2-build-windows-amd64-cygwin\jdk8u111\7883\hotspot\src\share\vm\interpreter\interpreterRuntime.cpp, line 366]
Event: 1.308 Thread 0x000000001789f000 Exception <a 'java/lang/ArrayIndexOutOfBoundsException': 22> (0x00000000eabd0b58) thrown at [C:\re\workspace\8-2-build-windows-amd64-cygwin\jdk8u111\7883\hotspot\src\share\vm\interpreter\interpreterRuntime.cpp, line 366]
Event: 1.308 Thread 0x000000001789f000 Exception <a 'java/lang/ArrayIndexOutOfBoundsException': 105> (0x00000000eabd2350) thrown at [C:\re\workspace\8-2-build-windows-amd64-cygwin\jdk8u111\7883\hotspot\src\share\vm\interpreter\interpreterRuntime.cpp, line 366]
Event: 1.308 Thread 0x000000001789f000 Exception <a 'java/lang/ArrayIndexOutOfBoundsException': 60> (0x00000000eabd3660) thrown at [C:\re\workspace\8-2-build-windows-amd64-cygwin\jdk8u111\7883\hotspot\src\share\vm\interpreter\interpreterRuntime.cpp, line 366]
Event: 1.311 Thread 0x000000001789f000 Exception <a 'java/lang/ArrayIndexOutOfBoundsException': 40> (0x00000000eabf5a48) thrown at [C:\re\workspace\8-2-build-windows-amd64-cygwin\jdk8u111\7883\hotspot\src\share\vm\interpreter\interpreterRuntime.cpp, line 366]
Event: 1.311 Thread 0x000000001789f000 Exception <a 'java/lang/ArrayIndexOutOfBoundsException': 52> (0x00000000eabf68f0) thrown at [C:\re\workspace\8-2-build-windows-amd64-cygwin\jdk8u111\7883\hotspot\src\share\vm\interpreter\interpreterRuntime.cpp, line 366]
Event: 1.737 Thread 0x000000001789f000 Exception <a 'java/lang/ArrayIndexOutOfBoundsException': 54> (0x00000000eba95758) thrown at [C:\re\workspace\8-2-build-windows-amd64-cygwin\jdk8u111\7883\hotspot\src\share\vm\interpreter\interpreterRuntime.cpp, line 366]
Event: 1.737 Thread 0x000000001789f000 Exception <a 'java/lang/ArrayIndexOutOfBoundsException': 67> (0x00000000eba96988) thrown at [C:\re\workspace\8-2-build-windows-amd64-cygwin\jdk8u111\7883\hotspot\src\share\vm\interpreter\interpreterRuntime.cpp, line 366]

Events (10 events):
Event: 2.241 Thread 0x000000001789f000 DEOPT PACKING pc=0x0000000002e33edc sp=0x000000001857c440
Event: 2.241 Thread 0x000000001789f000 DEOPT UNPACKING pc=0x0000000002cf71bf sp=0x000000001857c260 mode 1
Event: 2.241 Thread 0x000000001789f000 DEOPT PACKING pc=0x0000000002e33c74 sp=0x000000001857c5d0
Event: 2.241 Thread 0x000000001789f000 DEOPT UNPACKING pc=0x0000000002cf71bf sp=0x000000001857c3f0 mode 1
Event: 2.242 loading class java/lang/reflect/Proxy$Key2
Event: 2.242 loading class java/lang/reflect/Proxy$Key2 done
Event: 2.242 loading class java/sql/Ref
Event: 2.242 loading class java/sql/Ref done
Event: 2.242 loading class java/sql/RowId
Event: 2.243 loading class java/sql/RowId done


Dynamic libraries:
0x00007ff6ed100000 - 0x00007ff6ed137000 	C:\Program Files\Java\jre1.8.0_111\bin\javaw.exe
0x00007ff92dde0000 - 0x00007ff92dfb1000 	C:\Windows\SYSTEM32\ntdll.dll
0x00007ff92d900000 - 0x00007ff92d9ab000 	C:\Windows\System32\KERNEL32.DLL
0x00007ff92a330000 - 0x00007ff92a54d000 	C:\Windows\System32\KERNELBASE.dll
0x00007ff92bb90000 - 0x00007ff92bc32000 	C:\Windows\System32\ADVAPI32.dll
0x00007ff92b6c0000 - 0x00007ff92b75e000 	C:\Windows\System32\msvcrt.dll
0x00007ff92bc40000 - 0x00007ff92bc99000 	C:\Windows\System32\sechost.dll
0x00007ff92daf0000 - 0x00007ff92dc11000 	C:\Windows\System32\RPCRT4.dll
0x00007ff92b4f0000 - 0x00007ff92b655000 	C:\Windows\System32\USER32.dll
0x00007ff92aa00000 - 0x00007ff92aa1e000 	C:\Windows\System32\win32u.dll
0x00007ff92b680000 - 0x00007ff92b6b4000 	C:\Windows\System32\GDI32.dll
0x00007ff92a5a0000 - 0x00007ff92a722000 	C:\Windows\System32\gdi32full.dll
0x00007ff923f90000 - 0x00007ff92420a000 	C:\Windows\WinSxS\amd64_microsoft.windows.common-controls_6595b64144ccf1df_6.0.14393.953_none_42151e83c686086b\COMCTL32.dll
0x00007ff92d3c0000 - 0x00007ff92d688000 	C:\Windows\System32\combase.dll
0x00007ff92a900000 - 0x00007ff92a9f5000 	C:\Windows\System32\ucrtbase.dll
0x00007ff92b250000 - 0x00007ff92b2ba000 	C:\Windows\System32\bcryptPrimitives.dll
0x00007ff92bda0000 - 0x00007ff92bdce000 	C:\Windows\System32\IMM32.DLL
0x0000000050f10000 - 0x0000000050fe2000 	C:\Program Files\Java\jre1.8.0_111\bin\msvcr100.dll
0x00000000774b0000 - 0x0000000077d4a000 	C:\Program Files\Java\jre1.8.0_111\bin\server\jvm.dll
0x00007ff92bde0000 - 0x00007ff92bde8000 	C:\Windows\System32\PSAPI.DLL
0x00007ff923990000 - 0x00007ff923999000 	C:\Windows\SYSTEM32\WSOCK32.dll
0x00007ff92d690000 - 0x00007ff92d6fa000 	C:\Windows\System32\WS2_32.dll
0x00007ff925d30000 - 0x00007ff925d3a000 	C:\Windows\SYSTEM32\VERSION.dll
0x00007ff9286c0000 - 0x00007ff9286e3000 	C:\Windows\SYSTEM32\WINMM.dll
0x0000000002500000 - 0x000000000252b000 	C:\Windows\SYSTEM32\WINMMBASE.dll
0x00007ff92a550000 - 0x00007ff92a592000 	C:\Windows\System32\cfgmgr32.dll
0x0000000051320000 - 0x000000005132f000 	C:\Program Files\Java\jre1.8.0_111\bin\verify.dll
0x00000000512f0000 - 0x0000000051319000 	C:\Program Files\Java\jre1.8.0_111\bin\java.dll
0x0000000050ed0000 - 0x0000000050f05000 	C:\Program Files\Java\jre1.8.0_111\bin\jdwp.dll
0x0000000050ec0000 - 0x0000000050ec8000 	C:\Program Files\Java\jre1.8.0_111\bin\npt.dll
0x00000000512d0000 - 0x00000000512e6000 	C:\Program Files\Java\jre1.8.0_111\bin\zip.dll
0x00007ff92bdf0000 - 0x00007ff92d2f9000 	C:\Windows\System32\SHELL32.dll
0x00007ff92ab70000 - 0x00007ff92b24a000 	C:\Windows\System32\windows.storage.dll
0x00007ff92a280000 - 0x00007ff92a2cc000 	C:\Windows\System32\powrprof.dll
0x00007ff92dc20000 - 0x00007ff92dc72000 	C:\Windows\System32\shlwapi.dll
0x00007ff92a240000 - 0x00007ff92a24f000 	C:\Windows\System32\kernel.appcore.dll
0x00007ff92b2c0000 - 0x00007ff92b369000 	C:\Windows\System32\shcore.dll
0x00007ff92a260000 - 0x00007ff92a274000 	C:\Windows\System32\profapi.dll
0x0000000050eb0000 - 0x0000000050eb9000 	C:\Program Files\Java\jre1.8.0_111\bin\dt_socket.dll
0x00007ff91b2a0000 - 0x00007ff91b2b6000 	C:\Windows\system32\napinsp.dll
0x00007ff91b300000 - 0x00007ff91b31a000 	C:\Windows\system32\pnrpnsp.dll
0x00007ff927cc0000 - 0x00007ff927cd8000 	C:\Windows\system32\NLAapi.dll
0x00007ff929b10000 - 0x00007ff929b6c000 	C:\Windows\System32\mswsock.dll
0x00007ff9298d0000 - 0x00007ff929971000 	C:\Windows\SYSTEM32\DNSAPI.dll
0x00007ff92b370000 - 0x00007ff92b378000 	C:\Windows\System32\NSI.dll
0x00007ff929890000 - 0x00007ff9298c8000 	C:\Windows\SYSTEM32\IPHLPAPI.DLL
0x00007ff91b320000 - 0x00007ff91b32e000 	C:\Windows\System32\winrnr.dll
0x00007ff924360000 - 0x00007ff9243ca000 	C:\Windows\System32\fwpuclnt.dll
0x00007ff92a180000 - 0x00007ff92a1ab000 	C:\Windows\SYSTEM32\bcrypt.dll
0x00007ff921c00000 - 0x00007ff921c0a000 	C:\Windows\System32\rasadhlp.dll
0x0000000051090000 - 0x0000000051228000 	C:\Program Files\Java\jre1.8.0_111\bin\awt.dll
0x00007ff92d300000 - 0x00007ff92d3bf000 	C:\Windows\System32\OLEAUT32.dll
0x00007ff92aad0000 - 0x00007ff92ab6c000 	C:\Windows\System32\msvcp_win.dll
0x00007ff9287f0000 - 0x00007ff92886a000 	C:\Windows\SYSTEM32\apphelp.dll
0x00007ff9289c0000 - 0x00007ff928a55000 	C:\Windows\system32\uxtheme.dll
0x00007ff92dc80000 - 0x00007ff92ddda000 	C:\Windows\System32\MSCTF.dll
0x00007ff928090000 - 0x00007ff9280b6000 	C:\Windows\system32\dwmapi.dll
0x00007ff92d9b0000 - 0x00007ff92dae7000 	C:\Windows\System32\ole32.dll
0x00007ff90e720000 - 0x00007ff90e8ad000 	C:\Windows\system32\d3d9.dll
0x00007ff906ef0000 - 0x00007ff907fa6000 	C:\Windows\SYSTEM32\nvd3dumx.dll
0x00007ff925350000 - 0x00007ff9254bc000 	C:\Program Files (x86)\NVIDIA Corporation\3D Vision\nvSCPAPI64.dll
0x00007ff92b760000 - 0x00007ff92bb89000 	C:\Windows\System32\SETUPAPI.dll
0x00000000512b0000 - 0x00000000512ca000 	C:\Program Files\Java\jre1.8.0_111\bin\net.dll
0x00007ff91f140000 - 0x00007ff91f2d2000 	C:\Windows\SYSTEM32\dbghelp.dll

VM Arguments:
jvm_args: -agentlib:jdwp=transport=dt_socket,suspend=y,address=localhost:49442 -Dfile.encoding=UTF-8 
java_command: kr.or.dgit.donghun2.view.SellInfoViewA
java_class_path (initial): D:\workspace_mybatis\donghun2\bin;C:\Users\JSE\.gradle\caches\modules-2\files-2.1\org.mybatis\mybatis\3.4.2\2b9a5082fe0bdb3128bab8b4b19b23ca0f3d9b38\mybatis-3.4.2.jar;C:\Users\JSE\.gradle\caches\modules-2\files-2.1\log4j\log4j\1.2.17\5af35056b4d257e4b64b9e8069c0746e8b08629f\log4j-1.2.17.jar;C:\Users\JSE\.gradle\caches\modules-2\files-2.1\mysql\mysql-connector-java\5.1.41\b0878056f15616989144d6114d36d3942321d0d1\mysql-connector-java-5.1.41.jar;C:\Users\JSE\.gradle\caches\modules-2\files-2.1\junit\junit\4.12\2973d150c0dc1fefe998f834810d68f278ea58ec\junit-4.12.jar;C:\Users\JSE\.gradle\caches\modules-2\files-2.1\org.hamcrest\hamcrest-core\1.3\42a25dc3219429f0e5d060061f71acb49bf010a0\hamcrest-core-1.3.jar;D:\workspace_mybatis\donghun2\src\main\resources\erp_myframework.jar
Launcher Type: SUN_STANDARD

Environment Variables:
JAVA_HOME=C:\Program Files\Java\jdk1.8.0_111
PATH=C:/Program Files/Java/jre1.8.0_111/bin/server;C:/Program Files/Java/jre1.8.0_111/bin;C:/Program Files/Java/jre1.8.0_111/lib/amd64;C:\ProgramData\Oracle\Java\javapath;C:\Program Files (x86)\NVIDIA Corporation\PhysX\Common;C:\Windows\system32;C:\Windows;C:\Windows\System32\Wbem;C:\Windows\System32\WindowsPowerShell\v1.0\;C:\Program Files\Java\jdk1.8.0_111\bin;C:\Program Files\MySQL\MySQL Server 5.6\bin;C:\Program Files\Git\cmd;D:\gradle-3.4.1\bin;C:\Users\JSE\AppData\Local\Microsoft\WindowsApps;;C:\Program Files\eclipse_java;
USERNAME=JSE
OS=Windows_NT
PROCESSOR_IDENTIFIER=Intel64 Family 6 Model 23 Stepping 10, GenuineIntel



---------------  S Y S T E M  ---------------

OS: Windows 10.0 , 64 bit Build 14393 (10.0.14393.0)

CPU:total 4 (4 cores per cpu, 1 threads per core) family 6 model 23 stepping 10, cmov, cx8, fxsr, mmx, sse, sse2, sse3, ssse3, sse4.1, tsc

Memory: 4k page, physical 4192492k(949056k free), swap 6551788k(1515496k free)

vm_info: Java HotSpot(TM) 64-Bit Server VM (25.111-b14) for windows-amd64 JRE (1.8.0_111-b14), built on Sep 22 2016 19:24:05 by "java_re" with MS VC++ 10.0 (VS2010)

time: Tue Apr 04 14:24:07 2017
elapsed time: 2 seconds (0d 0h 0m 2s)

