#
# A fatal error has been detected by the Java Runtime Environment:
#
#  EXCEPTION_ACCESS_VIOLATION (0xc0000005) at pc=0xffffffffa4065120, pid=7724, tid=0x0000000000001df4
#
# JRE version: Java(TM) SE Runtime Environment (8.0_111-b14) (build 1.8.0_111-b14)
# Java VM: Java HotSpot(TM) 64-Bit Server VM (25.111-b14 mixed mode windows-amd64 compressed oops)
# Problematic frame:
# C  0xffffffffa4065120
#
# Failed to write core dump. Minidumps are not enabled by default on client versions of Windows
#
# If you would like to submit a bug report, please visit:
#   http://bugreport.java.com/bugreport/crash.jsp
#

---------------  T H R E A D  ---------------

Current thread (0x00000000177e1800):  JavaThread "AWT-EventQueue-0" [_thread_in_Java, id=7668, stack(0x000000001ade0000,0x000000001aee0000)]

siginfo: ExceptionCode=0xc0000005, ExceptionInformation=0x0000000000000008 0xffffffffa4065120

Registers:
RAX=0x000000010000e6d0, RBX=0x000000001bfa5d30, RCX=0x00000000eb861b70, RDX=0x00000000eb856070
RSP=0x000000001aedb4b8, RBP=0x000000001aedb580, RSI=0x00000000eb856070, RDI=0x000000010000e6d0
R8 =0x0000000000000013, R9 =0x000000001772a1f0, R10=0x000000010000e6d0, R11=0x00000000032f8ba0
R12=0x0000000000000000, R13=0x000000001aedb528, R14=0x000000001aedb5a8, R15=0x00000000177e1800
RIP=0xffffffffa4065120, EFLAGS=0x0000000000010246

Top of Stack: (sp=0x000000001aedb4b8)
0x000000001aedb4b8:   00000000032f8dfc ffffffffffffffff
0x000000001aedb4c8:   00000000154c1c28 00000000154c23e0
0x000000001aedb4d8:   000000001bfa5f20 00000000eb861b70
0x000000001aedb4e8:   000000bb00000028 0000000000000000
0x000000001aedb4f8:   000000001aedb580 0000000000000000
0x000000001aedb508:   000000000307ed63 000000001aedb580
0x000000001aedb518:   0000000003067ae0 0000000003067ae0
0x000000001aedb528:   00000000eb861b70 0000000000001af2
0x000000001aedb538:   00000000eb8575b0 000000001aedb540
0x000000001aedb548:   000000001bfa4350 000000001aedb5a8
0x000000001aedb558:   000000001bfa58d0 0000000000000000
0x000000001aedb568:   000000001bfa4378 000000001aedb528
0x000000001aedb578:   000000001aedb5a0 000000001aedb5f0
0x000000001aedb588:   000000000306809d 0000000000001af2
0x000000001aedb598:   00000000eb861b70 00000000eb856070
0x000000001aedb5a8:   00000000eb856040 000000001aedb5b0 

Instructions: (pc=0xffffffffa4065120)
0xffffffffa4065100:   
[error occurred during error reporting (printing registers, top of stack, instructions near pc), id 0xc0000005]

Register to memory mapping:

RAX=0x000000010000e6d0 is pointing into metadata
RBX=0x000000001bfa5d30 is pointing into metadata
RCX=0x00000000eb861b70 is an oop
java.io.DataInputStream 
 - klass: 'java/io/DataInputStream'
RDX=0x00000000eb856070 is an oop
java.io.ByteArrayInputStream 
 - klass: 'java/io/ByteArrayInputStream'
RSP=0x000000001aedb4b8 is pointing into the stack for thread: 0x00000000177e1800
RBP=0x000000001aedb580 is pointing into the stack for thread: 0x00000000177e1800
RSI=0x00000000eb856070 is an oop
java.io.ByteArrayInputStream 
 - klass: 'java/io/ByteArrayInputStream'
RDI=0x000000010000e6d0 is pointing into metadata
R8 =0x0000000000000013 is an unknown value
R9 =0x000000001772a1f0 is an unknown value
R10=0x000000010000e6d0 is pointing into metadata
R11=0x00000000032f8ba0 is at entry_point+32 in (nmethod*)0x00000000032f89d0
R12=0x0000000000000000 is an unknown value
R13=0x000000001aedb528 is pointing into the stack for thread: 0x00000000177e1800
R14=0x000000001aedb5a8 is pointing into the stack for thread: 0x00000000177e1800
R15=0x00000000177e1800 is a thread


Stack: [0x000000001ade0000,0x000000001aee0000],  sp=0x000000001aedb4b8,  free space=1005k
Native frames: (J=compiled Java code, j=interpreted, Vv=VM code, C=native code)
C  0xffffffffa4065120


---------------  P R O C E S S  ---------------

Java Threads: ( => current thread )
  0x0000000017986000 JavaThread "D3D Screen Updater" daemon [_thread_blocked, id=7304, stack(0x000000001b1f0000,0x000000001b2f0000)]
  0x0000000002f60800 JavaThread "DestroyJavaVM" [_thread_blocked, id=7704, stack(0x0000000002e60000,0x0000000002f60000)]
=>0x00000000177e1800 JavaThread "AWT-EventQueue-0" [_thread_in_Java, id=7668, stack(0x000000001ade0000,0x000000001aee0000)]
  0x000000001772f000 JavaThread "AWT-Windows" daemon [_thread_in_native, id=5216, stack(0x00000000180e0000,0x00000000181e0000)]
  0x000000001772b800 JavaThread "AWT-Shutdown" [_thread_blocked, id=7324, stack(0x0000000017fe0000,0x00000000180e0000)]
  0x0000000016efe000 JavaThread "Java2D Disposer" daemon [_thread_blocked, id=7400, stack(0x0000000017ee0000,0x0000000017fe0000)]
  0x0000000016b57000 JavaThread "Service Thread" daemon [_thread_blocked, id=2428, stack(0x0000000017410000,0x0000000017510000)]
  0x0000000016b20000 JavaThread "C1 CompilerThread2" daemon [_thread_blocked, id=5880, stack(0x0000000017310000,0x0000000017410000)]
  0x0000000016b1b000 JavaThread "C2 CompilerThread1" daemon [_thread_blocked, id=528, stack(0x0000000017210000,0x0000000017310000)]
  0x000000001578b000 JavaThread "C2 CompilerThread0" daemon [_thread_blocked, id=5508, stack(0x0000000017110000,0x0000000017210000)]
  0x0000000015789800 JavaThread "Attach Listener" daemon [_thread_blocked, id=7764, stack(0x0000000017010000,0x0000000017110000)]
  0x000000001573c800 JavaThread "Signal Dispatcher" daemon [_thread_blocked, id=7612, stack(0x0000000016f10000,0x0000000017010000)]
  0x000000001571a800 JavaThread "Finalizer" daemon [_thread_blocked, id=7760, stack(0x0000000016990000,0x0000000016a90000)]
  0x000000000304f800 JavaThread "Reference Handler" daemon [_thread_blocked, id=7588, stack(0x0000000016890000,0x0000000016990000)]

Other Threads:
  0x00000000156f8000 VMThread [stack: 0x0000000016790000,0x0000000016890000] [id=7564]
  0x0000000016bdd800 WatcherThread [stack: 0x0000000017510000,0x0000000017610000] [id=2040]

VM state:not at safepoint (normal execution)

VM Mutex/Monitor currently owned by a thread: None

Heap:
 PSYoungGen      total 18944K, used 13755K [0x00000000eab00000, 0x00000000ec000000, 0x0000000100000000)
  eden space 16384K, 83% used [0x00000000eab00000,0x00000000eb86ef78,0x00000000ebb00000)
  from space 2560K, 0% used [0x00000000ebd80000,0x00000000ebd80000,0x00000000ec000000)
  to   space 2560K, 0% used [0x00000000ebb00000,0x00000000ebb00000,0x00000000ebd80000)
 ParOldGen       total 44032K, used 0K [0x00000000c0000000, 0x00000000c2b00000, 0x00000000eab00000)
  object space 44032K, 0% used [0x00000000c0000000,0x00000000c0000000,0x00000000c2b00000)
 Metaspace       used 15379K, capacity 15624K, committed 15744K, reserved 1062912K
  class space    used 2049K, capacity 2135K, committed 2176K, reserved 1048576K

Card table byte_map: [0x0000000012420000,0x0000000012630000] byte_map_base: 0x0000000011e20000

Marking Bits: (ParMarkBitMap*) 0x000000005960a6c0
 Begin Bits: [0x0000000012b90000, 0x0000000013b90000)
 End Bits:   [0x0000000013b90000, 0x0000000014b90000)

Polling page: 0x0000000000f20000

CodeCache: size=245760Kb used=2660Kb max_used=2673Kb free=243099Kb
 bounds [0x0000000003060000, 0x0000000003300000, 0x0000000012060000]
 total_blobs=1200 nmethods=709 adapters=406
 compilation: enabled

Compilation events (10 events):
Event: 2.188 Thread 0x000000001578b000  704  s    4       java.io.BufferedInputStream::read (49 bytes)
Event: 2.188 Thread 0x0000000016b1b000  705       4       java.io.DataInputStream::readChar (40 bytes)
Event: 2.191 Thread 0x000000001578b000 nmethod 704 0x00000000032f9910 code [0x00000000032f9a60, 0x00000000032f9e88]
Event: 2.191 Thread 0x0000000016b20000  706  s    3       java.io.ByteArrayInputStream::read (36 bytes)
Event: 2.192 Thread 0x0000000016b20000 nmethod 706 0x00000000032f9350 code [0x00000000032f94c0, 0x00000000032f9810]
Event: 2.192 Thread 0x000000001578b000  708  s    4       java.io.ByteArrayInputStream::read (36 bytes)
Event: 2.192 Thread 0x0000000016b20000  707       3       java.io.DataInputStream::readInt (72 bytes)
Event: 2.193 Thread 0x0000000016b20000 nmethod 707 0x00000000032f89d0 code [0x00000000032f8b80, 0x00000000032f9128]
Event: 2.194 Thread 0x000000001578b000 nmethod 708 0x00000000032f7010 code [0x00000000032f7160, 0x00000000032f73d8]
Event: 2.194 Thread 0x000000001578b000  709       4       java.io.DataInputStream::readInt (72 bytes)

GC Heap History (0 events):
No events

Deoptimization events (1 events):
Event: 0.347 Thread 0x0000000002f60800 Uncommon trap: reason=null_check action=make_not_entrant pc=0x00000000031d005c method=java.lang.String.equals(Ljava/lang/Object;)Z @ 8

Internal exceptions (10 events):
Event: 2.103 Thread 0x00000000177e1800 Exception <a 'java/lang/ArrayIndexOutOfBoundsException'> (0x00000000eb59b248) thrown at [C:\re\workspace\8-2-build-windows-amd64-cygwin\jdk8u111\7883\hotspot\src\share\vm\runtime\sharedRuntime.cpp, line 605]
Event: 2.104 Thread 0x00000000177e1800 Exception <a 'java/lang/ArrayIndexOutOfBoundsException'> (0x00000000eb5a0418) thrown at [C:\re\workspace\8-2-build-windows-amd64-cygwin\jdk8u111\7883\hotspot\src\share\vm\runtime\sharedRuntime.cpp, line 605]
Event: 2.105 Thread 0x00000000177e1800 Exception <a 'java/lang/ArrayIndexOutOfBoundsException'> (0x00000000eb5a5cb0) thrown at [C:\re\workspace\8-2-build-windows-amd64-cygwin\jdk8u111\7883\hotspot\src\share\vm\runtime\sharedRuntime.cpp, line 605]
Event: 2.106 Thread 0x00000000177e1800 Exception <a 'java/lang/ArrayIndexOutOfBoundsException'> (0x00000000eb5ab440) thrown at [C:\re\workspace\8-2-build-windows-amd64-cygwin\jdk8u111\7883\hotspot\src\share\vm\runtime\sharedRuntime.cpp, line 605]
Event: 2.107 Thread 0x00000000177e1800 Exception <a 'java/lang/ArrayIndexOutOfBoundsException'> (0x00000000eb5b0b40) thrown at [C:\re\workspace\8-2-build-windows-amd64-cygwin\jdk8u111\7883\hotspot\src\share\vm\runtime\sharedRuntime.cpp, line 605]
Event: 2.108 Thread 0x00000000177e1800 Exception <a 'java/lang/ArrayIndexOutOfBoundsException'> (0x00000000eb5b6160) thrown at [C:\re\workspace\8-2-build-windows-amd64-cygwin\jdk8u111\7883\hotspot\src\share\vm\runtime\sharedRuntime.cpp, line 605]
Event: 2.109 Thread 0x00000000177e1800 Exception <a 'java/lang/ArrayIndexOutOfBoundsException'> (0x00000000eb5bb7c0) thrown at [C:\re\workspace\8-2-build-windows-amd64-cygwin\jdk8u111\7883\hotspot\src\share\vm\runtime\sharedRuntime.cpp, line 605]
Event: 2.111 Thread 0x00000000177e1800 Exception <a 'java/lang/ArrayIndexOutOfBoundsException'> (0x00000000eb5c10b8) thrown at [C:\re\workspace\8-2-build-windows-amd64-cygwin\jdk8u111\7883\hotspot\src\share\vm\runtime\sharedRuntime.cpp, line 605]
Event: 2.112 Thread 0x00000000177e1800 Exception <a 'java/lang/ArrayIndexOutOfBoundsException'> (0x00000000eb5c6950) thrown at [C:\re\workspace\8-2-build-windows-amd64-cygwin\jdk8u111\7883\hotspot\src\share\vm\runtime\sharedRuntime.cpp, line 605]
Event: 2.114 Thread 0x00000000177e1800 Exception <a 'java/lang/ArrayIndexOutOfBoundsException'> (0x00000000eb5d2bd8) thrown at [C:\re\workspace\8-2-build-windows-amd64-cygwin\jdk8u111\7883\hotspot\src\share\vm\runtime\sharedRuntime.cpp, line 605]

Events (10 events):
Event: 2.186 loading class sun/text/normalizer/Trie$DataManipulate done
Event: 2.186 loading class sun/text/normalizer/NormalizerImpl$FCDTrieImpl done
Event: 2.187 loading class sun/text/normalizer/NormalizerImpl$NormTrieImpl
Event: 2.187 loading class sun/text/normalizer/NormalizerImpl$NormTrieImpl done
Event: 2.187 loading class sun/text/normalizer/NormalizerImpl$AuxTrieImpl
Event: 2.187 loading class sun/text/normalizer/NormalizerImpl$AuxTrieImpl done
Event: 2.191 loading class sun/text/normalizer/IntTrie
Event: 2.191 loading class sun/text/normalizer/Trie
Event: 2.191 loading class sun/text/normalizer/Trie done
Event: 2.191 loading class sun/text/normalizer/IntTrie done


Dynamic libraries:
0x00007ff706ca0000 - 0x00007ff706cd7000 	C:\Program Files\Java\jdk1.8.0_111\bin\javaw.exe
0x00007ffb6b790000 - 0x00007ffb6b961000 	C:\Windows\SYSTEM32\ntdll.dll
0x00007ffb6aad0000 - 0x00007ffb6ab7b000 	C:\Windows\System32\KERNEL32.DLL
0x00007ffb68460000 - 0x00007ffb6867d000 	C:\Windows\System32\KERNELBASE.dll
0x00007ffb6b3e0000 - 0x00007ffb6b482000 	C:\Windows\System32\ADVAPI32.dll
0x00007ffb6b570000 - 0x00007ffb6b60e000 	C:\Windows\System32\msvcrt.dll
0x00007ffb69420000 - 0x00007ffb69479000 	C:\Windows\System32\sechost.dll
0x00007ffb68d80000 - 0x00007ffb68ea1000 	C:\Windows\System32\RPCRT4.dll
0x00007ffb6ad30000 - 0x00007ffb6ae95000 	C:\Windows\System32\USER32.dll
0x00007ffb68810000 - 0x00007ffb6882e000 	C:\Windows\System32\win32u.dll
0x00007ffb6ace0000 - 0x00007ffb6ad14000 	C:\Windows\System32\GDI32.dll
0x00007ffb68680000 - 0x00007ffb68802000 	C:\Windows\System32\gdi32full.dll
0x00007ffb619b0000 - 0x00007ffb61c2a000 	C:\Windows\WinSxS\amd64_microsoft.windows.common-controls_6595b64144ccf1df_6.0.14393.953_none_42151e83c686086b\COMCTL32.dll
0x00007ffb68eb0000 - 0x00007ffb69178000 	C:\Windows\System32\combase.dll
0x00007ffb68830000 - 0x00007ffb68925000 	C:\Windows\System32\ucrtbase.dll
0x00007ffb68cb0000 - 0x00007ffb68d1a000 	C:\Windows\System32\bcryptPrimitives.dll
0x00007ffb6b6a0000 - 0x00007ffb6b6ce000 	C:\Windows\System32\IMM32.DLL
0x000000005a1b0000 - 0x000000005a282000 	C:\Program Files\Java\jdk1.8.0_111\jre\bin\msvcr100.dll
0x0000000058df0000 - 0x000000005968a000 	C:\Program Files\Java\jdk1.8.0_111\jre\bin\server\jvm.dll
0x00007ffb6ad20000 - 0x00007ffb6ad28000 	C:\Windows\System32\PSAPI.DLL
0x00007ffb5bce0000 - 0x00007ffb5bce9000 	C:\Windows\SYSTEM32\WSOCK32.dll
0x00007ffb6b610000 - 0x00007ffb6b67a000 	C:\Windows\System32\WS2_32.dll
0x00007ffb66070000 - 0x00007ffb66093000 	C:\Windows\SYSTEM32\WINMM.dll
0x00007ffb63470000 - 0x00007ffb6347a000 	C:\Windows\SYSTEM32\VERSION.dll
0x00007ffb66010000 - 0x00007ffb6603b000 	C:\Windows\SYSTEM32\WINMMBASE.dll
0x00007ffb67c80000 - 0x00007ffb67cc2000 	C:\Windows\System32\cfgmgr32.dll
0x000000005a3e0000 - 0x000000005a3ef000 	C:\Program Files\Java\jdk1.8.0_111\jre\bin\verify.dll
0x000000005a360000 - 0x000000005a389000 	C:\Program Files\Java\jdk1.8.0_111\jre\bin\java.dll
0x000000005a340000 - 0x000000005a356000 	C:\Program Files\Java\jdk1.8.0_111\jre\bin\zip.dll
0x00007ffb695c0000 - 0x00007ffb6aac9000 	C:\Windows\System32\SHELL32.dll
0x00007ffb67d80000 - 0x00007ffb6845a000 	C:\Windows\System32\windows.storage.dll
0x00007ffb67c30000 - 0x00007ffb67c7c000 	C:\Windows\System32\powrprof.dll
0x00007ffb68d20000 - 0x00007ffb68d72000 	C:\Windows\System32\shlwapi.dll
0x00007ffb67c00000 - 0x00007ffb67c0f000 	C:\Windows\System32\kernel.appcore.dll
0x00007ffb68b60000 - 0x00007ffb68c09000 	C:\Windows\System32\shcore.dll
0x00007ffb67c10000 - 0x00007ffb67c24000 	C:\Windows\System32\profapi.dll
0x0000000058c50000 - 0x0000000058de8000 	C:\Program Files\Java\jdk1.8.0_111\jre\bin\awt.dll
0x00007ffb6b6d0000 - 0x00007ffb6b78f000 	C:\Windows\System32\OLEAUT32.dll
0x00007ffb68c10000 - 0x00007ffb68cac000 	C:\Windows\System32\msvcp_win.dll
0x00007ffb661a0000 - 0x00007ffb6621a000 	C:\Windows\SYSTEM32\apphelp.dll
0x00007ffb66370000 - 0x00007ffb66405000 	C:\Windows\system32\uxtheme.dll
0x00007ffb6ab80000 - 0x00007ffb6acda000 	C:\Windows\System32\MSCTF.dll
0x00007ffb65a40000 - 0x00007ffb65a66000 	C:\Windows\system32\dwmapi.dll
0x00007ffb69480000 - 0x00007ffb695b7000 	C:\Windows\System32\ole32.dll
0x00007ffb556e0000 - 0x00007ffb5586d000 	C:\Windows\system32\d3d9.dll
0x00007ffb3ccf0000 - 0x00007ffb3dda6000 	C:\Windows\SYSTEM32\nvd3dumx.dll
0x00007ffb62c70000 - 0x00007ffb62ddc000 	C:\Program Files (x86)\NVIDIA Corporation\3D Vision\nvSCPAPI64.dll
0x00007ffb6aea0000 - 0x00007ffb6b2c9000 	C:\Windows\System32\SETUPAPI.dll
0x00007ffb62930000 - 0x00007ffb62c66000 	C:\Windows\system32\nvapi64.dll
0x00007ffb66820000 - 0x00007ffb66848000 	C:\Windows\SYSTEM32\DEVOBJ.dll
0x00007ffb68930000 - 0x00007ffb68985000 	C:\Windows\System32\WINTRUST.dll
0x00007ffb67bf0000 - 0x00007ffb67c00000 	C:\Windows\System32\MSASN1.dll
0x00007ffb68990000 - 0x00007ffb68b59000 	C:\Windows\System32\CRYPT32.dll
0x00007ffb66b70000 - 0x00007ffb66c0f000 	C:\Windows\system32\dxgi.dll
0x000000005a160000 - 0x000000005a1a7000 	C:\Program Files\Java\jdk1.8.0_111\jre\bin\fontmanager.dll
0x000000005a320000 - 0x000000005a33a000 	C:\Program Files\Java\jdk1.8.0_111\jre\bin\net.dll
0x00007ffb674c0000 - 0x00007ffb6751c000 	C:\Windows\system32\mswsock.dll
0x000000005a300000 - 0x000000005a311000 	C:\Program Files\Java\jdk1.8.0_111\jre\bin\nio.dll
0x000000005a110000 - 0x000000005a152000 	C:\Program Files\Java\jdk1.8.0_111\jre\bin\t2k.dll
0x00007ffb6b340000 - 0x00007ffb6b3df000 	C:\Windows\System32\clbcatq.dll
0x00007ffb5e430000 - 0x00007ffb5e502000 	C:\Windows\System32\IME\IMEKR\imkrtip.dll
0x00007ffb65680000 - 0x00007ffb65805000 	C:\Windows\SYSTEM32\PROPSYS.dll
0x00007ffb5e1b0000 - 0x00007ffb5e306000 	C:\Windows\System32\IME\shared\imetip.dll
0x00007ffb5dfa0000 - 0x00007ffb5e148000 	C:\Windows\SYSTEM32\DUI70.dll
0x00007ffb615c0000 - 0x00007ffb61625000 	C:\Windows\SYSTEM32\OLEACC.dll
0x00007ffb5e3f0000 - 0x00007ffb5e428000 	C:\Windows\System32\IME\IMEKR\imkrapi.dll
0x00007ffb5df60000 - 0x00007ffb5df95000 	C:\Windows\System32\IME\shared\imjkapi.dll
0x00007ffb66f90000 - 0x00007ffb66fc2000 	C:\Windows\SYSTEM32\ntmarta.dll
0x00007ffb5bf10000 - 0x00007ffb5c0a2000 	C:\Windows\SYSTEM32\dbghelp.dll

VM Arguments:
jvm_args: -Dfile.encoding=UTF-8 
java_command: kr.or.dgit.donghun2.Main.MainFrame
java_class_path (initial): D:\workspace_sql\workspace_mybatis\donghun2\bin;C:\Users\SJW\.gradle\caches\modules-2\files-2.1\org.mybatis\mybatis\3.4.2\2b9a5082fe0bdb3128bab8b4b19b23ca0f3d9b38\mybatis-3.4.2.jar;C:\Users\SJW\.gradle\caches\modules-2\files-2.1\log4j\log4j\1.2.17\5af35056b4d257e4b64b9e8069c0746e8b08629f\log4j-1.2.17.jar;C:\Users\SJW\.gradle\caches\modules-2\files-2.1\mysql\mysql-connector-java\5.1.41\b0878056f15616989144d6114d36d3942321d0d1\mysql-connector-java-5.1.41.jar;C:\Users\SJW\.gradle\caches\modules-2\files-2.1\junit\junit\4.12\2973d150c0dc1fefe998f834810d68f278ea58ec\junit-4.12.jar;C:\Users\SJW\.gradle\caches\modules-2\files-2.1\org.hamcrest\hamcrest-core\1.3\42a25dc3219429f0e5d060061f71acb49bf010a0\hamcrest-core-1.3.jar;D:\workspace_sql\workspace_mybatis\donghun2\src\main\resources\erp_myframework.jar
Launcher Type: SUN_STANDARD

Environment Variables:
JAVA_HOME=C:\Program Files\Java\jdk1.8.0_111
PATH=C:/Program Files/Java/jdk1.8.0_111/bin/../jre/bin/server;C:/Program Files/Java/jdk1.8.0_111/bin/../jre/bin;C:/Program Files/Java/jdk1.8.0_111/bin/../jre/lib/amd64;C:\Program Files\Java\jdk1.8.0_111\bin;C:\ProgramData\Oracle\Java\javapath;C:\Program Files (x86)\NVIDIA Corporation\PhysX\Common;C:\Windows\system32;C:\Windows;C:\Windows\System32\Wbem;C:\Windows\System32\WindowsPowerShell\v1.0\;C:\Program Files\MySQL\MySQL Server 5.6\bin;C:\Program Files\Git\cmd;D:\gradle-3.4.1\bin;C:\Users\SJW\AppData\Local\Microsoft\WindowsApps;C:\Program Files\Bandizip\7z;C:\eclipse_java;
USERNAME=SJW
OS=Windows_NT
PROCESSOR_IDENTIFIER=Intel64 Family 6 Model 23 Stepping 10, GenuineIntel



---------------  S Y S T E M  ---------------

OS: Windows 10.0 , 64 bit Build 14393 (10.0.14393.0)

CPU:total 4 (4 cores per cpu, 1 threads per core) family 6 model 23 stepping 10, cmov, cx8, fxsr, mmx, sse, sse2, sse3, ssse3, sse4.1, tsc

Memory: 4k page, physical 4192492k(1679596k free), swap 6682860k(2815100k free)

vm_info: Java HotSpot(TM) 64-Bit Server VM (25.111-b14) for windows-amd64 JRE (1.8.0_111-b14), built on Sep 22 2016 19:24:05 by "java_re" with MS VC++ 10.0 (VS2010)

time: Thu Apr 06 17:57:54 2017
elapsed time: 2 seconds (0d 0h 0m 2s)

