#
# A fatal error has been detected by the Java Runtime Environment:
#
#  EXCEPTION_ACCESS_VIOLATION (0xc0000005) at pc=0xffffffffa3bc5120, pid=720, tid=0x0000000000000fa0
#
# JRE version: Java(TM) SE Runtime Environment (8.0_111-b14) (build 1.8.0_111-b14)
# Java VM: Java HotSpot(TM) 64-Bit Server VM (25.111-b14 mixed mode windows-amd64 compressed oops)
# Problematic frame:
# C  0xffffffffa3bc5120
#
# Failed to write core dump. Minidumps are not enabled by default on client versions of Windows
#
# If you would like to submit a bug report, please visit:
#   http://bugreport.java.com/bugreport/crash.jsp
#

---------------  T H R E A D  ---------------

Current thread (0x0000000018663000):  JavaThread "AWT-EventQueue-0" [_thread_in_Java, id=4000, stack(0x000000001a840000,0x000000001a940000)]

siginfo: ExceptionCode=0xc0000005, ExceptionInformation=0x0000000000000008 0xffffffffa3bc5120

Registers:
RAX=0x0000000000000001, RBX=0x000000001495f460, RCX=0x00000000ead34cb0, RDX=0x00000000ead34cb0
RSP=0x000000001a93bd78, RBP=0x000000001a93be30, RSI=0x00000000ead34cb0, RDI=0x000000001cfaaf08
R8 =0x0000000000000000, R9 =0x00000000ead82e48, R10=0x000000005960c0c0, R11=0x0000000002ee2b60
R12=0x0000000000000000, R13=0x000000001a93bde0, R14=0x000000001a93be78, R15=0x0000000018663000
RIP=0xffffffffa3bc5120, EFLAGS=0x0000000000010206

Top of Stack: (sp=0x000000001a93bd78)
0x000000001a93bd78:   0000000002ee2c9c 00000000ead36e08
0x000000001a93bd88:   00000000ead82e78 000000001a93bd90
0x000000001a93bd98:   000000001cfaa6ec 0000000000000001
0x000000001a93bda8:   00000000ead34cb0 000000001cfad300
0x000000001a93bdb8:   000000001cfaa718 000000001a93be30
0x000000001a93bdc8:   0000000002bc809d 000000001a93be30
0x000000001a93bdd8:   0000000002bc809d 0000000000000000
0x000000001a93bde8:   00000000ead34cb0 000000001a93bdf0
0x000000001a93bdf8:   000000001cfa8670 000000001a93be78
0x000000001a93be08:   000000001cfa8940 000000001cfad890
0x000000001a93be18:   000000001cfa8720 000000001a93bde0
0x000000001a93be28:   000000001a93be70 000000001a93bec0
0x000000001a93be38:   0000000002bc809d 0000000000000001
0x000000001a93be48:   0000000000000000 0000000000001abb
0x000000001a93be58:   000000000000d5d8 00000000ffffffff
0x000000001a93be68:   0000000000000001 00000000ead82e78 

Instructions: (pc=0xffffffffa3bc5120)
0xffffffffa3bc5100:   
[error occurred during error reporting (printing registers, top of stack, instructions near pc), id 0xc0000005]

Register to memory mapping:

RAX=0x0000000000000001 is an unknown value
RBX={method} {0x000000001495f468} 'setLength' '(I)V' in 'java/lang/StringBuffer'
RCX=0x00000000ead34cb0 is an oop
java.lang.StringBuffer 
 - klass: 'java/lang/StringBuffer'
RDX=0x00000000ead34cb0 is an oop
java.lang.StringBuffer 
 - klass: 'java/lang/StringBuffer'
RSP=0x000000001a93bd78 is pointing into the stack for thread: 0x0000000018663000
RBP=0x000000001a93be30 is pointing into the stack for thread: 0x0000000018663000
RSI=0x00000000ead34cb0 is an oop
java.lang.StringBuffer 
 - klass: 'java/lang/StringBuffer'
RDI=0x000000001cfaaf08 is pointing into metadata
R8 =0x0000000000000000 is an unknown value
R9 =0x00000000ead82e48 is an oop
[C 
 - klass: {type array char}
 - length: 1
R10=0x000000005960c0c0 is an unknown value
R11=0x0000000002ee2b60 is at entry_point+32 in (nmethod*)0x0000000002ee29d0
R12=0x0000000000000000 is an unknown value
R13=0x000000001a93bde0 is pointing into the stack for thread: 0x0000000018663000
R14=0x000000001a93be78 is pointing into the stack for thread: 0x0000000018663000
R15=0x0000000018663000 is a thread


Stack: [0x000000001a840000,0x000000001a940000],  sp=0x000000001a93bd78,  free space=1007k
Native frames: (J=compiled Java code, j=interpreted, Vv=VM code, C=native code)
C  0xffffffffa3bc5120


---------------  P R O C E S S  ---------------

Java Threads: ( => current thread )
  0x0000000018977000 JavaThread "Image Fetcher 0" daemon [_thread_blocked, id=5140, stack(0x000000001b9b0000,0x000000001bab0000)]
  0x000000001883d800 JavaThread "D3D Screen Updater" daemon [_thread_blocked, id=1556, stack(0x000000001ad50000,0x000000001ae50000)]
  0x00000000029bd800 JavaThread "DestroyJavaVM" [_thread_blocked, id=92, stack(0x00000000029c0000,0x0000000002ac0000)]
=>0x0000000018663000 JavaThread "AWT-EventQueue-0" [_thread_in_Java, id=4000, stack(0x000000001a840000,0x000000001a940000)]
  0x00000000169c2800 JavaThread "AWT-Windows" daemon [_thread_in_native, id=1564, stack(0x00000000173b0000,0x00000000174b0000)]
  0x00000000169bf800 JavaThread "AWT-Shutdown" [_thread_blocked, id=6452, stack(0x00000000172b0000,0x00000000173b0000)]
  0x00000000169be000 JavaThread "Java2D Disposer" daemon [_thread_blocked, id=5620, stack(0x00000000171b0000,0x00000000172b0000)]
  0x000000001666d800 JavaThread "Service Thread" daemon [_thread_blocked, id=8012, stack(0x0000000016ee0000,0x0000000016fe0000)]
  0x00000000165ed000 JavaThread "C1 CompilerThread2" daemon [_thread_blocked, id=1632, stack(0x0000000016de0000,0x0000000016ee0000)]
  0x00000000165ea000 JavaThread "C2 CompilerThread1" daemon [_thread_blocked, id=8888, stack(0x0000000016ce0000,0x0000000016de0000)]
  0x00000000152ec800 JavaThread "C2 CompilerThread0" daemon [_thread_blocked, id=7636, stack(0x0000000016be0000,0x0000000016ce0000)]
  0x00000000165e8800 JavaThread "Attach Listener" daemon [_thread_blocked, id=5964, stack(0x0000000016ae0000,0x0000000016be0000)]
  0x000000001529f000 JavaThread "Signal Dispatcher" daemon [_thread_blocked, id=7768, stack(0x00000000169e0000,0x0000000016ae0000)]
  0x0000000015279000 JavaThread "Finalizer" daemon [_thread_blocked, id=7172, stack(0x00000000164e0000,0x00000000165e0000)]
  0x0000000002bb1000 JavaThread "Reference Handler" daemon [_thread_blocked, id=2444, stack(0x00000000163e0000,0x00000000164e0000)]

Other Threads:
  0x0000000015257800 VMThread [stack: 0x00000000162e0000,0x00000000163e0000] [id=6420]
  0x00000000166ce000 WatcherThread [stack: 0x0000000016fe0000,0x00000000170e0000] [id=5056]

VM state:not at safepoint (normal execution)

VM Mutex/Monitor currently owned by a thread: None

Heap:
 PSYoungGen      total 18944K, used 5296K [0x00000000eab00000, 0x00000000ec000000, 0x0000000100000000)
  eden space 16384K, 16% used [0x00000000eab00000,0x00000000eadaef38,0x00000000ebb00000)
  from space 2560K, 99% used [0x00000000ebb00000,0x00000000ebd7d2f8,0x00000000ebd80000)
  to   space 2560K, 0% used [0x00000000ebd80000,0x00000000ebd80000,0x00000000ec000000)
 ParOldGen       total 44032K, used 1793K [0x00000000c0000000, 0x00000000c2b00000, 0x00000000eab00000)
  object space 44032K, 4% used [0x00000000c0000000,0x00000000c01c05a8,0x00000000c2b00000)
 Metaspace       used 17907K, capacity 18086K, committed 18432K, reserved 1064960K
  class space    used 2457K, capacity 2522K, committed 2560K, reserved 1048576K

Card table byte_map: [0x0000000011f80000,0x0000000012190000] byte_map_base: 0x0000000011980000

Marking Bits: (ParMarkBitMap*) 0x000000005962a6c0
 Begin Bits: [0x00000000126f0000, 0x00000000136f0000)
 End Bits:   [0x00000000136f0000, 0x00000000146f0000)

Polling page: 0x00000000005f0000

CodeCache: size=245760Kb used=3310Kb max_used=3310Kb free=242449Kb
 bounds [0x0000000002bc0000, 0x0000000002f10000, 0x0000000011bc0000]
 total_blobs=1459 nmethods=928 adapters=446
 compilation: enabled

Compilation events (10 events):
Event: 2.162 Thread 0x00000000152ec800 nmethod 925 0x0000000002ee4610 code [0x0000000002ee4760, 0x0000000002ee4898]
Event: 2.162 Thread 0x00000000165ed000  922       3       java.text.PatternEntry$Parser::next (655 bytes)
Event: 2.165 Thread 0x00000000152ec800  927       4       java.lang.AbstractStringBuilder::setLength (45 bytes)
Event: 2.165 Thread 0x00000000165ea000 nmethod 926 0x0000000002ee4190 code [0x0000000002ee42e0, 0x0000000002ee44b8]
Event: 2.165 Thread 0x00000000165ea000  928  s    4       java.lang.StringBuffer::setLength (11 bytes)
Event: 2.169 Thread 0x00000000152ec800 nmethod 927 0x0000000002ee5b90 code [0x0000000002ee5ce0, 0x0000000002ee6018]
Event: 2.169 Thread 0x00000000165ed000 nmethod 922 0x0000000002eeef50 code [0x0000000002eef6c0, 0x0000000002ef6348]
Event: 2.170 Thread 0x00000000165ed000  920       3       java.text.PatternEntry::isSpecialChar (60 bytes)
Event: 2.170 Thread 0x00000000165ed000 nmethod 920 0x0000000002ee8c50 code [0x0000000002ee8dc0, 0x0000000002ee9110]
Event: 2.170 Thread 0x00000000165ed000  923       3       java.text.PatternEntry::<init> (55 bytes)

GC Heap History (2 events):
Event: 2.079 GC heap before
{Heap before GC invocations=1 (full 0):
 PSYoungGen      total 18944K, used 16384K [0x00000000eab00000, 0x00000000ec000000, 0x0000000100000000)
  eden space 16384K, 100% used [0x00000000eab00000,0x00000000ebb00000,0x00000000ebb00000)
  from space 2560K, 0% used [0x00000000ebd80000,0x00000000ebd80000,0x00000000ec000000)
  to   space 2560K, 0% used [0x00000000ebb00000,0x00000000ebb00000,0x00000000ebd80000)
 ParOldGen       total 44032K, used 0K [0x00000000c0000000, 0x00000000c2b00000, 0x00000000eab00000)
  object space 44032K, 0% used [0x00000000c0000000,0x00000000c0000000,0x00000000c2b00000)
 Metaspace       used 17546K, capacity 17792K, committed 18176K, reserved 1064960K
  class space    used 2416K, capacity 2488K, committed 2560K, reserved 1048576K
Event: 2.094 GC heap after
Heap after GC invocations=1 (full 0):
 PSYoungGen      total 18944K, used 2548K [0x00000000eab00000, 0x00000000ec000000, 0x0000000100000000)
  eden space 16384K, 0% used [0x00000000eab00000,0x00000000eab00000,0x00000000ebb00000)
  from space 2560K, 99% used [0x00000000ebb00000,0x00000000ebd7d2f8,0x00000000ebd80000)
  to   space 2560K, 0% used [0x00000000ebd80000,0x00000000ebd80000,0x00000000ec000000)
 ParOldGen       total 44032K, used 1793K [0x00000000c0000000, 0x00000000c2b00000, 0x00000000eab00000)
  object space 44032K, 4% used [0x00000000c0000000,0x00000000c01c05a8,0x00000000c2b00000)
 Metaspace       used 17546K, capacity 17792K, committed 18176K, reserved 1064960K
  class space    used 2416K, capacity 2488K, committed 2560K, reserved 1048576K
}

Deoptimization events (9 events):
Event: 0.319 Thread 0x00000000029bd800 Uncommon trap: reason=null_check action=make_not_entrant pc=0x0000000002d2ef1c method=java.lang.String.equals(Ljava/lang/Object;)Z @ 8
Event: 1.702 Thread 0x0000000018663000 Uncommon trap: reason=class_check action=maybe_recompile pc=0x0000000002e33780 method=java.util.HashMap.getNode(ILjava/lang/Object;)Ljava/util/HashMap$Node; @ 126
Event: 1.703 Thread 0x0000000018663000 Uncommon trap: reason=class_check action=maybe_recompile pc=0x0000000002e33780 method=java.util.HashMap.getNode(ILjava/lang/Object;)Ljava/util/HashMap$Node; @ 126
Event: 1.722 Thread 0x0000000018663000 Uncommon trap: reason=class_check action=maybe_recompile pc=0x0000000002e33780 method=java.util.HashMap.getNode(ILjava/lang/Object;)Ljava/util/HashMap$Node; @ 126
Event: 1.722 Thread 0x0000000018663000 Uncommon trap: reason=class_check action=maybe_recompile pc=0x0000000002e33780 method=java.util.HashMap.getNode(ILjava/lang/Object;)Ljava/util/HashMap$Node; @ 126
Event: 2.150 Thread 0x0000000018663000 Uncommon trap: reason=class_check action=maybe_recompile pc=0x0000000002ee14a4 method=java.io.DataInputStream.readChar()C @ 4
Event: 2.150 Thread 0x0000000018663000 Uncommon trap: reason=class_check action=maybe_recompile pc=0x0000000002ee14a4 method=java.io.DataInputStream.readChar()C @ 4
Event: 2.151 Thread 0x0000000018663000 Uncommon trap: reason=class_check action=maybe_recompile pc=0x0000000002ee14a4 method=java.io.DataInputStream.readChar()C @ 4
Event: 2.151 Thread 0x0000000018663000 Uncommon trap: reason=class_check action=maybe_recompile pc=0x0000000002ee14a4 method=java.io.DataInputStream.readChar()C @ 4

Internal exceptions (10 events):
Event: 2.017 Thread 0x0000000018663000 Exception <a 'java/lang/ArrayIndexOutOfBoundsException'> (0x00000000eb993b28) thrown at [C:\re\workspace\8-2-build-windows-amd64-cygwin\jdk8u111\7883\hotspot\src\share\vm\runtime\sharedRuntime.cpp, line 605]
Event: 2.019 Thread 0x0000000018663000 Exception <a 'java/lang/ArrayIndexOutOfBoundsException'> (0x00000000eb998cf8) thrown at [C:\re\workspace\8-2-build-windows-amd64-cygwin\jdk8u111\7883\hotspot\src\share\vm\runtime\sharedRuntime.cpp, line 605]
Event: 2.020 Thread 0x0000000018663000 Exception <a 'java/lang/ArrayIndexOutOfBoundsException'> (0x00000000eb99e080) thrown at [C:\re\workspace\8-2-build-windows-amd64-cygwin\jdk8u111\7883\hotspot\src\share\vm\runtime\sharedRuntime.cpp, line 605]
Event: 2.021 Thread 0x0000000018663000 Exception <a 'java/lang/ArrayIndexOutOfBoundsException'> (0x00000000eb9a3810) thrown at [C:\re\workspace\8-2-build-windows-amd64-cygwin\jdk8u111\7883\hotspot\src\share\vm\runtime\sharedRuntime.cpp, line 605]
Event: 2.022 Thread 0x0000000018663000 Exception <a 'java/lang/ArrayIndexOutOfBoundsException'> (0x00000000eb9a8f10) thrown at [C:\re\workspace\8-2-build-windows-amd64-cygwin\jdk8u111\7883\hotspot\src\share\vm\runtime\sharedRuntime.cpp, line 605]
Event: 2.022 Thread 0x0000000018663000 Exception <a 'java/lang/ArrayIndexOutOfBoundsException'> (0x00000000eb9ae530) thrown at [C:\re\workspace\8-2-build-windows-amd64-cygwin\jdk8u111\7883\hotspot\src\share\vm\runtime\sharedRuntime.cpp, line 605]
Event: 2.023 Thread 0x0000000018663000 Exception <a 'java/lang/ArrayIndexOutOfBoundsException'> (0x00000000eb9b3b90) thrown at [C:\re\workspace\8-2-build-windows-amd64-cygwin\jdk8u111\7883\hotspot\src\share\vm\runtime\sharedRuntime.cpp, line 605]
Event: 2.024 Thread 0x0000000018663000 Exception <a 'java/lang/ArrayIndexOutOfBoundsException'> (0x00000000eb9b9508) thrown at [C:\re\workspace\8-2-build-windows-amd64-cygwin\jdk8u111\7883\hotspot\src\share\vm\runtime\sharedRuntime.cpp, line 605]
Event: 2.026 Thread 0x0000000018663000 Exception <a 'java/lang/ArrayIndexOutOfBoundsException'> (0x00000000eb9beda0) thrown at [C:\re\workspace\8-2-build-windows-amd64-cygwin\jdk8u111\7883\hotspot\src\share\vm\runtime\sharedRuntime.cpp, line 605]
Event: 2.030 Thread 0x0000000018663000 Exception <a 'java/lang/ArrayIndexOutOfBoundsException'> (0x00000000eb9cd5a8) thrown at [C:\re\workspace\8-2-build-windows-amd64-cygwin\jdk8u111\7883\hotspot\src\share\vm\runtime\sharedRuntime.cpp, line 605]

Events (10 events):
Event: 2.154 loading class sun/text/normalizer/UnicodeMatcher done
Event: 2.154 loading class sun/text/normalizer/UnicodeSet done
Event: 2.154 loading class sun/text/normalizer/NormalizerImpl$DecomposeArgs
Event: 2.154 loading class sun/text/normalizer/NormalizerImpl$DecomposeArgs done
Event: 2.156 loading class java/text/MergeCollation
Event: 2.156 loading class java/text/MergeCollation done
Event: 2.156 loading class java/text/PatternEntry$Parser
Event: 2.156 loading class java/text/PatternEntry$Parser done
Event: 2.156 loading class java/text/PatternEntry
Event: 2.157 loading class java/text/PatternEntry done


Dynamic libraries:
0x00007ff7ae420000 - 0x00007ff7ae457000 	C:\Program Files\Java\jdk1.8.0_111\bin\javaw.exe
0x00007ffb6b790000 - 0x00007ffb6b961000 	C:\Windows\SYSTEM32\ntdll.dll
0x00007ffb6aad0000 - 0x00007ffb6ab7b000 	C:\Windows\System32\KERNEL32.DLL
0x00007ffb68460000 - 0x00007ffb6867d000 	C:\Windows\System32\KERNELBASE.dll
0x00007ffb6b3e0000 - 0x00007ffb6b482000 	C:\Windows\System32\ADVAPI32.dll
0x00007ffb6b570000 - 0x00007ffb6b60e000 	C:\Windows\System32\msvcrt.dll
0x00007ffb69420000 - 0x00007ffb69479000 	C:\Windows\System32\sechost.dll
0x00007ffb68d80000 - 0x00007ffb68ea1000 	C:\Windows\System32\RPCRT4.dll
0x00007ffb6ad30000 - 0x00007ffb6ae95000 	C:\Windows\System32\USER32.dll
0x00007ffb68810000 - 0x00007ffb6882e000 	C:\Windows\System32\win32u.dll
0x00007ffb6ace0000 - 0x00007ffb6ad14000 	C:\Windows\System32\GDI32.dll
0x00007ffb68680000 - 0x00007ffb68802000 	C:\Windows\System32\gdi32full.dll
0x00007ffb619b0000 - 0x00007ffb61c2a000 	C:\Windows\WinSxS\amd64_microsoft.windows.common-controls_6595b64144ccf1df_6.0.14393.953_none_42151e83c686086b\COMCTL32.dll
0x00007ffb68eb0000 - 0x00007ffb69178000 	C:\Windows\System32\combase.dll
0x00007ffb68830000 - 0x00007ffb68925000 	C:\Windows\System32\ucrtbase.dll
0x00007ffb68cb0000 - 0x00007ffb68d1a000 	C:\Windows\System32\bcryptPrimitives.dll
0x00007ffb6b6a0000 - 0x00007ffb6b6ce000 	C:\Windows\System32\IMM32.DLL
0x0000000059d70000 - 0x0000000059e42000 	C:\Program Files\Java\jdk1.8.0_111\jre\bin\msvcr100.dll
0x0000000058e10000 - 0x00000000596aa000 	C:\Program Files\Java\jdk1.8.0_111\jre\bin\server\jvm.dll
0x00007ffb6ad20000 - 0x00007ffb6ad28000 	C:\Windows\System32\PSAPI.DLL
0x00007ffb66070000 - 0x00007ffb66093000 	C:\Windows\SYSTEM32\WINMM.dll
0x00007ffb5bce0000 - 0x00007ffb5bce9000 	C:\Windows\SYSTEM32\WSOCK32.dll
0x00007ffb6b610000 - 0x00007ffb6b67a000 	C:\Windows\System32\WS2_32.dll
0x00007ffb63470000 - 0x00007ffb6347a000 	C:\Windows\SYSTEM32\VERSION.dll
0x00007ffb66010000 - 0x00007ffb6603b000 	C:\Windows\SYSTEM32\WINMMBASE.dll
0x00007ffb67c80000 - 0x00007ffb67cc2000 	C:\Windows\System32\cfgmgr32.dll
0x0000000059f30000 - 0x0000000059f3f000 	C:\Program Files\Java\jdk1.8.0_111\jre\bin\verify.dll
0x0000000059f00000 - 0x0000000059f29000 	C:\Program Files\Java\jdk1.8.0_111\jre\bin\java.dll
0x0000000059ee0000 - 0x0000000059ef6000 	C:\Program Files\Java\jdk1.8.0_111\jre\bin\zip.dll
0x00007ffb695c0000 - 0x00007ffb6aac9000 	C:\Windows\System32\SHELL32.dll
0x00007ffb67d80000 - 0x00007ffb6845a000 	C:\Windows\System32\windows.storage.dll
0x00007ffb67c30000 - 0x00007ffb67c7c000 	C:\Windows\System32\powrprof.dll
0x00007ffb68d20000 - 0x00007ffb68d72000 	C:\Windows\System32\shlwapi.dll
0x00007ffb67c00000 - 0x00007ffb67c0f000 	C:\Windows\System32\kernel.appcore.dll
0x00007ffb68b60000 - 0x00007ffb68c09000 	C:\Windows\System32\shcore.dll
0x00007ffb67c10000 - 0x00007ffb67c24000 	C:\Windows\System32\profapi.dll
0x0000000059bd0000 - 0x0000000059d68000 	C:\Program Files\Java\jdk1.8.0_111\jre\bin\awt.dll
0x00007ffb6b6d0000 - 0x00007ffb6b78f000 	C:\Windows\System32\OLEAUT32.dll
0x00007ffb68c10000 - 0x00007ffb68cac000 	C:\Windows\System32\msvcp_win.dll
0x00007ffb661a0000 - 0x00007ffb6621a000 	C:\Windows\SYSTEM32\apphelp.dll
0x00007ffb66370000 - 0x00007ffb66405000 	C:\Windows\system32\uxtheme.dll
0x00007ffb6ab80000 - 0x00007ffb6acda000 	C:\Windows\System32\MSCTF.dll
0x00007ffb65a40000 - 0x00007ffb65a66000 	C:\Windows\system32\dwmapi.dll
0x00007ffb69480000 - 0x00007ffb695b7000 	C:\Windows\System32\ole32.dll
0x00007ffb60a90000 - 0x00007ffb60c1d000 	C:\Windows\system32\d3d9.dll
0x00007ffb30700000 - 0x00007ffb317b6000 	C:\Windows\SYSTEM32\nvd3dumx.dll
0x00007ffb62c70000 - 0x00007ffb62ddc000 	C:\Program Files (x86)\NVIDIA Corporation\3D Vision\nvSCPAPI64.dll
0x00007ffb6aea0000 - 0x00007ffb6b2c9000 	C:\Windows\System32\SETUPAPI.dll
0x00007ffb62930000 - 0x00007ffb62c66000 	C:\Windows\system32\nvapi64.dll
0x00007ffb66820000 - 0x00007ffb66848000 	C:\Windows\SYSTEM32\DEVOBJ.dll
0x00007ffb68930000 - 0x00007ffb68985000 	C:\Windows\System32\WINTRUST.dll
0x00007ffb67bf0000 - 0x00007ffb67c00000 	C:\Windows\System32\MSASN1.dll
0x00007ffb68990000 - 0x00007ffb68b59000 	C:\Windows\System32\CRYPT32.dll
0x00007ffb66b70000 - 0x00007ffb66c0f000 	C:\Windows\system32\dxgi.dll
0x0000000058dc0000 - 0x0000000058e07000 	C:\Program Files\Java\jdk1.8.0_111\jre\bin\fontmanager.dll
0x0000000059ec0000 - 0x0000000059eda000 	C:\Program Files\Java\jdk1.8.0_111\jre\bin\net.dll
0x00007ffb674c0000 - 0x00007ffb6751c000 	C:\Windows\system32\mswsock.dll
0x0000000059ea0000 - 0x0000000059eb1000 	C:\Program Files\Java\jdk1.8.0_111\jre\bin\nio.dll
0x0000000058d70000 - 0x0000000058db2000 	C:\Program Files\Java\jdk1.8.0_111\jre\bin\t2k.dll
0x0000000059ba0000 - 0x0000000059bca000 	C:\Program Files\Java\jdk1.8.0_111\jre\bin\dcpr.dll
0x00007ffb6b340000 - 0x00007ffb6b3df000 	C:\Windows\System32\clbcatq.dll
0x00007ffb5ff30000 - 0x00007ffb60002000 	C:\Windows\System32\IME\IMEKR\imkrtip.dll
0x00007ffb65680000 - 0x00007ffb65805000 	C:\Windows\SYSTEM32\PROPSYS.dll
0x00007ffb5f610000 - 0x00007ffb5f766000 	C:\Windows\System32\IME\shared\imetip.dll
0x00007ffb616c0000 - 0x00007ffb61725000 	C:\Windows\SYSTEM32\OLEACC.dll
0x00007ffb5f290000 - 0x00007ffb5f438000 	C:\Windows\SYSTEM32\DUI70.dll
0x00007ffb61e60000 - 0x00007ffb61e98000 	C:\Windows\System32\IME\IMEKR\imkrapi.dll
0x00007ffb611b0000 - 0x00007ffb611e5000 	C:\Windows\System32\IME\shared\imjkapi.dll
0x00007ffb66f90000 - 0x00007ffb66fc2000 	C:\Windows\SYSTEM32\ntmarta.dll
0x00007ffb5bf10000 - 0x00007ffb5c0a2000 	C:\Windows\SYSTEM32\dbghelp.dll

VM Arguments:
jvm_args: -Dfile.encoding=UTF-8 
java_command: kr.or.dgit.donghun2.Main.MainFrame
java_class_path (initial): D:\workspace_sql\workspace_mybatis\donghun2\bin;C:\Users\SJW\.gradle\caches\modules-2\files-2.1\org.mybatis\mybatis\3.4.2\2b9a5082fe0bdb3128bab8b4b19b23ca0f3d9b38\mybatis-3.4.2.jar;C:\Users\SJW\.gradle\caches\modules-2\files-2.1\log4j\log4j\1.2.17\5af35056b4d257e4b64b9e8069c0746e8b08629f\log4j-1.2.17.jar;C:\Users\SJW\.gradle\caches\modules-2\files-2.1\mysql\mysql-connector-java\5.1.41\b0878056f15616989144d6114d36d3942321d0d1\mysql-connector-java-5.1.41.jar;C:\Users\SJW\.gradle\caches\modules-2\files-2.1\junit\junit\4.12\2973d150c0dc1fefe998f834810d68f278ea58ec\junit-4.12.jar;C:\Users\SJW\.gradle\caches\modules-2\files-2.1\org.hamcrest\hamcrest-core\1.3\42a25dc3219429f0e5d060061f71acb49bf010a0\hamcrest-core-1.3.jar;D:\workspace_sql\workspace_mybatis\donghun2\src\main\resources\erp_myframework.jar;D:\workspace_sql\workspace_mybatis\donghun2\src\main\resources\lib\idw-gpl.jar;D:\workspace_sql\workspace_mybatis\donghun2\src\main\resources\lib\JTattoo.jar;D:\workspace_sql\workspace_mybatis\donghun2\src\main\resources\lib\liquidlnf.jar;D:\workspace_sql\workspace_mybatis\donghun2\src\main\resources\lib\quaqua.jar
Launcher Type: SUN_STANDARD

Environment Variables:
JAVA_HOME=C:\Program Files\Java\jdk1.8.0_111
PATH=C:/Program Files/Java/jdk1.8.0_111/bin/../jre/bin/server;C:/Program Files/Java/jdk1.8.0_111/bin/../jre/bin;C:/Program Files/Java/jdk1.8.0_111/bin/../jre/lib/amd64;C:\Program Files\Java\jdk1.8.0_111\bin;C:\ProgramData\Oracle\Java\javapath;C:\Program Files (x86)\NVIDIA Corporation\PhysX\Common;C:\Windows\system32;C:\Windows;C:\Windows\System32\Wbem;C:\Windows\System32\WindowsPowerShell\v1.0\;C:\Program Files\MySQL\MySQL Server 5.6\bin;C:\Program Files\Git\cmd;D:\gradle-3.4.1\bin;C:\Users\SJW\AppData\Local\Microsoft\WindowsApps;C:\Program Files\Bandizip\7z;C:\eclipse_java;
USERNAME=SJW
OS=Windows_NT
PROCESSOR_IDENTIFIER=Intel64 Family 6 Model 23 Stepping 10, GenuineIntel



---------------  S Y S T E M  ---------------

OS: Windows 10.0 , 64 bit Build 14393 (10.0.14393.0)

CPU:total 4 (4 cores per cpu, 1 threads per core) family 6 model 23 stepping 10, cmov, cx8, fxsr, mmx, sse, sse2, sse3, ssse3, sse4.1, tsc

Memory: 4k page, physical 4192492k(1572556k free), swap 6682860k(1818604k free)

vm_info: Java HotSpot(TM) 64-Bit Server VM (25.111-b14) for windows-amd64 JRE (1.8.0_111-b14), built on Sep 22 2016 19:24:05 by "java_re" with MS VC++ 10.0 (VS2010)

time: Mon Apr 10 11:42:37 2017
elapsed time: 2 seconds (0d 0h 0m 2s)

