#
# A fatal error has been detected by the Java Runtime Environment:
#
#  EXCEPTION_ACCESS_VIOLATION (0xc0000005) at pc=0xffffffffa3b75120, pid=7912, tid=0x00000000000010e8
#
# JRE version: Java(TM) SE Runtime Environment (8.0_111-b14) (build 1.8.0_111-b14)
# Java VM: Java HotSpot(TM) 64-Bit Server VM (25.111-b14 mixed mode windows-amd64 compressed oops)
# Problematic frame:
# C  0xffffffffa3b75120
#
# Failed to write core dump. Minidumps are not enabled by default on client versions of Windows
#
# If you would like to submit a bug report, please visit:
#   http://bugreport.java.com/bugreport/crash.jsp
#

---------------  T H R E A D  ---------------

Current thread (0x000000001737e000):  JavaThread "AWT-EventQueue-0" [_thread_in_Java, id=4328, stack(0x0000000019940000,0x0000000019a40000)]

siginfo: ExceptionCode=0xc0000005, ExceptionInformation=0x0000000000000008 0xffffffffa3b75120

Registers:
RAX=0x000000001b174e50, RBX=0x0000000011930000, RCX=0x0000000000000000, RDX=0x00000000eab25f58
RSP=0x0000000019a3bdf8, RBP=0x0000000019a3c168, RSI=0x000000010000d608, RDI=0x00000000eab25fa0
R8 =0x0000000000000000, R9 =0x00000000eab25f58, R10=0x00000000ebb0e718, R11=0x00000000eab25f38
R12=0x0000000000000000, R13=0x000000001b174120, R14=0x00000000000001e8, R15=0x000000001737e000
RIP=0xffffffffa3b75120, EFLAGS=0x0000000000010202

Top of Stack: (sp=0x0000000019a3bdf8)
0x0000000019a3bdf8:   0000000002ec2e44 000000001b175088
0x0000000019a3be08:   0000000000000000 0000000019a3be40
0x0000000019a3be18:   0000000019a3be40 00000000fffffff0
0x0000000019a3be28:   00000000eac44bd8 0000000011930000
0x0000000019a3be38:   00000000eab25fa0 0000000019a3c168
0x0000000019a3be48:   0000000002ecf084 ffffffffffffffff
0x0000000019a3be58:   000000001b171700 0000000019a3c168
0x0000000019a3be68:   0000000002ec853c 0000000000000000
0x0000000019a3be78:   000000001b172560 00000000000003e8
0x0000000019a3be88:   0000000000000000 0000000000000013
0x0000000019a3be98:   000000005a4e71a5 000000001b1711f8
0x0000000019a3bea8:   000000001737e000 0000000019a3bfe8
0x0000000019a3beb8:   000000001737e000 0000000000000000
0x0000000019a3bec8:   000000005a3d7b26 00000001002540e0
0x0000000019a3bed8:   0000000002ebe103 0000000000000013
0x0000000019a3bee8:   0000000000000000 0000000000000000 

Instructions: (pc=0xffffffffa3b75120)
0xffffffffa3b75100:   
[error occurred during error reporting (printing registers, top of stack, instructions near pc), id 0xc0000005]

Register to memory mapping:

RAX=0x000000001b174e50 is pointing into metadata
RBX=0x0000000011930000 is an unknown value
RCX=0x0000000000000000 is an unknown value
RDX=0x00000000eab25f58 is an oop
java.lang.StringBuffer 
 - klass: 'java/lang/StringBuffer'
RSP=0x0000000019a3bdf8 is pointing into the stack for thread: 0x000000001737e000
RBP=0x0000000019a3c168 is pointing into the stack for thread: 0x000000001737e000
RSI=0x000000010000d608 is pointing into metadata
RDI=0x00000000eab25fa0 is an oop
java.lang.StringBuffer 
 - klass: 'java/lang/StringBuffer'
R8 =0x0000000000000000 is an unknown value
R9 =0x00000000eab25f58 is an oop
java.lang.StringBuffer 
 - klass: 'java/lang/StringBuffer'
R10=0x00000000ebb0e718 is an oop
java.lang.String 
 - klass: 'java/lang/String'
R11=0x00000000eab25f38 is an oop
java.text.PatternEntry$Parser 
 - klass: 'java/text/PatternEntry$Parser'
R12=0x0000000000000000 is an unknown value
R13=0x000000001b174120 is pointing into metadata
R14=0x00000000000001e8 is an unknown value
R15=0x000000001737e000 is a thread


Stack: [0x0000000019940000,0x0000000019a40000],  sp=0x0000000019a3bdf8,  free space=1007k
Native frames: (J=compiled Java code, j=interpreted, Vv=VM code, C=native code)
C  0xffffffffa3b75120


---------------  P R O C E S S  ---------------

Java Threads: ( => current thread )
  0x0000000017440000 JavaThread "TimerQueue" daemon [_thread_blocked, id=5472, stack(0x000000001abf0000,0x000000001acf0000)]
  0x00000000173ef000 JavaThread "D3D Screen Updater" daemon [_thread_blocked, id=7960, stack(0x000000001a3d0000,0x000000001a4d0000)]
  0x0000000002a6d800 JavaThread "DestroyJavaVM" [_thread_blocked, id=6556, stack(0x0000000002910000,0x0000000002a10000)]
=>0x000000001737e000 JavaThread "AWT-EventQueue-0" [_thread_in_Java, id=4328, stack(0x0000000019940000,0x0000000019a40000)]
  0x0000000016a17000 JavaThread "AWT-Windows" daemon [_thread_in_native, id=4740, stack(0x0000000017c00000,0x0000000017d00000)]
  0x0000000016a13000 JavaThread "AWT-Shutdown" [_thread_blocked, id=7472, stack(0x0000000017b00000,0x0000000017c00000)]
  0x0000000016a12800 JavaThread "Java2D Disposer" daemon [_thread_blocked, id=3724, stack(0x0000000017a00000,0x0000000017b00000)]
  0x00000000166c5800 JavaThread "Service Thread" daemon [_thread_blocked, id=6976, stack(0x0000000016f30000,0x0000000017030000)]
  0x000000001663d000 JavaThread "C1 CompilerThread2" daemon [_thread_blocked, id=304, stack(0x0000000016e30000,0x0000000016f30000)]
  0x000000001529e000 JavaThread "C2 CompilerThread1" daemon [_thread_blocked, id=5220, stack(0x0000000016d30000,0x0000000016e30000)]
  0x000000001529b000 JavaThread "C2 CompilerThread0" daemon [_thread_in_native, id=2080, stack(0x0000000016c30000,0x0000000016d30000)]
  0x0000000015299800 JavaThread "Attach Listener" daemon [_thread_blocked, id=1096, stack(0x0000000016b30000,0x0000000016c30000)]
  0x000000001524d800 JavaThread "Signal Dispatcher" daemon [_thread_blocked, id=5660, stack(0x0000000016a30000,0x0000000016b30000)]
  0x000000001522a800 JavaThread "Finalizer" daemon [_thread_blocked, id=3156, stack(0x00000000164b0000,0x00000000165b0000)]
  0x0000000002b5f800 JavaThread "Reference Handler" daemon [_thread_blocked, id=4480, stack(0x00000000163b0000,0x00000000164b0000)]

Other Threads:
  0x0000000015208800 VMThread [stack: 0x00000000162b0000,0x00000000163b0000] [id=1240]
  0x00000000166f8800 WatcherThread [stack: 0x0000000017030000,0x0000000017130000] [id=7988]

VM state:not at safepoint (normal execution)

VM Mutex/Monitor currently owned by a thread: None

Heap:
 PSYoungGen      total 18944K, used 3877K [0x00000000eab00000, 0x00000000ec000000, 0x0000000100000000)
  eden space 16384K, 8% used [0x00000000eab00000,0x00000000eac49dd8,0x00000000ebb00000)
  from space 2560K, 99% used [0x00000000ebb00000,0x00000000ebd7f8e0,0x00000000ebd80000)
  to   space 2560K, 0% used [0x00000000ebd80000,0x00000000ebd80000,0x00000000ec000000)
 ParOldGen       total 44032K, used 1541K [0x00000000c0000000, 0x00000000c2b00000, 0x00000000eab00000)
  object space 44032K, 3% used [0x00000000c0000000,0x00000000c0181730,0x00000000c2b00000)
 Metaspace       used 17480K, capacity 17686K, committed 17792K, reserved 1064960K
  class space    used 2311K, capacity 2412K, committed 2432K, reserved 1048576K

Card table byte_map: [0x0000000011f30000,0x0000000012140000] byte_map_base: 0x0000000011930000

Marking Bits: (ParMarkBitMap*) 0x000000005aaea6c0
 Begin Bits: [0x00000000126a0000, 0x00000000136a0000)
 End Bits:   [0x00000000136a0000, 0x00000000146a0000)

Polling page: 0x00000000005d0000

CodeCache: size=245760Kb used=3474Kb max_used=3486Kb free=242285Kb
 bounds [0x0000000002b70000, 0x0000000002ee0000, 0x0000000011b70000]
 total_blobs=1555 nmethods=1029 adapters=441
 compilation: enabled

Compilation events (10 events):
Event: 10.674 Thread 0x000000001663d000 1019       3       java.text.PatternEntry::<init> (55 bytes)
Event: 10.674 Thread 0x000000001529e000 1025       4       java.util.ArrayList::add (29 bytes)
Event: 10.674 Thread 0x000000001529b000 1026  s    4       java.lang.StringBuffer::toString (36 bytes)
Event: 10.675 Thread 0x000000001663d000 nmethod 1019 0x0000000002ec2b10 code [0x0000000002ec2ca0, 0x0000000002ec32d8]
Event: 10.675 Thread 0x000000001663d000 1020       3       java.text.MergeCollation::fixEntry (358 bytes)
Event: 10.676 Thread 0x000000001529e000 nmethod 1025 0x0000000002ec26d0 code [0x0000000002ec2820, 0x0000000002ec2988]
Event: 10.676 Thread 0x000000001529e000 1027       4       java.lang.AbstractStringBuilder::setLength (45 bytes)
Event: 10.678 Thread 0x000000001663d000 nmethod 1020 0x0000000002ed4910 code [0x0000000002ed4dc0, 0x0000000002ed7f08]
Event: 10.679 Thread 0x000000001529b000 nmethod 1026 0x0000000002ec1dd0 code [0x0000000002ec1f20, 0x0000000002ec2498]
Event: 10.679 Thread 0x000000001529b000 1029       4       java.text.PatternEntry$Parser::next (655 bytes)

GC Heap History (2 events):
Event: 10.643 GC heap before
{Heap before GC invocations=1 (full 0):
 PSYoungGen      total 18944K, used 16360K [0x00000000eab00000, 0x00000000ec000000, 0x0000000100000000)
  eden space 16384K, 99% used [0x00000000eab00000,0x00000000ebafa2c0,0x00000000ebb00000)
  from space 2560K, 0% used [0x00000000ebd80000,0x00000000ebd80000,0x00000000ec000000)
  to   space 2560K, 0% used [0x00000000ebb00000,0x00000000ebb00000,0x00000000ebd80000)
 ParOldGen       total 44032K, used 0K [0x00000000c0000000, 0x00000000c2b00000, 0x00000000eab00000)
  object space 44032K, 0% used [0x00000000c0000000,0x00000000c0000000,0x00000000c2b00000)
 Metaspace       used 17440K, capacity 17622K, committed 17792K, reserved 1064960K
  class space    used 2309K, capacity 2412K, committed 2432K, reserved 1048576K
Event: 10.654 GC heap after
Heap after GC invocations=1 (full 0):
 PSYoungGen      total 18944K, used 2558K [0x00000000eab00000, 0x00000000ec000000, 0x0000000100000000)
  eden space 16384K, 0% used [0x00000000eab00000,0x00000000eab00000,0x00000000ebb00000)
  from space 2560K, 99% used [0x00000000ebb00000,0x00000000ebd7f8e0,0x00000000ebd80000)
  to   space 2560K, 0% used [0x00000000ebd80000,0x00000000ebd80000,0x00000000ec000000)
 ParOldGen       total 44032K, used 1541K [0x00000000c0000000, 0x00000000c2b00000, 0x00000000eab00000)
  object space 44032K, 3% used [0x00000000c0000000,0x00000000c0181730,0x00000000c2b00000)
 Metaspace       used 17440K, capacity 17622K, committed 17792K, reserved 1064960K
  class space    used 2309K, capacity 2412K, committed 2432K, reserved 1048576K
}

Deoptimization events (10 events):
Event: 0.317 Thread 0x0000000002a6d800 Uncommon trap: reason=null_check action=make_not_entrant pc=0x0000000002ce1c9c method=java.lang.String.equals(Ljava/lang/Object;)Z @ 8
Event: 3.103 Thread 0x000000001737e000 Uncommon trap: reason=class_check action=maybe_recompile pc=0x0000000002cf88e8 method=java.lang.String.equals(Ljava/lang/Object;)Z @ 8
Event: 3.103 Thread 0x000000001737e000 Uncommon trap: reason=class_check action=maybe_recompile pc=0x0000000002cf88e8 method=java.lang.String.equals(Ljava/lang/Object;)Z @ 8
Event: 3.669 Thread 0x000000001737e000 Uncommon trap: reason=class_check action=maybe_recompile pc=0x0000000002cf88e8 method=java.lang.String.equals(Ljava/lang/Object;)Z @ 8
Event: 3.669 Thread 0x000000001737e000 Uncommon trap: reason=class_check action=maybe_recompile pc=0x0000000002cf88e8 method=java.lang.String.equals(Ljava/lang/Object;)Z @ 8
Event: 10.355 Thread 0x000000001737e000 Uncommon trap: reason=bimorphic action=maybe_recompile pc=0x0000000002dd4b30 method=java.util.HashMap.getNode(ILjava/lang/Object;)Ljava/util/HashMap$Node; @ 126
Event: 10.355 Thread 0x000000001737e000 Uncommon trap: reason=bimorphic action=maybe_recompile pc=0x0000000002dd4b30 method=java.util.HashMap.getNode(ILjava/lang/Object;)Ljava/util/HashMap$Node; @ 126
Event: 10.357 Thread 0x000000001737e000 Uncommon trap: reason=bimorphic action=maybe_recompile pc=0x0000000002dd4b30 method=java.util.HashMap.getNode(ILjava/lang/Object;)Ljava/util/HashMap$Node; @ 126
Event: 10.357 Thread 0x000000001737e000 Uncommon trap: reason=bimorphic action=maybe_recompile pc=0x0000000002dd4b30 method=java.util.HashMap.getNode(ILjava/lang/Object;)Ljava/util/HashMap$Node; @ 126
Event: 10.359 Thread 0x000000001737e000 Uncommon trap: reason=bimorphic action=maybe_recompile pc=0x0000000002db7008 method=java.util.HashMap.getNode(ILjava/lang/Object;)Ljava/util/HashMap$Node; @ 126

Internal exceptions (10 events):
Event: 10.542 Thread 0x000000001737e000 Exception <a 'java/lang/ArrayIndexOutOfBoundsException'> (0x00000000eb816e68) thrown at [C:\re\workspace\8-2-build-windows-amd64-cygwin\jdk8u111\7883\hotspot\src\share\vm\runtime\sharedRuntime.cpp, line 605]
Event: 10.544 Thread 0x000000001737e000 Exception <a 'java/lang/ArrayIndexOutOfBoundsException'> (0x00000000eb81bf00) thrown at [C:\re\workspace\8-2-build-windows-amd64-cygwin\jdk8u111\7883\hotspot\src\share\vm\runtime\sharedRuntime.cpp, line 605]
Event: 10.545 Thread 0x000000001737e000 Exception <a 'java/lang/ArrayIndexOutOfBoundsException'> (0x00000000eb821158) thrown at [C:\re\workspace\8-2-build-windows-amd64-cygwin\jdk8u111\7883\hotspot\src\share\vm\runtime\sharedRuntime.cpp, line 605]
Event: 10.546 Thread 0x000000001737e000 Exception <a 'java/lang/ArrayIndexOutOfBoundsException'> (0x00000000eb8267b8) thrown at [C:\re\workspace\8-2-build-windows-amd64-cygwin\jdk8u111\7883\hotspot\src\share\vm\runtime\sharedRuntime.cpp, line 605]
Event: 10.547 Thread 0x000000001737e000 Exception <a 'java/lang/ArrayIndexOutOfBoundsException'> (0x00000000eb82bd90) thrown at [C:\re\workspace\8-2-build-windows-amd64-cygwin\jdk8u111\7883\hotspot\src\share\vm\runtime\sharedRuntime.cpp, line 605]
Event: 10.548 Thread 0x000000001737e000 Exception <a 'java/lang/ArrayIndexOutOfBoundsException'> (0x00000000eb831288) thrown at [C:\re\workspace\8-2-build-windows-amd64-cygwin\jdk8u111\7883\hotspot\src\share\vm\runtime\sharedRuntime.cpp, line 605]
Event: 10.550 Thread 0x000000001737e000 Exception <a 'java/lang/ArrayIndexOutOfBoundsException'> (0x00000000eb8367c8) thrown at [C:\re\workspace\8-2-build-windows-amd64-cygwin\jdk8u111\7883\hotspot\src\share\vm\runtime\sharedRuntime.cpp, line 605]
Event: 10.551 Thread 0x000000001737e000 Exception <a 'java/lang/ArrayIndexOutOfBoundsException'> (0x00000000eb83bfa0) thrown at [C:\re\workspace\8-2-build-windows-amd64-cygwin\jdk8u111\7883\hotspot\src\share\vm\runtime\sharedRuntime.cpp, line 605]
Event: 10.553 Thread 0x000000001737e000 Exception <a 'java/lang/ArrayIndexOutOfBoundsException'> (0x00000000eb841710) thrown at [C:\re\workspace\8-2-build-windows-amd64-cygwin\jdk8u111\7883\hotspot\src\share\vm\runtime\sharedRuntime.cpp, line 605]
Event: 10.556 Thread 0x000000001737e000 Exception <a 'java/lang/ArrayIndexOutOfBoundsException'> (0x00000000eb84fa58) thrown at [C:\re\workspace\8-2-build-windows-amd64-cygwin\jdk8u111\7883\hotspot\src\share\vm\runtime\sharedRuntime.cpp, line 605]

Events (10 events):
Event: 10.658 Executing VM operation: RevokeBias
Event: 10.658 Executing VM operation: RevokeBias done
Event: 10.658 Executing VM operation: RevokeBias
Event: 10.659 Executing VM operation: RevokeBias done
Event: 10.660 loading class java/text/MergeCollation
Event: 10.661 loading class java/text/MergeCollation done
Event: 10.661 loading class java/text/PatternEntry$Parser
Event: 10.661 loading class java/text/PatternEntry$Parser done
Event: 10.661 loading class java/text/PatternEntry
Event: 10.661 loading class java/text/PatternEntry done


Dynamic libraries:
0x00007ff687b70000 - 0x00007ff687ba7000 	C:\Program Files\Java\jdk1.8.0_111\bin\javaw.exe
0x00007ff8492a0000 - 0x00007ff849471000 	C:\Windows\SYSTEM32\ntdll.dll
0x00007ff846e10000 - 0x00007ff846ebb000 	C:\Windows\System32\KERNEL32.DLL
0x00007ff846410000 - 0x00007ff84662d000 	C:\Windows\System32\KERNELBASE.dll
0x00007ff847420000 - 0x00007ff8474c2000 	C:\Windows\System32\ADVAPI32.dll
0x00007ff847130000 - 0x00007ff8471ce000 	C:\Windows\System32\msvcrt.dll
0x00007ff8476b0000 - 0x00007ff847709000 	C:\Windows\System32\sechost.dll
0x00007ff846ce0000 - 0x00007ff846e01000 	C:\Windows\System32\RPCRT4.dll
0x00007ff846830000 - 0x00007ff846995000 	C:\Windows\System32\USER32.dll
0x00007ff8459c0000 - 0x00007ff8459de000 	C:\Windows\System32\win32u.dll
0x00007ff8474d0000 - 0x00007ff847504000 	C:\Windows\System32\GDI32.dll
0x00007ff845a30000 - 0x00007ff845bb2000 	C:\Windows\System32\gdi32full.dll
0x00007ff83fa80000 - 0x00007ff83fcfa000 	C:\Windows\WinSxS\amd64_microsoft.windows.common-controls_6595b64144ccf1df_6.0.14393.953_none_42151e83c686086b\COMCTL32.dll
0x00007ff8469a0000 - 0x00007ff846c68000 	C:\Windows\System32\combase.dll
0x00007ff845bc0000 - 0x00007ff845cb5000 	C:\Windows\System32\ucrtbase.dll
0x00007ff845cc0000 - 0x00007ff845d2a000 	C:\Windows\System32\bcryptPrimitives.dll
0x00007ff847060000 - 0x00007ff84708e000 	C:\Windows\System32\IMM32.DLL
0x000000005a1f0000 - 0x000000005a2c2000 	C:\Program Files\Java\jdk1.8.0_111\jre\bin\msvcr100.dll
0x000000005a2d0000 - 0x000000005ab6a000 	C:\Program Files\Java\jdk1.8.0_111\jre\bin\server\jvm.dll
0x00007ff847310000 - 0x00007ff847318000 	C:\Windows\System32\PSAPI.DLL
0x00007ff8412b0000 - 0x00007ff8412ba000 	C:\Windows\SYSTEM32\VERSION.dll
0x00007ff8312b0000 - 0x00007ff8312b9000 	C:\Windows\SYSTEM32\WSOCK32.dll
0x00007ff843b70000 - 0x00007ff843b93000 	C:\Windows\SYSTEM32\WINMM.dll
0x00007ff8472a0000 - 0x00007ff84730a000 	C:\Windows\System32\WS2_32.dll
0x0000000000a10000 - 0x0000000000a3b000 	C:\Windows\SYSTEM32\WINMMBASE.dll
0x00007ff8459e0000 - 0x00007ff845a22000 	C:\Windows\System32\cfgmgr32.dll
0x000000005a1e0000 - 0x000000005a1ef000 	C:\Program Files\Java\jdk1.8.0_111\jre\bin\verify.dll
0x000000005a1b0000 - 0x000000005a1d9000 	C:\Program Files\Java\jdk1.8.0_111\jre\bin\java.dll
0x000000005a190000 - 0x000000005a1a6000 	C:\Program Files\Java\jdk1.8.0_111\jre\bin\zip.dll
0x00007ff847c20000 - 0x00007ff849128000 	C:\Windows\System32\SHELL32.dll
0x00007ff845d30000 - 0x00007ff84640a000 	C:\Windows\System32\windows.storage.dll
0x00007ff845710000 - 0x00007ff84575c000 	C:\Windows\System32\powrprof.dll
0x00007ff846c70000 - 0x00007ff846cc2000 	C:\Windows\System32\shlwapi.dll
0x00007ff845700000 - 0x00007ff84570f000 	C:\Windows\System32\kernel.appcore.dll
0x00007ff846780000 - 0x00007ff846829000 	C:\Windows\System32\shcore.dll
0x00007ff845770000 - 0x00007ff845784000 	C:\Windows\System32\profapi.dll
0x000000005b410000 - 0x000000005b5a8000 	C:\Program Files\Java\jdk1.8.0_111\jre\bin\awt.dll
0x00007ff847710000 - 0x00007ff8477cf000 	C:\Windows\System32\OLEAUT32.dll
0x00007ff846630000 - 0x00007ff8466cc000 	C:\Windows\System32\msvcp_win.dll
0x00007ff843bd0000 - 0x00007ff843c4a000 	C:\Windows\SYSTEM32\apphelp.dll
0x00007ff843e80000 - 0x00007ff843f15000 	C:\Windows\system32\uxtheme.dll
0x00007ff849130000 - 0x00007ff84928a000 	C:\Windows\System32\MSCTF.dll
0x00007ff843760000 - 0x00007ff843786000 	C:\Windows\system32\dwmapi.dll
0x00007ff846f20000 - 0x00007ff847057000 	C:\Windows\System32\ole32.dll
0x00007ff832670000 - 0x00007ff8327fd000 	C:\Windows\system32\d3d9.dll
0x00007ff821670000 - 0x00007ff822726000 	C:\Windows\SYSTEM32\nvd3dumx.dll
0x00007ff840e60000 - 0x00007ff840fcc000 	C:\Program Files (x86)\NVIDIA Corporation\3D Vision\nvSCPAPI64.dll
0x00007ff8477f0000 - 0x00007ff847c19000 	C:\Windows\System32\SETUPAPI.dll
0x000000005b3c0000 - 0x000000005b407000 	C:\Program Files\Java\jdk1.8.0_111\jre\bin\fontmanager.dll
0x00007ff847090000 - 0x00007ff84712f000 	C:\Windows\System32\clbcatq.dll
0x00007ff8430b0000 - 0x00007ff843258000 	C:\Windows\SYSTEM32\WindowsCodecs.dll
0x00007ff82da80000 - 0x00007ff82dac9000 	C:\Windows\system32\dataexchange.dll
0x00007ff8426f0000 - 0x00007ff8429a6000 	C:\Windows\system32\d3d11.dll
0x00007ff843540000 - 0x00007ff843691000 	C:\Windows\system32\dcomp.dll
0x00007ff844680000 - 0x00007ff84471f000 	C:\Windows\system32\dxgi.dll
0x00007ff844120000 - 0x00007ff84423c000 	C:\Windows\system32\twinapi.appcore.dll
0x00007ff845640000 - 0x00007ff84566b000 	C:\Windows\system32\bcrypt.dll
0x000000005a170000 - 0x000000005a18a000 	C:\Program Files\Java\jdk1.8.0_111\jre\bin\net.dll
0x00007ff844fd0000 - 0x00007ff84502c000 	C:\Windows\system32\mswsock.dll
0x000000005a150000 - 0x000000005a161000 	C:\Program Files\Java\jdk1.8.0_111\jre\bin\nio.dll
0x000000005b370000 - 0x000000005b3b2000 	C:\Program Files\Java\jdk1.8.0_111\jre\bin\t2k.dll
0x000000005b340000 - 0x000000005b36a000 	C:\Program Files\Java\jdk1.8.0_111\jre\bin\dcpr.dll
0x00007ff83e600000 - 0x00007ff83e6d2000 	C:\Windows\System32\IME\IMEKR\imkrtip.dll
0x00007ff8432f0000 - 0x00007ff843475000 	C:\Windows\SYSTEM32\PROPSYS.dll
0x00007ff83d040000 - 0x00007ff83d196000 	C:\Windows\System32\IME\shared\imetip.dll
0x00007ff83f690000 - 0x00007ff83f6f5000 	C:\Windows\SYSTEM32\OLEACC.dll
0x00007ff8333e0000 - 0x00007ff833588000 	C:\Windows\SYSTEM32\DUI70.dll
0x00007ff83e570000 - 0x00007ff83e5a8000 	C:\Windows\System32\IME\IMEKR\imkrapi.dll
0x00007ff83e260000 - 0x00007ff83e295000 	C:\Windows\System32\IME\shared\imjkapi.dll
0x00007ff844aa0000 - 0x00007ff844ad2000 	C:\Windows\SYSTEM32\ntmarta.dll
0x00007ff83f3c0000 - 0x00007ff83f552000 	C:\Windows\SYSTEM32\dbghelp.dll

VM Arguments:
jvm_args: -Dfile.encoding=UTF-8 
java_command: kr.or.dgit.donghun2.main.MainProcess
java_class_path (initial): D:\workspace_mybatis\donghun2\bin;C:\Users\SDH\.gradle\caches\modules-2\files-2.1\org.mybatis\mybatis\3.4.2\2b9a5082fe0bdb3128bab8b4b19b23ca0f3d9b38\mybatis-3.4.2.jar;C:\Users\SDH\.gradle\caches\modules-2\files-2.1\log4j\log4j\1.2.17\5af35056b4d257e4b64b9e8069c0746e8b08629f\log4j-1.2.17.jar;C:\Users\SDH\.gradle\caches\modules-2\files-2.1\mysql\mysql-connector-java\5.1.41\b0878056f15616989144d6114d36d3942321d0d1\mysql-connector-java-5.1.41.jar;C:\Users\SDH\.gradle\caches\modules-2\files-2.1\junit\junit\4.12\2973d150c0dc1fefe998f834810d68f278ea58ec\junit-4.12.jar;C:\Users\SDH\.gradle\caches\modules-2\files-2.1\org.hamcrest\hamcrest-core\1.3\42a25dc3219429f0e5d060061f71acb49bf010a0\hamcrest-core-1.3.jar;D:\workspace_mybatis\donghun2\src\main\resources\erp_myframework.jar;D:\workspace_mybatis\donghun2\src\main\resources\lib\idw-gpl.jar;D:\workspace_mybatis\donghun2\src\main\resources\lib\JTattoo.jar;D:\workspace_mybatis\donghun2\src\main\resources\lib\liquidlnf.jar;D:\workspace_mybatis\donghun2\src\main\resources\lib\quaqua.jar
Launcher Type: SUN_STANDARD

Environment Variables:
JAVA_HOME=C:\Program Files\Java\jdk1.8.0_111
PATH=C:/Program Files/Java/jdk1.8.0_111/bin/../jre/bin/server;C:/Program Files/Java/jdk1.8.0_111/bin/../jre/bin;C:/Program Files/Java/jdk1.8.0_111/bin/../jre/lib/amd64;C:\Program Files\Java\jdk1.8.0_111\bin;C:\ProgramData\Oracle\Java\javapath;C:\Program Files (x86)\NVIDIA Corporation\PhysX\Common;C:\Windows\system32;C:\Windows;C:\Windows\System32\Wbem;C:\Windows\System32\WindowsPowerShell\v1.0\;C:\Program Files\MySQL\MySQL Server 5.6\bin;C:\Program Files\Git\cmd;D:\gradle-3.4.1\bin;C:\Users\SDH\AppData\Local\Microsoft\WindowsApps;C:\Program Files\Bandizip\7z;D:\program\eclipse_java\eclipse;
USERNAME=SDH
OS=Windows_NT
PROCESSOR_IDENTIFIER=Intel64 Family 6 Model 23 Stepping 10, GenuineIntel



---------------  S Y S T E M  ---------------

OS: Windows 10.0 , 64 bit Build 14393 (10.0.14393.0)

CPU:total 4 (4 cores per cpu, 1 threads per core) family 6 model 23 stepping 10, cmov, cx8, fxsr, mmx, sse, sse2, sse3, ssse3, sse4.1, tsc

Memory: 4k page, physical 4192492k(1582384k free), swap 10483948k(5316328k free)

vm_info: Java HotSpot(TM) 64-Bit Server VM (25.111-b14) for windows-amd64 JRE (1.8.0_111-b14), built on Sep 22 2016 19:24:05 by "java_re" with MS VC++ 10.0 (VS2010)

time: Thu Apr 13 10:38:17 2017
elapsed time: 10 seconds (0d 0h 0m 10s)

