#
# A fatal error has been detected by the Java Runtime Environment:
#
#  EXCEPTION_ACCESS_VIOLATION (0xc0000005) at pc=0xffffffffa4105120, pid=8292, tid=0x000000000000082c
#
# JRE version: Java(TM) SE Runtime Environment (8.0_111-b14) (build 1.8.0_111-b14)
# Java VM: Java HotSpot(TM) 64-Bit Server VM (25.111-b14 mixed mode windows-amd64 compressed oops)
# Problematic frame:
# C  0xffffffffa4105120
#
# Failed to write core dump. Minidumps are not enabled by default on client versions of Windows
#
# If you would like to submit a bug report, please visit:
#   http://bugreport.java.com/bugreport/crash.jsp
#

---------------  T H R E A D  ---------------

Current thread (0x00000000177b7800):  JavaThread "AWT-EventQueue-0" [_thread_in_Java, id=2092, stack(0x0000000019ea0000,0x0000000019fa0000)]

siginfo: ExceptionCode=0xc0000005, ExceptionInformation=0x0000000000000008 0xffffffffa4105120

Registers:
RAX=0x0000000014fea738, RBX=0x0000000014fea738, RCX=0x0000000014ff0890, RDX=0x00000000eafd20b8
RSP=0x0000000019f9a3f8, RBP=0x0000000019f9a468, RSI=0x0000000080160001, RDI=0x0000000015165a60
R8 =0x000000000000010d, R9 =0x00000000177ade00, R10=0x0000000052a9c0c0, R11=0x00000000032210e0
R12=0x0000000000000000, R13=0x0000000019f9a408, R14=0x0000000019f9a548, R15=0x00000000177b7800
RIP=0xffffffffa4105120, EFLAGS=0x0000000000010206

Top of Stack: (sp=0x0000000019f9a3f8)
0x0000000019f9a3f8:   0000000003107e20 0000000003107e20
0x0000000019f9a408:   000000000000010d 00000000eafd20b8
0x0000000019f9a418:   0000000000000001 0000000000000000
0x0000000019f9a428:   0000000019f9a418 0000000014fedfd8
0x0000000019f9a438:   0000000019f9a548 0000000014ff0890
0x0000000019f9a448:   00000000153906e0 0000000014fee288
0x0000000019f9a458:   0000000019f9a408 0000000019f9a550
0x0000000019f9a468:   0000000019f9abd0 0000000003284cac
0x0000000019f9a478:   0000000000000000 0000000000000000
0x0000000019f9a488:   0000000000000000 0000000000000000
0x0000000019f9a498:   0000000000000000 00000000eabc1dc0
0x0000000019f9a4a8:   00000000eabc1cd0 0000000000000200
0x0000000019f9a4b8:   00000000eae9bed0 00000000eae9bed0
0x0000000019f9a4c8:   0000000000000000 0000000000000000
0x0000000019f9a4d8:   00000000eae9bed0 0000000080160002
0x0000000019f9a4e8:   00000000ffffffff 00000000eb5a7da0 

Instructions: (pc=0xffffffffa4105120)
0xffffffffa4105100:   
[error occurred during error reporting (printing registers, top of stack, instructions near pc), id 0xc0000005]

Register to memory mapping:

RAX={method} {0x0000000014fea740} 'tabAt' '([Ljava/util/concurrent/ConcurrentHashMap$Node;I)Ljava/util/concurrent/ConcurrentHashMap$Node;' in 'java/util/concurrent/ConcurrentHashMap'
RBX={method} {0x0000000014fea740} 'tabAt' '([Ljava/util/concurrent/ConcurrentHashMap$Node;I)Ljava/util/concurrent/ConcurrentHashMap$Node;' in 'java/util/concurrent/ConcurrentHashMap'
RCX=0x0000000014ff0890 is pointing into metadata
RDX=0x00000000eafd20b8 is an oop
[Ljava.util.concurrent.ConcurrentHashMap$Node; 
 - klass: 'java/util/concurrent/ConcurrentHashMap$Node'[]
 - length: 512
RSP=0x0000000019f9a3f8 is pointing into the stack for thread: 0x00000000177b7800
RBP=0x0000000019f9a468 is pointing into the stack for thread: 0x00000000177b7800
RSI=0x0000000080160001 is an unknown value
RDI=0x0000000015165a60 is pointing into metadata
R8 =0x000000000000010d is an unknown value
R9 =0x00000000177ade00 is an unknown value
R10=0x0000000052a9c0c0 is an unknown value
R11=0x00000000032210e0 is at entry_point+0 in (nmethod*)0x0000000003220f90
R12=0x0000000000000000 is an unknown value
R13=0x0000000019f9a408 is pointing into the stack for thread: 0x00000000177b7800
R14=0x0000000019f9a548 is pointing into the stack for thread: 0x00000000177b7800
R15=0x00000000177b7800 is a thread


Stack: [0x0000000019ea0000,0x0000000019fa0000],  sp=0x0000000019f9a3f8,  free space=1000k
Native frames: (J=compiled Java code, j=interpreted, Vv=VM code, C=native code)
C  0xffffffffa4105120


---------------  P R O C E S S  ---------------

Java Threads: ( => current thread )
  0x0000000017a12000 JavaThread "Image Fetcher 0" daemon [_thread_blocked, id=6392, stack(0x000000001acd0000,0x000000001add0000)]
  0x00000000178d3800 JavaThread "D3D Screen Updater" daemon [_thread_blocked, id=4576, stack(0x000000001a3b0000,0x000000001a4b0000)]
  0x0000000003002800 JavaThread "DestroyJavaVM" [_thread_blocked, id=5980, stack(0x0000000002f00000,0x0000000003000000)]
=>0x00000000177b7800 JavaThread "AWT-EventQueue-0" [_thread_in_Java, id=2092, stack(0x0000000019ea0000,0x0000000019fa0000)]
  0x0000000016f08000 JavaThread "AWT-Windows" daemon [_thread_in_native, id=8276, stack(0x0000000018100000,0x0000000018200000)]
  0x0000000016f05000 JavaThread "AWT-Shutdown" [_thread_blocked, id=3296, stack(0x0000000018000000,0x0000000018100000)]
  0x0000000016f04800 JavaThread "Java2D Disposer" daemon [_thread_blocked, id=4320, stack(0x0000000017f00000,0x0000000018000000)]
  0x0000000016bc8000 JavaThread "Service Thread" daemon [_thread_blocked, id=2616, stack(0x0000000017430000,0x0000000017530000)]
  0x0000000016b3d800 JavaThread "C1 CompilerThread2" daemon [_thread_blocked, id=4124, stack(0x0000000017330000,0x0000000017430000)]
  0x000000001582d000 JavaThread "C2 CompilerThread1" daemon [_thread_blocked, id=7392, stack(0x0000000017230000,0x0000000017330000)]
  0x000000001582a000 JavaThread "C2 CompilerThread0" daemon [_thread_blocked, id=1048, stack(0x0000000017130000,0x0000000017230000)]
  0x0000000015828800 JavaThread "Attach Listener" daemon [_thread_blocked, id=3464, stack(0x0000000017030000,0x0000000017130000)]
  0x00000000157dc800 JavaThread "Signal Dispatcher" daemon [_thread_blocked, id=1156, stack(0x0000000016f30000,0x0000000017030000)]
  0x00000000157ba800 JavaThread "Finalizer" daemon [_thread_blocked, id=6728, stack(0x0000000016a30000,0x0000000016b30000)]
  0x00000000030ef800 JavaThread "Reference Handler" daemon [_thread_blocked, id=1744, stack(0x0000000016930000,0x0000000016a30000)]

Other Threads:
  0x0000000015798800 VMThread [stack: 0x0000000016830000,0x0000000016930000] [id=8580]
  0x0000000016bff000 WatcherThread [stack: 0x0000000017530000,0x0000000017630000] [id=8956]

VM state:not at safepoint (normal execution)

VM Mutex/Monitor currently owned by a thread: None

Heap:
 PSYoungGen      total 18944K, used 10913K [0x00000000eab00000, 0x00000000ec000000, 0x0000000100000000)
  eden space 16384K, 66% used [0x00000000eab00000,0x00000000eb5a8668,0x00000000ebb00000)
  from space 2560K, 0% used [0x00000000ebd80000,0x00000000ebd80000,0x00000000ec000000)
  to   space 2560K, 0% used [0x00000000ebb00000,0x00000000ebb00000,0x00000000ebd80000)
 ParOldGen       total 44032K, used 0K [0x00000000c0000000, 0x00000000c2b00000, 0x00000000eab00000)
  object space 44032K, 0% used [0x00000000c0000000,0x00000000c0000000,0x00000000c2b00000)
 Metaspace       used 13956K, capacity 14192K, committed 14336K, reserved 1060864K
  class space    used 1957K, capacity 2040K, committed 2048K, reserved 1048576K

Card table byte_map: [0x00000000124c0000,0x00000000126d0000] byte_map_base: 0x0000000011ec0000

Marking Bits: (ParMarkBitMap*) 0x0000000052aba6c0
 Begin Bits: [0x0000000012c30000, 0x0000000013c30000)
 End Bits:   [0x0000000013c30000, 0x0000000014c30000)

Polling page: 0x00000000012a0000

CodeCache: size=245760Kb used=2714Kb max_used=2726Kb free=243045Kb
 bounds [0x0000000003100000, 0x00000000033b0000, 0x0000000012100000]
 total_blobs=1257 nmethods=746 adapters=426
 compilation: enabled

Compilation events (10 events):
Event: 2.398 Thread 0x000000001582a000 nmethod 739 0x000000000339d310 code [0x000000000339d460, 0x000000000339da18]
Event: 2.398 Thread 0x000000001582a000  742       4       sun.misc.ASCIICaseInsensitiveComparator::compare (126 bytes)
Event: 2.403 Thread 0x000000001582d000 nmethod 741 0x00000000033a9590 code [0x00000000033a96e0, 0x00000000033a9ab8]
Event: 2.403 Thread 0x000000001582d000  744       4       java.io.WinNTFileSystem::isSlash (18 bytes)
Event: 2.403 Thread 0x000000001582d000 nmethod 744 0x000000000339a7d0 code [0x000000000339a900, 0x000000000339a978]
Event: 2.405 Thread 0x0000000016b3d800  745       3       java.io.File::exists (43 bytes)
Event: 2.405 Thread 0x000000001582a000 nmethod 742 0x00000000033a9d90 code [0x00000000033a9ee0, 0x00000000033aa278]
Event: 2.405 Thread 0x0000000016b3d800 nmethod 745 0x00000000033a8e50 code [0x00000000033a8fe0, 0x00000000033a9468]
Event: 2.405 Thread 0x000000001582d000  746       4       java.util.concurrent.ConcurrentHashMap::tabAt (21 bytes)
Event: 2.406 Thread 0x000000001582d000 nmethod 746 0x000000000339d050 code [0x000000000339d180, 0x000000000339d1d8]

GC Heap History (0 events):
No events

Deoptimization events (10 events):
Event: 0.333 Thread 0x0000000003002800 Uncommon trap: reason=null_check action=make_not_entrant pc=0x000000000326eedc method=java.lang.String.equals(Ljava/lang/Object;)Z @ 8
Event: 2.334 Thread 0x00000000177b7800 Uncommon trap: reason=class_check action=maybe_recompile pc=0x000000000337c6c0 method=java.util.HashMap.getNode(ILjava/lang/Object;)Ljava/util/HashMap$Node; @ 126
Event: 2.334 Thread 0x00000000177b7800 Uncommon trap: reason=class_check action=maybe_recompile pc=0x000000000337c6c0 method=java.util.HashMap.getNode(ILjava/lang/Object;)Ljava/util/HashMap$Node; @ 126
Event: 2.345 Thread 0x00000000177b7800 Uncommon trap: reason=class_check action=maybe_recompile pc=0x000000000337c6c0 method=java.util.HashMap.getNode(ILjava/lang/Object;)Ljava/util/HashMap$Node; @ 126
Event: 2.345 Thread 0x00000000177b7800 Uncommon trap: reason=class_check action=maybe_recompile pc=0x000000000337c6c0 method=java.util.HashMap.getNode(ILjava/lang/Object;)Ljava/util/HashMap$Node; @ 126
Event: 2.392 Thread 0x00000000177b7800 Uncommon trap: reason=bimorphic action=maybe_recompile pc=0x000000000338b4b0 method=java.util.HashMap.getNode(ILjava/lang/Object;)Ljava/util/HashMap$Node; @ 126
Event: 2.392 Thread 0x00000000177b7800 Uncommon trap: reason=bimorphic action=maybe_recompile pc=0x000000000338b4b0 method=java.util.HashMap.getNode(ILjava/lang/Object;)Ljava/util/HashMap$Node; @ 126
Event: 2.393 Thread 0x00000000177b7800 Uncommon trap: reason=bimorphic action=maybe_recompile pc=0x000000000338b4b0 method=java.util.HashMap.getNode(ILjava/lang/Object;)Ljava/util/HashMap$Node; @ 126
Event: 2.394 Thread 0x00000000177b7800 Uncommon trap: reason=bimorphic action=maybe_recompile pc=0x000000000338b4b0 method=java.util.HashMap.getNode(ILjava/lang/Object;)Ljava/util/HashMap$Node; @ 126
Event: 2.394 Thread 0x00000000177b7800 Uncommon trap: reason=bimorphic action=maybe_recompile pc=0x0000000003388650 method=java.util.HashMap.getNode(ILjava/lang/Object;)Ljava/util/HashMap$Node; @ 126

Internal exceptions (10 events):
Event: 0.675 Thread 0x00000000177b7800 Exception <a 'java/io/FileNotFoundException'> (0x00000000eb157348) thrown at [C:\re\workspace\8-2-build-windows-amd64-cygwin\jdk8u111\7883\hotspot\src\share\vm\prims\jni.cpp, line 709]
Event: 0.675 Thread 0x00000000177b7800 Exception <a 'java/lang/NullPointerException'> (0x00000000eb1579f0) thrown at [C:\re\workspace\8-2-build-windows-amd64-cygwin\jdk8u111\7883\hotspot\src\share\vm\interpreter\linkResolver.cpp, line 1178]
Event: 2.400 Thread 0x00000000177b7800 Exception <a 'java/security/PrivilegedActionException'> (0x00000000eb58a150) thrown at [C:\re\workspace\8-2-build-windows-amd64-cygwin\jdk8u111\7883\hotspot\src\share\vm\prims\jvm.cpp, line 1386]
Event: 2.400 Thread 0x00000000177b7800 Exception <a 'java/security/PrivilegedActionException'> (0x00000000eb58a730) thrown at [C:\re\workspace\8-2-build-windows-amd64-cygwin\jdk8u111\7883\hotspot\src\share\vm\prims\jvm.cpp, line 1386]
Event: 2.401 Thread 0x00000000177b7800 Exception <a 'java/lang/NoClassDefFoundError': org/slf4j/LoggerFactory> (0x00000000eb58bd50) thrown at [C:\re\workspace\8-2-build-windows-amd64-cygwin\jdk8u111\7883\hotspot\src\share\vm\classfile\systemDictionary.cpp, line 199]
Event: 2.401 Thread 0x00000000177b7800 Exception <a 'java/lang/reflect/InvocationTargetException'> (0x00000000eb58c140) thrown at [C:\re\workspace\8-2-build-windows-amd64-cygwin\jdk8u111\7883\hotspot\src\share\vm\runtime\reflection.cpp, line 1092]
Event: 2.403 Thread 0x00000000177b7800 Exception <a 'java/lang/NoClassDefFoundError': org/apache/commons/logging/LogFactory> (0x00000000eb596c38) thrown at [C:\re\workspace\8-2-build-windows-amd64-cygwin\jdk8u111\7883\hotspot\src\share\vm\classfile\systemDictionary.cpp, line 199]
Event: 2.403 Thread 0x00000000177b7800 Exception <a 'java/lang/reflect/InvocationTargetException'> (0x00000000eb597028) thrown at [C:\re\workspace\8-2-build-windows-amd64-cygwin\jdk8u111\7883\hotspot\src\share\vm\runtime\reflection.cpp, line 1092]
Event: 2.404 Thread 0x00000000177b7800 Exception <a 'java/lang/NoClassDefFoundError': org/apache/logging/log4j/LogManager> (0x00000000eb5a15d8) thrown at [C:\re\workspace\8-2-build-windows-amd64-cygwin\jdk8u111\7883\hotspot\src\share\vm\classfile\systemDictionary.cpp, line 199]
Event: 2.404 Thread 0x00000000177b7800 Exception <a 'java/lang/reflect/InvocationTargetException'> (0x00000000eb5a19c8) thrown at [C:\re\workspace\8-2-build-windows-amd64-cygwin\jdk8u111\7883\hotspot\src\share\vm\runtime\reflection.cpp, line 1092]

Events (10 events):
Event: 2.403 loading class org/apache/commons/logging/LogFactory
Event: 2.403 loading class org/apache/commons/logging/LogFactory done
Event: 2.403 loading class org/apache/ibatis/logging/LogFactory$3
Event: 2.403 loading class org/apache/ibatis/logging/LogFactory$3 done
Event: 2.404 loading class org/apache/ibatis/logging/log4j2/Log4j2Impl
Event: 2.404 loading class org/apache/ibatis/logging/log4j2/Log4j2Impl done
Event: 2.404 loading class org/apache/logging/log4j/LogManager
Event: 2.404 loading class org/apache/logging/log4j/LogManager done
Event: 2.404 loading class org/apache/ibatis/logging/LogFactory$4
Event: 2.405 loading class org/apache/ibatis/logging/LogFactory$4 done


Dynamic libraries:
0x00007ff7e9cf0000 - 0x00007ff7e9d27000 	C:\Program Files\Java\jdk1.8.0_111\bin\javaw.exe
0x00007ffb2ada0000 - 0x00007ffb2af71000 	C:\Windows\SYSTEM32\ntdll.dll
0x00007ffb2a600000 - 0x00007ffb2a6ab000 	C:\Windows\System32\KERNEL32.DLL
0x00007ffb279c0000 - 0x00007ffb27bdd000 	C:\Windows\System32\KERNELBASE.dll
0x00007ffb2a6c0000 - 0x00007ffb2a762000 	C:\Windows\System32\ADVAPI32.dll
0x00007ffb2a850000 - 0x00007ffb2a8ee000 	C:\Windows\System32\msvcrt.dll
0x00007ffb29840000 - 0x00007ffb29899000 	C:\Windows\System32\sechost.dll
0x00007ffb2a990000 - 0x00007ffb2aab1000 	C:\Windows\System32\RPCRT4.dll
0x00007ffb29c10000 - 0x00007ffb29d75000 	C:\Windows\System32\USER32.dll
0x00007ffb276d0000 - 0x00007ffb276ee000 	C:\Windows\System32\win32u.dll
0x00007ffb2ac20000 - 0x00007ffb2ac54000 	C:\Windows\System32\GDI32.dll
0x00007ffb27540000 - 0x00007ffb276c2000 	C:\Windows\System32\gdi32full.dll
0x00007ffb20f30000 - 0x00007ffb211aa000 	C:\Windows\WinSxS\amd64_microsoft.windows.common-controls_6595b64144ccf1df_6.0.14393.953_none_42151e83c686086b\COMCTL32.dll
0x00007ffb2a1b0000 - 0x00007ffb2a478000 	C:\Windows\System32\combase.dll
0x00007ffb278c0000 - 0x00007ffb279b5000 	C:\Windows\System32\ucrtbase.dll
0x00007ffb27be0000 - 0x00007ffb27c4a000 	C:\Windows\System32\bcryptPrimitives.dll
0x00007ffb29970000 - 0x00007ffb2999e000 	C:\Windows\System32\IMM32.DLL
0x00000000521c0000 - 0x0000000052292000 	C:\Program Files\Java\jdk1.8.0_111\jre\bin\msvcr100.dll
0x00000000522a0000 - 0x0000000052b3a000 	C:\Program Files\Java\jdk1.8.0_111\jre\bin\server\jvm.dll
0x00007ffb2a4f0000 - 0x00007ffb2a4f8000 	C:\Windows\System32\PSAPI.DLL
0x00007ffb22c90000 - 0x00007ffb22c9a000 	C:\Windows\SYSTEM32\VERSION.dll
0x00007ffb25680000 - 0x00007ffb256a3000 	C:\Windows\SYSTEM32\WINMM.dll
0x00007ffb1f270000 - 0x00007ffb1f279000 	C:\Windows\SYSTEM32\WSOCK32.dll
0x00007ffb2a480000 - 0x00007ffb2a4ea000 	C:\Windows\System32\WS2_32.dll
0x00007ffb25540000 - 0x00007ffb2556b000 	C:\Windows\SYSTEM32\WINMMBASE.dll
0x00007ffb273a0000 - 0x00007ffb273e2000 	C:\Windows\System32\cfgmgr32.dll
0x0000000052b70000 - 0x0000000052b7f000 	C:\Program Files\Java\jdk1.8.0_111\jre\bin\verify.dll
0x0000000052190000 - 0x00000000521b9000 	C:\Program Files\Java\jdk1.8.0_111\jre\bin\java.dll
0x0000000052170000 - 0x0000000052186000 	C:\Program Files\Java\jdk1.8.0_111\jre\bin\zip.dll
0x00007ffb28330000 - 0x00007ffb29839000 	C:\Windows\System32\SHELL32.dll
0x00007ffb27c50000 - 0x00007ffb2832a000 	C:\Windows\System32\windows.storage.dll
0x00007ffb27200000 - 0x00007ffb2724c000 	C:\Windows\System32\powrprof.dll
0x00007ffb299b0000 - 0x00007ffb29a02000 	C:\Windows\System32\shlwapi.dll
0x00007ffb27270000 - 0x00007ffb2727f000 	C:\Windows\System32\kernel.appcore.dll
0x00007ffb273f0000 - 0x00007ffb27499000 	C:\Windows\System32\shcore.dll
0x00007ffb27250000 - 0x00007ffb27264000 	C:\Windows\System32\profapi.dll
0x0000000051930000 - 0x0000000051ac8000 	C:\Program Files\Java\jdk1.8.0_111\jre\bin\awt.dll
0x00007ffb2a770000 - 0x00007ffb2a82f000 	C:\Windows\System32\OLEAUT32.dll
0x00007ffb274a0000 - 0x00007ffb2753c000 	C:\Windows\System32\msvcp_win.dll
0x00007ffb257b0000 - 0x00007ffb2582a000 	C:\Windows\SYSTEM32\apphelp.dll
0x00007ffb25980000 - 0x00007ffb25a15000 	C:\Windows\system32\uxtheme.dll
0x00007ffb2aac0000 - 0x00007ffb2ac1a000 	C:\Windows\System32\MSCTF.dll
0x00007ffb25050000 - 0x00007ffb25076000 	C:\Windows\system32\dwmapi.dll
0x00007ffb2ac60000 - 0x00007ffb2ad97000 	C:\Windows\System32\ole32.dll
0x00007ffb209f0000 - 0x00007ffb20b7d000 	C:\Windows\system32\d3d9.dll
0x00007ffafcd30000 - 0x00007ffafdde6000 	C:\Windows\SYSTEM32\nvd3dumx.dll
0x00007ffb22160000 - 0x00007ffb222cc000 	C:\Program Files (x86)\NVIDIA Corporation\3D Vision\nvSCPAPI64.dll
0x00007ffb29d80000 - 0x00007ffb2a1a9000 	C:\Windows\System32\SETUPAPI.dll
0x0000000053320000 - 0x0000000053367000 	C:\Program Files\Java\jdk1.8.0_111\jre\bin\fontmanager.dll
0x0000000052150000 - 0x000000005216a000 	C:\Program Files\Java\jdk1.8.0_111\jre\bin\net.dll
0x00007ffb26ad0000 - 0x00007ffb26b2c000 	C:\Windows\system32\mswsock.dll
0x0000000052130000 - 0x0000000052141000 	C:\Program Files\Java\jdk1.8.0_111\jre\bin\nio.dll
0x00000000532d0000 - 0x0000000053312000 	C:\Program Files\Java\jdk1.8.0_111\jre\bin\t2k.dll
0x00000000532a0000 - 0x00000000532ca000 	C:\Program Files\Java\jdk1.8.0_111\jre\bin\dcpr.dll
0x00007ffb2a8f0000 - 0x00007ffb2a98f000 	C:\Windows\System32\clbcatq.dll
0x00007ffb1f590000 - 0x00007ffb1f662000 	C:\Windows\System32\IME\IMEKR\imkrtip.dll
0x00007ffb24ad0000 - 0x00007ffb24c55000 	C:\Windows\SYSTEM32\PROPSYS.dll
0x00007ffb1f430000 - 0x00007ffb1f586000 	C:\Windows\System32\IME\shared\imetip.dll
0x00007ffb25700000 - 0x00007ffb25765000 	C:\Windows\SYSTEM32\OLEACC.dll
0x00007ffb1f280000 - 0x00007ffb1f428000 	C:\Windows\SYSTEM32\DUI70.dll
0x00007ffb21210000 - 0x00007ffb21248000 	C:\Windows\System32\IME\IMEKR\imkrapi.dll
0x00007ffb211d0000 - 0x00007ffb21205000 	C:\Windows\System32\IME\shared\imjkapi.dll
0x00007ffb265a0000 - 0x00007ffb265d2000 	C:\Windows\SYSTEM32\ntmarta.dll
0x00007ffb1bc00000 - 0x00007ffb1bd92000 	C:\Windows\SYSTEM32\dbghelp.dll

VM Arguments:
jvm_args: -Dfile.encoding=UTF-8 
java_command: kr.or.dgit.donghun2.Main.MainFrame
java_class_path (initial): D:\workspace_mybatis\donghun2\bin;C:\Users\SDH\.gradle\caches\modules-2\files-2.1\org.mybatis\mybatis\3.4.2\2b9a5082fe0bdb3128bab8b4b19b23ca0f3d9b38\mybatis-3.4.2.jar;C:\Users\SDH\.gradle\caches\modules-2\files-2.1\log4j\log4j\1.2.17\5af35056b4d257e4b64b9e8069c0746e8b08629f\log4j-1.2.17.jar;C:\Users\SDH\.gradle\caches\modules-2\files-2.1\mysql\mysql-connector-java\5.1.41\b0878056f15616989144d6114d36d3942321d0d1\mysql-connector-java-5.1.41.jar;C:\Users\SDH\.gradle\caches\modules-2\files-2.1\junit\junit\4.12\2973d150c0dc1fefe998f834810d68f278ea58ec\junit-4.12.jar;C:\Users\SDH\.gradle\caches\modules-2\files-2.1\org.hamcrest\hamcrest-core\1.3\42a25dc3219429f0e5d060061f71acb49bf010a0\hamcrest-core-1.3.jar;D:\workspace_mybatis\donghun2\src\main\resources\erp_myframework.jar;D:\workspace_mybatis\donghun2\lib\idw-gpl.jar;D:\workspace_mybatis\donghun2\lib\JTattoo.jar;D:\workspace_mybatis\donghun2\lib\liquidlnf.jar;D:\workspace_mybatis\donghun2\lib\quaqua.jar
Launcher Type: SUN_STANDARD

Environment Variables:
JAVA_HOME=C:\Program Files\Java\jdk1.8.0_111
PATH=C:/Program Files/Java/jdk1.8.0_111/bin/../jre/bin/server;C:/Program Files/Java/jdk1.8.0_111/bin/../jre/bin;C:/Program Files/Java/jdk1.8.0_111/bin/../jre/lib/amd64;C:\Program Files\Java\jdk1.8.0_111\bin;C:\ProgramData\Oracle\Java\javapath;C:\Program Files (x86)\NVIDIA Corporation\PhysX\Common;C:\Windows\system32;C:\Windows;C:\Windows\System32\Wbem;C:\Windows\System32\WindowsPowerShell\v1.0\;C:\Program Files\MySQL\MySQL Server 5.6\bin;C:\Program Files\Git\cmd;D:\gradle-3.4.1\bin;C:\Users\SDH\AppData\Local\Microsoft\WindowsApps;C:\Program Files\Bandizip\7z;D:\program\eclipse_java\eclipse;
USERNAME=SDH
OS=Windows_NT
PROCESSOR_IDENTIFIER=Intel64 Family 6 Model 23 Stepping 10, GenuineIntel



---------------  S Y S T E M  ---------------

OS: Windows 10.0 , 64 bit Build 14393 (10.0.14393.0)

CPU:total 4 (4 cores per cpu, 1 threads per core) family 6 model 23 stepping 10, cmov, cx8, fxsr, mmx, sse, sse2, sse3, ssse3, sse4.1, tsc

Memory: 4k page, physical 4192492k(1406144k free), swap 9697516k(4082104k free)

vm_info: Java HotSpot(TM) 64-Bit Server VM (25.111-b14) for windows-amd64 JRE (1.8.0_111-b14), built on Sep 22 2016 19:24:05 by "java_re" with MS VC++ 10.0 (VS2010)

time: Fri Apr 07 13:26:09 2017
elapsed time: 2 seconds (0d 0h 0m 2s)

