#
# A fatal error has been detected by the Java Runtime Environment:
#
#  EXCEPTION_ACCESS_VIOLATION (0xc0000005) at pc=0xffffffffa38d5120, pid=5732, tid=0x00000000000001a0
#
# JRE version: Java(TM) SE Runtime Environment (8.0_111-b14) (build 1.8.0_111-b14)
# Java VM: Java HotSpot(TM) 64-Bit Server VM (25.111-b14 mixed mode windows-amd64 compressed oops)
# Problematic frame:
# C  0xffffffffa38d5120
#
# Failed to write core dump. Minidumps are not enabled by default on client versions of Windows
#
# If you would like to submit a bug report, please visit:
#   http://bugreport.java.com/bugreport/crash.jsp
#

---------------  T H R E A D  ---------------

Current thread (0x00000000028cd800):  JavaThread "main" [_thread_in_Java, id=416, stack(0x0000000000a70000,0x0000000000b70000)]

siginfo: ExceptionCode=0xc0000005, ExceptionInformation=0x0000000000000008 0xffffffffa38d5120

Registers:
RAX=0x0000000100241098, RBX=0x00000000eba0c7c0, RCX=0x00000000eba0c7d8, RDX=0x00000000eba0c7c0
RSP=0x0000000000b6e5b8, RBP=0x0000000000b6e670, RSI=0x000000000000043b, RDI=0x00000000eba0c460
R8 =0x00000000eba0c460, R9 =0x00000000eba0c4c0, R10=0x0000000100241098, R11=0x00000000ffffffff
R12=0x0000000000000000, R13=0x0000000000000000, R14=0x0000000000003064, R15=0x00000000028cd800
RIP=0xffffffffa38d5120, EFLAGS=0x0000000000010246

Top of Stack: (sp=0x0000000000b6e5b8)
0x0000000000b6e5b8:   0000000002b8c03c 00000000eb9d2880
0x0000000000b6e5c8:   00000000eba0c7c0 0000000000b6e5d0
0x0000000000b6e5d8:   0000000019f5af14 000000000000043b
0x0000000000b6e5e8:   00000000eb9d0710 00000000eba0c7c0
0x0000000000b6e5f8:   0000000019f5af40 0000000000b6e670
0x0000000000b6e608:   00000000028d7ae0 0000000000b6e670
0x0000000000b6e618:   00000000028d7ae0 00000000eba0c7c0
0x0000000000b6e628:   00000000eb9d0710 0000000000b6e630
0x0000000000b6e638:   0000000019f58e81 0000000000b6e6b8
0x0000000000b6e648:   0000000019f59168 0000000019f5d330
0x0000000000b6e658:   0000000019f58f48 0000000000b6e620
0x0000000000b6e668:   0000000000b6e6b0 0000000000b6e700
0x0000000000b6e678:   00000000028d809d 0000000000000000
0x0000000000b6e688:   0000000000000000 0000000000000000
0x0000000000b6e698:   0000000000000000 00000000ffffffff
0x0000000000b6e6a8:   0000000000000001 00000000eba0c7c0 

Instructions: (pc=0xffffffffa38d5120)
0xffffffffa38d5100:   
[error occurred during error reporting (printing registers, top of stack, instructions near pc), id 0xc0000005]

Register to memory mapping:

RAX=0x0000000100241098 is pointing into metadata
RBX=0x00000000eba0c7c0 is an oop
java.text.PatternEntry 
 - klass: 'java/text/PatternEntry'
RCX=0x00000000eba0c7d8 is an oop
[C 
 - klass: {type array char}
 - length: 2
RDX=0x00000000eba0c7c0 is an oop
java.text.PatternEntry 
 - klass: 'java/text/PatternEntry'
RSP=0x0000000000b6e5b8 is pointing into the stack for thread: 0x00000000028cd800
RBP=0x0000000000b6e670 is pointing into the stack for thread: 0x00000000028cd800
RSI=0x000000000000043b is an unknown value
RDI=0x00000000eba0c460 is an oop
java.text.PatternEntry 
 - klass: 'java/text/PatternEntry'
R8 =0x00000000eba0c460 is an oop
java.text.PatternEntry 
 - klass: 'java/text/PatternEntry'
R9 =0x00000000eba0c4c0 is an oop
[C 
 - klass: {type array char}
 - length: 2
R10=0x0000000100241098 is pointing into metadata
R11=0x00000000ffffffff is an unallocated location in the heap
R12=0x0000000000000000 is an unknown value
R13=0x0000000000000000 is an unknown value
R14=0x0000000000003064 is an unknown value
R15=0x00000000028cd800 is a thread


Stack: [0x0000000000a70000,0x0000000000b70000],  sp=0x0000000000b6e5b8,  free space=1017k
Native frames: (J=compiled Java code, j=interpreted, Vv=VM code, C=native code)
C  0xffffffffa38d5120


---------------  P R O C E S S  ---------------

Java Threads: ( => current thread )
  0x00000000171c9000 JavaThread "AWT-EventQueue-0" [_thread_blocked, id=5232, stack(0x0000000019860000,0x0000000019960000)]
  0x000000001711d800 JavaThread "AWT-Windows" daemon [_thread_in_native, id=7376, stack(0x0000000017ac0000,0x0000000017bc0000)]
  0x0000000017119800 JavaThread "AWT-Shutdown" [_thread_blocked, id=1284, stack(0x00000000179c0000,0x0000000017ac0000)]
  0x0000000017118800 JavaThread "Java2D Disposer" daemon [_thread_blocked, id=1836, stack(0x00000000178c0000,0x00000000179c0000)]
  0x00000000162b1800 JavaThread "Service Thread" daemon [_thread_blocked, id=376, stack(0x0000000016b20000,0x0000000016c20000)]
  0x0000000016269000 JavaThread "C1 CompilerThread2" daemon [_thread_blocked, id=9264, stack(0x0000000016a20000,0x0000000016b20000)]
  0x000000001623b000 JavaThread "C2 CompilerThread1" daemon [_thread_blocked, id=5632, stack(0x0000000016920000,0x0000000016a20000)]
  0x0000000014e9a800 JavaThread "C2 CompilerThread0" daemon [_thread_blocked, id=4644, stack(0x0000000016820000,0x0000000016920000)]
  0x0000000014e99000 JavaThread "Attach Listener" daemon [_thread_blocked, id=9948, stack(0x0000000016720000,0x0000000016820000)]
  0x0000000014e4f000 JavaThread "Signal Dispatcher" daemon [_thread_blocked, id=5300, stack(0x0000000016620000,0x0000000016720000)]
  0x0000000014e2a800 JavaThread "Finalizer" daemon [_thread_blocked, id=8252, stack(0x00000000160a0000,0x00000000161a0000)]
  0x00000000023b1000 JavaThread "Reference Handler" daemon [_thread_blocked, id=4588, stack(0x0000000015fa0000,0x00000000160a0000)]
=>0x00000000028cd800 JavaThread "main" [_thread_in_Java, id=416, stack(0x0000000000a70000,0x0000000000b70000)]

Other Threads:
  0x0000000014e07000 VMThread [stack: 0x0000000015ea0000,0x0000000015fa0000] [id=2320]
  0x00000000162ee000 WatcherThread [stack: 0x0000000016c20000,0x0000000016d20000] [id=2764]

VM state:not at safepoint (normal execution)

VM Mutex/Monitor currently owned by a thread: None

Heap:
 PSYoungGen      total 18944K, used 15652K [0x00000000eab00000, 0x00000000ec000000, 0x0000000100000000)
  eden space 16384K, 95% used [0x00000000eab00000,0x00000000eba49168,0x00000000ebb00000)
  from space 2560K, 0% used [0x00000000ebd80000,0x00000000ebd80000,0x00000000ec000000)
  to   space 2560K, 0% used [0x00000000ebb00000,0x00000000ebb00000,0x00000000ebd80000)
 ParOldGen       total 44032K, used 0K [0x00000000c0000000, 0x00000000c2b00000, 0x00000000eab00000)
  object space 44032K, 0% used [0x00000000c0000000,0x00000000c0000000,0x00000000c2b00000)
 Metaspace       used 16313K, capacity 16524K, committed 16768K, reserved 1062912K
  class space    used 2236K, capacity 2325K, committed 2432K, reserved 1048576K

Card table byte_map: [0x0000000011c90000,0x0000000011ea0000] byte_map_base: 0x0000000011690000

Marking Bits: (ParMarkBitMap*) 0x0000000062a7a6c0
 Begin Bits: [0x00000000122a0000, 0x00000000132a0000)
 End Bits:   [0x00000000132a0000, 0x00000000142a0000)

Polling page: 0x00000000005f0000

CodeCache: size=245760Kb used=2897Kb max_used=2897Kb free=242862Kb
 bounds [0x00000000028d0000, 0x0000000002bb0000, 0x00000000118d0000]
 total_blobs=1188 nmethods=746 adapters=357
 compilation: enabled

Compilation events (10 events):
Event: 1.093 Thread 0x0000000016269000  738       3       java.text.PatternEntry::equals (25 bytes)
Event: 1.094 Thread 0x0000000016269000 nmethod 738 0x0000000002b8ab50 code [0x0000000002b8acc0, 0x0000000002b8b008]
Event: 1.094 Thread 0x0000000016269000  740       3       java.text.PatternEntry::isSpecialChar (60 bytes)
Event: 1.094 Thread 0x0000000016269000 nmethod 740 0x0000000002b8a610 code [0x0000000002b8a780, 0x0000000002b8aad0]
Event: 1.094 Thread 0x0000000016269000  741       3       java.text.PatternEntry$Parser::next (655 bytes)
Event: 1.094 Thread 0x0000000014e9a800 nmethod 724 0x0000000002b929d0 code [0x0000000002b92b60, 0x0000000002b938d8]
Event: 1.095 Thread 0x0000000014e9a800  745       4       java.text.PatternEntry::equals (25 bytes)
Event: 1.096 Thread 0x000000001623b000 nmethod 737 0x0000000002b8a050 code [0x0000000002b8a1a0, 0x0000000002b8a458]
Event: 1.096 Thread 0x000000001623b000  746       4       java.util.ArrayList::lastIndexOf (69 bytes)
Event: 1.097 Thread 0x0000000014e9a800 nmethod 745 0x0000000002b89c90 code [0x0000000002b89de0, 0x0000000002b89f18]

GC Heap History (0 events):
No events

Deoptimization events (4 events):
Event: 1.085 Thread 0x00000000028cd800 Uncommon trap: reason=class_check action=maybe_recompile pc=0x0000000002b88fa4 method=java.io.DataInputStream.readChar()C @ 4
Event: 1.085 Thread 0x00000000028cd800 Uncommon trap: reason=class_check action=maybe_recompile pc=0x0000000002b88fa4 method=java.io.DataInputStream.readChar()C @ 4
Event: 1.085 Thread 0x00000000028cd800 Uncommon trap: reason=class_check action=maybe_recompile pc=0x0000000002b88fa4 method=java.io.DataInputStream.readChar()C @ 4
Event: 1.085 Thread 0x00000000028cd800 Uncommon trap: reason=class_check action=maybe_recompile pc=0x0000000002b88fa4 method=java.io.DataInputStream.readChar()C @ 4

Internal exceptions (10 events):
Event: 0.992 Thread 0x00000000028cd800 Exception <a 'java/lang/ArrayIndexOutOfBoundsException'> (0x00000000eb702bb8) thrown at [C:\re\workspace\8-2-build-windows-amd64-cygwin\jdk8u111\7883\hotspot\src\share\vm\runtime\sharedRuntime.cpp, line 605]
Event: 0.993 Thread 0x00000000028cd800 Exception <a 'java/lang/ArrayIndexOutOfBoundsException'> (0x00000000eb707698) thrown at [C:\re\workspace\8-2-build-windows-amd64-cygwin\jdk8u111\7883\hotspot\src\share\vm\runtime\sharedRuntime.cpp, line 605]
Event: 0.993 Thread 0x00000000028cd800 Exception <a 'java/lang/ArrayIndexOutOfBoundsException'> (0x00000000eb70c338) thrown at [C:\re\workspace\8-2-build-windows-amd64-cygwin\jdk8u111\7883\hotspot\src\share\vm\runtime\sharedRuntime.cpp, line 605]
Event: 0.994 Thread 0x00000000028cd800 Exception <a 'java/lang/ArrayIndexOutOfBoundsException'> (0x00000000eb7113e0) thrown at [C:\re\workspace\8-2-build-windows-amd64-cygwin\jdk8u111\7883\hotspot\src\share\vm\runtime\sharedRuntime.cpp, line 605]
Event: 0.995 Thread 0x00000000028cd800 Exception <a 'java/lang/ArrayIndexOutOfBoundsException'> (0x00000000eb716400) thrown at [C:\re\workspace\8-2-build-windows-amd64-cygwin\jdk8u111\7883\hotspot\src\share\vm\runtime\sharedRuntime.cpp, line 605]
Event: 0.997 Thread 0x00000000028cd800 Exception <a 'java/lang/ArrayIndexOutOfBoundsException'> (0x00000000eb71b340) thrown at [C:\re\workspace\8-2-build-windows-amd64-cygwin\jdk8u111\7883\hotspot\src\share\vm\runtime\sharedRuntime.cpp, line 605]
Event: 0.998 Thread 0x00000000028cd800 Exception <a 'java/lang/ArrayIndexOutOfBoundsException'> (0x00000000eb720340) thrown at [C:\re\workspace\8-2-build-windows-amd64-cygwin\jdk8u111\7883\hotspot\src\share\vm\runtime\sharedRuntime.cpp, line 605]
Event: 0.999 Thread 0x00000000028cd800 Exception <a 'java/lang/ArrayIndexOutOfBoundsException'> (0x00000000eb7255e0) thrown at [C:\re\workspace\8-2-build-windows-amd64-cygwin\jdk8u111\7883\hotspot\src\share\vm\runtime\sharedRuntime.cpp, line 605]
Event: 1.000 Thread 0x00000000028cd800 Exception <a 'java/lang/ArrayIndexOutOfBoundsException'> (0x00000000eb72a798) thrown at [C:\re\workspace\8-2-build-windows-amd64-cygwin\jdk8u111\7883\hotspot\src\share\vm\runtime\sharedRuntime.cpp, line 605]
Event: 1.002 Thread 0x00000000028cd800 Exception <a 'java/lang/ArrayIndexOutOfBoundsException'> (0x00000000eb737c10) thrown at [C:\re\workspace\8-2-build-windows-amd64-cygwin\jdk8u111\7883\hotspot\src\share\vm\runtime\sharedRuntime.cpp, line 605]

Events (10 events):
Event: 1.088 loading class sun/text/normalizer/UnicodeMatcher done
Event: 1.088 loading class sun/text/normalizer/UnicodeSet done
Event: 1.089 loading class sun/text/normalizer/NormalizerImpl$DecomposeArgs
Event: 1.089 loading class sun/text/normalizer/NormalizerImpl$DecomposeArgs done
Event: 1.091 loading class java/text/MergeCollation
Event: 1.091 loading class java/text/MergeCollation done
Event: 1.091 loading class java/text/PatternEntry$Parser
Event: 1.091 loading class java/text/PatternEntry$Parser done
Event: 1.092 loading class java/text/PatternEntry
Event: 1.092 loading class java/text/PatternEntry done


Dynamic libraries:
0x00007ff741bc0000 - 0x00007ff741bf7000 	C:\Program Files\Java\jdk1.8.0_111\bin\javaw.exe
0x00007ffdc5940000 - 0x00007ffdc5b11000 	C:\Windows\SYSTEM32\ntdll.dll
0x00007ffdc3eb0000 - 0x00007ffdc3f5b000 	C:\Windows\System32\KERNEL32.DLL
0x00007ffdc1ee0000 - 0x00007ffdc20fd000 	C:\Windows\System32\KERNELBASE.dll
0x00007ffdc54d0000 - 0x00007ffdc5572000 	C:\Windows\System32\ADVAPI32.dll
0x00007ffdc3bd0000 - 0x00007ffdc3c6e000 	C:\Windows\System32\msvcrt.dll
0x00007ffdc5470000 - 0x00007ffdc54c9000 	C:\Windows\System32\sechost.dll
0x00007ffdc3810000 - 0x00007ffdc3931000 	C:\Windows\System32\RPCRT4.dll
0x00007ffdc3c80000 - 0x00007ffdc3de5000 	C:\Windows\System32\USER32.dll
0x00007ffdc2db0000 - 0x00007ffdc2dce000 	C:\Windows\System32\win32u.dll
0x00007ffdc5900000 - 0x00007ffdc5934000 	C:\Windows\System32\GDI32.dll
0x00007ffdc2b30000 - 0x00007ffdc2cb2000 	C:\Windows\System32\gdi32full.dll
0x00007ffdbbc60000 - 0x00007ffdbbeda000 	C:\Windows\WinSxS\amd64_microsoft.windows.common-controls_6595b64144ccf1df_6.0.14393.953_none_42151e83c686086b\COMCTL32.dll
0x00007ffdc5600000 - 0x00007ffdc58c8000 	C:\Windows\System32\combase.dll
0x00007ffdc2dd0000 - 0x00007ffdc2ec5000 	C:\Windows\System32\ucrtbase.dll
0x00007ffdc2380000 - 0x00007ffdc23ea000 	C:\Windows\System32\bcryptPrimitives.dll
0x00007ffdc58d0000 - 0x00007ffdc58fe000 	C:\Windows\System32\IMM32.DLL
0x0000000062180000 - 0x0000000062252000 	C:\Program Files\Java\jdk1.8.0_111\jre\bin\msvcr100.dll
0x0000000062260000 - 0x0000000062afa000 	C:\Program Files\Java\jdk1.8.0_111\jre\bin\server\jvm.dll
0x00007ffdc3940000 - 0x00007ffdc3948000 	C:\Windows\System32\PSAPI.DLL
0x00007ffdc0220000 - 0x00007ffdc0243000 	C:\Windows\SYSTEM32\WINMM.dll
0x00007ffdb89e0000 - 0x00007ffdb89e9000 	C:\Windows\SYSTEM32\WSOCK32.dll
0x00007ffdc5580000 - 0x00007ffdc55ea000 	C:\Windows\System32\WS2_32.dll
0x00007ffdbd7c0000 - 0x00007ffdbd7ca000 	C:\Windows\SYSTEM32\VERSION.dll
0x00007ffdc00e0000 - 0x00007ffdc010b000 	C:\Windows\SYSTEM32\WINMMBASE.dll
0x00007ffdc2cc0000 - 0x00007ffdc2d02000 	C:\Windows\System32\cfgmgr32.dll
0x0000000062de0000 - 0x0000000062def000 	C:\Program Files\Java\jdk1.8.0_111\jre\bin\verify.dll
0x0000000062150000 - 0x0000000062179000 	C:\Program Files\Java\jdk1.8.0_111\jre\bin\java.dll
0x0000000062130000 - 0x0000000062146000 	C:\Program Files\Java\jdk1.8.0_111\jre\bin\zip.dll
0x00007ffdc3f60000 - 0x00007ffdc5469000 	C:\Windows\System32\SHELL32.dll
0x00007ffdc23f0000 - 0x00007ffdc2aca000 	C:\Windows\System32\windows.storage.dll
0x00007ffdc1dd0000 - 0x00007ffdc1e1c000 	C:\Windows\System32\powrprof.dll
0x00007ffdc2ed0000 - 0x00007ffdc2f22000 	C:\Windows\System32\shlwapi.dll
0x00007ffdc1e20000 - 0x00007ffdc1e2f000 	C:\Windows\System32\kernel.appcore.dll
0x00007ffdc22d0000 - 0x00007ffdc2379000 	C:\Windows\System32\shcore.dll
0x00007ffdc1db0000 - 0x00007ffdc1dc4000 	C:\Windows\System32\profapi.dll
0x0000000061f00000 - 0x0000000062098000 	C:\Program Files\Java\jdk1.8.0_111\jre\bin\awt.dll
0x00007ffdc3df0000 - 0x00007ffdc3eaf000 	C:\Windows\System32\OLEAUT32.dll
0x00007ffdc2d10000 - 0x00007ffdc2dac000 	C:\Windows\System32\msvcp_win.dll
0x00007ffdc0340000 - 0x00007ffdc03ba000 	C:\Windows\SYSTEM32\apphelp.dll
0x00007ffdc0520000 - 0x00007ffdc05b5000 	C:\Windows\system32\uxtheme.dll
0x00007ffdc2f30000 - 0x00007ffdc308a000 	C:\Windows\System32\MSCTF.dll
0x00007ffdbfbf0000 - 0x00007ffdbfc16000 	C:\Windows\system32\dwmapi.dll
0x00007ffdc35d0000 - 0x00007ffdc3707000 	C:\Windows\System32\ole32.dll
0x00007ffdbb4a0000 - 0x00007ffdbb62d000 	C:\Windows\system32\d3d9.dll
0x00007ffd9b9f0000 - 0x00007ffd9caa6000 	C:\Windows\SYSTEM32\nvd3dumx.dll
0x00007ffdbcd80000 - 0x00007ffdbceec000 	C:\Program Files (x86)\NVIDIA Corporation\3D Vision\nvSCPAPI64.dll
0x00007ffdc3130000 - 0x00007ffdc3559000 	C:\Windows\System32\SETUPAPI.dll
0x0000000061eb0000 - 0x0000000061ef7000 	C:\Program Files\Java\jdk1.8.0_111\jre\bin\fontmanager.dll
0x0000000062110000 - 0x000000006212a000 	C:\Program Files\Java\jdk1.8.0_111\jre\bin\net.dll
0x00007ffdc1670000 - 0x00007ffdc16cc000 	C:\Windows\system32\mswsock.dll
0x00000000620f0000 - 0x0000000062101000 	C:\Program Files\Java\jdk1.8.0_111\jre\bin\nio.dll
0x0000000061e60000 - 0x0000000061ea2000 	C:\Program Files\Java\jdk1.8.0_111\jre\bin\t2k.dll
0x00007ffdb5590000 - 0x00007ffdb5722000 	C:\Windows\SYSTEM32\dbghelp.dll

VM Arguments:
jvm_args: -Dfile.encoding=UTF-8 
java_command: kr.or.dgit.donghun2.Main.MainFrame
java_class_path (initial): D:\workspace_mybatis\donghun2\bin;C:\Users\SDH\.gradle\caches\modules-2\files-2.1\org.mybatis\mybatis\3.4.2\2b9a5082fe0bdb3128bab8b4b19b23ca0f3d9b38\mybatis-3.4.2.jar;C:\Users\SDH\.gradle\caches\modules-2\files-2.1\log4j\log4j\1.2.17\5af35056b4d257e4b64b9e8069c0746e8b08629f\log4j-1.2.17.jar;C:\Users\SDH\.gradle\caches\modules-2\files-2.1\mysql\mysql-connector-java\5.1.41\b0878056f15616989144d6114d36d3942321d0d1\mysql-connector-java-5.1.41.jar;C:\Users\SDH\.gradle\caches\modules-2\files-2.1\junit\junit\4.12\2973d150c0dc1fefe998f834810d68f278ea58ec\junit-4.12.jar;C:\Users\SDH\.gradle\caches\modules-2\files-2.1\org.hamcrest\hamcrest-core\1.3\42a25dc3219429f0e5d060061f71acb49bf010a0\hamcrest-core-1.3.jar;D:\workspace_mybatis\donghun2\src\main\resources\erp_myframework.jar;D:\workspace_mybatis\donghun2\lib\idw-gpl.jar;D:\workspace_mybatis\donghun2\lib\JTattoo.jar;D:\workspace_mybatis\donghun2\lib\liquidlnf.jar;D:\workspace_mybatis\donghun2\lib\quaqua.jar;D:\workspace_mybatis\donghun2\jdatepicker-1.3.4.jar
Launcher Type: SUN_STANDARD

Environment Variables:
JAVA_HOME=C:\Program Files\Java\jdk1.8.0_111
PATH=C:/Program Files/Java/jdk1.8.0_111/bin/../jre/bin/server;C:/Program Files/Java/jdk1.8.0_111/bin/../jre/bin;C:/Program Files/Java/jdk1.8.0_111/bin/../jre/lib/amd64;C:\Program Files\Java\jdk1.8.0_111\bin;C:\ProgramData\Oracle\Java\javapath;C:\Program Files (x86)\NVIDIA Corporation\PhysX\Common;C:\Windows\system32;C:\Windows;C:\Windows\System32\Wbem;C:\Windows\System32\WindowsPowerShell\v1.0\;C:\Program Files\MySQL\MySQL Server 5.6\bin;C:\Program Files\Git\cmd;D:\gradle-3.4.1\bin;C:\Users\SDH\AppData\Local\Microsoft\WindowsApps;C:\Program Files\Bandizip\7z;D:\program\eclipse_java\eclipse;
USERNAME=SDH
OS=Windows_NT
PROCESSOR_IDENTIFIER=Intel64 Family 6 Model 23 Stepping 10, GenuineIntel



---------------  S Y S T E M  ---------------

OS: Windows 10.0 , 64 bit Build 14393 (10.0.14393.0)

CPU:total 4 (4 cores per cpu, 1 threads per core) family 6 model 23 stepping 10, cmov, cx8, fxsr, mmx, sse, sse2, sse3, ssse3, sse4.1, tsc

Memory: 4k page, physical 4192492k(940192k free), swap 9697516k(3058788k free)

vm_info: Java HotSpot(TM) 64-Bit Server VM (25.111-b14) for windows-amd64 JRE (1.8.0_111-b14), built on Sep 22 2016 19:24:05 by "java_re" with MS VC++ 10.0 (VS2010)

time: Mon Apr 03 12:16:59 2017
elapsed time: 1 seconds (0d 0h 0m 1s)

