#
# A fatal error has been detected by the Java Runtime Environment:
#
#  EXCEPTION_ACCESS_VIOLATION (0xc0000005) at pc=0xffffffffa3d85120, pid=8108, tid=0x000000000000216c
#
# JRE version: Java(TM) SE Runtime Environment (8.0_111-b14) (build 1.8.0_111-b14)
# Java VM: Java HotSpot(TM) 64-Bit Server VM (25.111-b14 mixed mode windows-amd64 compressed oops)
# Problematic frame:
# C  0xffffffffa3d85120
#
# Failed to write core dump. Minidumps are not enabled by default on client versions of Windows
#
# If you would like to submit a bug report, please visit:
#   http://bugreport.java.com/bugreport/crash.jsp
#

---------------  T H R E A D  ---------------

Current thread (0x0000000017a8b800):  JavaThread "AWT-EventQueue-0" [_thread_in_Java, id=8556, stack(0x00000000185d0000,0x00000000186d0000)]

siginfo: ExceptionCode=0xc0000005, ExceptionInformation=0x0000000000000008 0xffffffffa3d85120

Registers:
RAX=0x000000001af91908, RBX=0x0000000000003230, RCX=0x00000000eb204238, RDX=0x00000000eb204238
RSP=0x00000000186cd138, RBP=0x00000000186cd250, RSI=0x00000000ebb20618, RDI=0x00000000eb204238
R8 =0x00000000ebb20618, R9 =0x00000000eb3161f0, R10=0x0000000077cac0c0, R11=0x00000000031f3560
R12=0x0000000000000000, R13=0x00000000186cd1f8, R14=0x0000000000000000, R15=0x0000000017a8b800
RIP=0xffffffffa3d85120, EFLAGS=0x0000000000010216

Top of Stack: (sp=0x00000000186cd138)
0x00000000186cd138:   00000000031f3654 00000000eb316338
0x00000000186cd148:   00000000eb338da0 00000060186cd250
0x00000000186cd158:   0000000003202bf4 00000000186cd320
0x00000000186cd168:   00000000031d237c 0000000000000001
0x00000000186cd178:   00000000ebb99ef8 000000fa186cd250
0x00000000186cd188:   0000000003167dc4 000000030000045b
0x00000000186cd198:   00000000eb316150 0000000000000001
0x00000000186cd1a8:   00000000eb316150 00000000eb204238
0x00000000186cd1b8:   00000000ebb20618 00000000186cd320
0x00000000186cd1c8:   00000000031f6de4 00000000eb204238
0x00000000186cd1d8:   00000000eb338da0 00000000186cd250
0x00000000186cd1e8:   0000000002d87ab0 0000000002d87ab0
0x00000000186cd1f8:   00000000ebb20618 00000000eb204238
0x00000000186cd208:   00000000eb204208 00000000186cd210
0x00000000186cd218:   000000001af7e831 00000000186cd270
0x00000000186cd228:   000000001af90428 0000000000000000 

Instructions: (pc=0xffffffffa3d85120)
0xffffffffa3d85100:   
[error occurred during error reporting (printing registers, top of stack, instructions near pc), id 0xc0000005]

Register to memory mapping:

RAX={method} {0x000000001af91910} 'getString' '(Ljava/lang/String;)S' in 'sun/misc/ProxyGenerator$ConstantPool'
RBX=0x0000000000003230 is an unknown value
RCX=0x00000000eb204238 is an oop
sun.misc.ProxyGenerator$ConstantPool 
 - klass: 'sun/misc/ProxyGenerator$ConstantPool'
RDX=0x00000000eb204238 is an oop
sun.misc.ProxyGenerator$ConstantPool 
 - klass: 'sun/misc/ProxyGenerator$ConstantPool'
RSP=0x00000000186cd138 is pointing into the stack for thread: 0x0000000017a8b800
RBP=0x00000000186cd250 is pointing into the stack for thread: 0x0000000017a8b800
RSI=0x00000000ebb20618 is an oop
java.lang.String 
 - klass: 'java/lang/String'
RDI=0x00000000eb204238 is an oop
sun.misc.ProxyGenerator$ConstantPool 
 - klass: 'sun/misc/ProxyGenerator$ConstantPool'
R8 =0x00000000ebb20618 is an oop
java.lang.String 
 - klass: 'java/lang/String'
R9 =0x00000000eb3161f0 is an oop
java.io.DataOutputStream 
 - klass: 'java/io/DataOutputStream'
R10=0x0000000077cac0c0 is an unknown value
R11=0x00000000031f3560 is at entry_point+32 in (nmethod*)0x00000000031f3390
R12=0x0000000000000000 is an unknown value
R13=0x00000000186cd1f8 is pointing into the stack for thread: 0x0000000017a8b800
R14=0x0000000000000000 is an unknown value
R15=0x0000000017a8b800 is a thread


Stack: [0x00000000185d0000,0x00000000186d0000],  sp=0x00000000186cd138,  free space=1012k
Native frames: (J=compiled Java code, j=interpreted, Vv=VM code, C=native code)
C  0xffffffffa3d85120


---------------  P R O C E S S  ---------------

Java Threads: ( => current thread )
  0x0000000017e28000 JavaThread "Abandoned connection cleanup thread" daemon [_thread_blocked, id=6824, stack(0x0000000019a40000,0x0000000019b40000)]
  0x0000000002c7d800 JavaThread "DestroyJavaVM" [_thread_blocked, id=10956, stack(0x0000000002b40000,0x0000000002c40000)]
=>0x0000000017a8b800 JavaThread "AWT-EventQueue-0" [_thread_in_Java, id=8556, stack(0x00000000185d0000,0x00000000186d0000)]
  0x0000000017a86000 JavaThread "AWT-Windows" daemon [_thread_in_native, id=10332, stack(0x00000000183d0000,0x00000000184d0000)]
  0x0000000017a84800 JavaThread "AWT-Shutdown" [_thread_blocked, id=6656, stack(0x00000000182d0000,0x00000000183d0000)]
  0x0000000017a80000 JavaThread "Java2D Disposer" daemon [_thread_blocked, id=8912, stack(0x00000000181d0000,0x00000000182d0000)]
  0x00000000154ae800 JavaThread "Service Thread" daemon [_thread_blocked, id=9672, stack(0x0000000017430000,0x0000000017530000)]
  0x000000001549d000 JavaThread "C1 CompilerThread2" daemon [_thread_blocked, id=10992, stack(0x0000000017330000,0x0000000017430000)]
  0x000000001549a000 JavaThread "C2 CompilerThread1" daemon [_thread_blocked, id=9088, stack(0x0000000017230000,0x0000000017330000)]
  0x000000001548f800 JavaThread "C2 CompilerThread0" daemon [_thread_blocked, id=2740, stack(0x0000000017130000,0x0000000017230000)]
  0x0000000015480000 JavaThread "JDWP Command Reader" daemon [_thread_in_native, id=9116, stack(0x0000000017030000,0x0000000017130000)]
  0x000000001547f000 JavaThread "JDWP Event Helper Thread" daemon [_thread_blocked, id=9692, stack(0x0000000016f30000,0x0000000017030000)]
  0x000000001547a800 JavaThread "JDWP Transport Listener: dt_socket" daemon [_thread_blocked, id=8256, stack(0x0000000016e30000,0x0000000016f30000)]
  0x0000000015468000 JavaThread "Attach Listener" daemon [_thread_blocked, id=2276, stack(0x0000000016d30000,0x0000000016e30000)]
  0x0000000016873800 JavaThread "Signal Dispatcher" daemon [_thread_blocked, id=8664, stack(0x0000000016c30000,0x0000000016d30000)]
  0x000000001543a800 JavaThread "Finalizer" daemon [_thread_blocked, id=7224, stack(0x00000000166b0000,0x00000000167b0000)]
  0x0000000002d70800 JavaThread "Reference Handler" daemon [_thread_blocked, id=5516, stack(0x00000000165b0000,0x00000000166b0000)]

Other Threads:
  0x0000000015417800 VMThread [stack: 0x00000000164b0000,0x00000000165b0000] [id=4556]
  0x000000001692b000 WatcherThread [stack: 0x0000000017530000,0x0000000017630000] [id=11124]

VM state:not at safepoint (normal execution)

VM Mutex/Monitor currently owned by a thread: None

Heap:
 PSYoungGen      total 18944K, used 11102K [0x00000000eab00000, 0x00000000ed000000, 0x0000000100000000)
  eden space 16384K, 52% used [0x00000000eab00000,0x00000000eb35a9f0,0x00000000ebb00000)
  from space 2560K, 99% used [0x00000000ebb00000,0x00000000ebd7d108,0x00000000ebd80000)
  to   space 2560K, 0% used [0x00000000ecd80000,0x00000000ecd80000,0x00000000ed000000)
 ParOldGen       total 44032K, used 2404K [0x00000000c0000000, 0x00000000c2b00000, 0x00000000eab00000)
  object space 44032K, 5% used [0x00000000c0000000,0x00000000c0259150,0x00000000c2b00000)
 Metaspace       used 17525K, capacity 17728K, committed 17920K, reserved 1064960K
  class space    used 2192K, capacity 2279K, committed 2304K, reserved 1048576K

Card table byte_map: [0x0000000012140000,0x0000000012350000] byte_map_base: 0x0000000011b40000

Marking Bits: (ParMarkBitMap*) 0x0000000077cca6c0
 Begin Bits: [0x00000000128b0000, 0x00000000138b0000)
 End Bits:   [0x00000000138b0000, 0x00000000148b0000)

Polling page: 0x0000000000e80000

CodeCache: size=245760Kb used=4623Kb max_used=4638Kb free=241136Kb
 bounds [0x0000000002d80000, 0x0000000003210000, 0x0000000011d80000]
 total_blobs=1757 nmethods=1273 adapters=406
 compilation: enabled

Compilation events (10 events):
Event: 2.248 Thread 0x000000001549d000 1267       3       sun.misc.ProxyGenerator$ProxyMethod::codeWrapArgument (171 bytes)
Event: 2.251 Thread 0x000000001549d000 nmethod 1267 0x00000000031fcdd0 code [0x00000000031fd1e0, 0x00000000031ff188]
Event: 2.251 Thread 0x000000001549a000 nmethod 1258 0x0000000003200bd0 code [0x0000000003200d60, 0x00000000032019b8]
Event: 2.251 Thread 0x000000001549d000 1269       3       sun.misc.ProxyGenerator$ConstantPool::getString (21 bytes)
Event: 2.251 Thread 0x000000001549a000 1264       4       sun.misc.ProxyGenerator$ConstantPool::getUtf8 (18 bytes)
Event: 2.252 Thread 0x000000001549d000 nmethod 1269 0x00000000031f3390 code [0x00000000031f3540, 0x00000000031f3a68]
Event: 2.252 Thread 0x000000001549d000 1270       3       sun.misc.ProxyGenerator::code_ldc (64 bytes)
Event: 2.253 Thread 0x000000001549d000 nmethod 1270 0x0000000003202090 code [0x00000000032022a0, 0x0000000003202ee8]
Event: 2.253 Thread 0x000000001549d000 1271       3       java.io.ByteArrayOutputStream::grow (43 bytes)
Event: 2.253 Thread 0x000000001548f800 nmethod 1257 0x0000000003203390 code [0x0000000003203540, 0x0000000003203d18]

GC Heap History (6 events):
Event: 1.170 GC heap before
{Heap before GC invocations=1 (full 0):
 PSYoungGen      total 18944K, used 16384K [0x00000000eab00000, 0x00000000ec000000, 0x0000000100000000)
  eden space 16384K, 100% used [0x00000000eab00000,0x00000000ebb00000,0x00000000ebb00000)
  from space 2560K, 0% used [0x00000000ebd80000,0x00000000ebd80000,0x00000000ec000000)
  to   space 2560K, 0% used [0x00000000ebb00000,0x00000000ebb00000,0x00000000ebd80000)
 ParOldGen       total 44032K, used 0K [0x00000000c0000000, 0x00000000c2b00000, 0x00000000eab00000)
  object space 44032K, 0% used [0x00000000c0000000,0x00000000c0000000,0x00000000c2b00000)
 Metaspace       used 13170K, capacity 13370K, committed 13696K, reserved 1060864K
  class space    used 1747K, capacity 1830K, committed 1920K, reserved 1048576K
Event: 1.180 GC heap after
Heap after GC invocations=1 (full 0):
 PSYoungGen      total 18944K, used 2551K [0x00000000eab00000, 0x00000000ec000000, 0x0000000100000000)
  eden space 16384K, 0% used [0x00000000eab00000,0x00000000eab00000,0x00000000ebb00000)
  from space 2560K, 99% used [0x00000000ebb00000,0x00000000ebd7df90,0x00000000ebd80000)
  to   space 2560K, 0% used [0x00000000ebd80000,0x00000000ebd80000,0x00000000ec000000)
 ParOldGen       total 44032K, used 918K [0x00000000c0000000, 0x00000000c2b00000, 0x00000000eab00000)
  object space 44032K, 2% used [0x00000000c0000000,0x00000000c00e5ac8,0x00000000c2b00000)
 Metaspace       used 13170K, capacity 13370K, committed 13696K, reserved 1060864K
  class space    used 1747K, capacity 1830K, committed 1920K, reserved 1048576K
}
Event: 1.534 GC heap before
{Heap before GC invocations=2 (full 0):
 PSYoungGen      total 18944K, used 18935K [0x00000000eab00000, 0x00000000ec000000, 0x0000000100000000)
  eden space 16384K, 99% used [0x00000000eab00000,0x00000000ebaffe58,0x00000000ebb00000)
  from space 2560K, 99% used [0x00000000ebb00000,0x00000000ebd7df90,0x00000000ebd80000)
  to   space 2560K, 0% used [0x00000000ebd80000,0x00000000ebd80000,0x00000000ec000000)
 ParOldGen       total 44032K, used 918K [0x00000000c0000000, 0x00000000c2b00000, 0x00000000eab00000)
  object space 44032K, 2% used [0x00000000c0000000,0x00000000c00e5ac8,0x00000000c2b00000)
 Metaspace       used 14196K, capacity 14368K, committed 14592K, reserved 1062912K
  class space    used 1862K, capacity 1927K, committed 2048K, reserved 1048576K
Event: 1.544 GC heap after
Heap after GC invocations=2 (full 0):
 PSYoungGen      total 18944K, used 2549K [0x00000000eab00000, 0x00000000ed000000, 0x0000000100000000)
  eden space 16384K, 0% used [0x00000000eab00000,0x00000000eab00000,0x00000000ebb00000)
  from space 2560K, 99% used [0x00000000ebd80000,0x00000000ebffd770,0x00000000ec000000)
  to   space 2560K, 0% used [0x00000000ebb00000,0x00000000ebb00000,0x00000000ebd80000)
 ParOldGen       total 44032K, used 1950K [0x00000000c0000000, 0x00000000c2b00000, 0x00000000eab00000)
  object space 44032K, 4% used [0x00000000c0000000,0x00000000c01e7b70,0x00000000c2b00000)
 Metaspace       used 14196K, capacity 14368K, committed 14592K, reserved 1062912K
  class space    used 1862K, capacity 1927K, committed 2048K, reserved 1048576K
}
Event: 1.736 GC heap before
{Heap before GC invocations=3 (full 0):
 PSYoungGen      total 18944K, used 18933K [0x00000000eab00000, 0x00000000ed000000, 0x0000000100000000)
  eden space 16384K, 100% used [0x00000000eab00000,0x00000000ebb00000,0x00000000ebb00000)
  from space 2560K, 99% used [0x00000000ebd80000,0x00000000ebffd770,0x00000000ec000000)
  to   space 2560K, 0% used [0x00000000ebb00000,0x00000000ebb00000,0x00000000ebd80000)
 ParOldGen       total 44032K, used 1950K [0x00000000c0000000, 0x00000000c2b00000, 0x00000000eab00000)
  object space 44032K, 4% used [0x00000000c0000000,0x00000000c01e7b70,0x00000000c2b00000)
 Metaspace       used 14658K, capacity 14880K, committed 15104K, reserved 1062912K
  class space    used 1897K, capacity 1991K, committed 2048K, reserved 1048576K
Event: 1.746 GC heap after
Heap after GC invocations=3 (full 0):
 PSYoungGen      total 18944K, used 2548K [0x00000000eab00000, 0x00000000ed000000, 0x0000000100000000)
  eden space 16384K, 0% used [0x00000000eab00000,0x00000000eab00000,0x00000000ebb00000)
  from space 2560K, 99% used [0x00000000ebb00000,0x00000000ebd7d108,0x00000000ebd80000)
  to   space 2560K, 0% used [0x00000000ecd80000,0x00000000ecd80000,0x00000000ed000000)
 ParOldGen       total 44032K, used 2404K [0x00000000c0000000, 0x00000000c2b00000, 0x00000000eab00000)
  object space 44032K, 5% used [0x00000000c0000000,0x00000000c0259150,0x00000000c2b00000)
 Metaspace       used 14658K, capacity 14880K, committed 15104K, reserved 1062912K
  class space    used 1897K, capacity 1991K, committed 2048K, reserved 1048576K
}

Deoptimization events (10 events):
Event: 1.701 Thread 0x0000000017a8b800 Uncommon trap: reason=bimorphic action=maybe_recompile pc=0x000000000310896c method=java.util.HashMap.putVal(ILjava/lang/Object;Ljava/lang/Object;ZZ)Ljava/lang/Object; @ 91
Event: 1.701 Thread 0x0000000017a8b800 Uncommon trap: reason=bimorphic action=maybe_recompile pc=0x000000000310896c method=java.util.HashMap.putVal(ILjava/lang/Object;Ljava/lang/Object;ZZ)Ljava/lang/Object; @ 91
Event: 1.715 Thread 0x0000000017a8b800 Uncommon trap: reason=range_check action=none pc=0x000000000303201c method=sun.reflect.generics.parser.SignatureParser.current()C @ 34
Event: 1.715 Thread 0x0000000017a8b800 Uncommon trap: reason=range_check action=none pc=0x000000000303201c method=sun.reflect.generics.parser.SignatureParser.current()C @ 34
Event: 1.987 Thread 0x0000000017a8b800 Uncommon trap: reason=predicate action=maybe_recompile pc=0x00000000031a1f04 method=sun.net.www.ParseUtil.encodePath(Ljava/lang/String;Z)Ljava/lang/String; @ 36
Event: 2.180 Thread 0x0000000017a8b800 Uncommon trap: reason=unstable_if action=reinterpret pc=0x0000000003063298 method=sun.nio.cs.UTF_8$Decoder.decodeArrayLoop(Ljava/nio/ByteBuffer;Ljava/nio/CharBuffer;)Ljava/nio/charset/CoderResult; @ 220
Event: 2.187 Thread 0x0000000017a8b800 Uncommon trap: reason=class_check action=maybe_recompile pc=0x0000000003175638 method=java.util.HashMap.putVal(ILjava/lang/Object;Ljava/lang/Object;ZZ)Ljava/lang/Object; @ 203
Event: 2.187 Thread 0x0000000017a8b800 Uncommon trap: reason=class_check action=maybe_recompile pc=0x0000000003175638 method=java.util.HashMap.putVal(ILjava/lang/Object;Ljava/lang/Object;ZZ)Ljava/lang/Object; @ 203
Event: 2.187 Thread 0x0000000017a8b800 Uncommon trap: reason=class_check action=maybe_recompile pc=0x0000000003175638 method=java.util.HashMap.putVal(ILjava/lang/Object;Ljava/lang/Object;ZZ)Ljava/lang/Object; @ 203
Event: 2.188 Thread 0x0000000017a8b800 Uncommon trap: reason=class_check action=maybe_recompile pc=0x0000000003175638 method=java.util.HashMap.putVal(ILjava/lang/Object;Ljava/lang/Object;ZZ)Ljava/lang/Object; @ 203

Internal exceptions (10 events):
Event: 1.211 Thread 0x0000000017a8b800 Exception <a 'java/lang/ArrayIndexOutOfBoundsException': 22> (0x00000000eabcea38) thrown at [C:\re\workspace\8-2-build-windows-amd64-cygwin\jdk8u111\7883\hotspot\src\share\vm\interpreter\interpreterRuntime.cpp, line 366]
Event: 1.211 Thread 0x0000000017a8b800 Exception <a 'java/lang/ArrayIndexOutOfBoundsException': 6> (0x00000000eabcf580) thrown at [C:\re\workspace\8-2-build-windows-amd64-cygwin\jdk8u111\7883\hotspot\src\share\vm\interpreter\interpreterRuntime.cpp, line 366]
Event: 1.211 Thread 0x0000000017a8b800 Exception <a 'java/lang/ArrayIndexOutOfBoundsException': 23> (0x00000000eabcff58) thrown at [C:\re\workspace\8-2-build-windows-amd64-cygwin\jdk8u111\7883\hotspot\src\share\vm\interpreter\interpreterRuntime.cpp, line 366]
Event: 1.211 Thread 0x0000000017a8b800 Exception <a 'java/lang/ArrayIndexOutOfBoundsException': 22> (0x00000000eabd0c88) thrown at [C:\re\workspace\8-2-build-windows-amd64-cygwin\jdk8u111\7883\hotspot\src\share\vm\interpreter\interpreterRuntime.cpp, line 366]
Event: 1.211 Thread 0x0000000017a8b800 Exception <a 'java/lang/ArrayIndexOutOfBoundsException': 105> (0x00000000eabd2480) thrown at [C:\re\workspace\8-2-build-windows-amd64-cygwin\jdk8u111\7883\hotspot\src\share\vm\interpreter\interpreterRuntime.cpp, line 366]
Event: 1.211 Thread 0x0000000017a8b800 Exception <a 'java/lang/ArrayIndexOutOfBoundsException': 60> (0x00000000eabd3790) thrown at [C:\re\workspace\8-2-build-windows-amd64-cygwin\jdk8u111\7883\hotspot\src\share\vm\interpreter\interpreterRuntime.cpp, line 366]
Event: 1.215 Thread 0x0000000017a8b800 Exception <a 'java/lang/ArrayIndexOutOfBoundsException': 40> (0x00000000eabf5b78) thrown at [C:\re\workspace\8-2-build-windows-amd64-cygwin\jdk8u111\7883\hotspot\src\share\vm\interpreter\interpreterRuntime.cpp, line 366]
Event: 1.215 Thread 0x0000000017a8b800 Exception <a 'java/lang/ArrayIndexOutOfBoundsException': 52> (0x00000000eabf6a20) thrown at [C:\re\workspace\8-2-build-windows-amd64-cygwin\jdk8u111\7883\hotspot\src\share\vm\interpreter\interpreterRuntime.cpp, line 366]
Event: 1.715 Thread 0x0000000017a8b800 Exception <a 'java/lang/ArrayIndexOutOfBoundsException': 54> (0x00000000eba761d8) thrown at [C:\re\workspace\8-2-build-windows-amd64-cygwin\jdk8u111\7883\hotspot\src\share\vm\interpreter\interpreterRuntime.cpp, line 366]
Event: 1.715 Thread 0x0000000017a8b800 Exception <a 'java/lang/ArrayIndexOutOfBoundsException': 67> (0x00000000eba77408) thrown at [C:\re\workspace\8-2-build-windows-amd64-cygwin\jdk8u111\7883\hotspot\src\share\vm\interpreter\interpreterRuntime.cpp, line 366]

Events (10 events):
Event: 2.228 Thread 0x0000000017a8b800 DEOPT PACKING pc=0x0000000002efa31c sp=0x00000000186cc370
Event: 2.228 Thread 0x0000000017a8b800 DEOPT UNPACKING pc=0x0000000002dc71bf sp=0x00000000186cc190 mode 1
Event: 2.228 Thread 0x0000000017a8b800 DEOPT PACKING pc=0x0000000002efa0b4 sp=0x00000000186cc500
Event: 2.228 Thread 0x0000000017a8b800 DEOPT UNPACKING pc=0x0000000002dc71bf sp=0x00000000186cc320 mode 1
Event: 2.230 loading class java/lang/reflect/Proxy$Key2
Event: 2.230 loading class java/lang/reflect/Proxy$Key2 done
Event: 2.230 loading class java/sql/Ref
Event: 2.230 loading class java/sql/Ref done
Event: 2.230 loading class java/sql/RowId
Event: 2.230 loading class java/sql/RowId done


Dynamic libraries:
0x00007ff6ed100000 - 0x00007ff6ed137000 	C:\Program Files\Java\jre1.8.0_111\bin\javaw.exe
0x00007ff92dde0000 - 0x00007ff92dfb1000 	C:\Windows\SYSTEM32\ntdll.dll
0x00007ff92d900000 - 0x00007ff92d9ab000 	C:\Windows\System32\KERNEL32.DLL
0x00007ff92a330000 - 0x00007ff92a54d000 	C:\Windows\System32\KERNELBASE.dll
0x00007ff92bb90000 - 0x00007ff92bc32000 	C:\Windows\System32\ADVAPI32.dll
0x00007ff92b6c0000 - 0x00007ff92b75e000 	C:\Windows\System32\msvcrt.dll
0x00007ff92bc40000 - 0x00007ff92bc99000 	C:\Windows\System32\sechost.dll
0x00007ff92daf0000 - 0x00007ff92dc11000 	C:\Windows\System32\RPCRT4.dll
0x00007ff92b4f0000 - 0x00007ff92b655000 	C:\Windows\System32\USER32.dll
0x00007ff92aa00000 - 0x00007ff92aa1e000 	C:\Windows\System32\win32u.dll
0x00007ff92b680000 - 0x00007ff92b6b4000 	C:\Windows\System32\GDI32.dll
0x00007ff92a5a0000 - 0x00007ff92a722000 	C:\Windows\System32\gdi32full.dll
0x00007ff923f90000 - 0x00007ff92420a000 	C:\Windows\WinSxS\amd64_microsoft.windows.common-controls_6595b64144ccf1df_6.0.14393.953_none_42151e83c686086b\COMCTL32.dll
0x00007ff92d3c0000 - 0x00007ff92d688000 	C:\Windows\System32\combase.dll
0x00007ff92a900000 - 0x00007ff92a9f5000 	C:\Windows\System32\ucrtbase.dll
0x00007ff92b250000 - 0x00007ff92b2ba000 	C:\Windows\System32\bcryptPrimitives.dll
0x00007ff92bda0000 - 0x00007ff92bdce000 	C:\Windows\System32\IMM32.DLL
0x0000000050f10000 - 0x0000000050fe2000 	C:\Program Files\Java\jre1.8.0_111\bin\msvcr100.dll
0x00000000774b0000 - 0x0000000077d4a000 	C:\Program Files\Java\jre1.8.0_111\bin\server\jvm.dll
0x00007ff92bde0000 - 0x00007ff92bde8000 	C:\Windows\System32\PSAPI.DLL
0x00007ff923990000 - 0x00007ff923999000 	C:\Windows\SYSTEM32\WSOCK32.dll
0x00007ff925d30000 - 0x00007ff925d3a000 	C:\Windows\SYSTEM32\VERSION.dll
0x00007ff92d690000 - 0x00007ff92d6fa000 	C:\Windows\System32\WS2_32.dll
0x00007ff9286c0000 - 0x00007ff9286e3000 	C:\Windows\SYSTEM32\WINMM.dll
0x00007ff928550000 - 0x00007ff92857b000 	C:\Windows\SYSTEM32\WINMMBASE.dll
0x00007ff92a550000 - 0x00007ff92a592000 	C:\Windows\System32\cfgmgr32.dll
0x0000000051320000 - 0x000000005132f000 	C:\Program Files\Java\jre1.8.0_111\bin\verify.dll
0x00000000512f0000 - 0x0000000051319000 	C:\Program Files\Java\jre1.8.0_111\bin\java.dll
0x0000000050ed0000 - 0x0000000050f05000 	C:\Program Files\Java\jre1.8.0_111\bin\jdwp.dll
0x0000000050ec0000 - 0x0000000050ec8000 	C:\Program Files\Java\jre1.8.0_111\bin\npt.dll
0x00000000512d0000 - 0x00000000512e6000 	C:\Program Files\Java\jre1.8.0_111\bin\zip.dll
0x00007ff92bdf0000 - 0x00007ff92d2f9000 	C:\Windows\System32\SHELL32.dll
0x00007ff92ab70000 - 0x00007ff92b24a000 	C:\Windows\System32\windows.storage.dll
0x00007ff92a280000 - 0x00007ff92a2cc000 	C:\Windows\System32\powrprof.dll
0x00007ff92dc20000 - 0x00007ff92dc72000 	C:\Windows\System32\shlwapi.dll
0x00007ff92a240000 - 0x00007ff92a24f000 	C:\Windows\System32\kernel.appcore.dll
0x00007ff92b2c0000 - 0x00007ff92b369000 	C:\Windows\System32\shcore.dll
0x00007ff92a260000 - 0x00007ff92a274000 	C:\Windows\System32\profapi.dll
0x0000000050eb0000 - 0x0000000050eb9000 	C:\Program Files\Java\jre1.8.0_111\bin\dt_socket.dll
0x00007ff91b2a0000 - 0x00007ff91b2b6000 	C:\Windows\system32\napinsp.dll
0x00007ff91b300000 - 0x00007ff91b31a000 	C:\Windows\system32\pnrpnsp.dll
0x00007ff927cc0000 - 0x00007ff927cd8000 	C:\Windows\system32\NLAapi.dll
0x00007ff929b10000 - 0x00007ff929b6c000 	C:\Windows\System32\mswsock.dll
0x00007ff9298d0000 - 0x00007ff929971000 	C:\Windows\SYSTEM32\DNSAPI.dll
0x00007ff92b370000 - 0x00007ff92b378000 	C:\Windows\System32\NSI.dll
0x00007ff929890000 - 0x00007ff9298c8000 	C:\Windows\SYSTEM32\IPHLPAPI.DLL
0x00007ff91b320000 - 0x00007ff91b32e000 	C:\Windows\System32\winrnr.dll
0x00007ff924360000 - 0x00007ff9243ca000 	C:\Windows\System32\fwpuclnt.dll
0x00007ff92a180000 - 0x00007ff92a1ab000 	C:\Windows\SYSTEM32\bcrypt.dll
0x00007ff921c00000 - 0x00007ff921c0a000 	C:\Windows\System32\rasadhlp.dll
0x0000000051090000 - 0x0000000051228000 	C:\Program Files\Java\jre1.8.0_111\bin\awt.dll
0x00007ff92d300000 - 0x00007ff92d3bf000 	C:\Windows\System32\OLEAUT32.dll
0x00007ff92aad0000 - 0x00007ff92ab6c000 	C:\Windows\System32\msvcp_win.dll
0x00007ff9287f0000 - 0x00007ff92886a000 	C:\Windows\SYSTEM32\apphelp.dll
0x00007ff9289c0000 - 0x00007ff928a55000 	C:\Windows\system32\uxtheme.dll
0x00007ff92dc80000 - 0x00007ff92ddda000 	C:\Windows\System32\MSCTF.dll
0x00007ff928090000 - 0x00007ff9280b6000 	C:\Windows\system32\dwmapi.dll
0x00007ff92d9b0000 - 0x00007ff92dae7000 	C:\Windows\System32\ole32.dll
0x00007ff90e720000 - 0x00007ff90e8ad000 	C:\Windows\system32\d3d9.dll
0x00007ff906ef0000 - 0x00007ff907fa6000 	C:\Windows\SYSTEM32\nvd3dumx.dll
0x00007ff925350000 - 0x00007ff9254bc000 	C:\Program Files (x86)\NVIDIA Corporation\3D Vision\nvSCPAPI64.dll
0x00007ff92b760000 - 0x00007ff92bb89000 	C:\Windows\System32\SETUPAPI.dll
0x00000000512b0000 - 0x00000000512ca000 	C:\Program Files\Java\jre1.8.0_111\bin\net.dll
0x00007ff91f140000 - 0x00007ff91f2d2000 	C:\Windows\SYSTEM32\dbghelp.dll

VM Arguments:
jvm_args: -agentlib:jdwp=transport=dt_socket,suspend=y,address=localhost:64471 -Dfile.encoding=UTF-8 
java_command: kr.or.dgit.donghun2.view.SellInfoViewA
java_class_path (initial): D:\workspace_mybatis\donghun2\bin;C:\Users\JSE\.gradle\caches\modules-2\files-2.1\org.mybatis\mybatis\3.4.2\2b9a5082fe0bdb3128bab8b4b19b23ca0f3d9b38\mybatis-3.4.2.jar;C:\Users\JSE\.gradle\caches\modules-2\files-2.1\log4j\log4j\1.2.17\5af35056b4d257e4b64b9e8069c0746e8b08629f\log4j-1.2.17.jar;C:\Users\JSE\.gradle\caches\modules-2\files-2.1\mysql\mysql-connector-java\5.1.41\b0878056f15616989144d6114d36d3942321d0d1\mysql-connector-java-5.1.41.jar;C:\Users\JSE\.gradle\caches\modules-2\files-2.1\junit\junit\4.12\2973d150c0dc1fefe998f834810d68f278ea58ec\junit-4.12.jar;C:\Users\JSE\.gradle\caches\modules-2\files-2.1\org.hamcrest\hamcrest-core\1.3\42a25dc3219429f0e5d060061f71acb49bf010a0\hamcrest-core-1.3.jar;D:\workspace_mybatis\donghun2\src\main\resources\erp_myframework.jar
Launcher Type: SUN_STANDARD

Environment Variables:
JAVA_HOME=C:\Program Files\Java\jdk1.8.0_111
PATH=C:/Program Files/Java/jre1.8.0_111/bin/server;C:/Program Files/Java/jre1.8.0_111/bin;C:/Program Files/Java/jre1.8.0_111/lib/amd64;C:\ProgramData\Oracle\Java\javapath;C:\Program Files (x86)\NVIDIA Corporation\PhysX\Common;C:\Windows\system32;C:\Windows;C:\Windows\System32\Wbem;C:\Windows\System32\WindowsPowerShell\v1.0\;C:\Program Files\Java\jdk1.8.0_111\bin;C:\Program Files\MySQL\MySQL Server 5.6\bin;C:\Program Files\Git\cmd;D:\gradle-3.4.1\bin;C:\Users\JSE\AppData\Local\Microsoft\WindowsApps;;C:\Program Files\eclipse_java;
USERNAME=JSE
OS=Windows_NT
PROCESSOR_IDENTIFIER=Intel64 Family 6 Model 23 Stepping 10, GenuineIntel



---------------  S Y S T E M  ---------------

OS: Windows 10.0 , 64 bit Build 14393 (10.0.14393.0)

CPU:total 4 (4 cores per cpu, 1 threads per core) family 6 model 23 stepping 10, cmov, cx8, fxsr, mmx, sse, sse2, sse3, ssse3, sse4.1, tsc

Memory: 4k page, physical 4192492k(1573044k free), swap 6551788k(2348660k free)

vm_info: Java HotSpot(TM) 64-Bit Server VM (25.111-b14) for windows-amd64 JRE (1.8.0_111-b14), built on Sep 22 2016 19:24:05 by "java_re" with MS VC++ 10.0 (VS2010)

time: Tue Apr 04 11:53:29 2017
elapsed time: 2 seconds (0d 0h 0m 2s)

