#
# A fatal error has been detected by the Java Runtime Environment:
#
#  EXCEPTION_ACCESS_VIOLATION (0xc0000005) at pc=0xffffffffa3be5120, pid=2684, tid=0x0000000000001eb8
#
# JRE version: Java(TM) SE Runtime Environment (8.0_111-b14) (build 1.8.0_111-b14)
# Java VM: Java HotSpot(TM) 64-Bit Server VM (25.111-b14 mixed mode windows-amd64 compressed oops)
# Problematic frame:
# C  0xffffffffa3be5120
#
# Failed to write core dump. Minidumps are not enabled by default on client versions of Windows
#
# If you would like to submit a bug report, please visit:
#   http://bugreport.java.com/bugreport/crash.jsp
#

---------------  T H R E A D  ---------------

Current thread (0x000000001b7f4800):  JavaThread "JavaFX Application Thread" [_thread_in_Java, id=7864, stack(0x000000001da70000,0x000000001db70000)]

siginfo: ExceptionCode=0xc0000005, ExceptionInformation=0x0000000000000008 0xffffffffa3be5120

Registers:
RAX=0x000000001e87c6d8, RBX=0x000000001e87c6d8, RCX=0x00000000eb44f090, RDX=0x00000000eb44f090
RSP=0x000000001db6bfb8, RBP=0x000000001db6c020, RSI=0x0000000000000611, RDI=0x0000000000005cd7
R8 =0x000000000000000c, R9 =0x000000001b74d570, R10=0x000000005aacc0c0, R11=0x0000000003425200
R12=0x0000000000000000, R13=0x000000001db6bfc8, R14=0x0000000000000000, R15=0x000000001b7f4800
RIP=0xffffffffa3be5120, EFLAGS=0x0000000000010206

Top of Stack: (sp=0x000000001db6bfb8)
0x000000001db6bfb8:   0000000002be7940 0000000002be7940
0x000000001db6bfc8:   00000000eb44f090 0000000000000c14
0x000000001db6bfd8:   00000000eb4535a8 000000001db6bfe0
0x000000001db6bfe8:   000000001e8dff5c 000000001db6c060
0x000000001db6bff8:   000000001e8e18c8 0000000000000000
0x000000001db6c008:   000000001e8e0008 000000001db6bfc8
0x000000001db6c018:   000000001db6c050 000000001db6c0b0
0x000000001db6c028:   0000000002be809d 0000000000000000
0x000000001db6c038:   0000000000000000 0000000000000c14
0x000000001db6c048:   000000000000b558 000000000000000c
0x000000001db6c058:   00000000eb44f090 00000000eb44f0b8
0x000000001db6c068:   00000000eb44f0b8 000000001db6c070
0x000000001db6c078:   000000001e8dea32 000000001db6c0d0
0x000000001db6c088:   000000001e8e14d0 0000000000000000
0x000000001db6c098:   000000001e8dea90 000000001db6c050
0x000000001db6c0a8:   000000001db6c0c8 000000001db6c118 

Instructions: (pc=0xffffffffa3be5120)
0xffffffffa3be5100:   
[error occurred during error reporting (printing registers, top of stack, instructions near pc), id 0xc0000005]

Register to memory mapping:

RAX={method} {0x000000001e87c6e0} 'getChar' '()C' in 'com/sun/javafx/font/FontFileReader$Buffer'
RBX={method} {0x000000001e87c6e0} 'getChar' '()C' in 'com/sun/javafx/font/FontFileReader$Buffer'
RCX=0x00000000eb44f090 is an oop
com.sun.javafx.font.FontFileReader$Buffer 
 - klass: 'com/sun/javafx/font/FontFileReader$Buffer'
RDX=0x00000000eb44f090 is an oop
com.sun.javafx.font.FontFileReader$Buffer 
 - klass: 'com/sun/javafx/font/FontFileReader$Buffer'
RSP=0x000000001db6bfb8 is pointing into the stack for thread: 0x000000001b7f4800
RBP=0x000000001db6c020 is pointing into the stack for thread: 0x000000001b7f4800
RSI=0x0000000000000611 is an unknown value
RDI=0x0000000000005cd7 is an unknown value
R8 =0x000000000000000c is an unknown value
R9 =0x000000001b74d570 is an unknown value
R10=0x000000005aacc0c0 is an unknown value
R11=0x0000000003425200 is at entry_point+32 in (nmethod*)0x0000000003425090
R12=0x0000000000000000 is an unknown value
R13=0x000000001db6bfc8 is pointing into the stack for thread: 0x000000001b7f4800
R14=0x0000000000000000 is an unknown value
R15=0x000000001b7f4800 is a thread


Stack: [0x000000001da70000,0x000000001db70000],  sp=0x000000001db6bfb8,  free space=1007k
Native frames: (J=compiled Java code, j=interpreted, Vv=VM code, C=native code)
C  0xffffffffa3be5120


---------------  P R O C E S S  ---------------

Java Threads: ( => current thread )
  0x000000001b7f8800 JavaThread "Prism Font Disposer" daemon [_thread_blocked, id=8136, stack(0x0000000021430000,0x0000000021530000)]
  0x000000001b7f8000 JavaThread "Image Fetcher 1" daemon [_thread_blocked, id=1860, stack(0x000000001e980000,0x000000001ea80000)]
  0x000000001b7f7000 JavaThread "Thread-4" daemon [_thread_in_native, id=2688, stack(0x000000001e480000,0x000000001e580000)]
=>0x000000001b7f4800 JavaThread "JavaFX Application Thread" [_thread_in_Java, id=7864, stack(0x000000001da70000,0x000000001db70000)]
  0x000000001b7fb000 JavaThread "Thread-3" daemon [_thread_blocked, id=7980, stack(0x000000001d970000,0x000000001da70000)]
  0x000000001b7fa000 JavaThread "QuantumRenderer-0" daemon [_thread_blocked, id=692, stack(0x000000001d670000,0x000000001d770000)]
  0x000000001b7fb800 JavaThread "Image Fetcher 0" daemon [_thread_blocked, id=4500, stack(0x000000001c860000,0x000000001c960000)]
  0x000000001776a000 JavaThread "Abandoned connection cleanup thread" daemon [_thread_blocked, id=1960, stack(0x000000001c360000,0x000000001c460000)]
  0x00000000174ad000 JavaThread "TimerQueue" daemon [_thread_blocked, id=2988, stack(0x000000001ad00000,0x000000001ae00000)]
  0x0000000017456000 JavaThread "D3D Screen Updater" daemon [_thread_blocked, id=4204, stack(0x000000001a4e0000,0x000000001a5e0000)]
  0x000000000263d800 JavaThread "DestroyJavaVM" [_thread_blocked, id=2960, stack(0x00000000029e0000,0x0000000002ae0000)]
  0x000000001734f800 JavaThread "AWT-EventQueue-0" [_thread_blocked, id=812, stack(0x0000000019a00000,0x0000000019b00000)]
  0x0000000016a7e800 JavaThread "AWT-Windows" daemon [_thread_in_native, id=356, stack(0x0000000017c90000,0x0000000017d90000)]
  0x0000000016a7a800 JavaThread "AWT-Shutdown" [_thread_blocked, id=2064, stack(0x0000000017b90000,0x0000000017c90000)]
  0x0000000016a7a000 JavaThread "Java2D Disposer" daemon [_thread_blocked, id=816, stack(0x0000000017a90000,0x0000000017b90000)]
  0x0000000016753800 JavaThread "Service Thread" daemon [_thread_blocked, id=1332, stack(0x0000000016fc0000,0x00000000170c0000)]
  0x00000000166cc800 JavaThread "C1 CompilerThread2" daemon [_thread_blocked, id=2056, stack(0x0000000016ec0000,0x0000000016fc0000)]
  0x00000000166ca000 JavaThread "C2 CompilerThread1" daemon [_thread_blocked, id=2052, stack(0x0000000016dc0000,0x0000000016ec0000)]
  0x000000001532c800 JavaThread "C2 CompilerThread0" daemon [_thread_blocked, id=2060, stack(0x0000000016cc0000,0x0000000016dc0000)]
  0x000000001532b800 JavaThread "Attach Listener" daemon [_thread_blocked, id=2084, stack(0x0000000016bc0000,0x0000000016cc0000)]
  0x00000000152dc800 JavaThread "Signal Dispatcher" daemon [_thread_blocked, id=2088, stack(0x0000000016ac0000,0x0000000016bc0000)]
  0x00000000152b9000 JavaThread "Finalizer" daemon [_thread_blocked, id=2076, stack(0x0000000016530000,0x0000000016630000)]
  0x0000000002bd1000 JavaThread "Reference Handler" daemon [_thread_blocked, id=784, stack(0x0000000016430000,0x0000000016530000)]

Other Threads:
  0x0000000015297800 VMThread [stack: 0x0000000016330000,0x0000000016430000] [id=364]
  0x0000000016790800 WatcherThread [stack: 0x00000000170c0000,0x00000000171c0000] [id=820]

VM state:not at safepoint (normal execution)

VM Mutex/Monitor currently owned by a thread: None

Heap:
 PSYoungGen      total 66560K, used 14946K [0x00000000eab00000, 0x00000000ef900000, 0x0000000100000000)
  eden space 61440K, 16% used [0x00000000eab00000,0x00000000eb49c270,0x00000000ee700000)
  from space 5120K, 99% used [0x00000000ef000000,0x00000000ef4fc6f8,0x00000000ef500000)
  to   space 9216K, 0% used [0x00000000ee700000,0x00000000ee700000,0x00000000ef000000)
 ParOldGen       total 26112K, used 11621K [0x00000000c0000000, 0x00000000c1980000, 0x00000000eab00000)
  object space 26112K, 44% used [0x00000000c0000000,0x00000000c0b595a0,0x00000000c1980000)
 Metaspace       used 32022K, capacity 32656K, committed 32768K, reserved 1077248K
  class space    used 4328K, capacity 4506K, committed 4608K, reserved 1048576K

Card table byte_map: [0x0000000011fa0000,0x00000000121b0000] byte_map_base: 0x00000000119a0000

Marking Bits: (ParMarkBitMap*) 0x000000005aaea6c0
 Begin Bits: [0x0000000012710000, 0x0000000013710000)
 End Bits:   [0x0000000013710000, 0x0000000014710000)

Polling page: 0x0000000002620000

CodeCache: size=245760Kb used=8514Kb max_used=8514Kb free=237246Kb
 bounds [0x0000000002be0000, 0x0000000003440000, 0x0000000011be0000]
 total_blobs=3472 nmethods=2667 adapters=718
 compilation: enabled

Compilation events (10 events):
Event: 11.222 Thread 0x00000000166cc800 nmethod 2841 0x000000000342a0d0 code [0x000000000342a240, 0x000000000342a4d0]
Event: 11.222 Thread 0x00000000166cc800 2842       3       javafx.scene.Node::impl_markDirty (27 bytes)
Event: 11.223 Thread 0x00000000166cc800 nmethod 2842 0x000000000342cf90 code [0x000000000342d160, 0x000000000342db28]
Event: 11.223 Thread 0x00000000166cc800 2843       1       javafx.scene.text.Text::isSpan (5 bytes)
Event: 11.223 Thread 0x00000000166cc800 nmethod 2843 0x0000000003429e10 code [0x0000000003429f60, 0x000000000342a070]
Event: 11.223 Thread 0x00000000166cc800 2844       3       com.sun.javafx.geom.BaseBounds::<init> (5 bytes)
Event: 11.223 Thread 0x00000000166cc800 nmethod 2844 0x0000000003429a50 code [0x0000000003429ba0, 0x0000000003429d50]
Event: 11.225 Thread 0x00000000166ca000 nmethod 2839 0x000000000342b5d0 code [0x000000000342b720, 0x000000000342b908]
Event: 11.226 Thread 0x000000001532c800 2846       4       com.sun.javafx.font.FontFileReader$Buffer::getChar (52 bytes)
Event: 11.227 Thread 0x000000001532c800 nmethod 2846 0x000000000342b2d0 code [0x000000000342b400, 0x000000000342b4d8]

GC Heap History (10 events):
Event: 6.513 GC heap before
{Heap before GC invocations=3 (full 0):
 PSYoungGen      total 18944K, used 18928K [0x00000000eab00000, 0x00000000ed000000, 0x0000000100000000)
  eden space 16384K, 100% used [0x00000000eab00000,0x00000000ebb00000,0x00000000ebb00000)
  from space 2560K, 99% used [0x00000000ebd80000,0x00000000ebffc0b0,0x00000000ec000000)
  to   space 2560K, 0% used [0x00000000ebb00000,0x00000000ebb00000,0x00000000ebd80000)
 ParOldGen       total 44032K, used 2926K [0x00000000c0000000, 0x00000000c2b00000, 0x00000000eab00000)
  object space 44032K, 6% used [0x00000000c0000000,0x00000000c02db9e0,0x00000000c2b00000)
 Metaspace       used 18861K, capacity 19036K, committed 19200K, reserved 1067008K
  class space    used 2457K, capacity 2541K, committed 2560K, reserved 1048576K
Event: 6.520 GC heap after
Heap after GC invocations=3 (full 0):
 PSYoungGen      total 18944K, used 2528K [0x00000000eab00000, 0x00000000ed000000, 0x0000000100000000)
  eden space 16384K, 0% used [0x00000000eab00000,0x00000000eab00000,0x00000000ebb00000)
  from space 2560K, 98% used [0x00000000ebb00000,0x00000000ebd78110,0x00000000ebd80000)
  to   space 2560K, 0% used [0x00000000ecd80000,0x00000000ecd80000,0x00000000ed000000)
 ParOldGen       total 44032K, used 3180K [0x00000000c0000000, 0x00000000c2b00000, 0x00000000eab00000)
  object space 44032K, 7% used [0x00000000c0000000,0x00000000c031b380,0x00000000c2b00000)
 Metaspace       used 18861K, capacity 19036K, committed 19200K, reserved 1067008K
  class space    used 2457K, capacity 2541K, committed 2560K, reserved 1048576K
}
Event: 6.732 GC heap before
{Heap before GC invocations=4 (full 0):
 PSYoungGen      total 18944K, used 18912K [0x00000000eab00000, 0x00000000ed000000, 0x0000000100000000)
  eden space 16384K, 100% used [0x00000000eab00000,0x00000000ebb00000,0x00000000ebb00000)
  from space 2560K, 98% used [0x00000000ebb00000,0x00000000ebd78110,0x00000000ebd80000)
  to   space 2560K, 0% used [0x00000000ecd80000,0x00000000ecd80000,0x00000000ed000000)
 ParOldGen       total 44032K, used 3180K [0x00000000c0000000, 0x00000000c2b00000, 0x00000000eab00000)
  object space 44032K, 7% used [0x00000000c0000000,0x00000000c031b380,0x00000000c2b00000)
 Metaspace       used 20281K, capacity 20476K, committed 20608K, reserved 1067008K
  class space    used 2569K, capacity 2637K, committed 2688K, reserved 1048576K
Event: 6.743 GC heap after
Heap after GC invocations=4 (full 0):
 PSYoungGen      total 35328K, used 2544K [0x00000000eab00000, 0x00000000ed000000, 0x0000000100000000)
  eden space 32768K, 0% used [0x00000000eab00000,0x00000000eab00000,0x00000000ecb00000)
  from space 2560K, 99% used [0x00000000ecd80000,0x00000000ecffc0d0,0x00000000ed000000)
  to   space 2560K, 0% used [0x00000000ecb00000,0x00000000ecb00000,0x00000000ecd80000)
 ParOldGen       total 44032K, used 4779K [0x00000000c0000000, 0x00000000c2b00000, 0x00000000eab00000)
  object space 44032K, 10% used [0x00000000c0000000,0x00000000c04aac70,0x00000000c2b00000)
 Metaspace       used 20281K, capacity 20476K, committed 20608K, reserved 1067008K
  class space    used 2569K, capacity 2637K, committed 2688K, reserved 1048576K
}
Event: 6.808 GC heap before
{Heap before GC invocations=5 (full 0):
 PSYoungGen      total 35328K, used 4437K [0x00000000eab00000, 0x00000000ed000000, 0x0000000100000000)
  eden space 32768K, 5% used [0x00000000eab00000,0x00000000eacd94f0,0x00000000ecb00000)
  from space 2560K, 99% used [0x00000000ecd80000,0x00000000ecffc0d0,0x00000000ed000000)
  to   space 2560K, 0% used [0x00000000ecb00000,0x00000000ecb00000,0x00000000ecd80000)
 ParOldGen       total 44032K, used 4779K [0x00000000c0000000, 0x00000000c2b00000, 0x00000000eab00000)
  object space 44032K, 10% used [0x00000000c0000000,0x00000000c04aac70,0x00000000c2b00000)
 Metaspace       used 20852K, capacity 21052K, committed 21248K, reserved 1067008K
  class space    used 2625K, capacity 2701K, committed 2816K, reserved 1048576K
Event: 6.817 GC heap after
Heap after GC invocations=5 (full 0):
 PSYoungGen      total 35328K, used 2528K [0x00000000eab00000, 0x00000000ef500000, 0x0000000100000000)
  eden space 32768K, 0% used [0x00000000eab00000,0x00000000eab00000,0x00000000ecb00000)
  from space 2560K, 98% used [0x00000000ecb00000,0x00000000ecd780a0,0x00000000ecd80000)
  to   space 5120K, 0% used [0x00000000ef000000,0x00000000ef000000,0x00000000ef500000)
 ParOldGen       total 44032K, used 5473K [0x00000000c0000000, 0x00000000c2b00000, 0x00000000eab00000)
  object space 44032K, 12% used [0x00000000c0000000,0x00000000c0558548,0x00000000c2b00000)
 Metaspace       used 20852K, capacity 21052K, committed 21248K, reserved 1067008K
  class space    used 2625K, capacity 2701K, committed 2816K, reserved 1048576K
}
Event: 6.817 GC heap before
{Heap before GC invocations=6 (full 1):
 PSYoungGen      total 35328K, used 2528K [0x00000000eab00000, 0x00000000ef500000, 0x0000000100000000)
  eden space 32768K, 0% used [0x00000000eab00000,0x00000000eab00000,0x00000000ecb00000)
  from space 2560K, 98% used [0x00000000ecb00000,0x00000000ecd780a0,0x00000000ecd80000)
  to   space 5120K, 0% used [0x00000000ef000000,0x00000000ef000000,0x00000000ef500000)
 ParOldGen       total 44032K, used 5473K [0x00000000c0000000, 0x00000000c2b00000, 0x00000000eab00000)
  object space 44032K, 12% used [0x00000000c0000000,0x00000000c0558548,0x00000000c2b00000)
 Metaspace       used 20852K, capacity 21052K, committed 21248K, reserved 1067008K
  class space    used 2625K, capacity 2701K, committed 2816K, reserved 1048576K
Event: 6.861 GC heap after
Heap after GC invocations=6 (full 1):
 PSYoungGen      total 35328K, used 0K [0x00000000eab00000, 0x00000000ef500000, 0x0000000100000000)
  eden space 32768K, 0% used [0x00000000eab00000,0x00000000eab00000,0x00000000ecb00000)
  from space 2560K, 0% used [0x00000000ecb00000,0x00000000ecb00000,0x00000000ecd80000)
  to   space 5120K, 0% used [0x00000000ef000000,0x00000000ef000000,0x00000000ef500000)
 ParOldGen       total 26112K, used 5307K [0x00000000c0000000, 0x00000000c1980000, 0x00000000eab00000)
  object space 26112K, 20% used [0x00000000c0000000,0x00000000c052efb8,0x00000000c1980000)
 Metaspace       used 20852K, capacity 21052K, committed 21248K, reserved 1067008K
  class space    used 2625K, capacity 2701K, committed 2816K, reserved 1048576K
}
Event: 10.832 GC heap before
{Heap before GC invocations=7 (full 1):
 PSYoungGen      total 35328K, used 32768K [0x00000000eab00000, 0x00000000ef500000, 0x0000000100000000)
  eden space 32768K, 100% used [0x00000000eab00000,0x00000000ecb00000,0x00000000ecb00000)
  from space 2560K, 0% used [0x00000000ecb00000,0x00000000ecb00000,0x00000000ecd80000)
  to   space 5120K, 0% used [0x00000000ef000000,0x00000000ef000000,0x00000000ef500000)
 ParOldGen       total 26112K, used 5307K [0x00000000c0000000, 0x00000000c1980000, 0x00000000eab00000)
  object space 26112K, 20% used [0x00000000c0000000,0x00000000c052efb8,0x00000000c1980000)
 Metaspace       used 29456K, capacity 30044K, committed 30208K, reserved 1075200K
  class space    used 3887K, capacity 4032K, committed 4096K, reserved 1048576K
Event: 10.847 GC heap after
Heap after GC invocations=7 (full 1):
 PSYoungGen      total 66560K, used 5105K [0x00000000eab00000, 0x00000000ef900000, 0x0000000100000000)
  eden space 61440K, 0% used [0x00000000eab00000,0x00000000eab00000,0x00000000ee700000)
  from space 5120K, 99% used [0x00000000ef000000,0x00000000ef4fc6f8,0x00000000ef500000)
  to   space 9216K, 0% used [0x00000000ee700000,0x00000000ee700000,0x00000000ef000000)
 ParOldGen       total 26112K, used 11621K [0x00000000c0000000, 0x00000000c1980000, 0x00000000eab00000)
  object space 26112K, 44% used [0x00000000c0000000,0x00000000c0b595a0,0x00000000c1980000)
 Metaspace       used 29456K, capacity 30044K, committed 30208K, reserved 1075200K
  class space    used 3887K, capacity 4032K, committed 4096K, reserved 1048576K
}

Deoptimization events (10 events):
Event: 11.191 Thread 0x000000001b7f4800 Uncommon trap: reason=bimorphic action=maybe_recompile pc=0x00000000033eb4a0 method=javafx.beans.property.ObjectPropertyBase.get()Ljava/lang/Object; @ 23
Event: 11.214 Thread 0x000000001b7f4800 Uncommon trap: reason=bimorphic action=maybe_recompile pc=0x0000000002f13088 method=java.io.DataInputStream.readChar()C @ 4
Event: 11.214 Thread 0x000000001b7f4800 Uncommon trap: reason=bimorphic action=maybe_recompile pc=0x0000000002f13088 method=java.io.DataInputStream.readChar()C @ 4
Event: 11.214 Thread 0x000000001b7f4800 Uncommon trap: reason=bimorphic action=maybe_recompile pc=0x0000000002f13088 method=java.io.DataInputStream.readChar()C @ 4
Event: 11.215 Thread 0x000000001b7f4800 Uncommon trap: reason=bimorphic action=maybe_recompile pc=0x000000000325d864 method=java.io.DataInputStream.readInt()I @ 4
Event: 11.215 Thread 0x000000001b7f4800 Uncommon trap: reason=bimorphic action=maybe_recompile pc=0x000000000325d864 method=java.io.DataInputStream.readInt()I @ 4
Event: 11.215 Thread 0x000000001b7f4800 Uncommon trap: reason=bimorphic action=maybe_recompile pc=0x000000000325d864 method=java.io.DataInputStream.readInt()I @ 4
Event: 11.215 Thread 0x000000001b7f4800 Uncommon trap: reason=bimorphic action=maybe_recompile pc=0x000000000325d864 method=java.io.DataInputStream.readInt()I @ 4
Event: 11.215 Thread 0x000000001b7f4800 Uncommon trap: reason=bimorphic action=maybe_recompile pc=0x0000000002f13088 method=java.io.DataInputStream.readChar()C @ 4
Event: 11.226 Thread 0x000000001b7f4800 Uncommon trap: reason=unstable_if action=reinterpret pc=0x00000000033e0bac method=java.lang.String.regionMatches(ZILjava/lang/String;II)Z @ 123

Internal exceptions (10 events):
Event: 6.232 Thread 0x000000001734f800 Exception <a 'java/lang/ArrayIndexOutOfBoundsException'> (0x00000000eb156618) thrown at [C:\re\workspace\8-2-build-windows-amd64-cygwin\jdk8u111\7883\hotspot\src\share\vm\runtime\sharedRuntime.cpp, line 605]
Event: 6.232 Thread 0x000000001734f800 Exception <a 'java/lang/ArrayIndexOutOfBoundsException'> (0x00000000eb1570c0) thrown at [C:\re\workspace\8-2-build-windows-amd64-cygwin\jdk8u111\7883\hotspot\src\share\vm\runtime\sharedRuntime.cpp, line 605]
Event: 6.232 Thread 0x000000001734f800 Exception <a 'java/lang/ArrayIndexOutOfBoundsException'> (0x00000000eb157d08) thrown at [C:\re\workspace\8-2-build-windows-amd64-cygwin\jdk8u111\7883\hotspot\src\share\vm\runtime\sharedRuntime.cpp, line 605]
Event: 6.232 Thread 0x000000001734f800 Exception <a 'java/lang/ArrayIndexOutOfBoundsException'> (0x00000000eb158dc8) thrown at [C:\re\workspace\8-2-build-windows-amd64-cygwin\jdk8u111\7883\hotspot\src\share\vm\runtime\sharedRuntime.cpp, line 605]
Event: 6.232 Thread 0x000000001734f800 Exception <a 'java/lang/ArrayIndexOutOfBoundsException'> (0x00000000eb159af8) thrown at [C:\re\workspace\8-2-build-windows-amd64-cygwin\jdk8u111\7883\hotspot\src\share\vm\runtime\sharedRuntime.cpp, line 605]
Event: 6.232 Thread 0x000000001734f800 Exception <a 'java/lang/ArrayIndexOutOfBoundsException': 23> (0x00000000eb15a6b8) thrown at [C:\re\workspace\8-2-build-windows-amd64-cygwin\jdk8u111\7883\hotspot\src\share\vm\interpreter\interpreterRuntime.cpp, line 366]
Event: 7.074 Thread 0x000000001734f800 Implicit null exception at 0x0000000002fe3cbd to 0x0000000002fe59e5
Event: 10.426 Thread 0x000000001734f800 Exception <a 'java/lang/NullPointerException'> (0x00000000ebcb2610) thrown at [C:\re\workspace\8-2-build-windows-amd64-cygwin\jdk8u111\7883\hotspot\src\share\vm\interpreter\linkResolver.cpp, line 1178]
Event: 10.568 Thread 0x000000001b7f4800 Exception <a 'java/lang/NullPointerException'> (0x00000000ec184100) thrown at [C:\re\workspace\8-2-build-windows-amd64-cygwin\jdk8u111\7883\hotspot\src\share\vm\interpreter\linkResolver.cpp, line 1178]
Event: 10.568 Thread 0x000000001b7f4800 Exception <a 'java/lang/NullPointerException'> (0x00000000ec184100) thrown at [C:\re\workspace\8-2-build-windows-amd64-cygwin\jdk8u111\7883\hotspot\src\share\vm\prims\jvm.cpp, line 1390]

Events (10 events):
Event: 11.215 Thread 0x000000001b7f4800 DEOPT UNPACKING pc=0x0000000002c2556a sp=0x000000001db6bdd8 mode 2
Event: 11.216 loading class sun/text/bidi/BidiLine
Event: 11.217 loading class sun/text/bidi/BidiLine done
Event: 11.217 loading class com/sun/javafx/text/ScriptMapper
Event: 11.217 loading class com/sun/javafx/text/ScriptMapper done
Event: 11.218 loading class com/sun/javafx/geom/BaseBounds$BoundsType
Event: 11.218 loading class com/sun/javafx/geom/BaseBounds$BoundsType done
Event: 11.226 Thread 0x000000001b7f4800 Uncommon trap: trap_request=0xffffff65 fr.pc=0x00000000033e0bac
Event: 11.226 Thread 0x000000001b7f4800 DEOPT PACKING pc=0x00000000033e0bac sp=0x000000001db6c070
Event: 11.226 Thread 0x000000001b7f4800 DEOPT UNPACKING pc=0x0000000002c2556a sp=0x000000001db6bf70 mode 2


Dynamic libraries:
0x00007ff687b70000 - 0x00007ff687ba7000 	C:\Program Files\Java\jdk1.8.0_111\bin\javaw.exe
0x00007ff8492a0000 - 0x00007ff849471000 	C:\Windows\SYSTEM32\ntdll.dll
0x00007ff846e10000 - 0x00007ff846ebb000 	C:\Windows\System32\KERNEL32.DLL
0x00007ff846410000 - 0x00007ff84662d000 	C:\Windows\System32\KERNELBASE.dll
0x00007ff847420000 - 0x00007ff8474c2000 	C:\Windows\System32\ADVAPI32.dll
0x00007ff847130000 - 0x00007ff8471ce000 	C:\Windows\System32\msvcrt.dll
0x00007ff8476b0000 - 0x00007ff847709000 	C:\Windows\System32\sechost.dll
0x00007ff846ce0000 - 0x00007ff846e01000 	C:\Windows\System32\RPCRT4.dll
0x00007ff846830000 - 0x00007ff846995000 	C:\Windows\System32\USER32.dll
0x00007ff8459c0000 - 0x00007ff8459de000 	C:\Windows\System32\win32u.dll
0x00007ff8474d0000 - 0x00007ff847504000 	C:\Windows\System32\GDI32.dll
0x00007ff845a30000 - 0x00007ff845bb2000 	C:\Windows\System32\gdi32full.dll
0x00007ff83fa80000 - 0x00007ff83fcfa000 	C:\Windows\WinSxS\amd64_microsoft.windows.common-controls_6595b64144ccf1df_6.0.14393.953_none_42151e83c686086b\COMCTL32.dll
0x00007ff8469a0000 - 0x00007ff846c68000 	C:\Windows\System32\combase.dll
0x00007ff845bc0000 - 0x00007ff845cb5000 	C:\Windows\System32\ucrtbase.dll
0x00007ff845cc0000 - 0x00007ff845d2a000 	C:\Windows\System32\bcryptPrimitives.dll
0x00007ff847060000 - 0x00007ff84708e000 	C:\Windows\System32\IMM32.DLL
0x000000005a1f0000 - 0x000000005a2c2000 	C:\Program Files\Java\jdk1.8.0_111\jre\bin\msvcr100.dll
0x000000005a2d0000 - 0x000000005ab6a000 	C:\Program Files\Java\jdk1.8.0_111\jre\bin\server\jvm.dll
0x00007ff847310000 - 0x00007ff847318000 	C:\Windows\System32\PSAPI.DLL
0x00007ff8312b0000 - 0x00007ff8312b9000 	C:\Windows\SYSTEM32\WSOCK32.dll
0x00007ff843b70000 - 0x00007ff843b93000 	C:\Windows\SYSTEM32\WINMM.dll
0x00007ff8472a0000 - 0x00007ff84730a000 	C:\Windows\System32\WS2_32.dll
0x00007ff8412b0000 - 0x00007ff8412ba000 	C:\Windows\SYSTEM32\VERSION.dll
0x0000000002640000 - 0x000000000266b000 	C:\Windows\SYSTEM32\WINMMBASE.dll
0x00007ff8459e0000 - 0x00007ff845a22000 	C:\Windows\System32\cfgmgr32.dll
0x000000005a1e0000 - 0x000000005a1ef000 	C:\Program Files\Java\jdk1.8.0_111\jre\bin\verify.dll
0x000000005a1b0000 - 0x000000005a1d9000 	C:\Program Files\Java\jdk1.8.0_111\jre\bin\java.dll
0x000000005a190000 - 0x000000005a1a6000 	C:\Program Files\Java\jdk1.8.0_111\jre\bin\zip.dll
0x00007ff847c20000 - 0x00007ff849128000 	C:\Windows\System32\SHELL32.dll
0x00007ff845d30000 - 0x00007ff84640a000 	C:\Windows\System32\windows.storage.dll
0x00007ff845710000 - 0x00007ff84575c000 	C:\Windows\System32\powrprof.dll
0x00007ff846c70000 - 0x00007ff846cc2000 	C:\Windows\System32\shlwapi.dll
0x00007ff845700000 - 0x00007ff84570f000 	C:\Windows\System32\kernel.appcore.dll
0x00007ff846780000 - 0x00007ff846829000 	C:\Windows\System32\shcore.dll
0x00007ff845770000 - 0x00007ff845784000 	C:\Windows\System32\profapi.dll
0x0000000059f60000 - 0x000000005a0f8000 	C:\Program Files\Java\jdk1.8.0_111\jre\bin\awt.dll
0x00007ff847710000 - 0x00007ff8477cf000 	C:\Windows\System32\OLEAUT32.dll
0x00007ff846630000 - 0x00007ff8466cc000 	C:\Windows\System32\msvcp_win.dll
0x00007ff843bd0000 - 0x00007ff843c4a000 	C:\Windows\SYSTEM32\apphelp.dll
0x00007ff843e80000 - 0x00007ff843f15000 	C:\Windows\system32\uxtheme.dll
0x00007ff849130000 - 0x00007ff84928a000 	C:\Windows\System32\MSCTF.dll
0x00007ff843760000 - 0x00007ff843786000 	C:\Windows\system32\dwmapi.dll
0x00007ff846f20000 - 0x00007ff847057000 	C:\Windows\System32\ole32.dll
0x00007ff832670000 - 0x00007ff8327fd000 	C:\Windows\system32\d3d9.dll
0x00007ff821670000 - 0x00007ff822726000 	C:\Windows\SYSTEM32\nvd3dumx.dll
0x00007ff840e60000 - 0x00007ff840fcc000 	C:\Program Files (x86)\NVIDIA Corporation\3D Vision\nvSCPAPI64.dll
0x00007ff8477f0000 - 0x00007ff847c19000 	C:\Windows\System32\SETUPAPI.dll
0x0000000059f10000 - 0x0000000059f57000 	C:\Program Files\Java\jdk1.8.0_111\jre\bin\fontmanager.dll
0x00007ff847090000 - 0x00007ff84712f000 	C:\Windows\System32\clbcatq.dll
0x00007ff8430b0000 - 0x00007ff843258000 	C:\Windows\SYSTEM32\WindowsCodecs.dll
0x00007ff82da80000 - 0x00007ff82dac9000 	C:\Windows\system32\dataexchange.dll
0x00007ff843540000 - 0x00007ff843691000 	C:\Windows\system32\dcomp.dll
0x00007ff8426f0000 - 0x00007ff8429a6000 	C:\Windows\system32\d3d11.dll
0x00007ff844680000 - 0x00007ff84471f000 	C:\Windows\system32\dxgi.dll
0x00007ff844120000 - 0x00007ff84423c000 	C:\Windows\system32\twinapi.appcore.dll
0x00007ff845640000 - 0x00007ff84566b000 	C:\Windows\system32\bcrypt.dll
0x000000005a170000 - 0x000000005a18a000 	C:\Program Files\Java\jdk1.8.0_111\jre\bin\net.dll
0x00007ff844fd0000 - 0x00007ff84502c000 	C:\Windows\system32\mswsock.dll
0x000000005a150000 - 0x000000005a161000 	C:\Program Files\Java\jdk1.8.0_111\jre\bin\nio.dll
0x0000000059ec0000 - 0x0000000059f02000 	C:\Program Files\Java\jdk1.8.0_111\jre\bin\t2k.dll
0x0000000059e90000 - 0x0000000059eba000 	C:\Program Files\Java\jdk1.8.0_111\jre\bin\dcpr.dll
0x00007ff83e600000 - 0x00007ff83e6d2000 	C:\Windows\System32\IME\IMEKR\imkrtip.dll
0x00007ff8432f0000 - 0x00007ff843475000 	C:\Windows\SYSTEM32\PROPSYS.dll
0x00007ff83d040000 - 0x00007ff83d196000 	C:\Windows\System32\IME\shared\imetip.dll
0x00007ff83f690000 - 0x00007ff83f6f5000 	C:\Windows\SYSTEM32\OLEACC.dll
0x00007ff8333e0000 - 0x00007ff833588000 	C:\Windows\SYSTEM32\DUI70.dll
0x00007ff83e570000 - 0x00007ff83e5a8000 	C:\Windows\System32\IME\IMEKR\imkrapi.dll
0x00007ff83e260000 - 0x00007ff83e295000 	C:\Windows\System32\IME\shared\imjkapi.dll
0x00007ff844aa0000 - 0x00007ff844ad2000 	C:\Windows\SYSTEM32\ntmarta.dll
0x00007ff844d90000 - 0x00007ff844e31000 	C:\Windows\SYSTEM32\DNSAPI.dll
0x00007ff849290000 - 0x00007ff849298000 	C:\Windows\System32\NSI.dll
0x00007ff844d50000 - 0x00007ff844d88000 	C:\Windows\SYSTEM32\IPHLPAPI.DLL
0x00007ff83e830000 - 0x00007ff83e83a000 	C:\Windows\System32\rasadhlp.dll
0x00007ff83fee0000 - 0x00007ff83ff4a000 	C:\Windows\System32\fwpuclnt.dll
0x0000000059e50000 - 0x0000000059e81000 	C:\Program Files\Java\jdk1.8.0_111\jre\bin\jpeg.dll
0x00007ff832d60000 - 0x00007ff832e4f000 	C:\Program Files\Java\jdk1.8.0_111\jre\bin\msvcr120.dll
0x00007ff834330000 - 0x00007ff8343d6000 	C:\Program Files\Java\jdk1.8.0_111\jre\bin\msvcp120.dll
0x0000000059e20000 - 0x0000000059e42000 	C:\Program Files\Java\jdk1.8.0_111\jre\bin\prism_d3d.dll
0x0000000059dd0000 - 0x0000000059e13000 	C:\Program Files\Java\jdk1.8.0_111\jre\bin\glass.dll
0x00007ff847320000 - 0x00007ff84741a000 	C:\Windows\System32\COMDLG32.dll
0x00007ff840a40000 - 0x00007ff840d76000 	C:\Windows\system32\nvapi64.dll
0x00007ff844310000 - 0x00007ff844338000 	C:\Windows\SYSTEM32\DEVOBJ.dll
0x00007ff845960000 - 0x00007ff8459b5000 	C:\Windows\System32\WINTRUST.dll
0x00007ff845760000 - 0x00007ff845770000 	C:\Windows\System32\MSASN1.dll
0x00007ff845790000 - 0x00007ff845959000 	C:\Windows\System32\CRYPT32.dll
0x0000000059db0000 - 0x0000000059dc4000 	C:\Program Files\Java\jdk1.8.0_111\jre\bin\javafx_font.dll
0x00007ff83c220000 - 0x00007ff83c489000 	C:\Windows\SYSTEM32\dwrite.dll
0x00007ff83f3c0000 - 0x00007ff83f552000 	C:\Windows\SYSTEM32\dbghelp.dll

VM Arguments:
jvm_args: -Dfile.encoding=UTF-8 
java_command: kr.or.dgit.donghun2.Main.MainProcess
java_class_path (initial): D:\workspace_mybatis\donghun2\bin;C:\Users\SDH\.gradle\caches\modules-2\files-2.1\org.mybatis\mybatis\3.4.2\2b9a5082fe0bdb3128bab8b4b19b23ca0f3d9b38\mybatis-3.4.2.jar;C:\Users\SDH\.gradle\caches\modules-2\files-2.1\log4j\log4j\1.2.17\5af35056b4d257e4b64b9e8069c0746e8b08629f\log4j-1.2.17.jar;C:\Users\SDH\.gradle\caches\modules-2\files-2.1\mysql\mysql-connector-java\5.1.41\b0878056f15616989144d6114d36d3942321d0d1\mysql-connector-java-5.1.41.jar;C:\Users\SDH\.gradle\caches\modules-2\files-2.1\junit\junit\4.12\2973d150c0dc1fefe998f834810d68f278ea58ec\junit-4.12.jar;C:\Users\SDH\.gradle\caches\modules-2\files-2.1\org.hamcrest\hamcrest-core\1.3\42a25dc3219429f0e5d060061f71acb49bf010a0\hamcrest-core-1.3.jar;D:\workspace_mybatis\donghun2\src\main\resources\erp_myframework.jar;D:\workspace_mybatis\donghun2\src\main\resources\lib\idw-gpl.jar;D:\workspace_mybatis\donghun2\src\main\resources\lib\JTattoo.jar;D:\workspace_mybatis\donghun2\src\main\resources\lib\liquidlnf.jar;D:\workspace_mybatis\donghun2\src\main\resources\lib\quaqua.jar
Launcher Type: SUN_STANDARD

Environment Variables:
JAVA_HOME=C:\Program Files\Java\jdk1.8.0_111
PATH=C:/Program Files/Java/jdk1.8.0_111/bin/../jre/bin/server;C:/Program Files/Java/jdk1.8.0_111/bin/../jre/bin;C:/Program Files/Java/jdk1.8.0_111/bin/../jre/lib/amd64;C:\Program Files\Java\jdk1.8.0_111\bin;C:\ProgramData\Oracle\Java\javapath;C:\Program Files (x86)\NVIDIA Corporation\PhysX\Common;C:\Windows\system32;C:\Windows;C:\Windows\System32\Wbem;C:\Windows\System32\WindowsPowerShell\v1.0\;C:\Program Files\MySQL\MySQL Server 5.6\bin;C:\Program Files\Git\cmd;D:\gradle-3.4.1\bin;C:\Users\SDH\AppData\Local\Microsoft\WindowsApps;C:\Program Files\Bandizip\7z;D:\program\eclipse_java\eclipse;
USERNAME=SDH
OS=Windows_NT
PROCESSOR_IDENTIFIER=Intel64 Family 6 Model 23 Stepping 10, GenuineIntel



---------------  S Y S T E M  ---------------

OS: Windows 10.0 , 64 bit Build 14393 (10.0.14393.0)

CPU:total 4 (4 cores per cpu, 1 threads per core) family 6 model 23 stepping 10, cmov, cx8, fxsr, mmx, sse, sse2, sse3, ssse3, sse4.1, tsc

Memory: 4k page, physical 4192492k(1406744k free), swap 10483948k(4804568k free)

vm_info: Java HotSpot(TM) 64-Bit Server VM (25.111-b14) for windows-amd64 JRE (1.8.0_111-b14), built on Sep 22 2016 19:24:05 by "java_re" with MS VC++ 10.0 (VS2010)

time: Thu Apr 13 09:44:31 2017
elapsed time: 11 seconds (0d 0h 0m 11s)

