#
# A fatal error has been detected by the Java Runtime Environment:
#
#  EXCEPTION_ACCESS_VIOLATION (0xc0000005) at pc=0xffffffffa4365120, pid=5900, tid=0x0000000000001eec
#
# JRE version: Java(TM) SE Runtime Environment (8.0_111-b14) (build 1.8.0_111-b14)
# Java VM: Java HotSpot(TM) 64-Bit Server VM (25.111-b14 mixed mode windows-amd64 compressed oops)
# Problematic frame:
# C  0xffffffffa4365120
#
# Failed to write core dump. Minidumps are not enabled by default on client versions of Windows
#
# If you would like to submit a bug report, please visit:
#   http://bugreport.java.com/bugreport/crash.jsp
#

---------------  T H R E A D  ---------------

Current thread (0x0000000017a3f000):  JavaThread "AWT-EventQueue-0" [_thread_in_Java, id=7916, stack(0x0000000018680000,0x0000000018780000)]

siginfo: ExceptionCode=0xc0000005, ExceptionInformation=0x0000000000000008 0xffffffffa4365120

Registers:
RAX=0x00000000ead1bbd8, RBX=0x000000001b6f3718, RCX=0x00000000179e2a40, RDX=0x00000000eb703878
RSP=0x000000001877d3a8, RBP=0x000000001877d510, RSI=0x00000000eb703878, RDI=0x00000000000000bb
R8 =0x0000000000000000, R9 =0x0000000000000001, R10=0x00000000ead1bbd8, R11=0x0000000000000003
R12=0x0000000000000000, R13=0x00000000eb723810, R14=0x0000000000000000, R15=0x0000000017a3f000
RIP=0xffffffffa4365120, EFLAGS=0x0000000000010202

Top of Stack: (sp=0x000000001877d3a8)
0x000000001877d3a8:   0000000003697b8c 000000001877d510
0x000000001877d3b8:   00000000035571b4 000000001877d428
0x000000001877d3c8:   00000000eb704230 00000000ebeabcb8
0x000000001877d3d8:   00000000ebeac1a8 00000000eb701b40
0x000000001877d3e8:   00000000c00012d0 00000000eb714c08
0x000000001877d3f8:   00000000eb7012c0 00000fd20000000d
0x000000001877d408:   00000000eb714c88 0000000000000057
0x000000001877d418:   000000001b230028 000000001877d510
0x000000001877d428:   000000000365495c 0000000000000000
0x000000001877d438:   000000001877d450 00000000eb700500
0x000000001877d448:   00000000eb704020 000000001877d510
0x000000001877d458:   00000000033680e2 00000000eb703878
0x000000001877d468:   00000000ebeabcb8 00000000ebf5aef8
0x000000001877d478:   00000000eb703878 0000000100000000
0x000000001877d488:   00000000ead1bbd8 0000000d00000fd2
0x000000001877d498:   0000000000000000 000000001877d510 

Instructions: (pc=0xffffffffa4365120)
0xffffffffa4365100:   
[error occurred during error reporting (printing registers, top of stack, instructions near pc), id 0xc0000005]

Register to memory mapping:

RAX=0x00000000ead1bbd8 is an oop
java.lang.String 
 - klass: 'java/lang/String'
RBX=0x000000001b6f3718 is pointing into metadata
RCX=0x00000000179e2a40 is an unknown value
RDX=0x00000000eb703878 is an oop
com.sun.org.apache.xerces.internal.impl.XMLDTDScannerImpl 
 - klass: 'com/sun/org/apache/xerces/internal/impl/XMLDTDScannerImpl'
RSP=0x000000001877d3a8 is pointing into the stack for thread: 0x0000000017a3f000
RBP=0x000000001877d510 is pointing into the stack for thread: 0x0000000017a3f000
RSI=0x00000000eb703878 is an oop
com.sun.org.apache.xerces.internal.impl.XMLDTDScannerImpl 
 - klass: 'com/sun/org/apache/xerces/internal/impl/XMLDTDScannerImpl'
RDI=0x00000000000000bb is an unknown value
R8 =0x0000000000000000 is an unknown value
R9 =0x0000000000000001 is an unknown value
R10=0x00000000ead1bbd8 is an oop
java.lang.String 
 - klass: 'java/lang/String'
R11=0x0000000000000003 is an unknown value
R12=0x0000000000000000 is an unknown value
R13=0x00000000eb723810 is an oop
com.sun.org.apache.xerces.internal.util.SymbolTable$Entry 
 - klass: 'com/sun/org/apache/xerces/internal/util/SymbolTable$Entry'
R14=0x0000000000000000 is an unknown value
R15=0x0000000017a3f000 is a thread


Stack: [0x0000000018680000,0x0000000018780000],  sp=0x000000001877d3a8,  free space=1012k
Native frames: (J=compiled Java code, j=interpreted, Vv=VM code, C=native code)
C  0xffffffffa4365120


---------------  P R O C E S S  ---------------

Java Threads: ( => current thread )
  0x0000000017de2800 JavaThread "Abandoned connection cleanup thread" daemon [_thread_blocked, id=7828, stack(0x000000001b580000,0x000000001b680000)]
  0x00000000016ad800 JavaThread "DestroyJavaVM" [_thread_blocked, id=10048, stack(0x0000000002df0000,0x0000000002ef0000)]
=>0x0000000017a3f000 JavaThread "AWT-EventQueue-0" [_thread_in_Java, id=7916, stack(0x0000000018680000,0x0000000018780000)]
  0x0000000017a3c800 JavaThread "AWT-Windows" daemon [_thread_in_native, id=10128, stack(0x00000000183d0000,0x00000000184d0000)]
  0x0000000017a3a000 JavaThread "AWT-Shutdown" [_thread_blocked, id=2132, stack(0x00000000182d0000,0x00000000183d0000)]
  0x0000000017a37000 JavaThread "Java2D Disposer" daemon [_thread_blocked, id=8032, stack(0x00000000181d0000,0x00000000182d0000)]
  0x0000000016e84800 JavaThread "Service Thread" daemon [_thread_blocked, id=8368, stack(0x0000000017700000,0x0000000017800000)]
  0x0000000016e0e800 JavaThread "C1 CompilerThread2" daemon [_thread_blocked, id=3828, stack(0x0000000017600000,0x0000000017700000)]
  0x0000000016e0a000 JavaThread "C2 CompilerThread1" daemon [_thread_blocked, id=1860, stack(0x0000000017500000,0x0000000017600000)]
  0x0000000015a3e800 JavaThread "C2 CompilerThread0" daemon [_thread_blocked, id=6312, stack(0x0000000017400000,0x0000000017500000)]
  0x0000000015a29000 JavaThread "Attach Listener" daemon [_thread_blocked, id=728, stack(0x0000000017300000,0x0000000017400000)]
  0x0000000016e08800 JavaThread "Signal Dispatcher" daemon [_thread_blocked, id=7900, stack(0x0000000017200000,0x0000000017300000)]
  0x000000000335c800 JavaThread "Finalizer" daemon [_thread_blocked, id=3488, stack(0x0000000016c80000,0x0000000016d80000)]
  0x0000000003351800 JavaThread "Reference Handler" daemon [_thread_blocked, id=2052, stack(0x0000000016b80000,0x0000000016c80000)]

Other Threads:
  0x00000000159f8800 VMThread [stack: 0x0000000016a80000,0x0000000016b80000] [id=9308]
  0x0000000016ece000 WatcherThread [stack: 0x0000000017800000,0x0000000017900000] [id=4116]

VM state:not at safepoint (normal execution)

VM Mutex/Monitor currently owned by a thread: None

Heap:
 PSYoungGen      total 18944K, used 15121K [0x00000000eab00000, 0x00000000ed000000, 0x0000000100000000)
  eden space 16384K, 76% used [0x00000000eab00000,0x00000000eb748de0,0x00000000ebb00000)
  from space 2560K, 99% used [0x00000000ebd80000,0x00000000ebffb9c0,0x00000000ec000000)
  to   space 2560K, 0% used [0x00000000ebb00000,0x00000000ebb00000,0x00000000ebd80000)
 ParOldGen       total 44032K, used 2126K [0x00000000c0000000, 0x00000000c2b00000, 0x00000000eab00000)
  object space 44032K, 4% used [0x00000000c0000000,0x00000000c02138d0,0x00000000c2b00000)
 Metaspace       used 14636K, capacity 14788K, committed 15104K, reserved 1062912K
  class space    used 1862K, capacity 1927K, committed 2048K, reserved 1048576K

Card table byte_map: [0x0000000012720000,0x0000000012930000] byte_map_base: 0x0000000012120000

Marking Bits: (ParMarkBitMap*) 0x000000006501a6c0
 Begin Bits: [0x0000000012e90000, 0x0000000013e90000)
 End Bits:   [0x0000000013e90000, 0x0000000014e90000)

Polling page: 0x0000000001140000

CodeCache: size=245760Kb used=3671Kb max_used=3683Kb free=242088Kb
 bounds [0x0000000003360000, 0x0000000003700000, 0x0000000012360000]
 total_blobs=1465 nmethods=1029 adapters=351
 compilation: enabled

Compilation events (10 events):
Event: 1.408 Thread 0x0000000016e0e800 nmethod 1025 0x00000000036f8d10 code [0x00000000036f8e80, 0x00000000036f9070]
Event: 1.409 Thread 0x0000000016e0a000 nmethod 999 0x00000000036f5b50 code [0x00000000036f5ca0, 0x00000000036f5e78]
Event: 1.409 Thread 0x0000000016e0e800 1026       3       com.sun.org.apache.xerces.internal.impl.dtd.DTDGrammar::initializeContentModelStack (161 bytes)
Event: 1.410 Thread 0x0000000016e0e800 nmethod 1026 0x00000000036f7f90 code [0x00000000036f8140, 0x00000000036f8a08]
Event: 1.410 Thread 0x0000000016e0a000 1027       4       com.sun.org.apache.xerces.internal.util.SymbolTable::hash (53 bytes)
Event: 1.410 Thread 0x0000000016e0e800 1028       3       com.sun.org.apache.xerces.internal.parsers.AbstractXMLDocumentParser::occurrence (1 bytes)
Event: 1.410 Thread 0x0000000016e0e800 nmethod 1028 0x00000000036f5850 code [0x00000000036f59a0, 0x00000000036f5af0]
Event: 1.410 Thread 0x0000000016e0e800 1029       3       com.sun.org.apache.xerces.internal.impl.dtd.XMLElementDecl::<init> (37 bytes)
Event: 1.410 Thread 0x0000000015a3e800 nmethod 1001 0x00000000036f63d0 code [0x00000000036f6540, 0x00000000036f6778]
Event: 1.410 Thread 0x0000000016e0e800 nmethod 1029 0x00000000036f7790 code [0x00000000036f7920, 0x00000000036f7d90]

GC Heap History (4 events):
Event: 1.057 GC heap before
{Heap before GC invocations=1 (full 0):
 PSYoungGen      total 18944K, used 16384K [0x00000000eab00000, 0x00000000ec000000, 0x0000000100000000)
  eden space 16384K, 100% used [0x00000000eab00000,0x00000000ebb00000,0x00000000ebb00000)
  from space 2560K, 0% used [0x00000000ebd80000,0x00000000ebd80000,0x00000000ec000000)
  to   space 2560K, 0% used [0x00000000ebb00000,0x00000000ebb00000,0x00000000ebd80000)
 ParOldGen       total 44032K, used 0K [0x00000000c0000000, 0x00000000c2b00000, 0x00000000eab00000)
  object space 44032K, 0% used [0x00000000c0000000,0x00000000c0000000,0x00000000c2b00000)
 Metaspace       used 13515K, capacity 13726K, committed 13952K, reserved 1060864K
  class space    used 1745K, capacity 1830K, committed 1920K, reserved 1048576K
Event: 1.067 GC heap after
Heap after GC invocations=1 (full 0):
 PSYoungGen      total 18944K, used 2551K [0x00000000eab00000, 0x00000000ec000000, 0x0000000100000000)
  eden space 16384K, 0% used [0x00000000eab00000,0x00000000eab00000,0x00000000ebb00000)
  from space 2560K, 99% used [0x00000000ebb00000,0x00000000ebd7df90,0x00000000ebd80000)
  to   space 2560K, 0% used [0x00000000ebd80000,0x00000000ebd80000,0x00000000ec000000)
 ParOldGen       total 44032K, used 921K [0x00000000c0000000, 0x00000000c2b00000, 0x00000000eab00000)
  object space 44032K, 2% used [0x00000000c0000000,0x00000000c00e6608,0x00000000c2b00000)
 Metaspace       used 13515K, capacity 13726K, committed 13952K, reserved 1060864K
  class space    used 1745K, capacity 1830K, committed 1920K, reserved 1048576K
}
Event: 1.328 GC heap before
{Heap before GC invocations=2 (full 0):
 PSYoungGen      total 18944K, used 18935K [0x00000000eab00000, 0x00000000ec000000, 0x0000000100000000)
  eden space 16384K, 100% used [0x00000000eab00000,0x00000000ebb00000,0x00000000ebb00000)
  from space 2560K, 99% used [0x00000000ebb00000,0x00000000ebd7df90,0x00000000ebd80000)
  to   space 2560K, 0% used [0x00000000ebd80000,0x00000000ebd80000,0x00000000ec000000)
 ParOldGen       total 44032K, used 921K [0x00000000c0000000, 0x00000000c2b00000, 0x00000000eab00000)
  object space 44032K, 2% used [0x00000000c0000000,0x00000000c00e6608,0x00000000c2b00000)
 Metaspace       used 14541K, capacity 14724K, committed 15104K, reserved 1062912K
  class space    used 1862K, capacity 1927K, committed 2048K, reserved 1048576K
Event: 1.338 GC heap after
Heap after GC invocations=2 (full 0):
 PSYoungGen      total 18944K, used 2542K [0x00000000eab00000, 0x00000000ed000000, 0x0000000100000000)
  eden space 16384K, 0% used [0x00000000eab00000,0x00000000eab00000,0x00000000ebb00000)
  from space 2560K, 99% used [0x00000000ebd80000,0x00000000ebffb9c0,0x00000000ec000000)
  to   space 2560K, 0% used [0x00000000ebb00000,0x00000000ebb00000,0x00000000ebd80000)
 ParOldGen       total 44032K, used 2126K [0x00000000c0000000, 0x00000000c2b00000, 0x00000000eab00000)
  object space 44032K, 4% used [0x00000000c0000000,0x00000000c02138d0,0x00000000c2b00000)
 Metaspace       used 14541K, capacity 14724K, committed 15104K, reserved 1062912K
  class space    used 1862K, capacity 1927K, committed 2048K, reserved 1048576K
}

Deoptimization events (6 events):
Event: 0.939 Thread 0x0000000017a3f000 Uncommon trap: reason=class_check action=maybe_recompile pc=0x0000000003588564 method=java.io.DataInputStream.readChar()C @ 4
Event: 0.939 Thread 0x0000000017a3f000 Uncommon trap: reason=class_check action=maybe_recompile pc=0x0000000003588564 method=java.io.DataInputStream.readChar()C @ 4
Event: 0.939 Thread 0x0000000017a3f000 Uncommon trap: reason=class_check action=maybe_recompile pc=0x0000000003588564 method=java.io.DataInputStream.readChar()C @ 4
Event: 0.939 Thread 0x0000000017a3f000 Uncommon trap: reason=class_check action=maybe_recompile pc=0x0000000003588564 method=java.io.DataInputStream.readChar()C @ 4
Event: 0.980 Thread 0x0000000017a3f000 Uncommon trap: reason=unstable_if action=reinterpret pc=0x00000000035b1810 method=sun.text.UCompactIntArray.elementAt(I)I @ 14
Event: 1.043 Thread 0x0000000017a3f000 Uncommon trap: reason=unstable_if action=reinterpret pc=0x000000000352213c method=java.lang.String.indexOf([CII[CIII)I @ 3

Internal exceptions (10 events):
Event: 1.090 Thread 0x0000000017a3f000 Exception <a 'java/lang/ArrayIndexOutOfBoundsException'> (0x00000000eac23ae8) thrown at [C:\re\workspace\8-2-build-windows-amd64-cygwin\jdk8u111\7883\hotspot\src\share\vm\runtime\sharedRuntime.cpp, line 605]
Event: 1.090 Thread 0x0000000017a3f000 Exception <a 'java/lang/ArrayIndexOutOfBoundsException'> (0x00000000eac24e40) thrown at [C:\re\workspace\8-2-build-windows-amd64-cygwin\jdk8u111\7883\hotspot\src\share\vm\runtime\sharedRuntime.cpp, line 605]
Event: 1.090 Thread 0x0000000017a3f000 Exception <a 'java/lang/ArrayIndexOutOfBoundsException'> (0x00000000eac25fc0) thrown at [C:\re\workspace\8-2-build-windows-amd64-cygwin\jdk8u111\7883\hotspot\src\share\vm\runtime\sharedRuntime.cpp, line 605]
Event: 1.091 Thread 0x0000000017a3f000 Exception <a 'java/lang/ArrayIndexOutOfBoundsException'> (0x00000000eac27458) thrown at [C:\re\workspace\8-2-build-windows-amd64-cygwin\jdk8u111\7883\hotspot\src\share\vm\runtime\sharedRuntime.cpp, line 605]
Event: 1.091 Thread 0x0000000017a3f000 Exception <a 'java/lang/ArrayIndexOutOfBoundsException'> (0x00000000eac28cf8) thrown at [C:\re\workspace\8-2-build-windows-amd64-cygwin\jdk8u111\7883\hotspot\src\share\vm\runtime\sharedRuntime.cpp, line 605]
Event: 1.091 Thread 0x0000000017a3f000 Exception <a 'java/lang/ArrayIndexOutOfBoundsException'> (0x00000000eac295b8) thrown at [C:\re\workspace\8-2-build-windows-amd64-cygwin\jdk8u111\7883\hotspot\src\share\vm\runtime\sharedRuntime.cpp, line 605]
Event: 1.091 Thread 0x0000000017a3f000 Exception <a 'java/lang/ArrayIndexOutOfBoundsException'> (0x00000000eac2a018) thrown at [C:\re\workspace\8-2-build-windows-amd64-cygwin\jdk8u111\7883\hotspot\src\share\vm\runtime\sharedRuntime.cpp, line 605]
Event: 1.091 Thread 0x0000000017a3f000 Exception <a 'java/lang/ArrayIndexOutOfBoundsException'> (0x00000000eac2aef0) thrown at [C:\re\workspace\8-2-build-windows-amd64-cygwin\jdk8u111\7883\hotspot\src\share\vm\runtime\sharedRuntime.cpp, line 605]
Event: 1.091 Thread 0x0000000017a3f000 Exception <a 'java/lang/ArrayIndexOutOfBoundsException'> (0x00000000eac2ba38) thrown at [C:\re\workspace\8-2-build-windows-amd64-cygwin\jdk8u111\7883\hotspot\src\share\vm\runtime\sharedRuntime.cpp, line 605]
Event: 1.091 Thread 0x0000000017a3f000 Exception <a 'java/lang/ArrayIndexOutOfBoundsException'> (0x00000000eac2c410) thrown at [C:\re\workspace\8-2-build-windows-amd64-cygwin\jdk8u111\7883\hotspot\src\share\vm\runtime\sharedRuntime.cpp, line 605]

Events (10 events):
Event: 1.296 loading class org/apache/ibatis/session/RowBounds
Event: 1.296 loading class org/apache/ibatis/session/RowBounds done
Event: 1.296 loading class org/apache/ibatis/session/ResultHandler
Event: 1.296 loading class org/apache/ibatis/session/ResultHandler done
Event: 1.298 Thread 0x0000000017a3f000 DEOPT PACKING pc=0x00000000035211c3 sp=0x000000001877c6e0
Event: 1.298 Thread 0x0000000017a3f000 DEOPT UNPACKING pc=0x00000000033a71bf sp=0x000000001877c440 mode 0
Event: 1.328 Executing VM operation: ParallelGCFailedAllocation
Event: 1.338 Executing VM operation: ParallelGCFailedAllocation done
Event: 1.385 loading class org/apache/ibatis/scripting/xmltags/WhereSqlNode
Event: 1.385 loading class org/apache/ibatis/scripting/xmltags/WhereSqlNode done


Dynamic libraries:
0x00007ff7f69b0000 - 0x00007ff7f69e7000 	C:\Program Files\Java\jdk1.8.0_111\bin\javaw.exe
0x00007ffe8dd40000 - 0x00007ffe8df11000 	C:\Windows\SYSTEM32\ntdll.dll
0x00007ffe8dc90000 - 0x00007ffe8dd3b000 	C:\Windows\System32\KERNEL32.DLL
0x00007ffe8af60000 - 0x00007ffe8b17d000 	C:\Windows\System32\KERNELBASE.dll
0x00007ffe8d9f0000 - 0x00007ffe8da92000 	C:\Windows\System32\ADVAPI32.dll
0x00007ffe8d950000 - 0x00007ffe8d9ee000 	C:\Windows\System32\msvcrt.dll
0x00007ffe8b2e0000 - 0x00007ffe8b339000 	C:\Windows\System32\sechost.dll
0x00007ffe8db60000 - 0x00007ffe8dc81000 	C:\Windows\System32\RPCRT4.dll
0x00007ffe8cde0000 - 0x00007ffe8cf45000 	C:\Windows\System32\USER32.dll
0x00007ffe8acc0000 - 0x00007ffe8acde000 	C:\Windows\System32\win32u.dll
0x00007ffe8ca00000 - 0x00007ffe8ca34000 	C:\Windows\System32\GDI32.dll
0x00007ffe8a330000 - 0x00007ffe8a4b2000 	C:\Windows\System32\gdi32full.dll
0x00007ffe84090000 - 0x00007ffe8430a000 	C:\Windows\WinSxS\amd64_microsoft.windows.common-controls_6595b64144ccf1df_6.0.14393.953_none_42151e83c686086b\COMCTL32.dll
0x00007ffe8cab0000 - 0x00007ffe8cd78000 	C:\Windows\System32\combase.dll
0x00007ffe8a230000 - 0x00007ffe8a325000 	C:\Windows\System32\ucrtbase.dll
0x00007ffe8a4c0000 - 0x00007ffe8a52a000 	C:\Windows\System32\bcryptPrimitives.dll
0x00007ffe8b340000 - 0x00007ffe8b36e000 	C:\Windows\System32\IMM32.DLL
0x00000000663c0000 - 0x0000000066492000 	C:\Program Files\Java\jdk1.8.0_111\jre\bin\msvcr100.dll
0x0000000064800000 - 0x000000006509a000 	C:\Program Files\Java\jdk1.8.0_111\jre\bin\server\jvm.dll
0x00007ffe8b2d0000 - 0x00007ffe8b2d8000 	C:\Windows\System32\PSAPI.DLL
0x00007ffe85a80000 - 0x00007ffe85a8a000 	C:\Windows\SYSTEM32\VERSION.dll
0x00007ffe7c370000 - 0x00007ffe7c379000 	C:\Windows\SYSTEM32\WSOCK32.dll
0x00007ffe88620000 - 0x00007ffe88643000 	C:\Windows\SYSTEM32\WINMM.dll
0x00007ffe8d7a0000 - 0x00007ffe8d80a000 	C:\Windows\System32\WS2_32.dll
0x0000000001660000 - 0x000000000168b000 	C:\Windows\SYSTEM32\WINMMBASE.dll
0x00007ffe8b220000 - 0x00007ffe8b262000 	C:\Windows\System32\cfgmgr32.dll
0x0000000066b20000 - 0x0000000066b2f000 	C:\Program Files\Java\jdk1.8.0_111\jre\bin\verify.dll
0x0000000066af0000 - 0x0000000066b19000 	C:\Program Files\Java\jdk1.8.0_111\jre\bin\java.dll
0x0000000066ad0000 - 0x0000000066ae6000 	C:\Program Files\Java\jdk1.8.0_111\jre\bin\zip.dll
0x00007ffe8b380000 - 0x00007ffe8c889000 	C:\Windows\System32\SHELL32.dll
0x00007ffe8a530000 - 0x00007ffe8ac0a000 	C:\Windows\System32\windows.storage.dll
0x00007ffe8a1c0000 - 0x00007ffe8a20c000 	C:\Windows\System32\powrprof.dll
0x00007ffe8d0f0000 - 0x00007ffe8d142000 	C:\Windows\System32\shlwapi.dll
0x00007ffe8a210000 - 0x00007ffe8a21f000 	C:\Windows\System32\kernel.appcore.dll
0x00007ffe8aeb0000 - 0x00007ffe8af59000 	C:\Windows\System32\shcore.dll
0x00007ffe8a1a0000 - 0x00007ffe8a1b4000 	C:\Windows\System32\profapi.dll
0x00000000664a0000 - 0x0000000066638000 	C:\Program Files\Java\jdk1.8.0_111\jre\bin\awt.dll
0x00007ffe8d150000 - 0x00007ffe8d20f000 	C:\Windows\System32\OLEAUT32.dll
0x00007ffe8b180000 - 0x00007ffe8b21c000 	C:\Windows\System32\msvcp_win.dll
0x00007ffe88740000 - 0x00007ffe887ba000 	C:\Windows\SYSTEM32\apphelp.dll
0x00007ffe88920000 - 0x00007ffe889b5000 	C:\Windows\system32\uxtheme.dll
0x00007ffe8c890000 - 0x00007ffe8c9ea000 	C:\Windows\System32\MSCTF.dll
0x00007ffe880b0000 - 0x00007ffe880d6000 	C:\Windows\system32\dwmapi.dll
0x00007ffe8d810000 - 0x00007ffe8d947000 	C:\Windows\System32\ole32.dll
0x00007ffe82ea0000 - 0x00007ffe8302d000 	C:\Windows\system32\d3d9.dll
0x00007ffe53190000 - 0x00007ffe54246000 	C:\Windows\SYSTEM32\nvd3dumx.dll
0x00007ffe856f0000 - 0x00007ffe8585c000 	C:\Program Files (x86)\NVIDIA Corporation\3D Vision\nvSCPAPI64.dll
0x00007ffe8d210000 - 0x00007ffe8d639000 	C:\Windows\System32\SETUPAPI.dll
0x00007ffe84f90000 - 0x00007ffe852c6000 	C:\Windows\system32\nvapi64.dll
0x00007ffe88db0000 - 0x00007ffe88dd8000 	C:\Windows\SYSTEM32\DEVOBJ.dll
0x00007ffe8b270000 - 0x00007ffe8b2c5000 	C:\Windows\System32\WINTRUST.dll
0x00007ffe8a220000 - 0x00007ffe8a230000 	C:\Windows\System32\MSASN1.dll
0x00007ffe8ace0000 - 0x00007ffe8aea9000 	C:\Windows\System32\CRYPT32.dll
0x00007ffe89120000 - 0x00007ffe891bf000 	C:\Windows\system32\dxgi.dll
0x00007ffe7e5d0000 - 0x00007ffe7e762000 	C:\Windows\SYSTEM32\dbghelp.dll

VM Arguments:
jvm_args: -Dfile.encoding=UTF-8 
java_command: kr.or.dgit.donghun2.view.SellInfoViewA
java_class_path (initial): D:\workspace_sql\workspace_mybatis\donghun2\bin;C:\Users\SJW\.gradle\caches\modules-2\files-2.1\org.mybatis\mybatis\3.4.2\2b9a5082fe0bdb3128bab8b4b19b23ca0f3d9b38\mybatis-3.4.2.jar;C:\Users\SJW\.gradle\caches\modules-2\files-2.1\log4j\log4j\1.2.17\5af35056b4d257e4b64b9e8069c0746e8b08629f\log4j-1.2.17.jar;C:\Users\SJW\.gradle\caches\modules-2\files-2.1\mysql\mysql-connector-java\5.1.41\b0878056f15616989144d6114d36d3942321d0d1\mysql-connector-java-5.1.41.jar;C:\Users\SJW\.gradle\caches\modules-2\files-2.1\junit\junit\4.12\2973d150c0dc1fefe998f834810d68f278ea58ec\junit-4.12.jar;C:\Users\SJW\.gradle\caches\modules-2\files-2.1\org.hamcrest\hamcrest-core\1.3\42a25dc3219429f0e5d060061f71acb49bf010a0\hamcrest-core-1.3.jar;D:\workspace_sql\workspace_mybatis\donghun2\src\main\resources\erp_myframework.jar;D:\workspace_sql\workspace_mybatis\donghun2\lib\idw-gpl.jar;D:\workspace_sql\workspace_mybatis\donghun2\lib\JTattoo.jar;D:\workspace_sql\workspace_mybatis\donghun2\lib\liquidlnf.jar;D:\workspace_sql\workspace_mybatis\donghun2\lib\quaqua.jar;D:\workspace_sql\workspace_mybatis\donghun2\jdatepicker-1.3.4.jar
Launcher Type: SUN_STANDARD

Environment Variables:
JAVA_HOME=C:\Program Files\Java\jdk1.8.0_111
PATH=C:/Program Files/Java/jdk1.8.0_111/bin/../jre/bin/server;C:/Program Files/Java/jdk1.8.0_111/bin/../jre/bin;C:/Program Files/Java/jdk1.8.0_111/bin/../jre/lib/amd64;C:\Program Files\Java\jdk1.8.0_111\bin;C:\ProgramData\Oracle\Java\javapath;C:\Program Files (x86)\NVIDIA Corporation\PhysX\Common;C:\Windows\system32;C:\Windows;C:\Windows\System32\Wbem;C:\Windows\System32\WindowsPowerShell\v1.0\;C:\Program Files\MySQL\MySQL Server 5.6\bin;C:\Program Files\Git\cmd;D:\gradle-3.4.1\bin;C:\Users\SJW\AppData\Local\Microsoft\WindowsApps;C:\Program Files\Bandizip\7z;C:\eclipse_java;
USERNAME=SJW
OS=Windows_NT
PROCESSOR_IDENTIFIER=Intel64 Family 6 Model 23 Stepping 10, GenuineIntel



---------------  S Y S T E M  ---------------

OS: Windows 10.0 , 64 bit Build 14393 (10.0.14393.0)

CPU:total 4 (4 cores per cpu, 1 threads per core) family 6 model 23 stepping 10, cmov, cx8, fxsr, mmx, sse, sse2, sse3, ssse3, sse4.1, tsc

Memory: 4k page, physical 4192492k(779324k free), swap 8679788k(1677280k free)

vm_info: Java HotSpot(TM) 64-Bit Server VM (25.111-b14) for windows-amd64 JRE (1.8.0_111-b14), built on Sep 22 2016 19:24:05 by "java_re" with MS VC++ 10.0 (VS2010)

time: Wed Apr 05 20:04:19 2017
elapsed time: 1 seconds (0d 0h 0m 1s)

