#
# A fatal error has been detected by the Java Runtime Environment:
#
#  EXCEPTION_ACCESS_VIOLATION (0xc0000005) at pc=0xffffffffa4585120, pid=4652, tid=0x0000000000001204
#
# JRE version: Java(TM) SE Runtime Environment (8.0_111-b14) (build 1.8.0_111-b14)
# Java VM: Java HotSpot(TM) 64-Bit Server VM (25.111-b14 mixed mode windows-amd64 compressed oops)
# Problematic frame:
# C  0xffffffffa4585120
#
# Failed to write core dump. Minidumps are not enabled by default on client versions of Windows
#
# If you would like to submit a bug report, please visit:
#   http://bugreport.java.com/bugreport/crash.jsp
#

---------------  T H R E A D  ---------------

Current thread (0x0000000017c71800):  JavaThread "AWT-EventQueue-0" [_thread_in_Java, id=4612, stack(0x00000000187f0000,0x00000000188f0000)]

siginfo: ExceptionCode=0xc0000005, ExceptionInformation=0x0000000000000008 0xffffffffa4585120

Registers:
RAX=0x0000000017c71805, RBX=0x000000001531f460, RCX=0x00000000eb89f0a8, RDX=0x00000000eb89f0a8
RSP=0x00000000188ec048, RBP=0x00000000188ec100, RSI=0x00000000eb89f0a8, RDI=0x000000001a78bb58
R8 =0x0000000000000000, R9 =0x00000000eb906110, R10=0x00000000595ec0c0, R11=0x0000000003816860
R12=0x0000000000000000, R13=0x00000000188ec0b0, R14=0x00000000188ec148, R15=0x0000000017c71800
RIP=0xffffffffa4585120, EFLAGS=0x0000000000010216

Top of Stack: (sp=0x00000000188ec048)
0x00000000188ec048:   000000000381699c 000000001a78943d
0x00000000188ec058:   00000000188ec0b8 000000001a789590
0x00000000188ec068:   000000001a78ddb8 000000001a789520
0x00000000188ec078:   00000000eb89f0a8 00000000eb9060f8
0x00000000188ec088:   00000000eb89f0a8 00000000188ec100
0x00000000188ec098:   000000000358809d 00000000188ec100
0x00000000188ec0a8:   000000000358809d 0000000000000000
0x00000000188ec0b8:   00000000eb89f0a8 00000000188ec0c0
0x00000000188ec0c8:   000000001a7892c0 00000000188ec148
0x00000000188ec0d8:   000000001a789590 000000001a78d7d8
0x00000000188ec0e8:   000000001a789370 00000000188ec0b0
0x00000000188ec0f8:   00000000188ec140 00000000188ec190
0x00000000188ec108:   000000000358809d 0000000000000020
0x00000000188ec118:   000000000000001b 0000000000001ac2
0x00000000188ec128:   000000000000d615 00000000ffffffff
0x00000000188ec138:   0000000000000001 00000000eb906140 

Instructions: (pc=0xffffffffa4585120)
0xffffffffa4585100:   
[error occurred during error reporting (printing registers, top of stack, instructions near pc), id 0xc0000005]

Register to memory mapping:

RAX=0x0000000017c71805 is an unknown value
RBX={method} {0x000000001531f468} 'setLength' '(I)V' in 'java/lang/StringBuffer'
RCX=0x00000000eb89f0a8 is an oop
java.lang.StringBuffer 
 - klass: 'java/lang/StringBuffer'
RDX=0x00000000eb89f0a8 is an oop
java.lang.StringBuffer 
 - klass: 'java/lang/StringBuffer'
RSP=0x00000000188ec048 is pointing into the stack for thread: 0x0000000017c71800
RBP=0x00000000188ec100 is pointing into the stack for thread: 0x0000000017c71800
RSI=0x00000000eb89f0a8 is an oop
java.lang.StringBuffer 
 - klass: 'java/lang/StringBuffer'
RDI=0x000000001a78bb58 is pointing into metadata
R8 =0x0000000000000000 is an unknown value
R9 =0x00000000eb906110 is an oop
[C 
 - klass: {type array char}
 - length: 1
R10=0x00000000595ec0c0 is an unknown value
R11=0x0000000003816860 is at entry_point+32 in (nmethod*)0x00000000038166d0
R12=0x0000000000000000 is an unknown value
R13=0x00000000188ec0b0 is pointing into the stack for thread: 0x0000000017c71800
R14=0x00000000188ec148 is pointing into the stack for thread: 0x0000000017c71800
R15=0x0000000017c71800 is a thread


Stack: [0x00000000187f0000,0x00000000188f0000],  sp=0x00000000188ec048,  free space=1008k
Native frames: (J=compiled Java code, j=interpreted, Vv=VM code, C=native code)
C  0xffffffffa4585120


---------------  P R O C E S S  ---------------

Java Threads: ( => current thread )
  0x0000000017f16000 JavaThread "TimerQueue" daemon [_thread_blocked, id=7932, stack(0x000000001c4c0000,0x000000001c5c0000)]
  0x0000000017efa000 JavaThread "D3D Screen Updater" daemon [_thread_blocked, id=6172, stack(0x000000001b990000,0x000000001ba90000)]
  0x0000000003480800 JavaThread "DestroyJavaVM" [_thread_blocked, id=4376, stack(0x0000000003380000,0x0000000003480000)]
=>0x0000000017c71800 JavaThread "AWT-EventQueue-0" [_thread_in_Java, id=4612, stack(0x00000000187f0000,0x00000000188f0000)]
  0x0000000017c70000 JavaThread "AWT-Windows" daemon [_thread_in_native, id=6856, stack(0x0000000018610000,0x0000000018710000)]
  0x0000000017c6d000 JavaThread "AWT-Shutdown" [_thread_blocked, id=8044, stack(0x0000000018510000,0x0000000018610000)]
  0x0000000017c26800 JavaThread "Java2D Disposer" daemon [_thread_blocked, id=7908, stack(0x0000000018410000,0x0000000018510000)]
  0x0000000017090800 JavaThread "Service Thread" daemon [_thread_blocked, id=7616, stack(0x0000000017940000,0x0000000017a40000)]
  0x0000000017059000 JavaThread "C1 CompilerThread2" daemon [_thread_blocked, id=5192, stack(0x0000000017840000,0x0000000017940000)]
  0x0000000017049000 JavaThread "C2 CompilerThread1" daemon [_thread_blocked, id=8112, stack(0x0000000017740000,0x0000000017840000)]
  0x0000000015cac000 JavaThread "C2 CompilerThread0" daemon [_thread_blocked, id=7740, stack(0x0000000017640000,0x0000000017740000)]
  0x0000000015caa800 JavaThread "Attach Listener" daemon [_thread_blocked, id=4640, stack(0x0000000017540000,0x0000000017640000)]
  0x0000000015c5d800 JavaThread "Signal Dispatcher" daemon [_thread_blocked, id=2256, stack(0x0000000017440000,0x0000000017540000)]
  0x0000000015c3a800 JavaThread "Finalizer" daemon [_thread_blocked, id=872, stack(0x0000000016ec0000,0x0000000016fc0000)]
  0x000000000356f800 JavaThread "Reference Handler" daemon [_thread_blocked, id=4928, stack(0x0000000016dc0000,0x0000000016ec0000)]

Other Threads:
  0x0000000015c18800 VMThread [stack: 0x0000000016cc0000,0x0000000016dc0000] [id=1672]
  0x0000000017098000 WatcherThread [stack: 0x0000000017a40000,0x0000000017b40000] [id=2528]

VM state:not at safepoint (normal execution)

VM Mutex/Monitor currently owned by a thread: None

Heap:
 PSYoungGen      total 18944K, used 14413K [0x00000000eab00000, 0x00000000ec000000, 0x0000000100000000)
  eden space 16384K, 87% used [0x00000000eab00000,0x00000000eb913768,0x00000000ebb00000)
  from space 2560K, 0% used [0x00000000ebd80000,0x00000000ebd80000,0x00000000ec000000)
  to   space 2560K, 0% used [0x00000000ebb00000,0x00000000ebb00000,0x00000000ebd80000)
 ParOldGen       total 44032K, used 0K [0x00000000c0000000, 0x00000000c2b00000, 0x00000000eab00000)
  object space 44032K, 0% used [0x00000000c0000000,0x00000000c0000000,0x00000000c2b00000)
 Metaspace       used 15139K, capacity 15272K, committed 15488K, reserved 1062912K
  class space    used 1992K, capacity 2057K, committed 2176K, reserved 1048576K

Card table byte_map: [0x0000000012940000,0x0000000012b50000] byte_map_base: 0x0000000012340000

Marking Bits: (ParMarkBitMap*) 0x000000005960a6c0
 Begin Bits: [0x00000000130b0000, 0x00000000140b0000)
 End Bits:   [0x00000000140b0000, 0x00000000150b0000)

Polling page: 0x0000000001430000

CodeCache: size=245760Kb used=2743Kb max_used=2743Kb free=243016Kb
 bounds [0x0000000003580000, 0x0000000003840000, 0x0000000012580000]
 total_blobs=1257 nmethods=769 adapters=403
 compilation: enabled

Compilation events (10 events):
Event: 5.582 Thread 0x0000000015cac000  766       4       java.text.PatternEntry::equals (25 bytes)
Event: 5.584 Thread 0x0000000015cac000 nmethod 766 0x0000000003814f90 code [0x00000000038150e0, 0x0000000003815218]
Event: 5.584 Thread 0x0000000015cac000  767       4       java.util.ArrayList::lastIndexOf (69 bytes)
Event: 5.584 Thread 0x0000000017049000 nmethod 764 0x0000000003817d50 code [0x0000000003817ea0, 0x00000000038180d8]
Event: 5.586 Thread 0x0000000017049000  768       4       java.lang.AbstractStringBuilder::setLength (45 bytes)
Event: 5.587 Thread 0x0000000015cac000 nmethod 767 0x000000000381c290 code [0x000000000381c3e0, 0x000000000381c5b8]
Event: 5.587 Thread 0x0000000015cac000  769  s    4       java.lang.StringBuffer::setLength (11 bytes)
Event: 5.588 Thread 0x0000000017059000 nmethod 761 0x000000000381c710 code [0x000000000381ce80, 0x0000000003823b08]
Event: 5.588 Thread 0x0000000017059000  765       3       java.text.MergeCollation::findLastEntry (247 bytes)
Event: 5.590 Thread 0x0000000017049000 nmethod 768 0x0000000003819490 code [0x00000000038195e0, 0x0000000003819918]

GC Heap History (0 events):
No events

Deoptimization events (5 events):
Event: 0.425 Thread 0x0000000017c71800 Uncommon trap: reason=null_check action=make_not_entrant pc=0x00000000036f0238 method=java.lang.String.equals(Ljava/lang/Object;)Z @ 8
Event: 2.473 Thread 0x0000000017c71800 Uncommon trap: reason=class_check action=maybe_recompile pc=0x000000000370ad68 method=java.lang.String.equals(Ljava/lang/Object;)Z @ 8
Event: 2.473 Thread 0x0000000017c71800 Uncommon trap: reason=class_check action=maybe_recompile pc=0x000000000370ad68 method=java.lang.String.equals(Ljava/lang/Object;)Z @ 8
Event: 2.679 Thread 0x0000000017c71800 Uncommon trap: reason=class_check action=maybe_recompile pc=0x000000000370ad68 method=java.lang.String.equals(Ljava/lang/Object;)Z @ 8
Event: 2.679 Thread 0x0000000017c71800 Uncommon trap: reason=class_check action=maybe_recompile pc=0x000000000370ad68 method=java.lang.String.equals(Ljava/lang/Object;)Z @ 8

Internal exceptions (10 events):
Event: 5.485 Thread 0x0000000017c71800 Exception <a 'java/lang/ArrayIndexOutOfBoundsException'> (0x00000000eb5c5ba0) thrown at [C:\re\workspace\8-2-build-windows-amd64-cygwin\jdk8u111\7883\hotspot\src\share\vm\runtime\sharedRuntime.cpp, line 605]
Event: 5.486 Thread 0x0000000017c71800 Exception <a 'java/lang/ArrayIndexOutOfBoundsException'> (0x00000000eb5cab88) thrown at [C:\re\workspace\8-2-build-windows-amd64-cygwin\jdk8u111\7883\hotspot\src\share\vm\runtime\sharedRuntime.cpp, line 605]
Event: 5.486 Thread 0x0000000017c71800 Exception <a 'java/lang/ArrayIndexOutOfBoundsException'> (0x00000000eb5cfd28) thrown at [C:\re\workspace\8-2-build-windows-amd64-cygwin\jdk8u111\7883\hotspot\src\share\vm\runtime\sharedRuntime.cpp, line 605]
Event: 5.487 Thread 0x0000000017c71800 Exception <a 'java/lang/ArrayIndexOutOfBoundsException'> (0x00000000eb5d52d0) thrown at [C:\re\workspace\8-2-build-windows-amd64-cygwin\jdk8u111\7883\hotspot\src\share\vm\runtime\sharedRuntime.cpp, line 605]
Event: 5.488 Thread 0x0000000017c71800 Exception <a 'java/lang/ArrayIndexOutOfBoundsException'> (0x00000000eb5da7e8) thrown at [C:\re\workspace\8-2-build-windows-amd64-cygwin\jdk8u111\7883\hotspot\src\share\vm\runtime\sharedRuntime.cpp, line 605]
Event: 5.488 Thread 0x0000000017c71800 Exception <a 'java/lang/ArrayIndexOutOfBoundsException'> (0x00000000eb5dfc20) thrown at [C:\re\workspace\8-2-build-windows-amd64-cygwin\jdk8u111\7883\hotspot\src\share\vm\runtime\sharedRuntime.cpp, line 605]
Event: 5.489 Thread 0x0000000017c71800 Exception <a 'java/lang/ArrayIndexOutOfBoundsException'> (0x00000000eb5e5098) thrown at [C:\re\workspace\8-2-build-windows-amd64-cygwin\jdk8u111\7883\hotspot\src\share\vm\runtime\sharedRuntime.cpp, line 605]
Event: 5.490 Thread 0x0000000017c71800 Exception <a 'java/lang/ArrayIndexOutOfBoundsException'> (0x00000000eb5ea828) thrown at [C:\re\workspace\8-2-build-windows-amd64-cygwin\jdk8u111\7883\hotspot\src\share\vm\runtime\sharedRuntime.cpp, line 605]
Event: 5.490 Thread 0x0000000017c71800 Exception <a 'java/lang/ArrayIndexOutOfBoundsException'> (0x00000000eb5efed8) thrown at [C:\re\workspace\8-2-build-windows-amd64-cygwin\jdk8u111\7883\hotspot\src\share\vm\runtime\sharedRuntime.cpp, line 605]
Event: 5.492 Thread 0x0000000017c71800 Exception <a 'java/lang/ArrayIndexOutOfBoundsException'> (0x00000000eb5fbfb0) thrown at [C:\re\workspace\8-2-build-windows-amd64-cygwin\jdk8u111\7883\hotspot\src\share\vm\runtime\sharedRuntime.cpp, line 605]

Events (10 events):
Event: 5.576 loading class sun/text/normalizer/UnicodeMatcher done
Event: 5.576 loading class sun/text/normalizer/UnicodeSet done
Event: 5.576 loading class sun/text/normalizer/NormalizerImpl$DecomposeArgs
Event: 5.576 loading class sun/text/normalizer/NormalizerImpl$DecomposeArgs done
Event: 5.578 loading class java/text/MergeCollation
Event: 5.578 loading class java/text/MergeCollation done
Event: 5.578 loading class java/text/PatternEntry$Parser
Event: 5.578 loading class java/text/PatternEntry$Parser done
Event: 5.579 loading class java/text/PatternEntry
Event: 5.579 loading class java/text/PatternEntry done


Dynamic libraries:
0x00007ff706ca0000 - 0x00007ff706cd7000 	C:\Program Files\Java\jdk1.8.0_111\bin\javaw.exe
0x00007ffb6b790000 - 0x00007ffb6b961000 	C:\Windows\SYSTEM32\ntdll.dll
0x00007ffb6aad0000 - 0x00007ffb6ab7b000 	C:\Windows\System32\KERNEL32.DLL
0x00007ffb68460000 - 0x00007ffb6867d000 	C:\Windows\System32\KERNELBASE.dll
0x00007ffb6b3e0000 - 0x00007ffb6b482000 	C:\Windows\System32\ADVAPI32.dll
0x00007ffb6b570000 - 0x00007ffb6b60e000 	C:\Windows\System32\msvcrt.dll
0x00007ffb69420000 - 0x00007ffb69479000 	C:\Windows\System32\sechost.dll
0x00007ffb68d80000 - 0x00007ffb68ea1000 	C:\Windows\System32\RPCRT4.dll
0x00007ffb6ad30000 - 0x00007ffb6ae95000 	C:\Windows\System32\USER32.dll
0x00007ffb68810000 - 0x00007ffb6882e000 	C:\Windows\System32\win32u.dll
0x00007ffb6ace0000 - 0x00007ffb6ad14000 	C:\Windows\System32\GDI32.dll
0x00007ffb68680000 - 0x00007ffb68802000 	C:\Windows\System32\gdi32full.dll
0x00007ffb619b0000 - 0x00007ffb61c2a000 	C:\Windows\WinSxS\amd64_microsoft.windows.common-controls_6595b64144ccf1df_6.0.14393.953_none_42151e83c686086b\COMCTL32.dll
0x00007ffb68eb0000 - 0x00007ffb69178000 	C:\Windows\System32\combase.dll
0x00007ffb68830000 - 0x00007ffb68925000 	C:\Windows\System32\ucrtbase.dll
0x00007ffb68cb0000 - 0x00007ffb68d1a000 	C:\Windows\System32\bcryptPrimitives.dll
0x00007ffb6b6a0000 - 0x00007ffb6b6ce000 	C:\Windows\System32\IMM32.DLL
0x000000005a1b0000 - 0x000000005a282000 	C:\Program Files\Java\jdk1.8.0_111\jre\bin\msvcr100.dll
0x0000000058df0000 - 0x000000005968a000 	C:\Program Files\Java\jdk1.8.0_111\jre\bin\server\jvm.dll
0x00007ffb6ad20000 - 0x00007ffb6ad28000 	C:\Windows\System32\PSAPI.DLL
0x00007ffb63470000 - 0x00007ffb6347a000 	C:\Windows\SYSTEM32\VERSION.dll
0x00007ffb66070000 - 0x00007ffb66093000 	C:\Windows\SYSTEM32\WINMM.dll
0x00007ffb66010000 - 0x00007ffb6603b000 	C:\Windows\SYSTEM32\WINMMBASE.dll
0x00007ffb67c80000 - 0x00007ffb67cc2000 	C:\Windows\System32\cfgmgr32.dll
0x00007ffb5bce0000 - 0x00007ffb5bce9000 	C:\Windows\SYSTEM32\WSOCK32.dll
0x00007ffb6b610000 - 0x00007ffb6b67a000 	C:\Windows\System32\WS2_32.dll
0x000000005a3e0000 - 0x000000005a3ef000 	C:\Program Files\Java\jdk1.8.0_111\jre\bin\verify.dll
0x000000005a360000 - 0x000000005a389000 	C:\Program Files\Java\jdk1.8.0_111\jre\bin\java.dll
0x000000005a340000 - 0x000000005a356000 	C:\Program Files\Java\jdk1.8.0_111\jre\bin\zip.dll
0x00007ffb695c0000 - 0x00007ffb6aac9000 	C:\Windows\System32\SHELL32.dll
0x00007ffb67d80000 - 0x00007ffb6845a000 	C:\Windows\System32\windows.storage.dll
0x00007ffb67c30000 - 0x00007ffb67c7c000 	C:\Windows\System32\powrprof.dll
0x00007ffb68d20000 - 0x00007ffb68d72000 	C:\Windows\System32\shlwapi.dll
0x00007ffb67c00000 - 0x00007ffb67c0f000 	C:\Windows\System32\kernel.appcore.dll
0x00007ffb68b60000 - 0x00007ffb68c09000 	C:\Windows\System32\shcore.dll
0x00007ffb67c10000 - 0x00007ffb67c24000 	C:\Windows\System32\profapi.dll
0x0000000058c50000 - 0x0000000058de8000 	C:\Program Files\Java\jdk1.8.0_111\jre\bin\awt.dll
0x00007ffb6b6d0000 - 0x00007ffb6b78f000 	C:\Windows\System32\OLEAUT32.dll
0x00007ffb68c10000 - 0x00007ffb68cac000 	C:\Windows\System32\msvcp_win.dll
0x00007ffb661a0000 - 0x00007ffb6621a000 	C:\Windows\SYSTEM32\apphelp.dll
0x00007ffb66370000 - 0x00007ffb66405000 	C:\Windows\system32\uxtheme.dll
0x00007ffb6ab80000 - 0x00007ffb6acda000 	C:\Windows\System32\MSCTF.dll
0x00007ffb65a40000 - 0x00007ffb65a66000 	C:\Windows\system32\dwmapi.dll
0x00007ffb69480000 - 0x00007ffb695b7000 	C:\Windows\System32\ole32.dll
0x00007ffb556e0000 - 0x00007ffb5586d000 	C:\Windows\system32\d3d9.dll
0x00007ffb31380000 - 0x00007ffb32436000 	C:\Windows\SYSTEM32\nvd3dumx.dll
0x00007ffb62c70000 - 0x00007ffb62ddc000 	C:\Program Files (x86)\NVIDIA Corporation\3D Vision\nvSCPAPI64.dll
0x00007ffb6aea0000 - 0x00007ffb6b2c9000 	C:\Windows\System32\SETUPAPI.dll
0x00007ffb62930000 - 0x00007ffb62c66000 	C:\Windows\system32\nvapi64.dll
0x00007ffb66820000 - 0x00007ffb66848000 	C:\Windows\SYSTEM32\DEVOBJ.dll
0x00007ffb68930000 - 0x00007ffb68985000 	C:\Windows\System32\WINTRUST.dll
0x00007ffb67bf0000 - 0x00007ffb67c00000 	C:\Windows\System32\MSASN1.dll
0x00007ffb68990000 - 0x00007ffb68b59000 	C:\Windows\System32\CRYPT32.dll
0x00007ffb66b70000 - 0x00007ffb66c0f000 	C:\Windows\system32\dxgi.dll
0x000000005a160000 - 0x000000005a1a7000 	C:\Program Files\Java\jdk1.8.0_111\jre\bin\fontmanager.dll
0x000000005a320000 - 0x000000005a33a000 	C:\Program Files\Java\jdk1.8.0_111\jre\bin\net.dll
0x00007ffb674c0000 - 0x00007ffb6751c000 	C:\Windows\system32\mswsock.dll
0x000000005a300000 - 0x000000005a311000 	C:\Program Files\Java\jdk1.8.0_111\jre\bin\nio.dll
0x000000005a110000 - 0x000000005a152000 	C:\Program Files\Java\jdk1.8.0_111\jre\bin\t2k.dll
0x00007ffb6b340000 - 0x00007ffb6b3df000 	C:\Windows\System32\clbcatq.dll
0x00007ffb654d0000 - 0x00007ffb65678000 	C:\Windows\SYSTEM32\WindowsCodecs.dll
0x00007ffb55040000 - 0x00007ffb55089000 	C:\Windows\system32\dataexchange.dll
0x00007ffb64870000 - 0x00007ffb64b26000 	C:\Windows\system32\d3d11.dll
0x00007ffb65b30000 - 0x00007ffb65c81000 	C:\Windows\system32\dcomp.dll
0x00007ffb66610000 - 0x00007ffb6672c000 	C:\Windows\system32\twinapi.appcore.dll
0x00007ffb67b20000 - 0x00007ffb67b4b000 	C:\Windows\system32\bcrypt.dll
0x00007ffb5e430000 - 0x00007ffb5e502000 	C:\Windows\System32\IME\IMEKR\imkrtip.dll
0x00007ffb65680000 - 0x00007ffb65805000 	C:\Windows\SYSTEM32\PROPSYS.dll
0x00007ffb5e1b0000 - 0x00007ffb5e306000 	C:\Windows\System32\IME\shared\imetip.dll
0x00007ffb5dfa0000 - 0x00007ffb5e148000 	C:\Windows\SYSTEM32\DUI70.dll
0x00007ffb615c0000 - 0x00007ffb61625000 	C:\Windows\SYSTEM32\OLEACC.dll
0x00007ffb5e3f0000 - 0x00007ffb5e428000 	C:\Windows\System32\IME\IMEKR\imkrapi.dll
0x00007ffb5df60000 - 0x00007ffb5df95000 	C:\Windows\System32\IME\shared\imjkapi.dll
0x00007ffb66f90000 - 0x00007ffb66fc2000 	C:\Windows\SYSTEM32\ntmarta.dll
0x00007ffb5bf10000 - 0x00007ffb5c0a2000 	C:\Windows\SYSTEM32\dbghelp.dll

VM Arguments:
jvm_args: -Dfile.encoding=UTF-8 
java_command: kr.or.dgit.donghun2.view.EmployeeView
java_class_path (initial): D:\workspace_sql\workspace_mybatis\donghun2\bin;C:\Users\SJW\.gradle\caches\modules-2\files-2.1\org.mybatis\mybatis\3.4.2\2b9a5082fe0bdb3128bab8b4b19b23ca0f3d9b38\mybatis-3.4.2.jar;C:\Users\SJW\.gradle\caches\modules-2\files-2.1\log4j\log4j\1.2.17\5af35056b4d257e4b64b9e8069c0746e8b08629f\log4j-1.2.17.jar;C:\Users\SJW\.gradle\caches\modules-2\files-2.1\mysql\mysql-connector-java\5.1.41\b0878056f15616989144d6114d36d3942321d0d1\mysql-connector-java-5.1.41.jar;C:\Users\SJW\.gradle\caches\modules-2\files-2.1\junit\junit\4.12\2973d150c0dc1fefe998f834810d68f278ea58ec\junit-4.12.jar;C:\Users\SJW\.gradle\caches\modules-2\files-2.1\org.hamcrest\hamcrest-core\1.3\42a25dc3219429f0e5d060061f71acb49bf010a0\hamcrest-core-1.3.jar;D:\workspace_sql\workspace_mybatis\donghun2\src\main\resources\erp_myframework.jar
Launcher Type: SUN_STANDARD

Environment Variables:
JAVA_HOME=C:\Program Files\Java\jdk1.8.0_111
PATH=C:/Program Files/Java/jdk1.8.0_111/bin/../jre/bin/server;C:/Program Files/Java/jdk1.8.0_111/bin/../jre/bin;C:/Program Files/Java/jdk1.8.0_111/bin/../jre/lib/amd64;C:\Program Files\Java\jdk1.8.0_111\bin;C:\ProgramData\Oracle\Java\javapath;C:\Program Files (x86)\NVIDIA Corporation\PhysX\Common;C:\Windows\system32;C:\Windows;C:\Windows\System32\Wbem;C:\Windows\System32\WindowsPowerShell\v1.0\;C:\Program Files\MySQL\MySQL Server 5.6\bin;C:\Program Files\Git\cmd;D:\gradle-3.4.1\bin;C:\Users\SJW\AppData\Local\Microsoft\WindowsApps;C:\Program Files\Bandizip\7z;C:\eclipse_java;
USERNAME=SJW
OS=Windows_NT
PROCESSOR_IDENTIFIER=Intel64 Family 6 Model 23 Stepping 10, GenuineIntel



---------------  S Y S T E M  ---------------

OS: Windows 10.0 , 64 bit Build 14393 (10.0.14393.0)

CPU:total 4 (4 cores per cpu, 1 threads per core) family 6 model 23 stepping 10, cmov, cx8, fxsr, mmx, sse, sse2, sse3, ssse3, sse4.1, tsc

Memory: 4k page, physical 4192492k(1555240k free), swap 6682860k(1315532k free)

vm_info: Java HotSpot(TM) 64-Bit Server VM (25.111-b14) for windows-amd64 JRE (1.8.0_111-b14), built on Sep 22 2016 19:24:05 by "java_re" with MS VC++ 10.0 (VS2010)

time: Thu Apr 06 19:31:38 2017
elapsed time: 5 seconds (0d 0h 0m 5s)

