#
# A fatal error has been detected by the Java Runtime Environment:
#
#  EXCEPTION_ACCESS_VIOLATION (0xc0000005) at pc=0xffffffffa3c55120, pid=4992, tid=0x000000000000217c
#
# JRE version: Java(TM) SE Runtime Environment (8.0_111-b14) (build 1.8.0_111-b14)
# Java VM: Java HotSpot(TM) 64-Bit Server VM (25.111-b14 mixed mode windows-amd64 compressed oops)
# Problematic frame:
# C  0xffffffffa3c55120
#
# Failed to write core dump. Minidumps are not enabled by default on client versions of Windows
#
# If you would like to submit a bug report, please visit:
#   http://bugreport.java.com/bugreport/crash.jsp
#

---------------  T H R E A D  ---------------

Current thread (0x0000000016b0c000):  JavaThread "AWT-EventQueue-0" [_thread_in_Java, id=8572, stack(0x000000001a940000,0x000000001aa40000)]

siginfo: ExceptionCode=0xc0000005, ExceptionInformation=0x0000000000000008 0xffffffffa3c55120

Registers:
RAX=0x0000000100256880, RBX=0x00000000eabe4598, RCX=0x00000000eab45d50, RDX=0x00000000eabe4598
RSP=0x000000001aa3c258, RBP=0x000000001aa3c308, RSI=0x0000000000000480, RDI=0x00000000eabe4598
R8 =0x00000000eabe4598, R9 =0x0000000000000148, R10=0x0000000100256880, R11=0x0000000002f8cdc0
R12=0x0000000000000000, R13=0x000000001aa3c2b8, R14=0x00000000182d7ce0, R15=0x0000000016b0c000
RIP=0xffffffffa3c55120, EFLAGS=0x0000000000010246

Top of Stack: (sp=0x000000001aa3c258)
0x000000001aa3c258:   0000000002f8cffc 0000000002f8d620
0x000000001aa3c268:   0000000002d6a899 0000000000000005
0x000000001aa3c278:   0000000000000000 0000000000000480
0x000000001aa3c288:   00000000eab45d50 00000000eabe4598
0x000000001aa3c298:   00000000eab47ec0 000000001aa3c308
0x000000001aa3c2a8:   0000000002c57ae0 0000000002c57ae0
0x000000001aa3c2b8:   00000000eabe4598 00000000eab45d50
0x000000001aa3c2c8:   000000001aa3c2c8 00000000182d3441
0x000000001aa3c2d8:   000000001aa3c338 00000000182d3588
0x000000001aa3c2e8:   00000000182d7ce0 00000000182d3518
0x000000001aa3c2f8:   000000001aa3c2b8 000000001aa3c328
0x000000001aa3c308:   000000001aa3c380 0000000002c57ae0
0x000000001aa3c318:   0000000000000000 00000000ffffffff
0x000000001aa3c328:   00000000eab45d68 00000000eabe4598
0x000000001aa3c338:   00000000eab45d20 000000001aa3c340
0x000000001aa3c348:   00000000182d32c4 000000001aa3c3c8 

Instructions: (pc=0xffffffffa3c55120)
0xffffffffa3c55100:   
[error occurred during error reporting (printing registers, top of stack, instructions near pc), id 0xc0000005]

Register to memory mapping:

RAX=0x0000000100256880 is pointing into metadata
RBX=0x00000000eabe4598 is an oop
java.text.PatternEntry 
 - klass: 'java/text/PatternEntry'
RCX=0x00000000eab45d50 is an oop
java.util.ArrayList 
 - klass: 'java/util/ArrayList'
RDX=0x00000000eabe4598 is an oop
java.text.PatternEntry 
 - klass: 'java/text/PatternEntry'
RSP=0x000000001aa3c258 is pointing into the stack for thread: 0x0000000016b0c000
RBP=0x000000001aa3c308 is pointing into the stack for thread: 0x0000000016b0c000
RSI=0x0000000000000480 is an unknown value
RDI=0x00000000eabe4598 is an oop
java.text.PatternEntry 
 - klass: 'java/text/PatternEntry'
R8 =0x00000000eabe4598 is an oop
java.text.PatternEntry 
 - klass: 'java/text/PatternEntry'
R9 =0x0000000000000148 is an unknown value
R10=0x0000000100256880 is pointing into metadata
R11=0x0000000002f8cdc0 is at entry_point+32 in (nmethod*)0x0000000002f8cc10
R12=0x0000000000000000 is an unknown value
R13=0x000000001aa3c2b8 is pointing into the stack for thread: 0x0000000016b0c000
R14=0x00000000182d7ce0 is pointing into metadata
R15=0x0000000016b0c000 is a thread


Stack: [0x000000001a940000,0x000000001aa40000],  sp=0x000000001aa3c258,  free space=1008k
Native frames: (J=compiled Java code, j=interpreted, Vv=VM code, C=native code)
C  0xffffffffa3c55120


---------------  P R O C E S S  ---------------

Java Threads: ( => current thread )
  0x0000000017532000 JavaThread "TimerQueue" daemon [_thread_blocked, id=8, stack(0x000000001b650000,0x000000001b750000)]
  0x00000000174f4800 JavaThread "Image Fetcher 0" daemon [_thread_blocked, id=8792, stack(0x000000001b340000,0x000000001b440000)]
  0x00000000174db800 JavaThread "D3D Screen Updater" daemon [_thread_blocked, id=2460, stack(0x000000001b230000,0x000000001b330000)]
  0x00000000025cd800 JavaThread "DestroyJavaVM" [_thread_blocked, id=4192, stack(0x0000000002a50000,0x0000000002b50000)]
=>0x0000000016b0c000 JavaThread "AWT-EventQueue-0" [_thread_in_Java, id=8572, stack(0x000000001a940000,0x000000001aa40000)]
  0x0000000016adf800 JavaThread "AWT-Windows" daemon [_thread_in_native, id=5020, stack(0x0000000017ce0000,0x0000000017de0000)]
  0x0000000016adb800 JavaThread "AWT-Shutdown" [_thread_blocked, id=7156, stack(0x0000000017be0000,0x0000000017ce0000)]
  0x0000000016adb000 JavaThread "Java2D Disposer" daemon [_thread_blocked, id=928, stack(0x0000000017ae0000,0x0000000017be0000)]
  0x0000000016754000 JavaThread "Service Thread" daemon [_thread_blocked, id=4048, stack(0x0000000017010000,0x0000000017110000)]
  0x000000001671e800 JavaThread "C1 CompilerThread2" daemon [_thread_blocked, id=816, stack(0x0000000016f10000,0x0000000017010000)]
  0x000000001537d800 JavaThread "C2 CompilerThread1" daemon [_thread_blocked, id=7148, stack(0x0000000016e10000,0x0000000016f10000)]
  0x000000001537a800 JavaThread "C2 CompilerThread0" daemon [_thread_blocked, id=2600, stack(0x0000000016d10000,0x0000000016e10000)]
  0x0000000016718800 JavaThread "Attach Listener" daemon [_thread_blocked, id=6912, stack(0x0000000016c10000,0x0000000016d10000)]
  0x000000001532e000 JavaThread "Signal Dispatcher" daemon [_thread_blocked, id=6864, stack(0x0000000016b10000,0x0000000016c10000)]
  0x0000000015309000 JavaThread "Finalizer" daemon [_thread_blocked, id=4240, stack(0x0000000016590000,0x0000000016690000)]
  0x0000000002c41000 JavaThread "Reference Handler" daemon [_thread_blocked, id=952, stack(0x0000000016490000,0x0000000016590000)]

Other Threads:
  0x00000000152e7800 VMThread [stack: 0x0000000016390000,0x0000000016490000] [id=1316]
  0x00000000167f8000 WatcherThread [stack: 0x0000000017110000,0x0000000017210000] [id=2028]

VM state:not at safepoint (normal execution)

VM Mutex/Monitor currently owned by a thread: None

Heap:
 PSYoungGen      total 18944K, used 3917K [0x00000000eab00000, 0x00000000ec000000, 0x0000000100000000)
  eden space 16384K, 8% used [0x00000000eab00000,0x00000000eac5aca8,0x00000000ebb00000)
  from space 2560K, 98% used [0x00000000ebb00000,0x00000000ebd78808,0x00000000ebd80000)
  to   space 2560K, 0% used [0x00000000ebd80000,0x00000000ebd80000,0x00000000ec000000)
 ParOldGen       total 44032K, used 1483K [0x00000000c0000000, 0x00000000c2b00000, 0x00000000eab00000)
  object space 44032K, 3% used [0x00000000c0000000,0x00000000c0172ec8,0x00000000c2b00000)
 Metaspace       used 17512K, capacity 17762K, committed 18048K, reserved 1064960K
  class space    used 2319K, capacity 2414K, committed 2432K, reserved 1048576K

Card table byte_map: [0x0000000012010000,0x0000000012220000] byte_map_base: 0x0000000011a10000

Marking Bits: (ParMarkBitMap*) 0x000000005962a6c0
 Begin Bits: [0x0000000012780000, 0x0000000013780000)
 End Bits:   [0x0000000013780000, 0x0000000014780000)

Polling page: 0x0000000000aa0000

CodeCache: size=245760Kb used=3404Kb max_used=3404Kb free=242355Kb
 bounds [0x0000000002c50000, 0x0000000002fb0000, 0x0000000011c50000]
 total_blobs=1531 nmethods=1000 adapters=446
 compilation: enabled

Compilation events (10 events):
Event: 5.474 Thread 0x000000001671e800  991       3       java.text.PatternEntry::equals (25 bytes)
Event: 5.474 Thread 0x000000001671e800 nmethod 991 0x0000000002f8c650 code [0x0000000002f8c7c0, 0x0000000002f8cb08]
Event: 5.474 Thread 0x000000001671e800  993       3       java.text.PatternEntry::isSpecialChar (60 bytes)
Event: 5.474 Thread 0x000000001537d800  994       4       java.lang.String::equals (81 bytes)
Event: 5.474 Thread 0x000000001671e800 nmethod 993 0x0000000002f8d9d0 code [0x0000000002f8db40, 0x0000000002f8de90]
Event: 5.474 Thread 0x000000001671e800  995       3       java.text.PatternEntry$Parser::next (655 bytes)
Event: 5.476 Thread 0x000000001537a800 nmethod 978 0x0000000002f91610 code [0x0000000002f91780, 0x0000000002f92258]
Event: 5.476 Thread 0x000000001537a800  999       4       java.text.PatternEntry::equals (25 bytes)
Event: 5.477 Thread 0x000000001537a800 nmethod 999 0x0000000002f8c1d0 code [0x0000000002f8c320, 0x0000000002f8c458]
Event: 5.478 Thread 0x000000001537a800 1000       4       java.util.ArrayList::lastIndexOf (69 bytes)

GC Heap History (2 events):
Event: 5.445 GC heap before
{Heap before GC invocations=1 (full 0):
 PSYoungGen      total 18944K, used 16384K [0x00000000eab00000, 0x00000000ec000000, 0x0000000100000000)
  eden space 16384K, 100% used [0x00000000eab00000,0x00000000ebb00000,0x00000000ebb00000)
  from space 2560K, 0% used [0x00000000ebd80000,0x00000000ebd80000,0x00000000ec000000)
  to   space 2560K, 0% used [0x00000000ebb00000,0x00000000ebb00000,0x00000000ebd80000)
 ParOldGen       total 44032K, used 0K [0x00000000c0000000, 0x00000000c2b00000, 0x00000000eab00000)
  object space 44032K, 0% used [0x00000000c0000000,0x00000000c0000000,0x00000000c2b00000)
 Metaspace       used 17426K, capacity 17698K, committed 17792K, reserved 1064960K
  class space    used 2311K, capacity 2414K, committed 2432K, reserved 1048576K
Event: 5.458 GC heap after
Heap after GC invocations=1 (full 0):
 PSYoungGen      total 18944K, used 2530K [0x00000000eab00000, 0x00000000ec000000, 0x0000000100000000)
  eden space 16384K, 0% used [0x00000000eab00000,0x00000000eab00000,0x00000000ebb00000)
  from space 2560K, 98% used [0x00000000ebb00000,0x00000000ebd78808,0x00000000ebd80000)
  to   space 2560K, 0% used [0x00000000ebd80000,0x00000000ebd80000,0x00000000ec000000)
 ParOldGen       total 44032K, used 1483K [0x00000000c0000000, 0x00000000c2b00000, 0x00000000eab00000)
  object space 44032K, 3% used [0x00000000c0000000,0x00000000c0172ec8,0x00000000c2b00000)
 Metaspace       used 17426K, capacity 17698K, committed 17792K, reserved 1064960K
  class space    used 2311K, capacity 2414K, committed 2432K, reserved 1048576K
}

Deoptimization events (10 events):
Event: 0.303 Thread 0x00000000025cd800 Uncommon trap: reason=null_check action=make_not_entrant pc=0x0000000002dc1a78 method=java.lang.String.equals(Ljava/lang/Object;)Z @ 8
Event: 3.041 Thread 0x0000000016b0c000 Uncommon trap: reason=class_check action=maybe_recompile pc=0x0000000002dd71a8 method=java.lang.String.equals(Ljava/lang/Object;)Z @ 8
Event: 3.041 Thread 0x0000000016b0c000 Uncommon trap: reason=class_check action=maybe_recompile pc=0x0000000002dd71a8 method=java.lang.String.equals(Ljava/lang/Object;)Z @ 8
Event: 4.002 Thread 0x0000000016b0c000 Uncommon trap: reason=class_check action=maybe_recompile pc=0x0000000002dd71a8 method=java.lang.String.equals(Ljava/lang/Object;)Z @ 8
Event: 4.002 Thread 0x0000000016b0c000 Uncommon trap: reason=class_check action=maybe_recompile pc=0x0000000002dd71a8 method=java.lang.String.equals(Ljava/lang/Object;)Z @ 8
Event: 5.169 Thread 0x0000000016b0c000 Uncommon trap: reason=bimorphic action=maybe_recompile pc=0x0000000002ed416c method=java.util.HashMap.getNode(ILjava/lang/Object;)Ljava/util/HashMap$Node; @ 126
Event: 5.169 Thread 0x0000000016b0c000 Uncommon trap: reason=bimorphic action=maybe_recompile pc=0x0000000002ed416c method=java.util.HashMap.getNode(ILjava/lang/Object;)Ljava/util/HashMap$Node; @ 126
Event: 5.170 Thread 0x0000000016b0c000 Uncommon trap: reason=bimorphic action=maybe_recompile pc=0x0000000002ed416c method=java.util.HashMap.getNode(ILjava/lang/Object;)Ljava/util/HashMap$Node; @ 126
Event: 5.170 Thread 0x0000000016b0c000 Uncommon trap: reason=bimorphic action=maybe_recompile pc=0x0000000002ed416c method=java.util.HashMap.getNode(ILjava/lang/Object;)Ljava/util/HashMap$Node; @ 126
Event: 5.172 Thread 0x0000000016b0c000 Uncommon trap: reason=bimorphic action=maybe_recompile pc=0x0000000002e9ab50 method=java.util.HashMap.getNode(ILjava/lang/Object;)Ljava/util/HashMap$Node; @ 126

Internal exceptions (10 events):
Event: 5.359 Thread 0x0000000016b0c000 Exception <a 'java/lang/ArrayIndexOutOfBoundsException'> (0x00000000eb853600) thrown at [C:\re\workspace\8-2-build-windows-amd64-cygwin\jdk8u111\7883\hotspot\src\share\vm\runtime\sharedRuntime.cpp, line 605]
Event: 5.361 Thread 0x0000000016b0c000 Exception <a 'java/lang/ArrayIndexOutOfBoundsException'> (0x00000000eb8585e8) thrown at [C:\re\workspace\8-2-build-windows-amd64-cygwin\jdk8u111\7883\hotspot\src\share\vm\runtime\sharedRuntime.cpp, line 605]
Event: 5.361 Thread 0x0000000016b0c000 Exception <a 'java/lang/ArrayIndexOutOfBoundsException'> (0x00000000eb85d788) thrown at [C:\re\workspace\8-2-build-windows-amd64-cygwin\jdk8u111\7883\hotspot\src\share\vm\runtime\sharedRuntime.cpp, line 605]
Event: 5.363 Thread 0x0000000016b0c000 Exception <a 'java/lang/ArrayIndexOutOfBoundsException'> (0x00000000eb862d30) thrown at [C:\re\workspace\8-2-build-windows-amd64-cygwin\jdk8u111\7883\hotspot\src\share\vm\runtime\sharedRuntime.cpp, line 605]
Event: 5.364 Thread 0x0000000016b0c000 Exception <a 'java/lang/ArrayIndexOutOfBoundsException'> (0x00000000eb868248) thrown at [C:\re\workspace\8-2-build-windows-amd64-cygwin\jdk8u111\7883\hotspot\src\share\vm\runtime\sharedRuntime.cpp, line 605]
Event: 5.364 Thread 0x0000000016b0c000 Exception <a 'java/lang/ArrayIndexOutOfBoundsException'> (0x00000000eb86d680) thrown at [C:\re\workspace\8-2-build-windows-amd64-cygwin\jdk8u111\7883\hotspot\src\share\vm\runtime\sharedRuntime.cpp, line 605]
Event: 5.365 Thread 0x0000000016b0c000 Exception <a 'java/lang/ArrayIndexOutOfBoundsException'> (0x00000000eb872af8) thrown at [C:\re\workspace\8-2-build-windows-amd64-cygwin\jdk8u111\7883\hotspot\src\share\vm\runtime\sharedRuntime.cpp, line 605]
Event: 5.366 Thread 0x0000000016b0c000 Exception <a 'java/lang/ArrayIndexOutOfBoundsException'> (0x00000000eb878268) thrown at [C:\re\workspace\8-2-build-windows-amd64-cygwin\jdk8u111\7883\hotspot\src\share\vm\runtime\sharedRuntime.cpp, line 605]
Event: 5.367 Thread 0x0000000016b0c000 Exception <a 'java/lang/ArrayIndexOutOfBoundsException'> (0x00000000eb87d918) thrown at [C:\re\workspace\8-2-build-windows-amd64-cygwin\jdk8u111\7883\hotspot\src\share\vm\runtime\sharedRuntime.cpp, line 605]
Event: 5.370 Thread 0x0000000016b0c000 Exception <a 'java/lang/ArrayIndexOutOfBoundsException'> (0x00000000eb88c0a8) thrown at [C:\re\workspace\8-2-build-windows-amd64-cygwin\jdk8u111\7883\hotspot\src\share\vm\runtime\sharedRuntime.cpp, line 605]

Events (10 events):
Event: 5.469 loading class sun/text/normalizer/UnicodeMatcher done
Event: 5.470 loading class sun/text/normalizer/UnicodeSet done
Event: 5.470 loading class sun/text/normalizer/NormalizerImpl$DecomposeArgs
Event: 5.470 loading class sun/text/normalizer/NormalizerImpl$DecomposeArgs done
Event: 5.471 loading class java/text/MergeCollation
Event: 5.472 loading class java/text/MergeCollation done
Event: 5.472 loading class java/text/PatternEntry$Parser
Event: 5.472 loading class java/text/PatternEntry$Parser done
Event: 5.472 loading class java/text/PatternEntry
Event: 5.472 loading class java/text/PatternEntry done


Dynamic libraries:
0x00007ff7ea820000 - 0x00007ff7ea857000 	C:\Program Files\Java\jdk1.8.0_111\bin\javaw.exe
0x00007ffb6b790000 - 0x00007ffb6b961000 	C:\Windows\SYSTEM32\ntdll.dll
0x00007ffb6aad0000 - 0x00007ffb6ab7b000 	C:\Windows\System32\KERNEL32.DLL
0x00007ffb68460000 - 0x00007ffb6867d000 	C:\Windows\System32\KERNELBASE.dll
0x00007ffb6b3e0000 - 0x00007ffb6b482000 	C:\Windows\System32\ADVAPI32.dll
0x00007ffb6b570000 - 0x00007ffb6b60e000 	C:\Windows\System32\msvcrt.dll
0x00007ffb69420000 - 0x00007ffb69479000 	C:\Windows\System32\sechost.dll
0x00007ffb68d80000 - 0x00007ffb68ea1000 	C:\Windows\System32\RPCRT4.dll
0x00007ffb6ad30000 - 0x00007ffb6ae95000 	C:\Windows\System32\USER32.dll
0x00007ffb68810000 - 0x00007ffb6882e000 	C:\Windows\System32\win32u.dll
0x00007ffb6ace0000 - 0x00007ffb6ad14000 	C:\Windows\System32\GDI32.dll
0x00007ffb68680000 - 0x00007ffb68802000 	C:\Windows\System32\gdi32full.dll
0x00007ffb619b0000 - 0x00007ffb61c2a000 	C:\Windows\WinSxS\amd64_microsoft.windows.common-controls_6595b64144ccf1df_6.0.14393.953_none_42151e83c686086b\COMCTL32.dll
0x00007ffb68eb0000 - 0x00007ffb69178000 	C:\Windows\System32\combase.dll
0x00007ffb68830000 - 0x00007ffb68925000 	C:\Windows\System32\ucrtbase.dll
0x00007ffb68cb0000 - 0x00007ffb68d1a000 	C:\Windows\System32\bcryptPrimitives.dll
0x00007ffb6b6a0000 - 0x00007ffb6b6ce000 	C:\Windows\System32\IMM32.DLL
0x0000000059e50000 - 0x0000000059f22000 	C:\Program Files\Java\jdk1.8.0_111\jre\bin\msvcr100.dll
0x0000000058e10000 - 0x00000000596aa000 	C:\Program Files\Java\jdk1.8.0_111\jre\bin\server\jvm.dll
0x00007ffb6ad20000 - 0x00007ffb6ad28000 	C:\Windows\System32\PSAPI.DLL
0x00007ffb5bce0000 - 0x00007ffb5bce9000 	C:\Windows\SYSTEM32\WSOCK32.dll
0x00007ffb66070000 - 0x00007ffb66093000 	C:\Windows\SYSTEM32\WINMM.dll
0x00007ffb6b610000 - 0x00007ffb6b67a000 	C:\Windows\System32\WS2_32.dll
0x00007ffb63470000 - 0x00007ffb6347a000 	C:\Windows\SYSTEM32\VERSION.dll
0x00007ffb66010000 - 0x00007ffb6603b000 	C:\Windows\SYSTEM32\WINMMBASE.dll
0x00007ffb67c80000 - 0x00007ffb67cc2000 	C:\Windows\System32\cfgmgr32.dll
0x0000000058e00000 - 0x0000000058e0f000 	C:\Program Files\Java\jdk1.8.0_111\jre\bin\verify.dll
0x0000000058dd0000 - 0x0000000058df9000 	C:\Program Files\Java\jdk1.8.0_111\jre\bin\java.dll
0x0000000058db0000 - 0x0000000058dc6000 	C:\Program Files\Java\jdk1.8.0_111\jre\bin\zip.dll
0x00007ffb695c0000 - 0x00007ffb6aac9000 	C:\Windows\System32\SHELL32.dll
0x00007ffb67d80000 - 0x00007ffb6845a000 	C:\Windows\System32\windows.storage.dll
0x00007ffb67c30000 - 0x00007ffb67c7c000 	C:\Windows\System32\powrprof.dll
0x00007ffb68d20000 - 0x00007ffb68d72000 	C:\Windows\System32\shlwapi.dll
0x00007ffb67c00000 - 0x00007ffb67c0f000 	C:\Windows\System32\kernel.appcore.dll
0x00007ffb68b60000 - 0x00007ffb68c09000 	C:\Windows\System32\shcore.dll
0x00007ffb67c10000 - 0x00007ffb67c24000 	C:\Windows\System32\profapi.dll
0x0000000059cb0000 - 0x0000000059e48000 	C:\Program Files\Java\jdk1.8.0_111\jre\bin\awt.dll
0x00007ffb6b6d0000 - 0x00007ffb6b78f000 	C:\Windows\System32\OLEAUT32.dll
0x00007ffb68c10000 - 0x00007ffb68cac000 	C:\Windows\System32\msvcp_win.dll
0x00007ffb661a0000 - 0x00007ffb6621a000 	C:\Windows\SYSTEM32\apphelp.dll
0x00007ffb66370000 - 0x00007ffb66405000 	C:\Windows\system32\uxtheme.dll
0x00007ffb6ab80000 - 0x00007ffb6acda000 	C:\Windows\System32\MSCTF.dll
0x00007ffb65a40000 - 0x00007ffb65a66000 	C:\Windows\system32\dwmapi.dll
0x00007ffb69480000 - 0x00007ffb695b7000 	C:\Windows\System32\ole32.dll
0x00007ffb61c50000 - 0x00007ffb61ddd000 	C:\Windows\system32\d3d9.dll
0x00007ffb39ec0000 - 0x00007ffb3af76000 	C:\Windows\SYSTEM32\nvd3dumx.dll
0x00007ffb62c70000 - 0x00007ffb62ddc000 	C:\Program Files (x86)\NVIDIA Corporation\3D Vision\nvSCPAPI64.dll
0x00007ffb6aea0000 - 0x00007ffb6b2c9000 	C:\Windows\System32\SETUPAPI.dll
0x00007ffb62930000 - 0x00007ffb62c66000 	C:\Windows\system32\nvapi64.dll
0x00007ffb66820000 - 0x00007ffb66848000 	C:\Windows\SYSTEM32\DEVOBJ.dll
0x00007ffb68930000 - 0x00007ffb68985000 	C:\Windows\System32\WINTRUST.dll
0x00007ffb67bf0000 - 0x00007ffb67c00000 	C:\Windows\System32\MSASN1.dll
0x00007ffb68990000 - 0x00007ffb68b59000 	C:\Windows\System32\CRYPT32.dll
0x00007ffb66b70000 - 0x00007ffb66c0f000 	C:\Windows\system32\dxgi.dll
0x0000000059c60000 - 0x0000000059ca7000 	C:\Program Files\Java\jdk1.8.0_111\jre\bin\fontmanager.dll
0x00007ffb6b340000 - 0x00007ffb6b3df000 	C:\Windows\System32\clbcatq.dll
0x00007ffb654d0000 - 0x00007ffb65678000 	C:\Windows\SYSTEM32\WindowsCodecs.dll
0x00007ffb578c0000 - 0x00007ffb57909000 	C:\Windows\system32\dataexchange.dll
0x00007ffb65b30000 - 0x00007ffb65c81000 	C:\Windows\system32\dcomp.dll
0x00007ffb64870000 - 0x00007ffb64b26000 	C:\Windows\system32\d3d11.dll
0x00007ffb66610000 - 0x00007ffb6672c000 	C:\Windows\system32\twinapi.appcore.dll
0x00007ffb67b20000 - 0x00007ffb67b4b000 	C:\Windows\system32\bcrypt.dll
0x0000000058d90000 - 0x0000000058daa000 	C:\Program Files\Java\jdk1.8.0_111\jre\bin\net.dll
0x00007ffb674c0000 - 0x00007ffb6751c000 	C:\Windows\system32\mswsock.dll
0x0000000058d70000 - 0x0000000058d81000 	C:\Program Files\Java\jdk1.8.0_111\jre\bin\nio.dll
0x0000000059c10000 - 0x0000000059c52000 	C:\Program Files\Java\jdk1.8.0_111\jre\bin\t2k.dll
0x0000000059be0000 - 0x0000000059c0a000 	C:\Program Files\Java\jdk1.8.0_111\jre\bin\dcpr.dll
0x00007ffb5ff10000 - 0x00007ffb5ffe2000 	C:\Windows\System32\IME\IMEKR\imkrtip.dll
0x00007ffb65680000 - 0x00007ffb65805000 	C:\Windows\SYSTEM32\PROPSYS.dll
0x00007ffb5fdb0000 - 0x00007ffb5ff06000 	C:\Windows\System32\IME\shared\imetip.dll
0x00007ffb65240000 - 0x00007ffb652a5000 	C:\Windows\SYSTEM32\OLEACC.dll
0x00007ffb5f5c0000 - 0x00007ffb5f768000 	C:\Windows\SYSTEM32\DUI70.dll
0x00007ffb615f0000 - 0x00007ffb61628000 	C:\Windows\System32\IME\IMEKR\imkrapi.dll
0x00007ffb61240000 - 0x00007ffb61275000 	C:\Windows\System32\IME\shared\imjkapi.dll
0x00007ffb66f90000 - 0x00007ffb66fc2000 	C:\Windows\SYSTEM32\ntmarta.dll
0x00007ffb5bf10000 - 0x00007ffb5c0a2000 	C:\Windows\SYSTEM32\dbghelp.dll

VM Arguments:
jvm_args: -Dfile.encoding=UTF-8 
java_command: kr.or.dgit.donghun2.Main.MainProcess
java_class_path (initial): D:\workspace_sql\workspace_mybatis\donghun2\bin;C:\Users\SJW\.gradle\caches\modules-2\files-2.1\org.mybatis\mybatis\3.4.2\2b9a5082fe0bdb3128bab8b4b19b23ca0f3d9b38\mybatis-3.4.2.jar;C:\Users\SJW\.gradle\caches\modules-2\files-2.1\log4j\log4j\1.2.17\5af35056b4d257e4b64b9e8069c0746e8b08629f\log4j-1.2.17.jar;C:\Users\SJW\.gradle\caches\modules-2\files-2.1\mysql\mysql-connector-java\5.1.41\b0878056f15616989144d6114d36d3942321d0d1\mysql-connector-java-5.1.41.jar;C:\Users\SJW\.gradle\caches\modules-2\files-2.1\junit\junit\4.12\2973d150c0dc1fefe998f834810d68f278ea58ec\junit-4.12.jar;C:\Users\SJW\.gradle\caches\modules-2\files-2.1\org.hamcrest\hamcrest-core\1.3\42a25dc3219429f0e5d060061f71acb49bf010a0\hamcrest-core-1.3.jar;D:\workspace_sql\workspace_mybatis\donghun2\src\main\resources\erp_myframework.jar;D:\workspace_sql\workspace_mybatis\donghun2\src\main\resources\lib\idw-gpl.jar;D:\workspace_sql\workspace_mybatis\donghun2\src\main\resources\lib\JTattoo.jar;D:\workspace_sql\workspace_mybatis\donghun2\src\main\resources\lib\liquidlnf.jar;D:\workspace_sql\workspace_mybatis\donghun2\src\main\resources\lib\quaqua.jar
Launcher Type: SUN_STANDARD

Environment Variables:
JAVA_HOME=C:\Program Files\Java\jdk1.8.0_111
PATH=C:/Program Files/Java/jdk1.8.0_111/bin/../jre/bin/server;C:/Program Files/Java/jdk1.8.0_111/bin/../jre/bin;C:/Program Files/Java/jdk1.8.0_111/bin/../jre/lib/amd64;C:\Program Files\Java\jdk1.8.0_111\bin;C:\ProgramData\Oracle\Java\javapath;C:\Program Files (x86)\NVIDIA Corporation\PhysX\Common;C:\Windows\system32;C:\Windows;C:\Windows\System32\Wbem;C:\Windows\System32\WindowsPowerShell\v1.0\;C:\Program Files\MySQL\MySQL Server 5.6\bin;C:\Program Files\Git\cmd;D:\gradle-3.4.1\bin;C:\Users\SJW\AppData\Local\Microsoft\WindowsApps;C:\Program Files\Bandizip\7z;C:\eclipse_java;
USERNAME=SJW
OS=Windows_NT
PROCESSOR_IDENTIFIER=Intel64 Family 6 Model 23 Stepping 10, GenuineIntel



---------------  S Y S T E M  ---------------

OS: Windows 10.0 , 64 bit Build 14393 (10.0.14393.0)

CPU:total 4 (4 cores per cpu, 1 threads per core) family 6 model 23 stepping 10, cmov, cx8, fxsr, mmx, sse, sse2, sse3, ssse3, sse4.1, tsc

Memory: 4k page, physical 4192492k(1315972k free), swap 6682860k(1379136k free)

vm_info: Java HotSpot(TM) 64-Bit Server VM (25.111-b14) for windows-amd64 JRE (1.8.0_111-b14), built on Sep 22 2016 19:24:05 by "java_re" with MS VC++ 10.0 (VS2010)

time: Tue Apr 11 15:23:11 2017
elapsed time: 5 seconds (0d 0h 0m 5s)

