#
# A fatal error has been detected by the Java Runtime Environment:
#
#  EXCEPTION_ACCESS_VIOLATION (0xc0000005) at pc=0xffffffffa4455120, pid=1940, tid=0x00000000000026ac
#
# JRE version: Java(TM) SE Runtime Environment (8.0_111-b14) (build 1.8.0_111-b14)
# Java VM: Java HotSpot(TM) 64-Bit Server VM (25.111-b14 mixed mode windows-amd64 compressed oops)
# Problematic frame:
# C  0xffffffffa4455120
#
# Failed to write core dump. Minidumps are not enabled by default on client versions of Windows
#
# If you would like to submit a bug report, please visit:
#   http://bugreport.java.com/bugreport/crash.jsp
#

---------------  T H R E A D  ---------------

Current thread (0x0000000017269800):  JavaThread "AWT-EventQueue-0" [_thread_in_Java, id=9900, stack(0x0000000018ca0000,0x0000000018da0000)]

siginfo: ExceptionCode=0xc0000005, ExceptionInformation=0x0000000000000008 0xffffffffa4455120

Registers:
RAX=0x000000010002b670, RBX=0x00000000152e87d8, RCX=0x00000000152ec938, RDX=0x00000000eb4f8488
RSP=0x0000000018d9d248, RBP=0x0000000018d9d320, RSI=0x0000000000000000, RDI=0x00000000eb4f8488
R8 =0x0000000000000000, R9 =0x0000000000000000, R10=0x000000010002b670, R11=0x0000000003916b40
R12=0x0000000000000000, R13=0x0000000018d9d2d0, R14=0x0000000018d9d340, R15=0x0000000017269800
RIP=0xffffffffa4455120, EFLAGS=0x0000000000010246

Top of Stack: (sp=0x0000000018d9d248)
0x0000000018d9d248:   0000000003916c3c 0000000018d9d2c8
0x0000000018d9d258:   000000000345813d 0000000000000000
0x0000000018d9d268:   0000000000000001 0000000000000002
0x0000000018d9d278:   0000000000000001 0000000000000000
0x0000000018d9d288:   0000000018d9d278 000000001a8102ad
0x0000000018d9d298:   00000000eb4f8488 0000000000000000
0x0000000018d9d2a8:   0000000000000000 0000000018d9d320
0x0000000018d9d2b8:   0000000003457ab0 0000000000000000
0x0000000018d9d2c8:   0000000003457ab0 0000000000000000
0x0000000018d9d2d8:   00000000eb4f8488 0000000018d9d2e0
0x0000000018d9d2e8:   00000000152e88fe 0000000018d9d340
0x0000000018d9d2f8:   00000000152ec938 0000000000000000
0x0000000018d9d308:   00000000152e8910 0000000018d9d2d0
0x0000000018d9d318:   0000000018d9d330 0000000018d9d388
0x0000000018d9d328:   0000000003457ab0 0000000000000001
0x0000000018d9d338:   0000000000000000 00000000eb4f8488 

Instructions: (pc=0xffffffffa4455120)
0xffffffffa4455100:   
[error occurred during error reporting (printing registers, top of stack, instructions near pc), id 0xc0000005]

Register to memory mapping:

RAX=0x000000010002b670 is pointing into metadata
RBX={method} {0x00000000152e87e0} 'getShortB' '(Ljava/nio/ByteBuffer;I)S' in 'java/nio/Bits'
RCX=0x00000000152ec938 is pointing into metadata
RDX=0x00000000eb4f8488 is an oop
java.nio.HeapByteBuffer 
 - klass: 'java/nio/HeapByteBuffer'
RSP=0x0000000018d9d248 is pointing into the stack for thread: 0x0000000017269800
RBP=0x0000000018d9d320 is pointing into the stack for thread: 0x0000000017269800
RSI=0x0000000000000000 is an unknown value
RDI=0x00000000eb4f8488 is an oop
java.nio.HeapByteBuffer 
 - klass: 'java/nio/HeapByteBuffer'
R8 =0x0000000000000000 is an unknown value
R9 =0x0000000000000000 is an unknown value
R10=0x000000010002b670 is pointing into metadata
R11=0x0000000003916b40 is at entry_point+0 in (nmethod*)0x00000000039169d0
R12=0x0000000000000000 is an unknown value
R13=0x0000000018d9d2d0 is pointing into the stack for thread: 0x0000000017269800
R14=0x0000000018d9d340 is pointing into the stack for thread: 0x0000000017269800
R15=0x0000000017269800 is a thread


Stack: [0x0000000018ca0000,0x0000000018da0000],  sp=0x0000000018d9d248,  free space=1012k
Native frames: (J=compiled Java code, j=interpreted, Vv=VM code, C=native code)
C  0xffffffffa4455120


---------------  P R O C E S S  ---------------

Java Threads: ( => current thread )
  0x0000000018577800 JavaThread "Abandoned connection cleanup thread" daemon [_thread_blocked, id=10688, stack(0x000000001a550000,0x000000001a650000)]
  0x0000000002fde000 JavaThread "DestroyJavaVM" [_thread_blocked, id=8556, stack(0x0000000002e20000,0x0000000002f20000)]
=>0x0000000017269800 JavaThread "AWT-EventQueue-0" [_thread_in_Java, id=9900, stack(0x0000000018ca0000,0x0000000018da0000)]
  0x0000000017263000 JavaThread "AWT-Windows" daemon [_thread_in_native, id=1496, stack(0x0000000018a20000,0x0000000018b20000)]
  0x0000000017262000 JavaThread "AWT-Shutdown" [_thread_blocked, id=1336, stack(0x0000000018920000,0x0000000018a20000)]
  0x000000001725f000 JavaThread "Java2D Disposer" daemon [_thread_blocked, id=9140, stack(0x0000000018820000,0x0000000018920000)]
  0x0000000015b7e800 JavaThread "Service Thread" daemon [_thread_blocked, id=9876, stack(0x0000000017a80000,0x0000000017b80000)]
  0x0000000015b6d000 JavaThread "C1 CompilerThread2" daemon [_thread_blocked, id=4488, stack(0x0000000017980000,0x0000000017a80000)]
  0x0000000015b6a000 JavaThread "C2 CompilerThread1" daemon [_thread_blocked, id=6440, stack(0x0000000017880000,0x0000000017980000)]
  0x0000000015b5f800 JavaThread "C2 CompilerThread0" daemon [_thread_blocked, id=6336, stack(0x0000000017780000,0x0000000017880000)]
  0x0000000015b50800 JavaThread "JDWP Command Reader" daemon [_thread_in_native, id=3956, stack(0x0000000017680000,0x0000000017780000)]
  0x0000000015b4f000 JavaThread "JDWP Event Helper Thread" daemon [_thread_blocked, id=4336, stack(0x0000000017580000,0x0000000017680000)]
  0x0000000015b3f800 JavaThread "JDWP Transport Listener: dt_socket" daemon [_thread_blocked, id=9072, stack(0x0000000017480000,0x0000000017580000)]
  0x0000000015b37800 JavaThread "Attach Listener" daemon [_thread_blocked, id=1296, stack(0x0000000017380000,0x0000000017480000)]
  0x0000000016ec3800 JavaThread "Signal Dispatcher" daemon [_thread_blocked, id=2680, stack(0x0000000017280000,0x0000000017380000)]
  0x0000000015b0a800 JavaThread "Finalizer" daemon [_thread_blocked, id=6432, stack(0x0000000016d80000,0x0000000016e80000)]
  0x0000000003440000 JavaThread "Reference Handler" daemon [_thread_blocked, id=7556, stack(0x0000000016c80000,0x0000000016d80000)]

Other Threads:
  0x0000000015ae7800 VMThread [stack: 0x0000000016b80000,0x0000000016c80000] [id=6580]
  0x0000000016f72000 WatcherThread [stack: 0x0000000017b80000,0x0000000017c80000] [id=7420]

VM state:not at safepoint (normal execution)

VM Mutex/Monitor currently owned by a thread: None

Heap:
 PSYoungGen      total 18944K, used 12981K [0x00000000eab00000, 0x00000000ed000000, 0x0000000100000000)
  eden space 16384K, 63% used [0x00000000eab00000,0x00000000eb534430,0x00000000ebb00000)
  from space 2560K, 98% used [0x00000000ebb00000,0x00000000ebd79020,0x00000000ebd80000)
  to   space 2560K, 0% used [0x00000000ecd80000,0x00000000ecd80000,0x00000000ed000000)
 ParOldGen       total 44032K, used 2403K [0x00000000c0000000, 0x00000000c2b00000, 0x00000000eab00000)
  object space 44032K, 5% used [0x00000000c0000000,0x00000000c0258ee8,0x00000000c2b00000)
 Metaspace       used 18409K, capacity 18560K, committed 18816K, reserved 1064960K
  class space    used 2280K, capacity 2343K, committed 2432K, reserved 1048576K

Card table byte_map: [0x0000000012810000,0x0000000012a20000] byte_map_base: 0x0000000012210000

Marking Bits: (ParMarkBitMap*) 0x0000000077cca6c0
 Begin Bits: [0x0000000012f80000, 0x0000000013f80000)
 End Bits:   [0x0000000013f80000, 0x0000000014f80000)

Polling page: 0x00000000016b0000

CodeCache: size=245760Kb used=4912Kb max_used=4912Kb free=240847Kb
 bounds [0x0000000003450000, 0x0000000003920000, 0x0000000012450000]
 total_blobs=1825 nmethods=1314 adapters=433
 compilation: enabled

Compilation events (10 events):
Event: 2.407 Thread 0x0000000015b6d000 1310       1       java.nio.HeapByteBuffer::_get (7 bytes)
Event: 2.407 Thread 0x0000000015b6d000 nmethod 1310 0x000000000391e410 code [0x000000000391e560, 0x000000000391e690]
Event: 2.407 Thread 0x0000000015b6d000 1312       3       java.nio.Bits::makeChar (12 bytes)
Event: 2.407 Thread 0x0000000015b6d000 nmethod 1312 0x000000000391e750 code [0x000000000391e8a0, 0x000000000391e9f0]
Event: 2.407 Thread 0x0000000015b6d000 1311       3       java.nio.Bits::getCharB (16 bytes)
Event: 2.407 Thread 0x0000000015b6d000 nmethod 1311 0x000000000391ea50 code [0x000000000391ebc0, 0x000000000391ef18]
Event: 2.407 Thread 0x0000000015b6d000 1313       3       java.nio.ByteBufferAsCharBufferB::get (16 bytes)
Event: 2.408 Thread 0x0000000015b6d000 nmethod 1313 0x000000000391f010 code [0x000000000391f1c0, 0x000000000391f7c8]
Event: 2.408 Thread 0x0000000015b6d000 1314       3       java.nio.ByteBufferAsCharBufferB::ix (9 bytes)
Event: 2.408 Thread 0x0000000015b6d000 nmethod 1314 0x000000000391fa50 code [0x000000000391fba0, 0x000000000391fcf0]

GC Heap History (6 events):
Event: 1.288 GC heap before
{Heap before GC invocations=1 (full 0):
 PSYoungGen      total 18944K, used 16384K [0x00000000eab00000, 0x00000000ec000000, 0x0000000100000000)
  eden space 16384K, 100% used [0x00000000eab00000,0x00000000ebb00000,0x00000000ebb00000)
  from space 2560K, 0% used [0x00000000ebd80000,0x00000000ebd80000,0x00000000ec000000)
  to   space 2560K, 0% used [0x00000000ebb00000,0x00000000ebb00000,0x00000000ebd80000)
 ParOldGen       total 44032K, used 0K [0x00000000c0000000, 0x00000000c2b00000, 0x00000000eab00000)
  object space 44032K, 0% used [0x00000000c0000000,0x00000000c0000000,0x00000000c2b00000)
 Metaspace       used 13171K, capacity 13370K, committed 13696K, reserved 1060864K
  class space    used 1747K, capacity 1830K, committed 1920K, reserved 1048576K
Event: 1.298 GC heap after
Heap after GC invocations=1 (full 0):
 PSYoungGen      total 18944K, used 2551K [0x00000000eab00000, 0x00000000ec000000, 0x0000000100000000)
  eden space 16384K, 0% used [0x00000000eab00000,0x00000000eab00000,0x00000000ebb00000)
  from space 2560K, 99% used [0x00000000ebb00000,0x00000000ebd7df90,0x00000000ebd80000)
  to   space 2560K, 0% used [0x00000000ebd80000,0x00000000ebd80000,0x00000000ec000000)
 ParOldGen       total 44032K, used 914K [0x00000000c0000000, 0x00000000c2b00000, 0x00000000eab00000)
  object space 44032K, 2% used [0x00000000c0000000,0x00000000c00e4ad8,0x00000000c2b00000)
 Metaspace       used 13171K, capacity 13370K, committed 13696K, reserved 1060864K
  class space    used 1747K, capacity 1830K, committed 1920K, reserved 1048576K
}
Event: 1.603 GC heap before
{Heap before GC invocations=2 (full 0):
 PSYoungGen      total 18944K, used 18935K [0x00000000eab00000, 0x00000000ec000000, 0x0000000100000000)
  eden space 16384K, 100% used [0x00000000eab00000,0x00000000ebb00000,0x00000000ebb00000)
  from space 2560K, 99% used [0x00000000ebb00000,0x00000000ebd7df90,0x00000000ebd80000)
  to   space 2560K, 0% used [0x00000000ebd80000,0x00000000ebd80000,0x00000000ec000000)
 ParOldGen       total 44032K, used 914K [0x00000000c0000000, 0x00000000c2b00000, 0x00000000eab00000)
  object space 44032K, 2% used [0x00000000c0000000,0x00000000c00e4ad8,0x00000000c2b00000)
 Metaspace       used 14190K, capacity 14368K, committed 14592K, reserved 1062912K
  class space    used 1862K, capacity 1927K, committed 2048K, reserved 1048576K
Event: 1.615 GC heap after
Heap after GC invocations=2 (full 0):
 PSYoungGen      total 18944K, used 2533K [0x00000000eab00000, 0x00000000ed000000, 0x0000000100000000)
  eden space 16384K, 0% used [0x00000000eab00000,0x00000000eab00000,0x00000000ebb00000)
  from space 2560K, 98% used [0x00000000ebd80000,0x00000000ebff9760,0x00000000ec000000)
  to   space 2560K, 0% used [0x00000000ebb00000,0x00000000ebb00000,0x00000000ebd80000)
 ParOldGen       total 44032K, used 1937K [0x00000000c0000000, 0x00000000c2b00000, 0x00000000eab00000)
  object space 44032K, 4% used [0x00000000c0000000,0x00000000c01e4420,0x00000000c2b00000)
 Metaspace       used 14190K, capacity 14368K, committed 14592K, reserved 1062912K
  class space    used 1862K, capacity 1927K, committed 2048K, reserved 1048576K
}
Event: 1.771 GC heap before
{Heap before GC invocations=3 (full 0):
 PSYoungGen      total 18944K, used 18917K [0x00000000eab00000, 0x00000000ed000000, 0x0000000100000000)
  eden space 16384K, 100% used [0x00000000eab00000,0x00000000ebb00000,0x00000000ebb00000)
  from space 2560K, 98% used [0x00000000ebd80000,0x00000000ebff9760,0x00000000ec000000)
  to   space 2560K, 0% used [0x00000000ebb00000,0x00000000ebb00000,0x00000000ebd80000)
 ParOldGen       total 44032K, used 1937K [0x00000000c0000000, 0x00000000c2b00000, 0x00000000eab00000)
  object space 44032K, 4% used [0x00000000c0000000,0x00000000c01e4420,0x00000000c2b00000)
 Metaspace       used 14690K, capacity 14944K, committed 15104K, reserved 1062912K
  class space    used 1897K, capacity 1991K, committed 2048K, reserved 1048576K
Event: 1.782 GC heap after
Heap after GC invocations=3 (full 0):
 PSYoungGen      total 18944K, used 2532K [0x00000000eab00000, 0x00000000ed000000, 0x0000000100000000)
  eden space 16384K, 0% used [0x00000000eab00000,0x00000000eab00000,0x00000000ebb00000)
  from space 2560K, 98% used [0x00000000ebb00000,0x00000000ebd79020,0x00000000ebd80000)
  to   space 2560K, 0% used [0x00000000ecd80000,0x00000000ecd80000,0x00000000ed000000)
 ParOldGen       total 44032K, used 2403K [0x00000000c0000000, 0x00000000c2b00000, 0x00000000eab00000)
  object space 44032K, 5% used [0x00000000c0000000,0x00000000c0258ee8,0x00000000c2b00000)
 Metaspace       used 14690K, capacity 14944K, committed 15104K, reserved 1062912K
  class space    used 1897K, capacity 1991K, committed 2048K, reserved 1048576K
}

Deoptimization events (10 events):
Event: 1.746 Thread 0x0000000017269800 Uncommon trap: reason=bimorphic action=maybe_recompile pc=0x00000000037efb04 method=java.util.HashMap.putVal(ILjava/lang/Object;Ljava/lang/Object;ZZ)Ljava/lang/Object; @ 91
Event: 1.747 Thread 0x0000000017269800 Uncommon trap: reason=unstable_if action=reinterpret pc=0x00000000036ddb84 method=java.util.HashMap.getNode(ILjava/lang/Object;)Ljava/util/HashMap$Node; @ 62
Event: 1.747 Thread 0x0000000017269800 Uncommon trap: reason=bimorphic action=maybe_recompile pc=0x00000000037efb04 method=java.util.HashMap.putVal(ILjava/lang/Object;Ljava/lang/Object;ZZ)Ljava/lang/Object; @ 91
Event: 1.747 Thread 0x0000000017269800 Uncommon trap: reason=bimorphic action=maybe_recompile pc=0x00000000037efb04 method=java.util.HashMap.putVal(ILjava/lang/Object;Ljava/lang/Object;ZZ)Ljava/lang/Object; @ 91
Event: 1.747 Thread 0x0000000017269800 Uncommon trap: reason=bimorphic action=maybe_recompile pc=0x00000000037efb04 method=java.util.HashMap.putVal(ILjava/lang/Object;Ljava/lang/Object;ZZ)Ljava/lang/Object; @ 91
Event: 1.753 Thread 0x0000000017269800 Uncommon trap: reason=range_check action=none pc=0x0000000003712c9c method=sun.reflect.generics.parser.SignatureParser.current()C @ 34
Event: 1.753 Thread 0x0000000017269800 Uncommon trap: reason=range_check action=none pc=0x0000000003712c9c method=sun.reflect.generics.parser.SignatureParser.current()C @ 34
Event: 2.024 Thread 0x0000000017269800 Uncommon trap: reason=predicate action=maybe_recompile pc=0x0000000003864c44 method=sun.net.www.ParseUtil.encodePath(Ljava/lang/String;Z)Ljava/lang/String; @ 36
Event: 2.212 Thread 0x0000000017269800 Uncommon trap: reason=unstable_if action=reinterpret pc=0x00000000037066f4 method=sun.nio.cs.UTF_8$Decoder.decodeArrayLoop(Ljava/nio/ByteBuffer;Ljava/nio/CharBuffer;)Ljava/nio/charset/CoderResult; @ 220
Event: 2.302 Thread 0x0000000017269800 Uncommon trap: reason=unstable_if action=reinterpret pc=0x00000000038b3b50 method=java.lang.Class$MethodArray.matchesNameAndDescriptor(Ljava/lang/reflect/Method;Ljava/lang/reflect/Method;)Z @ 33

Internal exceptions (10 events):
Event: 1.327 Thread 0x0000000017269800 Exception <a 'java/lang/ArrayIndexOutOfBoundsException': 23> (0x00000000eabcfe30) thrown at [C:\re\workspace\8-2-build-windows-amd64-cygwin\jdk8u111\7883\hotspot\src\share\vm\interpreter\interpreterRuntime.cpp, line 366]
Event: 1.328 Thread 0x0000000017269800 Exception <a 'java/lang/ArrayIndexOutOfBoundsException': 22> (0x00000000eabd0b60) thrown at [C:\re\workspace\8-2-build-windows-amd64-cygwin\jdk8u111\7883\hotspot\src\share\vm\interpreter\interpreterRuntime.cpp, line 366]
Event: 1.328 Thread 0x0000000017269800 Exception <a 'java/lang/ArrayIndexOutOfBoundsException': 105> (0x00000000eabd2358) thrown at [C:\re\workspace\8-2-build-windows-amd64-cygwin\jdk8u111\7883\hotspot\src\share\vm\interpreter\interpreterRuntime.cpp, line 366]
Event: 1.328 Thread 0x0000000017269800 Exception <a 'java/lang/ArrayIndexOutOfBoundsException': 60> (0x00000000eabd3668) thrown at [C:\re\workspace\8-2-build-windows-amd64-cygwin\jdk8u111\7883\hotspot\src\share\vm\interpreter\interpreterRuntime.cpp, line 366]
Event: 1.331 Thread 0x0000000017269800 Exception <a 'java/lang/ArrayIndexOutOfBoundsException': 40> (0x00000000eabf5a50) thrown at [C:\re\workspace\8-2-build-windows-amd64-cygwin\jdk8u111\7883\hotspot\src\share\vm\interpreter\interpreterRuntime.cpp, line 366]
Event: 1.331 Thread 0x0000000017269800 Exception <a 'java/lang/ArrayIndexOutOfBoundsException': 52> (0x00000000eabf68f8) thrown at [C:\re\workspace\8-2-build-windows-amd64-cygwin\jdk8u111\7883\hotspot\src\share\vm\interpreter\interpreterRuntime.cpp, line 366]
Event: 1.753 Thread 0x0000000017269800 Exception <a 'java/lang/ArrayIndexOutOfBoundsException': 54> (0x00000000eba6ea08) thrown at [C:\re\workspace\8-2-build-windows-amd64-cygwin\jdk8u111\7883\hotspot\src\share\vm\interpreter\interpreterRuntime.cpp, line 366]
Event: 1.753 Thread 0x0000000017269800 Exception <a 'java/lang/ArrayIndexOutOfBoundsException': 67> (0x00000000eba6fc38) thrown at [C:\re\workspace\8-2-build-windows-amd64-cygwin\jdk8u111\7883\hotspot\src\share\vm\interpreter\interpreterRuntime.cpp, line 366]
Event: 2.373 Thread 0x0000000017269800 Exception <a 'java/io/FileNotFoundException'> (0x00000000eb4cba08) thrown at [C:\re\workspace\8-2-build-windows-amd64-cygwin\jdk8u111\7883\hotspot\src\share\vm\prims\jni.cpp, line 709]
Event: 2.373 Thread 0x0000000017269800 Exception <a 'java/lang/NullPointerException'> (0x00000000eb4cc0b0) thrown at [C:\re\workspace\8-2-build-windows-amd64-cygwin\jdk8u111\7883\hotspot\src\share\vm\interpreter\linkResolver.cpp, line 1178]

Events (10 events):
Event: 2.404 loading class sun/font/CMap
Event: 2.404 loading class sun/font/CMap done
Event: 2.405 loading class sun/font/CMap$NullCMapClass
Event: 2.405 loading class sun/font/CMap$NullCMapClass done
Event: 2.405 loading class sun/font/CMap$CMapFormat4
Event: 2.405 loading class sun/font/CMap$CMapFormat4 done
Event: 2.405 loading class java/nio/ByteBufferAsCharBufferB
Event: 2.405 loading class java/nio/ByteBufferAsCharBufferB done
Event: 2.405 Executing VM operation: Deoptimize
Event: 2.406 Executing VM operation: Deoptimize done


Dynamic libraries:
0x00007ff6ed100000 - 0x00007ff6ed137000 	C:\Program Files\Java\jre1.8.0_111\bin\javaw.exe
0x00007ff92dde0000 - 0x00007ff92dfb1000 	C:\Windows\SYSTEM32\ntdll.dll
0x00007ff92d900000 - 0x00007ff92d9ab000 	C:\Windows\System32\KERNEL32.DLL
0x00007ff92a330000 - 0x00007ff92a54d000 	C:\Windows\System32\KERNELBASE.dll
0x00007ff92bb90000 - 0x00007ff92bc32000 	C:\Windows\System32\ADVAPI32.dll
0x00007ff92b6c0000 - 0x00007ff92b75e000 	C:\Windows\System32\msvcrt.dll
0x00007ff92bc40000 - 0x00007ff92bc99000 	C:\Windows\System32\sechost.dll
0x00007ff92daf0000 - 0x00007ff92dc11000 	C:\Windows\System32\RPCRT4.dll
0x00007ff92b4f0000 - 0x00007ff92b655000 	C:\Windows\System32\USER32.dll
0x00007ff92aa00000 - 0x00007ff92aa1e000 	C:\Windows\System32\win32u.dll
0x00007ff92b680000 - 0x00007ff92b6b4000 	C:\Windows\System32\GDI32.dll
0x00007ff92a5a0000 - 0x00007ff92a722000 	C:\Windows\System32\gdi32full.dll
0x00007ff923f90000 - 0x00007ff92420a000 	C:\Windows\WinSxS\amd64_microsoft.windows.common-controls_6595b64144ccf1df_6.0.14393.953_none_42151e83c686086b\COMCTL32.dll
0x00007ff92d3c0000 - 0x00007ff92d688000 	C:\Windows\System32\combase.dll
0x00007ff92a900000 - 0x00007ff92a9f5000 	C:\Windows\System32\ucrtbase.dll
0x00007ff92b250000 - 0x00007ff92b2ba000 	C:\Windows\System32\bcryptPrimitives.dll
0x00007ff92bda0000 - 0x00007ff92bdce000 	C:\Windows\System32\IMM32.DLL
0x0000000050f10000 - 0x0000000050fe2000 	C:\Program Files\Java\jre1.8.0_111\bin\msvcr100.dll
0x00000000774b0000 - 0x0000000077d4a000 	C:\Program Files\Java\jre1.8.0_111\bin\server\jvm.dll
0x00007ff92bde0000 - 0x00007ff92bde8000 	C:\Windows\System32\PSAPI.DLL
0x00007ff9286c0000 - 0x00007ff9286e3000 	C:\Windows\SYSTEM32\WINMM.dll
0x00007ff923990000 - 0x00007ff923999000 	C:\Windows\SYSTEM32\WSOCK32.dll
0x00007ff92d690000 - 0x00007ff92d6fa000 	C:\Windows\System32\WS2_32.dll
0x00007ff925d30000 - 0x00007ff925d3a000 	C:\Windows\SYSTEM32\VERSION.dll
0x00007ff928550000 - 0x00007ff92857b000 	C:\Windows\SYSTEM32\winmmbase.dll
0x00007ff92a550000 - 0x00007ff92a592000 	C:\Windows\System32\cfgmgr32.dll
0x0000000051320000 - 0x000000005132f000 	C:\Program Files\Java\jre1.8.0_111\bin\verify.dll
0x00000000512f0000 - 0x0000000051319000 	C:\Program Files\Java\jre1.8.0_111\bin\java.dll
0x0000000050ed0000 - 0x0000000050f05000 	C:\Program Files\Java\jre1.8.0_111\bin\jdwp.dll
0x0000000050ec0000 - 0x0000000050ec8000 	C:\Program Files\Java\jre1.8.0_111\bin\npt.dll
0x00000000512d0000 - 0x00000000512e6000 	C:\Program Files\Java\jre1.8.0_111\bin\zip.dll
0x00007ff92bdf0000 - 0x00007ff92d2f9000 	C:\Windows\System32\SHELL32.dll
0x00007ff92ab70000 - 0x00007ff92b24a000 	C:\Windows\System32\windows.storage.dll
0x00007ff92a280000 - 0x00007ff92a2cc000 	C:\Windows\System32\powrprof.dll
0x00007ff92dc20000 - 0x00007ff92dc72000 	C:\Windows\System32\shlwapi.dll
0x00007ff92a240000 - 0x00007ff92a24f000 	C:\Windows\System32\kernel.appcore.dll
0x00007ff92b2c0000 - 0x00007ff92b369000 	C:\Windows\System32\shcore.dll
0x00007ff92a260000 - 0x00007ff92a274000 	C:\Windows\System32\profapi.dll
0x0000000050eb0000 - 0x0000000050eb9000 	C:\Program Files\Java\jre1.8.0_111\bin\dt_socket.dll
0x00007ff91b2a0000 - 0x00007ff91b2b6000 	C:\Windows\system32\napinsp.dll
0x00007ff91b300000 - 0x00007ff91b31a000 	C:\Windows\system32\pnrpnsp.dll
0x00007ff927cc0000 - 0x00007ff927cd8000 	C:\Windows\system32\NLAapi.dll
0x00007ff929b10000 - 0x00007ff929b6c000 	C:\Windows\System32\mswsock.dll
0x00007ff9298d0000 - 0x00007ff929971000 	C:\Windows\SYSTEM32\DNSAPI.dll
0x00007ff92b370000 - 0x00007ff92b378000 	C:\Windows\System32\NSI.dll
0x00007ff929890000 - 0x00007ff9298c8000 	C:\Windows\SYSTEM32\IPHLPAPI.DLL
0x00007ff91b320000 - 0x00007ff91b32e000 	C:\Windows\System32\winrnr.dll
0x00007ff924360000 - 0x00007ff9243ca000 	C:\Windows\System32\fwpuclnt.dll
0x00007ff92a180000 - 0x00007ff92a1ab000 	C:\Windows\SYSTEM32\bcrypt.dll
0x00007ff921c00000 - 0x00007ff921c0a000 	C:\Windows\System32\rasadhlp.dll
0x0000000051090000 - 0x0000000051228000 	C:\Program Files\Java\jre1.8.0_111\bin\awt.dll
0x00007ff92d300000 - 0x00007ff92d3bf000 	C:\Windows\System32\OLEAUT32.dll
0x00007ff92aad0000 - 0x00007ff92ab6c000 	C:\Windows\System32\msvcp_win.dll
0x00007ff9287f0000 - 0x00007ff92886a000 	C:\Windows\SYSTEM32\apphelp.dll
0x00007ff9289c0000 - 0x00007ff928a55000 	C:\Windows\system32\uxtheme.dll
0x00007ff92dc80000 - 0x00007ff92ddda000 	C:\Windows\System32\MSCTF.dll
0x00007ff928090000 - 0x00007ff9280b6000 	C:\Windows\system32\dwmapi.dll
0x00007ff92d9b0000 - 0x00007ff92dae7000 	C:\Windows\System32\ole32.dll
0x00007ff90e720000 - 0x00007ff90e8ad000 	C:\Windows\system32\d3d9.dll
0x00007ff906ef0000 - 0x00007ff907fa6000 	C:\Windows\SYSTEM32\nvd3dumx.dll
0x00007ff925350000 - 0x00007ff9254bc000 	C:\Program Files (x86)\NVIDIA Corporation\3D Vision\nvSCPAPI64.dll
0x00007ff92b760000 - 0x00007ff92bb89000 	C:\Windows\System32\SETUPAPI.dll
0x00000000512b0000 - 0x00000000512ca000 	C:\Program Files\Java\jre1.8.0_111\bin\net.dll
0x0000000051040000 - 0x0000000051087000 	C:\Program Files\Java\jre1.8.0_111\bin\fontmanager.dll
0x0000000051290000 - 0x00000000512a1000 	C:\Program Files\Java\jre1.8.0_111\bin\nio.dll
0x0000000050ff0000 - 0x0000000051032000 	C:\Program Files\Java\jre1.8.0_111\bin\t2k.dll
0x00007ff91f140000 - 0x00007ff91f2d2000 	C:\Windows\SYSTEM32\dbghelp.dll

VM Arguments:
jvm_args: -agentlib:jdwp=transport=dt_socket,suspend=y,address=localhost:49163 -Dfile.encoding=UTF-8 
java_command: kr.or.dgit.donghun2.view.SellInfoViewA
java_class_path (initial): D:\workspace_mybatis\donghun2\bin;C:\Users\JSE\.gradle\caches\modules-2\files-2.1\org.mybatis\mybatis\3.4.2\2b9a5082fe0bdb3128bab8b4b19b23ca0f3d9b38\mybatis-3.4.2.jar;C:\Users\JSE\.gradle\caches\modules-2\files-2.1\log4j\log4j\1.2.17\5af35056b4d257e4b64b9e8069c0746e8b08629f\log4j-1.2.17.jar;C:\Users\JSE\.gradle\caches\modules-2\files-2.1\mysql\mysql-connector-java\5.1.41\b0878056f15616989144d6114d36d3942321d0d1\mysql-connector-java-5.1.41.jar;C:\Users\JSE\.gradle\caches\modules-2\files-2.1\junit\junit\4.12\2973d150c0dc1fefe998f834810d68f278ea58ec\junit-4.12.jar;C:\Users\JSE\.gradle\caches\modules-2\files-2.1\org.hamcrest\hamcrest-core\1.3\42a25dc3219429f0e5d060061f71acb49bf010a0\hamcrest-core-1.3.jar;D:\workspace_mybatis\donghun2\src\main\resources\erp_myframework.jar
Launcher Type: SUN_STANDARD

Environment Variables:
JAVA_HOME=C:\Program Files\Java\jdk1.8.0_111
PATH=C:/Program Files/Java/jre1.8.0_111/bin/server;C:/Program Files/Java/jre1.8.0_111/bin;C:/Program Files/Java/jre1.8.0_111/lib/amd64;C:\ProgramData\Oracle\Java\javapath;C:\Program Files (x86)\NVIDIA Corporation\PhysX\Common;C:\Windows\system32;C:\Windows;C:\Windows\System32\Wbem;C:\Windows\System32\WindowsPowerShell\v1.0\;C:\Program Files\Java\jdk1.8.0_111\bin;C:\Program Files\MySQL\MySQL Server 5.6\bin;C:\Program Files\Git\cmd;D:\gradle-3.4.1\bin;C:\Users\JSE\AppData\Local\Microsoft\WindowsApps;;C:\Program Files\eclipse_java;
USERNAME=JSE
OS=Windows_NT
PROCESSOR_IDENTIFIER=Intel64 Family 6 Model 23 Stepping 10, GenuineIntel



---------------  S Y S T E M  ---------------

OS: Windows 10.0 , 64 bit Build 14393 (10.0.14393.0)

CPU:total 4 (4 cores per cpu, 1 threads per core) family 6 model 23 stepping 10, cmov, cx8, fxsr, mmx, sse, sse2, sse3, ssse3, sse4.1, tsc

Memory: 4k page, physical 4192492k(1135440k free), swap 6551788k(1801616k free)

vm_info: Java HotSpot(TM) 64-Bit Server VM (25.111-b14) for windows-amd64 JRE (1.8.0_111-b14), built on Sep 22 2016 19:24:05 by "java_re" with MS VC++ 10.0 (VS2010)

time: Tue Apr 04 14:01:15 2017
elapsed time: 2 seconds (0d 0h 0m 2s)

