#
# A fatal error has been detected by the Java Runtime Environment:
#
#  EXCEPTION_ACCESS_VIOLATION (0xc0000005) at pc=0xffffffffa3ca5120, pid=4144, tid=0x000000000000152c
#
# JRE version: Java(TM) SE Runtime Environment (8.0_111-b14) (build 1.8.0_111-b14)
# Java VM: Java HotSpot(TM) 64-Bit Server VM (25.111-b14 mixed mode windows-amd64 compressed oops)
# Problematic frame:
# C  0xffffffffa3ca5120
#
# Failed to write core dump. Minidumps are not enabled by default on client versions of Windows
#
# If you would like to submit a bug report, please visit:
#   http://bugreport.java.com/bugreport/crash.jsp
#

---------------  T H R E A D  ---------------

Current thread (0x0000000017305800):  JavaThread "AWT-EventQueue-0" [_thread_in_Java, id=5420, stack(0x0000000017e50000,0x0000000017f50000)]

siginfo: ExceptionCode=0xc0000005, ExceptionInformation=0x0000000000000008 0xffffffffa3ca5120

Registers:
RAX=0x000000001ac66208, RBX=0x000000001ac66208, RCX=0x00000000eb130938, RDX=0x00000000eb130938
RSP=0x0000000017f4d828, RBP=0x0000000017f4d890, RSI=0x0000000000000003, RDI=0x000000001ad14248
R8 =0x000000000000003a, R9 =0x0000000000000f80, R10=0x0000000064ffc0c0, R11=0x0000000002f181e0
R12=0x0000000000000000, R13=0x0000000017f4d840, R14=0x0000000000000000, R15=0x0000000017305800
RIP=0xffffffffa3ca5120, EFLAGS=0x0000000000010206

Top of Stack: (sp=0x0000000017f4d828)
0x0000000017f4d828:   0000000002ca7ae0 0000000017f4d890
0x0000000017f4d838:   0000000002ca7ae0 000000000000003a
0x0000000017f4d848:   00000000eb130938 0000000017f4d850
0x0000000017f4d858:   000000001ac5e0d4 0000000017f4d8b8
0x0000000017f4d868:   000000001ac62888 0000000000000000
0x0000000017f4d878:   000000001ac5e130 0000000017f4d840
0x0000000017f4d888:   0000000017f4d8b0 0000000017f4d908
0x0000000017f4d898:   0000000002ca7ae0 0000000000000001
0x0000000017f4d8a8:   00000000fffffffe 000000000000003a
0x0000000017f4d8b8:   00000000eb12f5d0 00000000eb12f5d0
0x0000000017f4d8c8:   0000000017f4d8c8 000000001ac5f64e
0x0000000017f4d8d8:   0000000017f4d920 000000001ac62888
0x0000000017f4d8e8:   0000000000000000 000000001ac5f678
0x0000000017f4d8f8:   0000000017f4d8b0 0000000017f4d918
0x0000000017f4d908:   0000000017f4d968 0000000002ca7ae0
0x0000000017f4d918:   000000000001003a 00000000eb12f5d0 

Instructions: (pc=0xffffffffa3ca5120)
0xffffffffa3ca5100:   
[error occurred during error reporting (printing registers, top of stack, instructions near pc), id 0xc0000005]

Register to memory mapping:

RAX={method} {0x000000001ac66210} 'elementAt' '(I)I' in 'com/sun/org/apache/xml/internal/utils/SuballocatedIntVector'
RBX={method} {0x000000001ac66210} 'elementAt' '(I)I' in 'com/sun/org/apache/xml/internal/utils/SuballocatedIntVector'
RCX=0x00000000eb130938 is an oop
com.sun.org.apache.xml.internal.utils.SuballocatedIntVector 
 - klass: 'com/sun/org/apache/xml/internal/utils/SuballocatedIntVector'
RDX=0x00000000eb130938 is an oop
com.sun.org.apache.xml.internal.utils.SuballocatedIntVector 
 - klass: 'com/sun/org/apache/xml/internal/utils/SuballocatedIntVector'
RSP=0x0000000017f4d828 is pointing into the stack for thread: 0x0000000017305800
RBP=0x0000000017f4d890 is pointing into the stack for thread: 0x0000000017305800
RSI=0x0000000000000003 is an unknown value
RDI=0x000000001ad14248 is pointing into metadata
R8 =0x000000000000003a is an unknown value
R9 =0x0000000000000f80 is an unknown value
R10=0x0000000064ffc0c0 is an unknown value
R11=0x0000000002f181e0 is at entry_point+32 in (nmethod*)0x0000000002f18050
R12=0x0000000000000000 is an unknown value
R13=0x0000000017f4d840 is pointing into the stack for thread: 0x0000000017305800
R14=0x0000000000000000 is an unknown value
R15=0x0000000017305800 is a thread


Stack: [0x0000000017e50000,0x0000000017f50000],  sp=0x0000000017f4d828,  free space=1014k
Native frames: (J=compiled Java code, j=interpreted, Vv=VM code, C=native code)
C  0xffffffffa3ca5120


---------------  P R O C E S S  ---------------

Java Threads: ( => current thread )
  0x00000000175ba000 JavaThread "Abandoned connection cleanup thread" daemon [_thread_blocked, id=7420, stack(0x000000001adb0000,0x000000001aeb0000)]
  0x0000000002a9d800 JavaThread "DestroyJavaVM" [_thread_blocked, id=7856, stack(0x0000000002aa0000,0x0000000002ba0000)]
=>0x0000000017305800 JavaThread "AWT-EventQueue-0" [_thread_in_Java, id=5420, stack(0x0000000017e50000,0x0000000017f50000)]
  0x0000000017303000 JavaThread "AWT-Windows" daemon [_thread_in_native, id=7000, stack(0x0000000017c90000,0x0000000017d90000)]
  0x00000000172ff800 JavaThread "AWT-Shutdown" [_thread_blocked, id=2940, stack(0x0000000017b90000,0x0000000017c90000)]
  0x00000000172fe800 JavaThread "Java2D Disposer" daemon [_thread_blocked, id=2476, stack(0x0000000017a90000,0x0000000017b90000)]
  0x0000000016743000 JavaThread "Service Thread" daemon [_thread_blocked, id=4052, stack(0x0000000016fc0000,0x00000000170c0000)]
  0x00000000166d1000 JavaThread "C1 CompilerThread2" daemon [_thread_blocked, id=7652, stack(0x0000000016ec0000,0x0000000016fc0000)]
  0x00000000166ca000 JavaThread "C2 CompilerThread1" daemon [_thread_blocked, id=6420, stack(0x0000000016dc0000,0x0000000016ec0000)]
  0x00000000153ca800 JavaThread "C2 CompilerThread0" daemon [_thread_blocked, id=7288, stack(0x0000000016cc0000,0x0000000016dc0000)]
  0x00000000166c8800 JavaThread "Attach Listener" daemon [_thread_blocked, id=10096, stack(0x0000000016bc0000,0x0000000016cc0000)]
  0x000000001537e000 JavaThread "Signal Dispatcher" daemon [_thread_blocked, id=3708, stack(0x0000000016ac0000,0x0000000016bc0000)]
  0x0000000015359000 JavaThread "Finalizer" daemon [_thread_blocked, id=7968, stack(0x00000000165c0000,0x00000000166c0000)]
  0x0000000002c91000 JavaThread "Reference Handler" daemon [_thread_blocked, id=6020, stack(0x00000000164c0000,0x00000000165c0000)]

Other Threads:
  0x0000000015337800 VMThread [stack: 0x00000000163c0000,0x00000000164c0000] [id=7248]
  0x00000000167a6800 WatcherThread [stack: 0x00000000170c0000,0x00000000171c0000] [id=8568]

VM state:not at safepoint (normal execution)

VM Mutex/Monitor currently owned by a thread: None

Heap:
 PSYoungGen      total 18944K, used 9194K [0x00000000eab00000, 0x00000000ed000000, 0x0000000100000000)
  eden space 16384K, 40% used [0x00000000eab00000,0x00000000eb17b6e0,0x00000000ebb00000)
  from space 2560K, 99% used [0x00000000ebd80000,0x00000000ebfff1a0,0x00000000ec000000)
  to   space 2560K, 0% used [0x00000000ebb00000,0x00000000ebb00000,0x00000000ebd80000)
 ParOldGen       total 44032K, used 2099K [0x00000000c0000000, 0x00000000c2b00000, 0x00000000eab00000)
  object space 44032K, 4% used [0x00000000c0000000,0x00000000c020ced8,0x00000000c2b00000)
 Metaspace       used 14644K, capacity 14796K, committed 15104K, reserved 1062912K
  class space    used 1862K, capacity 1927K, committed 2048K, reserved 1048576K

Card table byte_map: [0x0000000012060000,0x0000000012270000] byte_map_base: 0x0000000011a60000

Marking Bits: (ParMarkBitMap*) 0x000000006501a6c0
 Begin Bits: [0x00000000127d0000, 0x00000000137d0000)
 End Bits:   [0x00000000137d0000, 0x00000000147d0000)

Polling page: 0x0000000000b40000

CodeCache: size=245760Kb used=3647Kb max_used=3647Kb free=242112Kb
 bounds [0x0000000002ca0000, 0x0000000003040000, 0x0000000011ca0000]
 total_blobs=1406 nmethods=968 adapters=352
 compilation: enabled

Compilation events (10 events):
Event: 1.622 Thread 0x00000000166d1000 nmethod 955 0x0000000003018ad0 code [0x0000000003018c40, 0x0000000003018e68]
Event: 1.622 Thread 0x00000000166d1000  958       3       com.sun.org.apache.xerces.internal.impl.dtd.models.CMStateSet::setTo (79 bytes)
Event: 1.622 Thread 0x00000000153ca800 nmethod 954 0x0000000003018890 code [0x00000000030189c0, 0x0000000003018a58]
Event: 1.622 Thread 0x00000000153ca800  960       4       com.sun.org.apache.xml.internal.utils.SuballocatedIntVector::elementAt (34 bytes)
Event: 1.622 Thread 0x00000000166d1000 nmethod 958 0x0000000003016990 code [0x0000000003016b20, 0x0000000003016ec8]
Event: 1.622 Thread 0x00000000166d1000  966       3       com.sun.org.apache.xerces.internal.dom.DeferredDocumentImpl::getPrevSibling (106 bytes)
Event: 1.623 Thread 0x00000000166d1000 nmethod 966 0x0000000003015950 code [0x0000000003015b20, 0x0000000003016230]
Event: 1.623 Thread 0x00000000166d1000  961       3       com.sun.org.apache.xerces.internal.dom.NodeImpl::ownerDocument (23 bytes)
Event: 1.623 Thread 0x00000000153ca800 nmethod 960 0x0000000003018510 code [0x0000000003018640, 0x00000000030186f8]
Event: 1.623 Thread 0x00000000153ca800  967       4       java.util.ArrayList::ensureCapacityInternal (23 bytes)

GC Heap History (4 events):
Event: 1.284 GC heap before
{Heap before GC invocations=1 (full 0):
 PSYoungGen      total 18944K, used 16384K [0x00000000eab00000, 0x00000000ec000000, 0x0000000100000000)
  eden space 16384K, 100% used [0x00000000eab00000,0x00000000ebb00000,0x00000000ebb00000)
  from space 2560K, 0% used [0x00000000ebd80000,0x00000000ebd80000,0x00000000ec000000)
  to   space 2560K, 0% used [0x00000000ebb00000,0x00000000ebb00000,0x00000000ebd80000)
 ParOldGen       total 44032K, used 0K [0x00000000c0000000, 0x00000000c2b00000, 0x00000000eab00000)
  object space 44032K, 0% used [0x00000000c0000000,0x00000000c0000000,0x00000000c2b00000)
 Metaspace       used 13516K, capacity 13734K, committed 13952K, reserved 1060864K
  class space    used 1745K, capacity 1830K, committed 1920K, reserved 1048576K
Event: 1.293 GC heap after
Heap after GC invocations=1 (full 0):
 PSYoungGen      total 18944K, used 2551K [0x00000000eab00000, 0x00000000ec000000, 0x0000000100000000)
  eden space 16384K, 0% used [0x00000000eab00000,0x00000000eab00000,0x00000000ebb00000)
  from space 2560K, 99% used [0x00000000ebb00000,0x00000000ebd7df70,0x00000000ebd80000)
  to   space 2560K, 0% used [0x00000000ebd80000,0x00000000ebd80000,0x00000000ec000000)
 ParOldGen       total 44032K, used 937K [0x00000000c0000000, 0x00000000c2b00000, 0x00000000eab00000)
  object space 44032K, 2% used [0x00000000c0000000,0x00000000c00ea608,0x00000000c2b00000)
 Metaspace       used 13516K, capacity 13734K, committed 13952K, reserved 1060864K
  class space    used 1745K, capacity 1830K, committed 1920K, reserved 1048576K
}
Event: 1.568 GC heap before
{Heap before GC invocations=2 (full 0):
 PSYoungGen      total 18944K, used 18935K [0x00000000eab00000, 0x00000000ec000000, 0x0000000100000000)
  eden space 16384K, 100% used [0x00000000eab00000,0x00000000ebb00000,0x00000000ebb00000)
  from space 2560K, 99% used [0x00000000ebb00000,0x00000000ebd7df70,0x00000000ebd80000)
  to   space 2560K, 0% used [0x00000000ebd80000,0x00000000ebd80000,0x00000000ec000000)
 ParOldGen       total 44032K, used 937K [0x00000000c0000000, 0x00000000c2b00000, 0x00000000eab00000)
  object space 44032K, 2% used [0x00000000c0000000,0x00000000c00ea608,0x00000000c2b00000)
 Metaspace       used 14553K, capacity 14732K, committed 15104K, reserved 1062912K
  class space    used 1862K, capacity 1927K, committed 2048K, reserved 1048576K
Event: 1.577 GC heap after
Heap after GC invocations=2 (full 0):
 PSYoungGen      total 18944K, used 2556K [0x00000000eab00000, 0x00000000ed000000, 0x0000000100000000)
  eden space 16384K, 0% used [0x00000000eab00000,0x00000000eab00000,0x00000000ebb00000)
  from space 2560K, 99% used [0x00000000ebd80000,0x00000000ebfff1a0,0x00000000ec000000)
  to   space 2560K, 0% used [0x00000000ebb00000,0x00000000ebb00000,0x00000000ebd80000)
 ParOldGen       total 44032K, used 2099K [0x00000000c0000000, 0x00000000c2b00000, 0x00000000eab00000)
  object space 44032K, 4% used [0x00000000c0000000,0x00000000c020ced8,0x00000000c2b00000)
 Metaspace       used 14553K, capacity 14732K, committed 15104K, reserved 1062912K
  class space    used 1862K, capacity 1927K, committed 2048K, reserved 1048576K
}

Deoptimization events (5 events):
Event: 1.153 Thread 0x0000000017305800 Uncommon trap: reason=class_check action=maybe_recompile pc=0x0000000002ec84a4 method=java.io.DataInputStream.readChar()C @ 4
Event: 1.153 Thread 0x0000000017305800 Uncommon trap: reason=class_check action=maybe_recompile pc=0x0000000002ec84a4 method=java.io.DataInputStream.readChar()C @ 4
Event: 1.153 Thread 0x0000000017305800 Uncommon trap: reason=class_check action=maybe_recompile pc=0x0000000002ec84a4 method=java.io.DataInputStream.readChar()C @ 4
Event: 1.153 Thread 0x0000000017305800 Uncommon trap: reason=class_check action=maybe_recompile pc=0x0000000002ec84a4 method=java.io.DataInputStream.readChar()C @ 4
Event: 1.269 Thread 0x0000000017305800 Uncommon trap: reason=unstable_if action=reinterpret pc=0x0000000002e6713c method=java.lang.String.indexOf([CII[CIII)I @ 3

Internal exceptions (10 events):
Event: 1.319 Thread 0x0000000017305800 Exception <a 'java/lang/ArrayIndexOutOfBoundsException'> (0x00000000eac23be8) thrown at [C:\re\workspace\8-2-build-windows-amd64-cygwin\jdk8u111\7883\hotspot\src\share\vm\runtime\sharedRuntime.cpp, line 605]
Event: 1.319 Thread 0x0000000017305800 Exception <a 'java/lang/ArrayIndexOutOfBoundsException'> (0x00000000eac24f40) thrown at [C:\re\workspace\8-2-build-windows-amd64-cygwin\jdk8u111\7883\hotspot\src\share\vm\runtime\sharedRuntime.cpp, line 605]
Event: 1.319 Thread 0x0000000017305800 Exception <a 'java/lang/ArrayIndexOutOfBoundsException'> (0x00000000eac260c0) thrown at [C:\re\workspace\8-2-build-windows-amd64-cygwin\jdk8u111\7883\hotspot\src\share\vm\runtime\sharedRuntime.cpp, line 605]
Event: 1.319 Thread 0x0000000017305800 Exception <a 'java/lang/ArrayIndexOutOfBoundsException'> (0x00000000eac27558) thrown at [C:\re\workspace\8-2-build-windows-amd64-cygwin\jdk8u111\7883\hotspot\src\share\vm\runtime\sharedRuntime.cpp, line 605]
Event: 1.319 Thread 0x0000000017305800 Exception <a 'java/lang/ArrayIndexOutOfBoundsException'> (0x00000000eac28df8) thrown at [C:\re\workspace\8-2-build-windows-amd64-cygwin\jdk8u111\7883\hotspot\src\share\vm\runtime\sharedRuntime.cpp, line 605]
Event: 1.319 Thread 0x0000000017305800 Exception <a 'java/lang/ArrayIndexOutOfBoundsException'> (0x00000000eac296b8) thrown at [C:\re\workspace\8-2-build-windows-amd64-cygwin\jdk8u111\7883\hotspot\src\share\vm\runtime\sharedRuntime.cpp, line 605]
Event: 1.319 Thread 0x0000000017305800 Exception <a 'java/lang/ArrayIndexOutOfBoundsException'> (0x00000000eac2a118) thrown at [C:\re\workspace\8-2-build-windows-amd64-cygwin\jdk8u111\7883\hotspot\src\share\vm\runtime\sharedRuntime.cpp, line 605]
Event: 1.320 Thread 0x0000000017305800 Exception <a 'java/lang/ArrayIndexOutOfBoundsException'> (0x00000000eac2aff0) thrown at [C:\re\workspace\8-2-build-windows-amd64-cygwin\jdk8u111\7883\hotspot\src\share\vm\runtime\sharedRuntime.cpp, line 605]
Event: 1.320 Thread 0x0000000017305800 Exception <a 'java/lang/ArrayIndexOutOfBoundsException'> (0x00000000eac2bb38) thrown at [C:\re\workspace\8-2-build-windows-amd64-cygwin\jdk8u111\7883\hotspot\src\share\vm\runtime\sharedRuntime.cpp, line 605]
Event: 1.320 Thread 0x0000000017305800 Exception <a 'java/lang/ArrayIndexOutOfBoundsException'> (0x00000000eac2c510) thrown at [C:\re\workspace\8-2-build-windows-amd64-cygwin\jdk8u111\7883\hotspot\src\share\vm\runtime\sharedRuntime.cpp, line 605]

Events (10 events):
Event: 1.531 loading class org/apache/ibatis/annotations/Lang
Event: 1.531 loading class org/apache/ibatis/annotations/Lang done
Event: 1.531 loading class org/apache/ibatis/session/RowBounds
Event: 1.531 loading class org/apache/ibatis/session/RowBounds done
Event: 1.532 loading class org/apache/ibatis/session/ResultHandler
Event: 1.532 loading class org/apache/ibatis/session/ResultHandler done
Event: 1.533 Thread 0x0000000017305800 DEOPT PACKING pc=0x0000000002e616c3 sp=0x0000000017f4c8e0
Event: 1.533 Thread 0x0000000017305800 DEOPT UNPACKING pc=0x0000000002ce71bf sp=0x0000000017f4c640 mode 0
Event: 1.568 Executing VM operation: ParallelGCFailedAllocation
Event: 1.577 Executing VM operation: ParallelGCFailedAllocation done


Dynamic libraries:
0x00007ff7f69b0000 - 0x00007ff7f69e7000 	C:\Program Files\Java\jdk1.8.0_111\bin\javaw.exe
0x00007ffe8dd40000 - 0x00007ffe8df11000 	C:\Windows\SYSTEM32\ntdll.dll
0x00007ffe8dc90000 - 0x00007ffe8dd3b000 	C:\Windows\System32\KERNEL32.DLL
0x00007ffe8af60000 - 0x00007ffe8b17d000 	C:\Windows\System32\KERNELBASE.dll
0x00007ffe8d9f0000 - 0x00007ffe8da92000 	C:\Windows\System32\ADVAPI32.dll
0x00007ffe8d950000 - 0x00007ffe8d9ee000 	C:\Windows\System32\msvcrt.dll
0x00007ffe8b2e0000 - 0x00007ffe8b339000 	C:\Windows\System32\sechost.dll
0x00007ffe8db60000 - 0x00007ffe8dc81000 	C:\Windows\System32\RPCRT4.dll
0x00007ffe8cde0000 - 0x00007ffe8cf45000 	C:\Windows\System32\USER32.dll
0x00007ffe8acc0000 - 0x00007ffe8acde000 	C:\Windows\System32\win32u.dll
0x00007ffe8ca00000 - 0x00007ffe8ca34000 	C:\Windows\System32\GDI32.dll
0x00007ffe8a330000 - 0x00007ffe8a4b2000 	C:\Windows\System32\gdi32full.dll
0x00007ffe84090000 - 0x00007ffe8430a000 	C:\Windows\WinSxS\amd64_microsoft.windows.common-controls_6595b64144ccf1df_6.0.14393.953_none_42151e83c686086b\COMCTL32.dll
0x00007ffe8cab0000 - 0x00007ffe8cd78000 	C:\Windows\System32\combase.dll
0x00007ffe8a230000 - 0x00007ffe8a325000 	C:\Windows\System32\ucrtbase.dll
0x00007ffe8a4c0000 - 0x00007ffe8a52a000 	C:\Windows\System32\bcryptPrimitives.dll
0x00007ffe8b340000 - 0x00007ffe8b36e000 	C:\Windows\System32\IMM32.DLL
0x00000000663c0000 - 0x0000000066492000 	C:\Program Files\Java\jdk1.8.0_111\jre\bin\msvcr100.dll
0x0000000064800000 - 0x000000006509a000 	C:\Program Files\Java\jdk1.8.0_111\jre\bin\server\jvm.dll
0x00007ffe8b2d0000 - 0x00007ffe8b2d8000 	C:\Windows\System32\PSAPI.DLL
0x00007ffe7c370000 - 0x00007ffe7c379000 	C:\Windows\SYSTEM32\WSOCK32.dll
0x00007ffe88620000 - 0x00007ffe88643000 	C:\Windows\SYSTEM32\WINMM.dll
0x00007ffe8d7a0000 - 0x00007ffe8d80a000 	C:\Windows\System32\WS2_32.dll
0x00007ffe85a80000 - 0x00007ffe85a8a000 	C:\Windows\SYSTEM32\VERSION.dll
0x0000000000e50000 - 0x0000000000e7b000 	C:\Windows\SYSTEM32\WINMMBASE.dll
0x00007ffe8b220000 - 0x00007ffe8b262000 	C:\Windows\System32\cfgmgr32.dll
0x0000000066b20000 - 0x0000000066b2f000 	C:\Program Files\Java\jdk1.8.0_111\jre\bin\verify.dll
0x0000000066af0000 - 0x0000000066b19000 	C:\Program Files\Java\jdk1.8.0_111\jre\bin\java.dll
0x0000000066ad0000 - 0x0000000066ae6000 	C:\Program Files\Java\jdk1.8.0_111\jre\bin\zip.dll
0x00007ffe8b380000 - 0x00007ffe8c889000 	C:\Windows\System32\SHELL32.dll
0x00007ffe8a530000 - 0x00007ffe8ac0a000 	C:\Windows\System32\windows.storage.dll
0x00007ffe8a1c0000 - 0x00007ffe8a20c000 	C:\Windows\System32\powrprof.dll
0x00007ffe8d0f0000 - 0x00007ffe8d142000 	C:\Windows\System32\shlwapi.dll
0x00007ffe8a210000 - 0x00007ffe8a21f000 	C:\Windows\System32\kernel.appcore.dll
0x00007ffe8aeb0000 - 0x00007ffe8af59000 	C:\Windows\System32\shcore.dll
0x00007ffe8a1a0000 - 0x00007ffe8a1b4000 	C:\Windows\System32\profapi.dll
0x00000000664a0000 - 0x0000000066638000 	C:\Program Files\Java\jdk1.8.0_111\jre\bin\awt.dll
0x00007ffe8d150000 - 0x00007ffe8d20f000 	C:\Windows\System32\OLEAUT32.dll
0x00007ffe8b180000 - 0x00007ffe8b21c000 	C:\Windows\System32\msvcp_win.dll
0x00007ffe88740000 - 0x00007ffe887ba000 	C:\Windows\SYSTEM32\apphelp.dll
0x00007ffe88920000 - 0x00007ffe889b5000 	C:\Windows\system32\uxtheme.dll
0x00007ffe8c890000 - 0x00007ffe8c9ea000 	C:\Windows\System32\MSCTF.dll
0x00007ffe880b0000 - 0x00007ffe880d6000 	C:\Windows\system32\dwmapi.dll
0x00007ffe8d810000 - 0x00007ffe8d947000 	C:\Windows\System32\ole32.dll
0x00007ffe82ea0000 - 0x00007ffe8302d000 	C:\Windows\system32\d3d9.dll
0x00007ffe53190000 - 0x00007ffe54246000 	C:\Windows\SYSTEM32\nvd3dumx.dll
0x00007ffe856f0000 - 0x00007ffe8585c000 	C:\Program Files (x86)\NVIDIA Corporation\3D Vision\nvSCPAPI64.dll
0x00007ffe8d210000 - 0x00007ffe8d639000 	C:\Windows\System32\SETUPAPI.dll
0x00007ffe84f90000 - 0x00007ffe852c6000 	C:\Windows\system32\nvapi64.dll
0x00007ffe88db0000 - 0x00007ffe88dd8000 	C:\Windows\SYSTEM32\DEVOBJ.dll
0x00007ffe8b270000 - 0x00007ffe8b2c5000 	C:\Windows\System32\WINTRUST.dll
0x00007ffe8a220000 - 0x00007ffe8a230000 	C:\Windows\System32\MSASN1.dll
0x00007ffe8ace0000 - 0x00007ffe8aea9000 	C:\Windows\System32\CRYPT32.dll
0x00007ffe89120000 - 0x00007ffe891bf000 	C:\Windows\system32\dxgi.dll
0x00007ffe7e5d0000 - 0x00007ffe7e762000 	C:\Windows\SYSTEM32\dbghelp.dll

VM Arguments:
jvm_args: -Dfile.encoding=UTF-8 
java_command: kr.or.dgit.donghun2.view.SellInfoViewA
java_class_path (initial): D:\workspace_sql\workspace_mybatis\donghun2\bin;C:\Users\SJW\.gradle\caches\modules-2\files-2.1\org.mybatis\mybatis\3.4.2\2b9a5082fe0bdb3128bab8b4b19b23ca0f3d9b38\mybatis-3.4.2.jar;C:\Users\SJW\.gradle\caches\modules-2\files-2.1\log4j\log4j\1.2.17\5af35056b4d257e4b64b9e8069c0746e8b08629f\log4j-1.2.17.jar;C:\Users\SJW\.gradle\caches\modules-2\files-2.1\mysql\mysql-connector-java\5.1.41\b0878056f15616989144d6114d36d3942321d0d1\mysql-connector-java-5.1.41.jar;C:\Users\SJW\.gradle\caches\modules-2\files-2.1\junit\junit\4.12\2973d150c0dc1fefe998f834810d68f278ea58ec\junit-4.12.jar;C:\Users\SJW\.gradle\caches\modules-2\files-2.1\org.hamcrest\hamcrest-core\1.3\42a25dc3219429f0e5d060061f71acb49bf010a0\hamcrest-core-1.3.jar;D:\workspace_sql\workspace_mybatis\donghun2\src\main\resources\erp_myframework.jar;D:\workspace_sql\workspace_mybatis\donghun2\lib\idw-gpl.jar;D:\workspace_sql\workspace_mybatis\donghun2\lib\JTattoo.jar;D:\workspace_sql\workspace_mybatis\donghun2\lib\liquidlnf.jar;D:\workspace_sql\workspace_mybatis\donghun2\lib\quaqua.jar;D:\workspace_sql\workspace_mybatis\donghun2\jdatepicker-1.3.4.jar
Launcher Type: SUN_STANDARD

Environment Variables:
JAVA_HOME=C:\Program Files\Java\jdk1.8.0_111
PATH=C:/Program Files/Java/jdk1.8.0_111/bin/../jre/bin/server;C:/Program Files/Java/jdk1.8.0_111/bin/../jre/bin;C:/Program Files/Java/jdk1.8.0_111/bin/../jre/lib/amd64;C:\Program Files\Java\jdk1.8.0_111\bin;C:\ProgramData\Oracle\Java\javapath;C:\Program Files (x86)\NVIDIA Corporation\PhysX\Common;C:\Windows\system32;C:\Windows;C:\Windows\System32\Wbem;C:\Windows\System32\WindowsPowerShell\v1.0\;C:\Program Files\MySQL\MySQL Server 5.6\bin;C:\Program Files\Git\cmd;D:\gradle-3.4.1\bin;C:\Users\SJW\AppData\Local\Microsoft\WindowsApps;C:\Program Files\Bandizip\7z;C:\eclipse_java;
USERNAME=SJW
OS=Windows_NT
PROCESSOR_IDENTIFIER=Intel64 Family 6 Model 23 Stepping 10, GenuineIntel



---------------  S Y S T E M  ---------------

OS: Windows 10.0 , 64 bit Build 14393 (10.0.14393.0)

CPU:total 4 (4 cores per cpu, 1 threads per core) family 6 model 23 stepping 10, cmov, cx8, fxsr, mmx, sse, sse2, sse3, ssse3, sse4.1, tsc

Memory: 4k page, physical 4192492k(729860k free), swap 8679788k(1665572k free)

vm_info: Java HotSpot(TM) 64-Bit Server VM (25.111-b14) for windows-amd64 JRE (1.8.0_111-b14), built on Sep 22 2016 19:24:05 by "java_re" with MS VC++ 10.0 (VS2010)

time: Wed Apr 05 20:05:03 2017
elapsed time: 1 seconds (0d 0h 0m 1s)

